<Event xmlns='http://schemas.microsoft.com/win/2004/08/events/event'><System><Provider Name='Microsoft-Windows-Sysmon' Guid='{5770385F-C22A-43E0-BF4C-06F5698FFBD9}'/><EventID>11</EventID><Version>2</Version><Level>4</Level><Task>11</Task><Opcode>0</Opcode><Keywords>0x8000000000000000</Keywords><TimeCreated SystemTime='2019-07-24T17:57:09.307883100Z'/><EventRecordID>184</EventRecordID><Correlation/><Execution ProcessID='3324' ThreadID='3220'/><Channel>Microsoft-Windows-Sysmon/Operational</Channel><Computer>DESKTOP-FVSHABR</Computer><Security UserID='S-1-5-18'/></System><EventData><Data Name='RuleName'></Data><Data Name='UtcTime'>2019-07-24 17:57:09.301</Data><Data Name='ProcessGuid'>{87E8D3BD-9BF4-5D38-0000-0010BFC30E00}</Data><Data Name='ProcessId'>4532</Data><Data Name='Image'>C:\Users\GRAPLT~1\AppData\Local\Temp\GUM5F89.tmp\GoogleUpdateSetup.exe</Data><Data Name='TargetFilename'>C:\Program Files (x86)\GUM6D35.tmp\goopdateres_kn.dll</Data><Data Name='CreationUtcTime'>2019-07-24 17:57:09.301</Data></EventData></Event>
<Event xmlns='http://schemas.microsoft.com/win/2004/08/events/event'><System><Provider Name='Microsoft-Windows-Sysmon' Guid='{5770385F-C22A-43E0-BF4C-06F5698FFBD9}'/><EventID>11</EventID><Version>2</Version><Level>4</Level><Task>11</Task><Opcode>0</Opcode><Keywords>0x8000000000000000</Keywords><TimeCreated SystemTime='2019-07-24T17:57:09.314467900Z'/><EventRecordID>185</EventRecordID><Correlation/><Execution ProcessID='3324' ThreadID='3220'/><Channel>Microsoft-Windows-Sysmon/Operational</Channel><Computer>DESKTOP-FVSHABR</Computer><Security UserID='S-1-5-18'/></System><EventData><Data Name='RuleName'></Data><Data Name='UtcTime'>2019-07-24 17:57:09.301</Data><Data Name='ProcessGuid'>{87E8D3BD-9BF4-5D38-0000-0010BFC30E00}</Data><Data Name='ProcessId'>4532</Data><Data Name='Image'>C:\Users\GRAPLT~1\AppData\Local\Temp\GUM5F89.tmp\GoogleUpdateSetup.exe</Data><Data Name='TargetFilename'>C:\Program Files (x86)\GUM6D35.tmp\goopdateres_ko.dll</Data><Data Name='CreationUtcTime'>2019-07-24 17:57:09.301</Data></EventData></Event>
<Event xmlns='http://schemas.microsoft.com/win/2004/08/events/event'><System><Provider Name='Microsoft-Windows-Sysmon' Guid='{5770385F-C22A-43E0-BF4C-06F5698FFBD9}'/><EventID>11</EventID><Version>2</Version><Level>4</Level><Task>11</Task><Opcode>0</Opcode><Keywords>0x8000000000000000</Keywords><TimeCreated SystemTime='2019-07-24T17:57:09.321576300Z'/><EventRecordID>186</EventRecordID><Correlation/><Execution ProcessID='3324' ThreadID='3220'/><Channel>Microsoft-Windows-Sysmon/Operational</Channel><Computer>DESKTOP-FVSHABR</Computer><Security UserID='S-1-5-18'/></System><EventData><Data Name='RuleName'></Data><Data Name='UtcTime'>2019-07-24 17:57:09.317</Data><Data Name='ProcessGuid'>{87E8D3BD-9BF4-5D38-0000-0010BFC30E00}</Data><Data Name='ProcessId'>4532</Data><Data Name='Image'>C:\Users\GRAPLT~1\AppData\Local\Temp\GUM5F89.tmp\GoogleUpdateSetup.exe</Data><Data Name='TargetFilename'>C:\Program Files (x86)\GUM6D35.tmp\goopdateres_lt.dll</Data><Data Name='CreationUtcTime'>2019-07-24 17:57:09.317</Data></EventData></Event>
<Event xmlns='http://schemas.microsoft.com/win/2004/08/events/event'><System><Provider Name='Microsoft-Windows-Sysmon' Guid='{5770385F-C22A-43E0-BF4C-06F5698FFBD9}'/><EventID>11</EventID><Version>2</Version><Level>4</Level><Task>11</Task><Opcode>0</Opcode><Keywords>0x8000000000000000</Keywords><TimeCreated SystemTime='2019-07-24T17:57:09.327699100Z'/><EventRecordID>187</EventRecordID><Correlation/><Execution ProcessID='3324' ThreadID='3220'/><Channel>Microsoft-Windows-Sysmon/Operational</Channel><Computer>DESKTOP-FVSHABR</Computer><Security UserID='S-1-5-18'/></System><EventData><Data Name='RuleName'></Data><Data Name='UtcTime'>2019-07-24 17:57:09.317</Data><Data Name='ProcessGuid'>{87E8D3BD-9BF4-5D38-0000-0010BFC30E00}</Data><Data Name='ProcessId'>4532</Data><Data Name='Image'>C:\Users\GRAPLT~1\AppData\Local\Temp\GUM5F89.tmp\GoogleUpdateSetup.exe</Data><Data Name='TargetFilename'>C:\Program Files (x86)\GUM6D35.tmp\goopdateres_lv.dll</Data><Data Name='CreationUtcTime'>2019-07-24 17:57:09.317</Data></EventData></Event>
<Event xmlns='http://schemas.microsoft.com/win/2004/08/events/event'><System><Provider Name='Microsoft-Windows-Sysmon' Guid='{5770385F-C22A-43E0-BF4C-06F5698FFBD9}'/><EventID>11</EventID><Version>2</Version><Level>4</Level><Task>11</Task><Opcode>0</Opcode><Keywords>0x8000000000000000</Keywords><TimeCreated SystemTime='2019-07-24T17:57:09.334427400Z'/><EventRecordID>188</EventRecordID><Correlation/><Execution ProcessID='3324' ThreadID='3220'/><Channel>Microsoft-Windows-Sysmon/Operational</Channel><Computer>DESKTOP-FVSHABR</Computer><Security UserID='S-1-5-18'/></System><EventData><Data Name='RuleName'></Data><Data Name='UtcTime'>2019-07-24 17:57:09.333</Data><Data Name='ProcessGuid'>{87E8D3BD-9BF4-5D38-0000-0010BFC30E00}</Data><Data Name='ProcessId'>4532</Data><Data Name='Image'>C:\Users\GRAPLT~1\AppData\Local\Temp\GUM5F89.tmp\GoogleUpdateSetup.exe</Data><Data Name='TargetFilename'>C:\Program Files (x86)\GUM6D35.tmp\goopdateres_ml.dll</Data><Data Name='CreationUtcTime'>2019-07-24 17:57:09.333</Data></EventData></Event>
<Event xmlns='http://schemas.microsoft.com/win/2004/08/events/event'><System><Provider Name='Microsoft-Windows-Sysmon' Guid='{5770385F-C22A-43E0-BF4C-06F5698FFBD9}'/><EventID>11</EventID><Version>2</Version><Level>4</Level><Task>11</Task><Opcode>0</Opcode><Keywords>0x8000000000000000</Keywords><TimeCreated SystemTime='2019-07-24T17:57:09.346024600Z'/><EventRecordID>189</EventRecordID><Correlation/><Execution ProcessID='3324' ThreadID='3220'/><Channel>Microsoft-Windows-Sysmon/Operational</Channel><Computer>DESKTOP-FVSHABR</Computer><Security UserID='S-1-5-18'/></System><EventData><Data Name='RuleName'></Data><Data Name='UtcTime'>2019-07-24 17:57:09.333</Data><Data Name='ProcessGuid'>{87E8D3BD-9BF4-5D38-0000-0010BFC30E00}</Data><Data Name='ProcessId'>4532</Data><Data Name='Image'>C:\Users\GRAPLT~1\AppData\Local\Temp\GUM5F89.tmp\GoogleUpdateSetup.exe</Data><Data Name='TargetFilename'>C:\Program Files (x86)\GUM6D35.tmp\goopdateres_mr.dll</Data><Data Name='CreationUtcTime'>2019-07-24 17:57:09.333</Data></EventData></Event>
<Event xmlns='http://schemas.microsoft.com/win/2004/08/events/event'><System><Provider Name='Microsoft-Windows-Sysmon' Guid='{5770385F-C22A-43E0-BF4C-06F5698FFBD9}'/><EventID>11</EventID><Version>2</Version><Level>4</Level><Task>11</Task><Opcode>0</Opcode><Keywords>0x8000000000000000</Keywords><TimeCreated SystemTime='2019-07-24T17:57:09.352976200Z'/><EventRecordID>190</EventRecordID><Correlation/><Execution ProcessID='3324' ThreadID='3220'/><Channel>Microsoft-Windows-Sysmon/Operational</Channel><Computer>DESKTOP-FVSHABR</Computer><Security UserID='S-1-5-18'/></System><EventData><Data Name='RuleName'></Data><Data Name='UtcTime'>2019-07-24 17:57:09.348</Data><Data Name='ProcessGuid'>{87E8D3BD-9BF4-5D38-0000-0010BFC30E00}</Data><Data Name='ProcessId'>4532</Data><Data Name='Image'>C:\Users\GRAPLT~1\AppData\Local\Temp\GUM5F89.tmp\GoogleUpdateSetup.exe</Data><Data Name='TargetFilename'>C:\Program Files (x86)\GUM6D35.tmp\goopdateres_ms.dll</Data><Data Name='CreationUtcTime'>2019-07-24 17:57:09.348</Data></EventData></Event>
<Event xmlns='http://schemas.microsoft.com/win/2004/08/events/event'><System><Provider Name='Microsoft-Windows-Sysmon' Guid='{5770385F-C22A-43E0-BF4C-06F5698FFBD9}'/><EventID>11</EventID><Version>2</Version><Level>4</Level><Task>11</Task><Opcode>0</Opcode><Keywords>0x8000000000000000</Keywords><TimeCreated SystemTime='2019-07-24T17:57:09.362972100Z'/><EventRecordID>191</EventRecordID><Correlation/><Execution ProcessID='3324' ThreadID='3220'/><Channel>Microsoft-Windows-Sysmon/Operational</Channel><Computer>DESKTOP-FVSHABR</Computer><Security UserID='S-1-5-18'/></System><EventData><Data Name='RuleName'></Data><Data Name='UtcTime'>2019-07-24 17:57:09.348</Data><Data Name='ProcessGuid'>{87E8D3BD-9BF4-5D38-0000-0010BFC30E00}</Data><Data Name='ProcessId'>4532</Data><Data Name='Image'>C:\Users\GRAPLT~1\AppData\Local\Temp\GUM5F89.tmp\GoogleUpdateSetup.exe</Data><Data Name='TargetFilename'>C:\Program Files (x86)\GUM6D35.tmp\goopdateres_nl.dll</Data><Data Name='CreationUtcTime'>2019-07-24 17:57:09.348</Data></EventData></Event>
<Event xmlns='http://schemas.microsoft.com/win/2004/08/events/event'><System><Provider Name='Microsoft-Windows-Sysmon' Guid='{5770385F-C22A-43E0-BF4C-06F5698FFBD9}'/><EventID>11</EventID><Version>2</Version><Level>4</Level><Task>11</Task><Opcode>0</Opcode><Keywords>0x8000000000000000</Keywords><TimeCreated SystemTime='2019-07-24T17:57:09.372541100Z'/><EventRecordID>192</EventRecordID><Correlation/><Execution ProcessID='3324' ThreadID='3220'/><Channel>Microsoft-Windows-Sysmon/Operational</Channel><Computer>DESKTOP-FVSHABR</Computer><Security UserID='S-1-5-18'/></System><EventData><Data Name='RuleName'></Data><Data Name='UtcTime'>2019-07-24 17:57:09.364</Data><Data Name='ProcessGuid'>{87E8D3BD-9BF4-5D38-0000-0010BFC30E00}</Data><Data Name='ProcessId'>4532</Data><Data Name='Image'>C:\Users\GRAPLT~1\AppData\Local\Temp\GUM5F89.tmp\GoogleUpdateSetup.exe</Data><Data Name='TargetFilename'>C:\Program Files (x86)\GUM6D35.tmp\goopdateres_no.dll</Data><Data Name='CreationUtcTime'>2019-07-24 17:57:09.364</Data></EventData></Event>
<Event xmlns='http://schemas.microsoft.com/win/2004/08/events/event'><System><Provider Name='Microsoft-Windows-Sysmon' Guid='{5770385F-C22A-43E0-BF4C-06F5698FFBD9}'/><EventID>11</EventID><Version>2</Version><Level>4</Level><Task>11</Task><Opcode>0</Opcode><Keywords>0x8000000000000000</Keywords><TimeCreated SystemTime='2019-07-24T17:57:09.384491600Z'/><EventRecordID>193</EventRecordID><Correlation/><Execution ProcessID='3324' ThreadID='3220'/><Channel>Microsoft-Windows-Sysmon/Operational</Channel><Computer>DESKTOP-FVSHABR</Computer><Security UserID='S-1-5-18'/></System><EventData><Data Name='RuleName'></Data><Data Name='UtcTime'>2019-07-24 17:57:09.380</Data><Data Name='ProcessGuid'>{87E8D3BD-9BF4-5D38-0000-0010BFC30E00}</Data><Data Name='ProcessId'>4532</Data><Data Name='Image'>C:\Users\GRAPLT~1\AppData\Local\Temp\GUM5F89.tmp\GoogleUpdateSetup.exe</Data><Data Name='TargetFilename'>C:\Program Files (x86)\GUM6D35.tmp\goopdateres_pl.dll</Data><Data Name='CreationUtcTime'>2019-07-24 17:57:09.380</Data></EventData></Event>
<Event xmlns='http://schemas.microsoft.com/win/2004/08/events/event'><System><Provider Name='Microsoft-Windows-Sysmon' Guid='{5770385F-C22A-43E0-BF4C-06F5698FFBD9}'/><EventID>11</EventID><Version>2</Version><Level>4</Level><Task>11</Task><Opcode>0</Opcode><Keywords>0x8000000000000000</Keywords><TimeCreated SystemTime='2019-07-24T17:57:09.401637300Z'/><EventRecordID>194</EventRecordID><Correlation/><Execution ProcessID='3324' ThreadID='3220'/><Channel>Microsoft-Windows-Sysmon/Operational</Channel><Computer>DESKTOP-FVSHABR</Computer><Security UserID='S-1-5-18'/></System><EventData><Data Name='RuleName'></Data><Data Name='UtcTime'>2019-07-24 17:57:09.395</Data><Data Name='ProcessGuid'>{87E8D3BD-9BF4-5D38-0000-0010BFC30E00}</Data><Data Name='ProcessId'>4532</Data><Data Name='Image'>C:\Users\GRAPLT~1\AppData\Local\Temp\GUM5F89.tmp\GoogleUpdateSetup.exe</Data><Data Name='TargetFilename'>C:\Program Files (x86)\GUM6D35.tmp\goopdateres_pt-BR.dll</Data><Data Name='CreationUtcTime'>2019-07-24 17:57:09.395</Data></EventData></Event>
<Event xmlns='http://schemas.microsoft.com/win/2004/08/events/event'><System><Provider Name='Microsoft-Windows-Sysmon' Guid='{5770385F-C22A-43E0-BF4C-06F5698FFBD9}'/><EventID>11</EventID><Version>2</Version><Level>4</Level><Task>11</Task><Opcode>0</Opcode><Keywords>0x8000000000000000</Keywords><TimeCreated SystemTime='2019-07-24T17:57:09.411429800Z'/><EventRecordID>195</EventRecordID><Correlation/><Execution ProcessID='3324' ThreadID='3220'/><Channel>Microsoft-Windows-Sysmon/Operational</Channel><Computer>DESKTOP-FVSHABR</Computer><Security UserID='S-1-5-18'/></System><EventData><Data Name='RuleName'></Data><Data Name='UtcTime'>2019-07-24 17:57:09.395</Data><Data Name='ProcessGuid'>{87E8D3BD-9BF4-5D38-0000-0010BFC30E00}</Data><Data Name='ProcessId'>4532</Data><Data Name='Image'>C:\Users\GRAPLT~1\AppData\Local\Temp\GUM5F89.tmp\GoogleUpdateSetup.exe</Data><Data Name='TargetFilename'>C:\Program Files (x86)\GUM6D35.tmp\goopdateres_pt-PT.dll</Data><Data Name='CreationUtcTime'>2019-07-24 17:57:09.395</Data></EventData></Event>
<Event xmlns='http://schemas.microsoft.com/win/2004/08/events/event'><System><Provider Name='Microsoft-Windows-Sysmon' Guid='{5770385F-C22A-43E0-BF4C-06F5698FFBD9}'/><EventID>11</EventID><Version>2</Version><Level>4</Level><Task>11</Task><Opcode>0</Opcode><Keywords>0x8000000000000000</Keywords><TimeCreated SystemTime='2019-07-24T17:57:09.421228400Z'/><EventRecordID>196</EventRecordID><Correlation/><Execution ProcessID='3324' ThreadID='3220'/><Channel>Microsoft-Windows-Sysmon/Operational</Channel><Computer>DESKTOP-FVSHABR</Computer><Security UserID='S-1-5-18'/></System><EventData><Data Name='RuleName'></Data><Data Name='UtcTime'>2019-07-24 17:57:09.411</Data><Data Name='ProcessGuid'>{87E8D3BD-9BF4-5D38-0000-0010BFC30E00}</Data><Data Name='ProcessId'>4532</Data><Data Name='Image'>C:\Users\GRAPLT~1\AppData\Local\Temp\GUM5F89.tmp\GoogleUpdateSetup.exe</Data><Data Name='TargetFilename'>C:\Program Files (x86)\GUM6D35.tmp\goopdateres_ro.dll</Data><Data Name='CreationUtcTime'>2019-07-24 17:57:09.411</Data></EventData></Event>
<Event xmlns='http://schemas.microsoft.com/win/2004/08/events/event'><System><Provider Name='Microsoft-Windows-Sysmon' Guid='{5770385F-C22A-43E0-BF4C-06F5698FFBD9}'/><EventID>11</EventID><Version>2</Version><Level>4</Level><Task>11</Task><Opcode>0</Opcode><Keywords>0x8000000000000000</Keywords><TimeCreated SystemTime='2019-07-24T17:57:09.431522400Z'/><EventRecordID>197</EventRecordID><Correlation/><Execution ProcessID='3324' ThreadID='3220'/><Channel>Microsoft-Windows-Sysmon/Operational</Channel><Computer>DESKTOP-FVSHABR</Computer><Security UserID='S-1-5-18'/></System><EventData><Data Name='RuleName'></Data><Data Name='UtcTime'>2019-07-24 17:57:09.427</Data><Data Name='ProcessGuid'>{87E8D3BD-9BF4-5D38-0000-0010BFC30E00}</Data><Data Name='ProcessId'>4532</Data><Data Name='Image'>C:\Users\GRAPLT~1\AppData\Local\Temp\GUM5F89.tmp\GoogleUpdateSetup.exe</Data><Data Name='TargetFilename'>C:\Program Files (x86)\GUM6D35.tmp\goopdateres_ru.dll</Data><Data Name='CreationUtcTime'>2019-07-24 17:57:09.427</Data></EventData></Event>
<Event xmlns='http://schemas.microsoft.com/win/2004/08/events/event'><System><Provider Name='Microsoft-Windows-Sysmon' Guid='{5770385F-C22A-43E0-BF4C-06F5698FFBD9}'/><EventID>11</EventID><Version>2</Version><Level>4</Level><Task>11</Task><Opcode>0</Opcode><Keywords>0x8000000000000000</Keywords><TimeCreated SystemTime='2019-07-24T17:57:09.443338500Z'/><EventRecordID>198</EventRecordID><Correlation/><Execution ProcessID='3324' ThreadID='3220'/><Channel>Microsoft-Windows-Sysmon/Operational</Channel><Computer>DESKTOP-FVSHABR</Computer><Security UserID='S-1-5-18'/></System><EventData><Data Name='RuleName'></Data><Data Name='UtcTime'>2019-07-24 17:57:09.427</Data><Data Name='ProcessGuid'>{87E8D3BD-9BF4-5D38-0000-0010BFC30E00}</Data><Data Name='ProcessId'>4532</Data><Data Name='Image'>C:\Users\GRAPLT~1\AppData\Local\Temp\GUM5F89.tmp\GoogleUpdateSetup.exe</Data><Data Name='TargetFilename'>C:\Program Files (x86)\GUM6D35.tmp\goopdateres_sk.dll</Data><Data Name='CreationUtcTime'>2019-07-24 17:57:09.427</Data></EventData></Event>
<Event xmlns='http://schemas.microsoft.com/win/2004/08/events/event'><System><Provider Name='Microsoft-Windows-Sysmon' Guid='{5770385F-C22A-43E0-BF4C-06F5698FFBD9}'/><EventID>11</EventID><Version>2</Version><Level>4</Level><Task>11</Task><Opcode>0</Opcode><Keywords>0x8000000000000000</Keywords><TimeCreated SystemTime='2019-07-24T17:57:09.453864800Z'/><EventRecordID>199</EventRecordID><Correlation/><Execution ProcessID='3324' ThreadID='3220'/><Channel>Microsoft-Windows-Sysmon/Operational</Channel><Computer>DESKTOP-FVSHABR</Computer><Security UserID='S-1-5-18'/></System><EventData><Data Name='RuleName'></Data><Data Name='UtcTime'>2019-07-24 17:57:09.442</Data><Data Name='ProcessGuid'>{87E8D3BD-9BF4-5D38-0000-0010BFC30E00}</Data><Data Name='ProcessId'>4532</Data><Data Name='Image'>C:\Users\GRAPLT~1\AppData\Local\Temp\GUM5F89.tmp\GoogleUpdateSetup.exe</Data><Data Name='TargetFilename'>C:\Program Files (x86)\GUM6D35.tmp\goopdateres_sl.dll</Data><Data Name='CreationUtcTime'>2019-07-24 17:57:09.442</Data></EventData></Event>
<Event xmlns='http://schemas.microsoft.com/win/2004/08/events/event'><System><Provider Name='Microsoft-Windows-Sysmon' Guid='{5770385F-C22A-43E0-BF4C-06F5698FFBD9}'/><EventID>11</EventID><Version>2</Version><Level>4</Level><Task>11</Task><Opcode>0</Opcode><Keywords>0x8000000000000000</Keywords><TimeCreated SystemTime='2019-07-24T17:57:09.467900400Z'/><EventRecordID>200</EventRecordID><Correlation/><Execution ProcessID='3324' ThreadID='3220'/><Channel>Microsoft-Windows-Sysmon/Operational</Channel><Computer>DESKTOP-FVSHABR</Computer><Security UserID='S-1-5-18'/></System><EventData><Data Name='RuleName'></Data><Data Name='UtcTime'>2019-07-24 17:57:09.458</Data><Data Name='ProcessGuid'>{87E8D3BD-9BF4-5D38-0000-0010BFC30E00}</Data><Data Name='ProcessId'>4532</Data><Data Name='Image'>C:\Users\GRAPLT~1\AppData\Local\Temp\GUM5F89.tmp\GoogleUpdateSetup.exe</Data><Data Name='TargetFilename'>C:\Program Files (x86)\GUM6D35.tmp\goopdateres_sr.dll</Data><Data Name='CreationUtcTime'>2019-07-24 17:57:09.458</Data></EventData></Event>
<Event xmlns='http://schemas.microsoft.com/win/2004/08/events/event'><System><Provider Name='Microsoft-Windows-Sysmon' Guid='{5770385F-C22A-43E0-BF4C-06F5698FFBD9}'/><EventID>11</EventID><Version>2</Version><Level>4</Level><Task>11</Task><Opcode>0</Opcode><Keywords>0x8000000000000000</Keywords><TimeCreated SystemTime='2019-07-24T17:57:09.478203900Z'/><EventRecordID>201</EventRecordID><Correlation/><Execution ProcessID='3324' ThreadID='3220'/><Channel>Microsoft-Windows-Sysmon/Operational</Channel><Computer>DESKTOP-FVSHABR</Computer><Security UserID='S-1-5-18'/></System><EventData><Data Name='RuleName'></Data><Data Name='UtcTime'>2019-07-24 17:57:09.474</Data><Data Name='ProcessGuid'>{87E8D3BD-9BF4-5D38-0000-0010BFC30E00}</Data><Data Name='ProcessId'>4532</Data><Data Name='Image'>C:\Users\GRAPLT~1\AppData\Local\Temp\GUM5F89.tmp\GoogleUpdateSetup.exe</Data><Data Name='TargetFilename'>C:\Program Files (x86)\GUM6D35.tmp\goopdateres_sv.dll</Data><Data Name='CreationUtcTime'>2019-07-24 17:57:09.474</Data></EventData></Event>
<Event xmlns='http://schemas.microsoft.com/win/2004/08/events/event'><System><Provider Name='Microsoft-Windows-Sysmon' Guid='{5770385F-C22A-43E0-BF4C-06F5698FFBD9}'/><EventID>11</EventID><Version>2</Version><Level>4</Level><Task>11</Task><Opcode>0</Opcode><Keywords>0x8000000000000000</Keywords><TimeCreated SystemTime='2019-07-24T17:57:09.489748600Z'/><EventRecordID>202</EventRecordID><Correlation/><Execution ProcessID='3324' ThreadID='3220'/><Channel>Microsoft-Windows-Sysmon/Operational</Channel><Computer>DESKTOP-FVSHABR</Computer><Security UserID='S-1-5-18'/></System><EventData><Data Name='RuleName'></Data><Data Name='UtcTime'>2019-07-24 17:57:09.474</Data><Data Name='ProcessGuid'>{87E8D3BD-9BF4-5D38-0000-0010BFC30E00}</Data><Data Name='ProcessId'>4532</Data><Data Name='Image'>C:\Users\GRAPLT~1\AppData\Local\Temp\GUM5F89.tmp\GoogleUpdateSetup.exe</Data><Data Name='TargetFilename'>C:\Program Files (x86)\GUM6D35.tmp\goopdateres_sw.dll</Data><Data Name='CreationUtcTime'>2019-07-24 17:57:09.474</Data></EventData></Event>
<Event xmlns='http://schemas.microsoft.com/win/2004/08/events/event'><System><Provider Name='Microsoft-Windows-Sysmon' Guid='{5770385F-C22A-43E0-BF4C-06F5698FFBD9}'/><EventID>11</EventID><Version>2</Version><Level>4</Level><Task>11</Task><Opcode>0</Opcode><Keywords>0x8000000000000000</Keywords><TimeCreated SystemTime='2019-07-24T17:57:09.499115500Z'/><EventRecordID>203</EventRecordID><Correlation/><Execution ProcessID='3324' ThreadID='3220'/><Channel>Microsoft-Windows-Sysmon/Operational</Channel><Computer>DESKTOP-FVSHABR</Computer><Security UserID='S-1-5-18'/></System><EventData><Data Name='RuleName'></Data><Data Name='UtcTime'>2019-07-24 17:57:09.489</Data><Data Name='ProcessGuid'>{87E8D3BD-9BF4-5D38-0000-0010BFC30E00}</Data><Data Name='ProcessId'>4532</Data><Data Name='Image'>C:\Users\GRAPLT~1\AppData\Local\Temp\GUM5F89.tmp\GoogleUpdateSetup.exe</Data><Data Name='TargetFilename'>C:\Program Files (x86)\GUM6D35.tmp\goopdateres_ta.dll</Data><Data Name='CreationUtcTime'>2019-07-24 17:57:09.489</Data></EventData></Event>
<Event xmlns='http://schemas.microsoft.com/win/2004/08/events/event'><System><Provider Name='Microsoft-Windows-Sysmon' Guid='{5770385F-C22A-43E0-BF4C-06F5698FFBD9}'/><EventID>11</EventID><Version>2</Version><Level>4</Level><Task>11</Task><Opcode>0</Opcode><Keywords>0x8000000000000000</Keywords><TimeCreated SystemTime='2019-07-24T17:57:09.510787800Z'/><EventRecordID>204</EventRecordID><Correlation/><Execution ProcessID='3324' ThreadID='3220'/><Channel>Microsoft-Windows-Sysmon/Operational</Channel><Computer>DESKTOP-FVSHABR</Computer><Security UserID='S-1-5-18'/></System><EventData><Data Name='RuleName'></Data><Data Name='UtcTime'>2019-07-24 17:57:09.505</Data><Data Name='ProcessGuid'>{87E8D3BD-9BF4-5D38-0000-0010BFC30E00}</Data><Data Name='ProcessId'>4532</Data><Data Name='Image'>C:\Users\GRAPLT~1\AppData\Local\Temp\GUM5F89.tmp\GoogleUpdateSetup.exe</Data><Data Name='TargetFilename'>C:\Program Files (x86)\GUM6D35.tmp\goopdateres_te.dll</Data><Data Name='CreationUtcTime'>2019-07-24 17:57:09.505</Data></EventData></Event>
<Event xmlns='http://schemas.microsoft.com/win/2004/08/events/event'><System><Provider Name='Microsoft-Windows-Sysmon' Guid='{5770385F-C22A-43E0-BF4C-06F5698FFBD9}'/><EventID>11</EventID><Version>2</Version><Level>4</Level><Task>11</Task><Opcode>0</Opcode><Keywords>0x8000000000000000</Keywords><TimeCreated SystemTime='2019-07-24T17:57:09.519497400Z'/><EventRecordID>205</EventRecordID><Correlation/><Execution ProcessID='3324' ThreadID='3220'/><Channel>Microsoft-Windows-Sysmon/Operational</Channel><Computer>DESKTOP-FVSHABR</Computer><Security UserID='S-1-5-18'/></System><EventData><Data Name='RuleName'></Data><Data Name='UtcTime'>2019-07-24 17:57:09.505</Data><Data Name='ProcessGuid'>{87E8D3BD-9BF4-5D38-0000-0010BFC30E00}</Data><Data Name='ProcessId'>4532</Data><Data Name='Image'>C:\Users\GRAPLT~1\AppData\Local\Temp\GUM5F89.tmp\GoogleUpdateSetup.exe</Data><Data Name='TargetFilename'>C:\Program Files (x86)\GUM6D35.tmp\goopdateres_th.dll</Data><Data Name='CreationUtcTime'>2019-07-24 17:57:09.505</Data></EventData></Event>
<Event xmlns='http://schemas.microsoft.com/win/2004/08/events/event'><System><Provider Name='Microsoft-Windows-Sysmon' Guid='{5770385F-C22A-43E0-BF4C-06F5698FFBD9}'/><EventID>11</EventID><Version>2</Version><Level>4</Level><Task>11</Task><Opcode>0</Opcode><Keywords>0x8000000000000000</Keywords><TimeCreated SystemTime='2019-07-24T17:57:09.531245300Z'/><EventRecordID>206</EventRecordID><Correlation/><Execution ProcessID='3324' ThreadID='3220'/><Channel>Microsoft-Windows-Sysmon/Operational</Channel><Computer>DESKTOP-FVSHABR</Computer><Security UserID='S-1-5-18'/></System><EventData><Data Name='RuleName'></Data><Data Name='UtcTime'>2019-07-24 17:57:09.520</Data><Data Name='ProcessGuid'>{87E8D3BD-9BF4-5D38-0000-0010BFC30E00}</Data><Data Name='ProcessId'>4532</Data><Data Name='Image'>C:\Users\GRAPLT~1\AppData\Local\Temp\GUM5F89.tmp\GoogleUpdateSetup.exe</Data><Data Name='TargetFilename'>C:\Program Files (x86)\GUM6D35.tmp\goopdateres_tr.dll</Data><Data Name='CreationUtcTime'>2019-07-24 17:57:09.520</Data></EventData></Event>
<Event xmlns='http://schemas.microsoft.com/win/2004/08/events/event'><System><Provider Name='Microsoft-Windows-Sysmon' Guid='{5770385F-C22A-43E0-BF4C-06F5698FFBD9}'/><EventID>11</EventID><Version>2</Version><Level>4</Level><Task>11</Task><Opcode>0</Opcode><Keywords>0x8000000000000000</Keywords><TimeCreated SystemTime='2019-07-24T17:57:09.544369300Z'/><EventRecordID>207</EventRecordID><Correlation/><Execution ProcessID='3324' ThreadID='3220'/><Channel>Microsoft-Windows-Sysmon/Operational</Channel><Computer>DESKTOP-FVSHABR</Computer><Security UserID='S-1-5-18'/></System><EventData><Data Name='RuleName'></Data><Data Name='UtcTime'>2019-07-24 17:57:09.536</Data><Data Name='ProcessGuid'>{87E8D3BD-9BF4-5D38-0000-0010BFC30E00}</Data><Data Name='ProcessId'>4532</Data><Data Name='Image'>C:\Users\GRAPLT~1\AppData\Local\Temp\GUM5F89.tmp\GoogleUpdateSetup.exe</Data><Data Name='TargetFilename'>C:\Program Files (x86)\GUM6D35.tmp\goopdateres_uk.dll</Data><Data Name='CreationUtcTime'>2019-07-24 17:57:09.536</Data></EventData></Event>
<Event xmlns='http://schemas.microsoft.com/win/2004/08/events/event'><System><Provider Name='Microsoft-Windows-Sysmon' Guid='{5770385F-C22A-43E0-BF4C-06F5698FFBD9}'/><EventID>11</EventID><Version>2</Version><Level>4</Level><Task>11</Task><Opcode>0</Opcode><Keywords>0x8000000000000000</Keywords><TimeCreated SystemTime='2019-07-24T17:57:09.551465400Z'/><EventRecordID>208</EventRecordID><Correlation/><Execution ProcessID='3324' ThreadID='3220'/><Channel>Microsoft-Windows-Sysmon/Operational</Channel><Computer>DESKTOP-FVSHABR</Computer><Security UserID='S-1-5-18'/></System><EventData><Data Name='RuleName'></Data><Data Name='UtcTime'>2019-07-24 17:57:09.536</Data><Data Name='ProcessGuid'>{87E8D3BD-9BF4-5D38-0000-0010BFC30E00}</Data><Data Name='ProcessId'>4532</Data><Data Name='Image'>C:\Users\GRAPLT~1\AppData\Local\Temp\GUM5F89.tmp\GoogleUpdateSetup.exe</Data><Data Name='TargetFilename'>C:\Program Files (x86)\GUM6D35.tmp\goopdateres_ur.dll</Data><Data Name='CreationUtcTime'>2019-07-24 17:57:09.536</Data></EventData></Event>
<Event xmlns='http://schemas.microsoft.com/win/2004/08/events/event'><System><Provider Name='Microsoft-Windows-Sysmon' Guid='{5770385F-C22A-43E0-BF4C-06F5698FFBD9}'/><EventID>11</EventID><Version>2</Version><Level>4</Level><Task>11</Task><Opcode>0</Opcode><Keywords>0x8000000000000000</Keywords><TimeCreated SystemTime='2019-07-24T17:57:09.563332700Z'/><EventRecordID>209</EventRecordID><Correlation/><Execution ProcessID='3324' ThreadID='3220'/><Channel>Microsoft-Windows-Sysmon/Operational</Channel><Computer>DESKTOP-FVSHABR</Computer><Security UserID='S-1-5-18'/></System><EventData><Data Name='RuleName'></Data><Data Name='UtcTime'>2019-07-24 17:57:09.552</Data><Data Name='ProcessGuid'>{87E8D3BD-9BF4-5D38-0000-0010BFC30E00}</Data><Data Name='ProcessId'>4532</Data><Data Name='Image'>C:\Users\GRAPLT~1\AppData\Local\Temp\GUM5F89.tmp\GoogleUpdateSetup.exe</Data><Data Name='TargetFilename'>C:\Program Files (x86)\GUM6D35.tmp\goopdateres_vi.dll</Data><Data Name='CreationUtcTime'>2019-07-24 17:57:09.552</Data></EventData></Event>
<Event xmlns='http://schemas.microsoft.com/win/2004/08/events/event'><System><Provider Name='Microsoft-Windows-Sysmon' Guid='{5770385F-C22A-43E0-BF4C-06F5698FFBD9}'/><EventID>11</EventID><Version>2</Version><Level>4</Level><Task>11</Task><Opcode>0</Opcode><Keywords>0x8000000000000000</Keywords><TimeCreated SystemTime='2019-07-24T17:57:09.572278900Z'/><EventRecordID>210</EventRecordID><Correlation/><Execution ProcessID='3324' ThreadID='3220'/><Channel>Microsoft-Windows-Sysmon/Operational</Channel><Computer>DESKTOP-FVSHABR</Computer><Security UserID='S-1-5-18'/></System><EventData><Data Name='RuleName'></Data><Data Name='UtcTime'>2019-07-24 17:57:09.567</Data><Data Name='ProcessGuid'>{87E8D3BD-9BF4-5D38-0000-0010BFC30E00}</Data><Data Name='ProcessId'>4532</Data><Data Name='Image'>C:\Users\GRAPLT~1\AppData\Local\Temp\GUM5F89.tmp\GoogleUpdateSetup.exe</Data><Data Name='TargetFilename'>C:\Program Files (x86)\GUM6D35.tmp\goopdateres_zh-CN.dll</Data><Data Name='CreationUtcTime'>2019-07-24 17:57:09.567</Data></EventData></Event>
<Event xmlns='http://schemas.microsoft.com/win/2004/08/events/event'><System><Provider Name='Microsoft-Windows-Sysmon' Guid='{5770385F-C22A-43E0-BF4C-06F5698FFBD9}'/><EventID>11</EventID><Version>2</Version><Level>4</Level><Task>11</Task><Opcode>0</Opcode><Keywords>0x8000000000000000</Keywords><TimeCreated SystemTime='2019-07-24T17:57:09.585399500Z'/><EventRecordID>211</EventRecordID><Correlation/><Execution ProcessID='3324' ThreadID='3220'/><Channel>Microsoft-Windows-Sysmon/Operational</Channel><Computer>DESKTOP-FVSHABR</Computer><Security UserID='S-1-5-18'/></System><EventData><Data Name='RuleName'></Data><Data Name='UtcTime'>2019-07-24 17:57:09.583</Data><Data Name='ProcessGuid'>{87E8D3BD-9BF4-5D38-0000-0010BFC30E00}</Data><Data Name='ProcessId'>4532</Data><Data Name='Image'>C:\Users\GRAPLT~1\AppData\Local\Temp\GUM5F89.tmp\GoogleUpdateSetup.exe</Data><Data Name='TargetFilename'>C:\Program Files (x86)\GUM6D35.tmp\goopdateres_zh-TW.dll</Data><Data Name='CreationUtcTime'>2019-07-24 17:57:09.583</Data></EventData></Event>
<Event xmlns='http://schemas.microsoft.com/win/2004/08/events/event'><System><Provider Name='Microsoft-Windows-Sysmon' Guid='{5770385F-C22A-43E0-BF4C-06F5698FFBD9}'/><EventID>11</EventID><Version>2</Version><Level>4</Level><Task>11</Task><Opcode>0</Opcode><Keywords>0x8000000000000000</Keywords><TimeCreated SystemTime='2019-07-24T17:57:09.596138500Z'/><EventRecordID>212</EventRecordID><Correlation/><Execution ProcessID='3324' ThreadID='3220'/><Channel>Microsoft-Windows-Sysmon/Operational</Channel><Computer>DESKTOP-FVSHABR</Computer><Security UserID='S-1-5-18'/></System><EventData><Data Name='RuleName'></Data><Data Name='UtcTime'>2019-07-24 17:57:09.583</Data><Data Name='ProcessGuid'>{87E8D3BD-9BF4-5D38-0000-0010BFC30E00}</Data><Data Name='ProcessId'>4532</Data><Data Name='Image'>C:\Users\GRAPLT~1\AppData\Local\Temp\GUM5F89.tmp\GoogleUpdateSetup.exe</Data><Data Name='TargetFilename'>C:\Program Files (x86)\GUM6D35.tmp\GoogleUpdateSetup.exe</Data><Data Name='CreationUtcTime'>2019-07-24 17:57:09.583</Data></EventData></Event>
<Event xmlns='http://schemas.microsoft.com/win/2004/08/events/event'><System><Provider Name='Microsoft-Windows-Sysmon' Guid='{5770385F-C22A-43E0-BF4C-06F5698FFBD9}'/><EventID>1</EventID><Version>5</Version><Level>4</Level><Task>1</Task><Opcode>0</Opcode><Keywords>0x8000000000000000</Keywords><TimeCreated SystemTime='2019-07-24T17:57:09.614272100Z'/><EventRecordID>213</EventRecordID><Correlation/><Execution ProcessID='3324' ThreadID='3220'/><Channel>Microsoft-Windows-Sysmon/Operational</Channel><Computer>DESKTOP-FVSHABR</Computer><Security UserID='S-1-5-18'/></System><EventData><Data Name='RuleName'></Data><Data Name='UtcTime'>2019-07-24 17:57:09.611</Data><Data Name='ProcessGuid'>{87E8D3BD-9BF5-5D38-0000-0010D8ED0E00}</Data><Data Name='ProcessId'>588</Data><Data Name='Image'>C:\Program Files (x86)\GUM6D35.tmp\GoogleUpdate.exe</Data><Data Name='FileVersion'>1.3.34.11</Data><Data Name='Description'>Google Installer</Data><Data Name='Product'>Google Update</Data><Data Name='Company'>Google LLC</Data><Data Name='OriginalFileName'>GoogleUpdate.exe</Data><Data Name='CommandLine'>"C:\Program Files (x86)\GUM6D35.tmp\GoogleUpdate.exe" /installsource taggedmi /install "appguid={8A69D345-D564-463C-AFF1-A69D9E530F96}&amp;iid={F2782276-7085-9EC9-B82C-4B91DF227F8F}&amp;lang=en&amp;browser=5&amp;usagestats=1&amp;appname=Google%%20Chrome&amp;needsadmin=prefers&amp;ap=x64-stable-statsdef_1&amp;brand=CHBF&amp;installdataindex=empty" /installelevated</Data><Data Name='CurrentDirectory'>C:\Users\GRAPLT~1\AppData\Local\Temp\GUM5F89.tmp\</Data><Data Name='User'>DESKTOP-FVSHABR\grapltest</Data><Data Name='LogonGuid'>{87E8D3BD-99C8-5D38-0000-002061140200}</Data><Data Name='LogonId'>0x21461</Data><Data Name='TerminalSessionId'>1</Data><Data Name='IntegrityLevel'>High</Data><Data Name='Hashes'>MD5=82F657B0AEE67A6A560321CF0927F9F7,SHA256=794CF7644115198DB451431BCA7C89FF9A97550482B1E3F7F13EB7ACA6120A11</Data><Data Name='ParentProcessGuid'>{87E8D3BD-9BF4-5D38-0000-0010BFC30E00}</Data><Data Name='ParentProcessId'>4532</Data><Data Name='ParentImage'>C:\Users\GRAPLT~1\AppData\Local\Temp\GUM5F89.tmp\GoogleUpdateSetup.exe</Data><Data Name='ParentCommandLine'>"C:\Users\GRAPLT~1\AppData\Local\Temp\GUM5F89.tmp\GoogleUpdateSetup.exe" /installsource taggedmi /install "appguid={8A69D345-D564-463C-AFF1-A69D9E530F96}&amp;iid={F2782276-7085-9EC9-B82C-4B91DF227F8F}&amp;lang=en&amp;browser=5&amp;usagestats=1&amp;appname=Google%20Chrome&amp;needsadmin=prefers&amp;ap=x64-stable-statsdef_1&amp;brand=CHBF&amp;installdataindex=empty" /installelevated /nomitag</Data></EventData></Event>
<Event xmlns='http://schemas.microsoft.com/win/2004/08/events/event'><System><Provider Name='Microsoft-Windows-Sysmon' Guid='{5770385F-C22A-43E0-BF4C-06F5698FFBD9}'/><EventID>11</EventID><Version>2</Version><Level>4</Level><Task>11</Task><Opcode>0</Opcode><Keywords>0x8000000000000000</Keywords><TimeCreated SystemTime='2019-07-24T17:57:09.684671400Z'/><EventRecordID>214</EventRecordID><Correlation/><Execution ProcessID='3324' ThreadID='3220'/><Channel>Microsoft-Windows-Sysmon/Operational</Channel><Computer>DESKTOP-FVSHABR</Computer><Security UserID='S-1-5-18'/></System><EventData><Data Name='RuleName'></Data><Data Name='UtcTime'>2019-07-24 17:57:09.677</Data><Data Name='ProcessGuid'>{87E8D3BD-9BF5-5D38-0000-0010D8ED0E00}</Data><Data Name='ProcessId'>588</Data><Data Name='Image'>C:\Program Files (x86)\GUM6D35.tmp\GoogleUpdate.exe</Data><Data Name='TargetFilename'>C:\Program Files (x86)\Google\Update\1.3.34.11\GoogleUpdate.exe</Data><Data Name='CreationUtcTime'>2019-07-24 17:57:09.677</Data></EventData></Event>
<Event xmlns='http://schemas.microsoft.com/win/2004/08/events/event'><System><Provider Name='Microsoft-Windows-Sysmon' Guid='{5770385F-C22A-43E0-BF4C-06F5698FFBD9}'/><EventID>11</EventID><Version>2</Version><Level>4</Level><Task>11</Task><Opcode>0</Opcode><Keywords>0x8000000000000000</Keywords><TimeCreated SystemTime='2019-07-24T17:57:09.756197000Z'/><EventRecordID>215</EventRecordID><Correlation/><Execution ProcessID='3324' ThreadID='3220'/><Channel>Microsoft-Windows-Sysmon/Operational</Channel><Computer>DESKTOP-FVSHABR</Computer><Security UserID='S-1-5-18'/></System><EventData><Data Name='RuleName'></Data><Data Name='UtcTime'>2019-07-24 17:57:09.739</Data><Data Name='ProcessGuid'>{87E8D3BD-9BF5-5D38-0000-0010D8ED0E00}</Data><Data Name='ProcessId'>588</Data><Data Name='Image'>C:\Program Files (x86)\GUM6D35.tmp\GoogleUpdate.exe</Data><Data Name='TargetFilename'>C:\Program Files (x86)\Google\Update\1.3.34.11\goopdate.dll</Data><Data Name='CreationUtcTime'>2019-07-24 17:57:09.739</Data></EventData></Event>
<Event xmlns='http://schemas.microsoft.com/win/2004/08/events/event'><System><Provider Name='Microsoft-Windows-Sysmon' Guid='{5770385F-C22A-43E0-BF4C-06F5698FFBD9}'/><EventID>11</EventID><Version>2</Version><Level>4</Level><Task>11</Task><Opcode>0</Opcode><Keywords>0x8000000000000000</Keywords><TimeCreated SystemTime='2019-07-24T17:57:09.831982200Z'/><EventRecordID>216</EventRecordID><Correlation/><Execution ProcessID='3324' ThreadID='3220'/><Channel>Microsoft-Windows-Sysmon/Operational</Channel><Computer>DESKTOP-FVSHABR</Computer><Security UserID='S-1-5-18'/></System><EventData><Data Name='RuleName'></Data><Data Name='UtcTime'>2019-07-24 17:57:09.818</Data><Data Name='ProcessGuid'>{87E8D3BD-9BF5-5D38-0000-0010D8ED0E00}</Data><Data Name='ProcessId'>588</Data><Data Name='Image'>C:\Program Files (x86)\GUM6D35.tmp\GoogleUpdate.exe</Data><Data Name='TargetFilename'>C:\Program Files (x86)\Google\Update\1.3.34.11\GoogleUpdateCore.exe</Data><Data Name='CreationUtcTime'>2019-07-24 17:57:09.818</Data></EventData></Event>
<Event xmlns='http://schemas.microsoft.com/win/2004/08/events/event'><System><Provider Name='Microsoft-Windows-Sysmon' Guid='{5770385F-C22A-43E0-BF4C-06F5698FFBD9}'/><EventID>11</EventID><Version>2</Version><Level>4</Level><Task>11</Task><Opcode>0</Opcode><Keywords>0x8000000000000000</Keywords><TimeCreated SystemTime='2019-07-24T17:57:09.886350100Z'/><EventRecordID>217</EventRecordID><Correlation/><Execution ProcessID='3324' ThreadID='3220'/><Channel>Microsoft-Windows-Sysmon/Operational</Channel><Computer>DESKTOP-FVSHABR</Computer><Security UserID='S-1-5-18'/></System><EventData><Data Name='RuleName'></Data><Data Name='UtcTime'>2019-07-24 17:57:09.879</Data><Data Name='ProcessGuid'>{87E8D3BD-9BF5-5D38-0000-0010D8ED0E00}</Data><Data Name='ProcessId'>588</Data><Data Name='Image'>C:\Program Files (x86)\GUM6D35.tmp\GoogleUpdate.exe</Data><Data Name='TargetFilename'>C:\Program Files (x86)\Google\Update\1.3.34.11\GoogleCrashHandler.exe</Data><Data Name='CreationUtcTime'>2019-07-24 17:57:09.879</Data></EventData></Event>
<Event xmlns='http://schemas.microsoft.com/win/2004/08/events/event'><System><Provider Name='Microsoft-Windows-Sysmon' Guid='{5770385F-C22A-43E0-BF4C-06F5698FFBD9}'/><EventID>11</EventID><Version>2</Version><Level>4</Level><Task>11</Task><Opcode>0</Opcode><Keywords>0x8000000000000000</Keywords><TimeCreated SystemTime='2019-07-24T17:57:09.932531700Z'/><EventRecordID>218</EventRecordID><Correlation/><Execution ProcessID='3324' ThreadID='3220'/><Channel>Microsoft-Windows-Sysmon/Operational</Channel><Computer>DESKTOP-FVSHABR</Computer><Security UserID='S-1-5-18'/></System><EventData><Data Name='RuleName'></Data><Data Name='UtcTime'>2019-07-24 17:57:09.927</Data><Data Name='ProcessGuid'>{87E8D3BD-9BF5-5D38-0000-0010D8ED0E00}</Data><Data Name='ProcessId'>588</Data><Data Name='Image'>C:\Program Files (x86)\GUM6D35.tmp\GoogleUpdate.exe</Data><Data Name='TargetFilename'>C:\Program Files (x86)\Google\Update\1.3.34.11\GoogleCrashHandler64.exe</Data><Data Name='CreationUtcTime'>2019-07-24 17:57:09.927</Data></EventData></Event>
<Event xmlns='http://schemas.microsoft.com/win/2004/08/events/event'><System><Provider Name='Microsoft-Windows-Sysmon' Guid='{5770385F-C22A-43E0-BF4C-06F5698FFBD9}'/><EventID>11</EventID><Version>2</Version><Level>4</Level><Task>11</Task><Opcode>0</Opcode><Keywords>0x8000000000000000</Keywords><TimeCreated SystemTime='2019-07-24T17:57:09.975102400Z'/><EventRecordID>219</EventRecordID><Correlation/><Execution ProcessID='3324' ThreadID='3220'/><Channel>Microsoft-Windows-Sysmon/Operational</Channel><Computer>DESKTOP-FVSHABR</Computer><Security UserID='S-1-5-18'/></System><EventData><Data Name='RuleName'></Data><Data Name='UtcTime'>2019-07-24 17:57:09.973</Data><Data Name='ProcessGuid'>{87E8D3BD-9BF5-5D38-0000-0010D8ED0E00}</Data><Data Name='ProcessId'>588</Data><Data Name='Image'>C:\Program Files (x86)\GUM6D35.tmp\GoogleUpdate.exe</Data><Data Name='TargetFilename'>C:\Program Files (x86)\Google\Update\1.3.34.11\GoogleUpdateComRegisterShell64.exe</Data><Data Name='CreationUtcTime'>2019-07-24 17:57:09.973</Data></EventData></Event>
<Event xmlns='http://schemas.microsoft.com/win/2004/08/events/event'><System><Provider Name='Microsoft-Windows-Sysmon' Guid='{5770385F-C22A-43E0-BF4C-06F5698FFBD9}'/><EventID>11</EventID><Version>2</Version><Level>4</Level><Task>11</Task><Opcode>0</Opcode><Keywords>0x8000000000000000</Keywords><TimeCreated SystemTime='2019-07-24T17:57:10.015595600Z'/><EventRecordID>220</EventRecordID><Correlation/><Execution ProcessID='3324' ThreadID='3220'/><Channel>Microsoft-Windows-Sysmon/Operational</Channel><Computer>DESKTOP-FVSHABR</Computer><Security UserID='S-1-5-18'/></System><EventData><Data Name='RuleName'></Data><Data Name='UtcTime'>2019-07-24 17:57:10.005</Data><Data Name='ProcessGuid'>{87E8D3BD-9BF5-5D38-0000-0010D8ED0E00}</Data><Data Name='ProcessId'>588</Data><Data Name='Image'>C:\Program Files (x86)\GUM6D35.tmp\GoogleUpdate.exe</Data><Data Name='TargetFilename'>C:\Program Files (x86)\Google\Update\1.3.34.11\goopdateres_am.dll</Data><Data Name='CreationUtcTime'>2019-07-24 17:57:10.005</Data></EventData></Event>
<Event xmlns='http://schemas.microsoft.com/win/2004/08/events/event'><System><Provider Name='Microsoft-Windows-Sysmon' Guid='{5770385F-C22A-43E0-BF4C-06F5698FFBD9}'/><EventID>11</EventID><Version>2</Version><Level>4</Level><Task>11</Task><Opcode>0</Opcode><Keywords>0x8000000000000000</Keywords><TimeCreated SystemTime='2019-07-24T17:57:10.022915900Z'/><EventRecordID>221</EventRecordID><Correlation/><Execution ProcessID='3324' ThreadID='3220'/><Channel>Microsoft-Windows-Sysmon/Operational</Channel><Computer>DESKTOP-FVSHABR</Computer><Security UserID='S-1-5-18'/></System><EventData><Data Name='RuleName'></Data><Data Name='UtcTime'>2019-07-24 17:57:10.020</Data><Data Name='ProcessGuid'>{87E8D3BD-9BF5-5D38-0000-0010D8ED0E00}</Data><Data Name='ProcessId'>588</Data><Data Name='Image'>C:\Program Files (x86)\GUM6D35.tmp\GoogleUpdate.exe</Data><Data Name='TargetFilename'>C:\Program Files (x86)\Google\Update\1.3.34.11\goopdateres_ar.dll</Data><Data Name='CreationUtcTime'>2019-07-24 17:57:10.020</Data></EventData></Event>
<Event xmlns='http://schemas.microsoft.com/win/2004/08/events/event'><System><Provider Name='Microsoft-Windows-Sysmon' Guid='{5770385F-C22A-43E0-BF4C-06F5698FFBD9}'/><EventID>11</EventID><Version>2</Version><Level>4</Level><Task>11</Task><Opcode>0</Opcode><Keywords>0x8000000000000000</Keywords><TimeCreated SystemTime='2019-07-24T17:57:10.030104000Z'/><EventRecordID>222</EventRecordID><Correlation/><Execution ProcessID='3324' ThreadID='3220'/><Channel>Microsoft-Windows-Sysmon/Operational</Channel><Computer>DESKTOP-FVSHABR</Computer><Security UserID='S-1-5-18'/></System><EventData><Data Name='RuleName'></Data><Data Name='UtcTime'>2019-07-24 17:57:10.020</Data><Data Name='ProcessGuid'>{87E8D3BD-9BF5-5D38-0000-0010D8ED0E00}</Data><Data Name='ProcessId'>588</Data><Data Name='Image'>C:\Program Files (x86)\GUM6D35.tmp\GoogleUpdate.exe</Data><Data Name='TargetFilename'>C:\Program Files (x86)\Google\Update\1.3.34.11\goopdateres_bg.dll</Data><Data Name='CreationUtcTime'>2019-07-24 17:57:10.020</Data></EventData></Event>
<Event xmlns='http://schemas.microsoft.com/win/2004/08/events/event'><System><Provider Name='Microsoft-Windows-Sysmon' Guid='{5770385F-C22A-43E0-BF4C-06F5698FFBD9}'/><EventID>11</EventID><Version>2</Version><Level>4</Level><Task>11</Task><Opcode>0</Opcode><Keywords>0x8000000000000000</Keywords><TimeCreated SystemTime='2019-07-24T17:57:10.039056300Z'/><EventRecordID>223</EventRecordID><Correlation/><Execution ProcessID='3324' ThreadID='3220'/><Channel>Microsoft-Windows-Sysmon/Operational</Channel><Computer>DESKTOP-FVSHABR</Computer><Security UserID='S-1-5-18'/></System><EventData><Data Name='RuleName'></Data><Data Name='UtcTime'>2019-07-24 17:57:10.035</Data><Data Name='ProcessGuid'>{87E8D3BD-9BF5-5D38-0000-0010D8ED0E00}</Data><Data Name='ProcessId'>588</Data><Data Name='Image'>C:\Program Files (x86)\GUM6D35.tmp\GoogleUpdate.exe</Data><Data Name='TargetFilename'>C:\Program Files (x86)\Google\Update\1.3.34.11\goopdateres_bn.dll</Data><Data Name='CreationUtcTime'>2019-07-24 17:57:10.035</Data></EventData></Event>
<Event xmlns='http://schemas.microsoft.com/win/2004/08/events/event'><System><Provider Name='Microsoft-Windows-Sysmon' Guid='{5770385F-C22A-43E0-BF4C-06F5698FFBD9}'/><EventID>11</EventID><Version>2</Version><Level>4</Level><Task>11</Task><Opcode>0</Opcode><Keywords>0x8000000000000000</Keywords><TimeCreated SystemTime='2019-07-24T17:57:10.052795600Z'/><EventRecordID>224</EventRecordID><Correlation/><Execution ProcessID='3324' ThreadID='3220'/><Channel>Microsoft-Windows-Sysmon/Operational</Channel><Computer>DESKTOP-FVSHABR</Computer><Security UserID='S-1-5-18'/></System><EventData><Data Name='RuleName'></Data><Data Name='UtcTime'>2019-07-24 17:57:10.052</Data><Data Name='ProcessGuid'>{87E8D3BD-9BF5-5D38-0000-0010D8ED0E00}</Data><Data Name='ProcessId'>588</Data><Data Name='Image'>C:\Program Files (x86)\GUM6D35.tmp\GoogleUpdate.exe</Data><Data Name='TargetFilename'>C:\Program Files (x86)\Google\Update\1.3.34.11\goopdateres_ca.dll</Data><Data Name='CreationUtcTime'>2019-07-24 17:57:10.035</Data></EventData></Event>
<Event xmlns='http://schemas.microsoft.com/win/2004/08/events/event'><System><Provider Name='Microsoft-Windows-Sysmon' Guid='{5770385F-C22A-43E0-BF4C-06F5698FFBD9}'/><EventID>11</EventID><Version>2</Version><Level>4</Level><Task>11</Task><Opcode>0</Opcode><Keywords>0x8000000000000000</Keywords><TimeCreated SystemTime='2019-07-24T17:57:10.063921000Z'/><EventRecordID>225</EventRecordID><Correlation/><Execution ProcessID='3324' ThreadID='3220'/><Channel>Microsoft-Windows-Sysmon/Operational</Channel><Computer>DESKTOP-FVSHABR</Computer><Security UserID='S-1-5-18'/></System><EventData><Data Name='RuleName'></Data><Data Name='UtcTime'>2019-07-24 17:57:10.052</Data><Data Name='ProcessGuid'>{87E8D3BD-9BF5-5D38-0000-0010D8ED0E00}</Data><Data Name='ProcessId'>588</Data><Data Name='Image'>C:\Program Files (x86)\GUM6D35.tmp\GoogleUpdate.exe</Data><Data Name='TargetFilename'>C:\Program Files (x86)\Google\Update\1.3.34.11\goopdateres_cs.dll</Data><Data Name='CreationUtcTime'>2019-07-24 17:57:10.052</Data></EventData></Event>
<Event xmlns='http://schemas.microsoft.com/win/2004/08/events/event'><System><Provider Name='Microsoft-Windows-Sysmon' Guid='{5770385F-C22A-43E0-BF4C-06F5698FFBD9}'/><EventID>11</EventID><Version>2</Version><Level>4</Level><Task>11</Task><Opcode>0</Opcode><Keywords>0x8000000000000000</Keywords><TimeCreated SystemTime='2019-07-24T17:57:10.071912100Z'/><EventRecordID>226</EventRecordID><Correlation/><Execution ProcessID='3324' ThreadID='3220'/><Channel>Microsoft-Windows-Sysmon/Operational</Channel><Computer>DESKTOP-FVSHABR</Computer><Security UserID='S-1-5-18'/></System><EventData><Data Name='RuleName'></Data><Data Name='UtcTime'>2019-07-24 17:57:10.067</Data><Data Name='ProcessGuid'>{87E8D3BD-9BF5-5D38-0000-0010D8ED0E00}</Data><Data Name='ProcessId'>588</Data><Data Name='Image'>C:\Program Files (x86)\GUM6D35.tmp\GoogleUpdate.exe</Data><Data Name='TargetFilename'>C:\Program Files (x86)\Google\Update\1.3.34.11\goopdateres_da.dll</Data><Data Name='CreationUtcTime'>2019-07-24 17:57:10.067</Data></EventData></Event>
<Event xmlns='http://schemas.microsoft.com/win/2004/08/events/event'><System><Provider Name='Microsoft-Windows-Sysmon' Guid='{5770385F-C22A-43E0-BF4C-06F5698FFBD9}'/><EventID>11</EventID><Version>2</Version><Level>4</Level><Task>11</Task><Opcode>0</Opcode><Keywords>0x8000000000000000</Keywords><TimeCreated SystemTime='2019-07-24T17:57:10.082657400Z'/><EventRecordID>227</EventRecordID><Correlation/><Execution ProcessID='3324' ThreadID='3220'/><Channel>Microsoft-Windows-Sysmon/Operational</Channel><Computer>DESKTOP-FVSHABR</Computer><Security UserID='S-1-5-18'/></System><EventData><Data Name='RuleName'></Data><Data Name='UtcTime'>2019-07-24 17:57:10.067</Data><Data Name='ProcessGuid'>{87E8D3BD-9BF5-5D38-0000-0010D8ED0E00}</Data><Data Name='ProcessId'>588</Data><Data Name='Image'>C:\Program Files (x86)\GUM6D35.tmp\GoogleUpdate.exe</Data><Data Name='TargetFilename'>C:\Program Files (x86)\Google\Update\1.3.34.11\goopdateres_de.dll</Data><Data Name='CreationUtcTime'>2019-07-24 17:57:10.067</Data></EventData></Event>
<Event xmlns='http://schemas.microsoft.com/win/2004/08/events/event'><System><Provider Name='Microsoft-Windows-Sysmon' Guid='{5770385F-C22A-43E0-BF4C-06F5698FFBD9}'/><EventID>11</EventID><Version>2</Version><Level>4</Level><Task>11</Task><Opcode>0</Opcode><Keywords>0x8000000000000000</Keywords><TimeCreated SystemTime='2019-07-24T17:57:10.094267000Z'/><EventRecordID>228</EventRecordID><Correlation/><Execution ProcessID='3324' ThreadID='3220'/><Channel>Microsoft-Windows-Sysmon/Operational</Channel><Computer>DESKTOP-FVSHABR</Computer><Security UserID='S-1-5-18'/></System><EventData><Data Name='RuleName'></Data><Data Name='UtcTime'>2019-07-24 17:57:10.083</Data><Data Name='ProcessGuid'>{87E8D3BD-9BF5-5D38-0000-0010D8ED0E00}</Data><Data Name='ProcessId'>588</Data><Data Name='Image'>C:\Program Files (x86)\GUM6D35.tmp\GoogleUpdate.exe</Data><Data Name='TargetFilename'>C:\Program Files (x86)\Google\Update\1.3.34.11\goopdateres_el.dll</Data><Data Name='CreationUtcTime'>2019-07-24 17:57:10.083</Data></EventData></Event>
<Event xmlns='http://schemas.microsoft.com/win/2004/08/events/event'><System><Provider Name='Microsoft-Windows-Sysmon' Guid='{5770385F-C22A-43E0-BF4C-06F5698FFBD9}'/><EventID>11</EventID><Version>2</Version><Level>4</Level><Task>11</Task><Opcode>0</Opcode><Keywords>0x8000000000000000</Keywords><TimeCreated SystemTime='2019-07-24T17:57:10.104097500Z'/><EventRecordID>229</EventRecordID><Correlation/><Execution ProcessID='3324' ThreadID='3220'/><Channel>Microsoft-Windows-Sysmon/Operational</Channel><Computer>DESKTOP-FVSHABR</Computer><Security UserID='S-1-5-18'/></System><EventData><Data Name='RuleName'></Data><Data Name='UtcTime'>2019-07-24 17:57:10.098</Data><Data Name='ProcessGuid'>{87E8D3BD-9BF5-5D38-0000-0010D8ED0E00}</Data><Data Name='ProcessId'>588</Data><Data Name='Image'>C:\Program Files (x86)\GUM6D35.tmp\GoogleUpdate.exe</Data><Data Name='TargetFilename'>C:\Program Files (x86)\Google\Update\1.3.34.11\goopdateres_en.dll</Data><Data Name='CreationUtcTime'>2019-07-24 17:57:10.098</Data></EventData></Event>
