<Event xmlns='http://schemas.microsoft.com/win/2004/08/events/event'><System><Provider Name='Microsoft-Windows-Sysmon' Guid='{5770385F-C22A-43E0-BF4C-06F5698FFBD9}'/><EventID>11</EventID><Version>2</Version><Level>4</Level><Task>11</Task><Opcode>0</Opcode><Keywords>0x8000000000000000</Keywords><TimeCreated SystemTime='2019-07-24T17:57:05.353249800Z'/><EventRecordID>91</EventRecordID><Correlation/><Execution ProcessID='3324' ThreadID='3220'/><Channel>Microsoft-Windows-Sysmon/Operational</Channel><Computer>DESKTOP-FVSHABR</Computer><Security UserID='S-1-5-18'/></System><EventData><Data Name='RuleName'></Data><Data Name='UtcTime'>2019-07-24 17:57:05.348</Data><Data Name='ProcessGuid'>{87E8D3BD-9BF0-5D38-0000-0010C48E0E00}</Data><Data Name='ProcessId'>3696</Data><Data Name='Image'>C:\Users\grapltest\Downloads\ChromeSetup.exe</Data><Data Name='TargetFilename'>C:\Users\GRAPLT~1\AppData\Local\Temp\GUM5F89.tmp\goopdateres_da.dll</Data><Data Name='CreationUtcTime'>2019-07-24 17:57:05.348</Data></EventData></Event>
<Event xmlns='http://schemas.microsoft.com/win/2004/08/events/event'><System><Provider Name='Microsoft-Windows-Sysmon' Guid='{5770385F-C22A-43E0-BF4C-06F5698FFBD9}'/><EventID>11</EventID><Version>2</Version><Level>4</Level><Task>11</Task><Opcode>0</Opcode><Keywords>0x8000000000000000</Keywords><TimeCreated SystemTime='2019-07-24T17:57:05.359861700Z'/><EventRecordID>92</EventRecordID><Correlation/><Execution ProcessID='3324' ThreadID='3220'/><Channel>Microsoft-Windows-Sysmon/Operational</Channel><Computer>DESKTOP-FVSHABR</Computer><Security UserID='S-1-5-18'/></System><EventData><Data Name='RuleName'></Data><Data Name='UtcTime'>2019-07-24 17:57:05.348</Data><Data Name='ProcessGuid'>{87E8D3BD-9BF0-5D38-0000-0010C48E0E00}</Data><Data Name='ProcessId'>3696</Data><Data Name='Image'>C:\Users\grapltest\Downloads\ChromeSetup.exe</Data><Data Name='TargetFilename'>C:\Users\GRAPLT~1\AppData\Local\Temp\GUM5F89.tmp\goopdateres_de.dll</Data><Data Name='CreationUtcTime'>2019-07-24 17:57:05.348</Data></EventData></Event>
<Event xmlns='http://schemas.microsoft.com/win/2004/08/events/event'><System><Provider Name='Microsoft-Windows-Sysmon' Guid='{5770385F-C22A-43E0-BF4C-06F5698FFBD9}'/><EventID>11</EventID><Version>2</Version><Level>4</Level><Task>11</Task><Opcode>0</Opcode><Keywords>0x8000000000000000</Keywords><TimeCreated SystemTime='2019-07-24T17:57:05.367600600Z'/><EventRecordID>93</EventRecordID><Correlation/><Execution ProcessID='3324' ThreadID='3220'/><Channel>Microsoft-Windows-Sysmon/Operational</Channel><Computer>DESKTOP-FVSHABR</Computer><Security UserID='S-1-5-18'/></System><EventData><Data Name='RuleName'></Data><Data Name='UtcTime'>2019-07-24 17:57:05.364</Data><Data Name='ProcessGuid'>{87E8D3BD-9BF0-5D38-0000-0010C48E0E00}</Data><Data Name='ProcessId'>3696</Data><Data Name='Image'>C:\Users\grapltest\Downloads\ChromeSetup.exe</Data><Data Name='TargetFilename'>C:\Users\GRAPLT~1\AppData\Local\Temp\GUM5F89.tmp\goopdateres_el.dll</Data><Data Name='CreationUtcTime'>2019-07-24 17:57:05.364</Data></EventData></Event>
<Event xmlns='http://schemas.microsoft.com/win/2004/08/events/event'><System><Provider Name='Microsoft-Windows-Sysmon' Guid='{5770385F-C22A-43E0-BF4C-06F5698FFBD9}'/><EventID>11</EventID><Version>2</Version><Level>4</Level><Task>11</Task><Opcode>0</Opcode><Keywords>0x8000000000000000</Keywords><TimeCreated SystemTime='2019-07-24T17:57:05.373688100Z'/><EventRecordID>94</EventRecordID><Correlation/><Execution ProcessID='3324' ThreadID='3220'/><Channel>Microsoft-Windows-Sysmon/Operational</Channel><Computer>DESKTOP-FVSHABR</Computer><Security UserID='S-1-5-18'/></System><EventData><Data Name='RuleName'></Data><Data Name='UtcTime'>2019-07-24 17:57:05.364</Data><Data Name='ProcessGuid'>{87E8D3BD-9BF0-5D38-0000-0010C48E0E00}</Data><Data Name='ProcessId'>3696</Data><Data Name='Image'>C:\Users\grapltest\Downloads\ChromeSetup.exe</Data><Data Name='TargetFilename'>C:\Users\GRAPLT~1\AppData\Local\Temp\GUM5F89.tmp\goopdateres_en.dll</Data><Data Name='CreationUtcTime'>2019-07-24 17:57:05.364</Data></EventData></Event>
<Event xmlns='http://schemas.microsoft.com/win/2004/08/events/event'><System><Provider Name='Microsoft-Windows-Sysmon' Guid='{5770385F-C22A-43E0-BF4C-06F5698FFBD9}'/><EventID>11</EventID><Version>2</Version><Level>4</Level><Task>11</Task><Opcode>0</Opcode><Keywords>0x8000000000000000</Keywords><TimeCreated SystemTime='2019-07-24T17:57:05.379317000Z'/><EventRecordID>95</EventRecordID><Correlation/><Execution ProcessID='3324' ThreadID='3220'/><Channel>Microsoft-Windows-Sysmon/Operational</Channel><Computer>DESKTOP-FVSHABR</Computer><Security UserID='S-1-5-18'/></System><EventData><Data Name='RuleName'></Data><Data Name='UtcTime'>2019-07-24 17:57:05.364</Data><Data Name='ProcessGuid'>{87E8D3BD-9BF0-5D38-0000-0010C48E0E00}</Data><Data Name='ProcessId'>3696</Data><Data Name='Image'>C:\Users\grapltest\Downloads\ChromeSetup.exe</Data><Data Name='TargetFilename'>C:\Users\GRAPLT~1\AppData\Local\Temp\GUM5F89.tmp\goopdateres_en-GB.dll</Data><Data Name='CreationUtcTime'>2019-07-24 17:57:05.364</Data></EventData></Event>
<Event xmlns='http://schemas.microsoft.com/win/2004/08/events/event'><System><Provider Name='Microsoft-Windows-Sysmon' Guid='{5770385F-C22A-43E0-BF4C-06F5698FFBD9}'/><EventID>11</EventID><Version>2</Version><Level>4</Level><Task>11</Task><Opcode>0</Opcode><Keywords>0x8000000000000000</Keywords><TimeCreated SystemTime='2019-07-24T17:57:05.388368300Z'/><EventRecordID>96</EventRecordID><Correlation/><Execution ProcessID='3324' ThreadID='3220'/><Channel>Microsoft-Windows-Sysmon/Operational</Channel><Computer>DESKTOP-FVSHABR</Computer><Security UserID='S-1-5-18'/></System><EventData><Data Name='RuleName'></Data><Data Name='UtcTime'>2019-07-24 17:57:05.380</Data><Data Name='ProcessGuid'>{87E8D3BD-9BF0-5D38-0000-0010C48E0E00}</Data><Data Name='ProcessId'>3696</Data><Data Name='Image'>C:\Users\grapltest\Downloads\ChromeSetup.exe</Data><Data Name='TargetFilename'>C:\Users\GRAPLT~1\AppData\Local\Temp\GUM5F89.tmp\goopdateres_es.dll</Data><Data Name='CreationUtcTime'>2019-07-24 17:57:05.380</Data></EventData></Event>
<Event xmlns='http://schemas.microsoft.com/win/2004/08/events/event'><System><Provider Name='Microsoft-Windows-Sysmon' Guid='{5770385F-C22A-43E0-BF4C-06F5698FFBD9}'/><EventID>11</EventID><Version>2</Version><Level>4</Level><Task>11</Task><Opcode>0</Opcode><Keywords>0x8000000000000000</Keywords><TimeCreated SystemTime='2019-07-24T17:57:05.394638200Z'/><EventRecordID>97</EventRecordID><Correlation/><Execution ProcessID='3324' ThreadID='3220'/><Channel>Microsoft-Windows-Sysmon/Operational</Channel><Computer>DESKTOP-FVSHABR</Computer><Security UserID='S-1-5-18'/></System><EventData><Data Name='RuleName'></Data><Data Name='UtcTime'>2019-07-24 17:57:05.380</Data><Data Name='ProcessGuid'>{87E8D3BD-9BF0-5D38-0000-0010C48E0E00}</Data><Data Name='ProcessId'>3696</Data><Data Name='Image'>C:\Users\grapltest\Downloads\ChromeSetup.exe</Data><Data Name='TargetFilename'>C:\Users\GRAPLT~1\AppData\Local\Temp\GUM5F89.tmp\goopdateres_es-419.dll</Data><Data Name='CreationUtcTime'>2019-07-24 17:57:05.380</Data></EventData></Event>
<Event xmlns='http://schemas.microsoft.com/win/2004/08/events/event'><System><Provider Name='Microsoft-Windows-Sysmon' Guid='{5770385F-C22A-43E0-BF4C-06F5698FFBD9}'/><EventID>11</EventID><Version>2</Version><Level>4</Level><Task>11</Task><Opcode>0</Opcode><Keywords>0x8000000000000000</Keywords><TimeCreated SystemTime='2019-07-24T17:57:05.403032200Z'/><EventRecordID>98</EventRecordID><Correlation/><Execution ProcessID='3324' ThreadID='3220'/><Channel>Microsoft-Windows-Sysmon/Operational</Channel><Computer>DESKTOP-FVSHABR</Computer><Security UserID='S-1-5-18'/></System><EventData><Data Name='RuleName'></Data><Data Name='UtcTime'>2019-07-24 17:57:05.395</Data><Data Name='ProcessGuid'>{87E8D3BD-9BF0-5D38-0000-0010C48E0E00}</Data><Data Name='ProcessId'>3696</Data><Data Name='Image'>C:\Users\grapltest\Downloads\ChromeSetup.exe</Data><Data Name='TargetFilename'>C:\Users\GRAPLT~1\AppData\Local\Temp\GUM5F89.tmp\goopdateres_et.dll</Data><Data Name='CreationUtcTime'>2019-07-24 17:57:05.395</Data></EventData></Event>
<Event xmlns='http://schemas.microsoft.com/win/2004/08/events/event'><System><Provider Name='Microsoft-Windows-Sysmon' Guid='{5770385F-C22A-43E0-BF4C-06F5698FFBD9}'/><EventID>11</EventID><Version>2</Version><Level>4</Level><Task>11</Task><Opcode>0</Opcode><Keywords>0x8000000000000000</Keywords><TimeCreated SystemTime='2019-07-24T17:57:05.409292600Z'/><EventRecordID>99</EventRecordID><Correlation/><Execution ProcessID='3324' ThreadID='3220'/><Channel>Microsoft-Windows-Sysmon/Operational</Channel><Computer>DESKTOP-FVSHABR</Computer><Security UserID='S-1-5-18'/></System><EventData><Data Name='RuleName'></Data><Data Name='UtcTime'>2019-07-24 17:57:05.395</Data><Data Name='ProcessGuid'>{87E8D3BD-9BF0-5D38-0000-0010C48E0E00}</Data><Data Name='ProcessId'>3696</Data><Data Name='Image'>C:\Users\grapltest\Downloads\ChromeSetup.exe</Data><Data Name='TargetFilename'>C:\Users\GRAPLT~1\AppData\Local\Temp\GUM5F89.tmp\goopdateres_fa.dll</Data><Data Name='CreationUtcTime'>2019-07-24 17:57:05.395</Data></EventData></Event>
<Event xmlns='http://schemas.microsoft.com/win/2004/08/events/event'><System><Provider Name='Microsoft-Windows-Sysmon' Guid='{5770385F-C22A-43E0-BF4C-06F5698FFBD9}'/><EventID>11</EventID><Version>2</Version><Level>4</Level><Task>11</Task><Opcode>0</Opcode><Keywords>0x8000000000000000</Keywords><TimeCreated SystemTime='2019-07-24T17:57:05.416751100Z'/><EventRecordID>100</EventRecordID><Correlation/><Execution ProcessID='3324' ThreadID='3220'/><Channel>Microsoft-Windows-Sysmon/Operational</Channel><Computer>DESKTOP-FVSHABR</Computer><Security UserID='S-1-5-18'/></System><EventData><Data Name='RuleName'></Data><Data Name='UtcTime'>2019-07-24 17:57:05.411</Data><Data Name='ProcessGuid'>{87E8D3BD-9BF0-5D38-0000-0010C48E0E00}</Data><Data Name='ProcessId'>3696</Data><Data Name='Image'>C:\Users\grapltest\Downloads\ChromeSetup.exe</Data><Data Name='TargetFilename'>C:\Users\GRAPLT~1\AppData\Local\Temp\GUM5F89.tmp\goopdateres_fi.dll</Data><Data Name='CreationUtcTime'>2019-07-24 17:57:05.411</Data></EventData></Event>
<Event xmlns='http://schemas.microsoft.com/win/2004/08/events/event'><System><Provider Name='Microsoft-Windows-Sysmon' Guid='{5770385F-C22A-43E0-BF4C-06F5698FFBD9}'/><EventID>11</EventID><Version>2</Version><Level>4</Level><Task>11</Task><Opcode>0</Opcode><Keywords>0x8000000000000000</Keywords><TimeCreated SystemTime='2019-07-24T17:57:05.423571100Z'/><EventRecordID>101</EventRecordID><Correlation/><Execution ProcessID='3324' ThreadID='3220'/><Channel>Microsoft-Windows-Sysmon/Operational</Channel><Computer>DESKTOP-FVSHABR</Computer><Security UserID='S-1-5-18'/></System><EventData><Data Name='RuleName'></Data><Data Name='UtcTime'>2019-07-24 17:57:05.411</Data><Data Name='ProcessGuid'>{87E8D3BD-9BF0-5D38-0000-0010C48E0E00}</Data><Data Name='ProcessId'>3696</Data><Data Name='Image'>C:\Users\grapltest\Downloads\ChromeSetup.exe</Data><Data Name='TargetFilename'>C:\Users\GRAPLT~1\AppData\Local\Temp\GUM5F89.tmp\goopdateres_fil.dll</Data><Data Name='CreationUtcTime'>2019-07-24 17:57:05.411</Data></EventData></Event>
<Event xmlns='http://schemas.microsoft.com/win/2004/08/events/event'><System><Provider Name='Microsoft-Windows-Sysmon' Guid='{5770385F-C22A-43E0-BF4C-06F5698FFBD9}'/><EventID>11</EventID><Version>2</Version><Level>4</Level><Task>11</Task><Opcode>0</Opcode><Keywords>0x8000000000000000</Keywords><TimeCreated SystemTime='2019-07-24T17:57:05.431757200Z'/><EventRecordID>102</EventRecordID><Correlation/><Execution ProcessID='3324' ThreadID='3220'/><Channel>Microsoft-Windows-Sysmon/Operational</Channel><Computer>DESKTOP-FVSHABR</Computer><Security UserID='S-1-5-18'/></System><EventData><Data Name='RuleName'></Data><Data Name='UtcTime'>2019-07-24 17:57:05.427</Data><Data Name='ProcessGuid'>{87E8D3BD-9BF0-5D38-0000-0010C48E0E00}</Data><Data Name='ProcessId'>3696</Data><Data Name='Image'>C:\Users\grapltest\Downloads\ChromeSetup.exe</Data><Data Name='TargetFilename'>C:\Users\GRAPLT~1\AppData\Local\Temp\GUM5F89.tmp\goopdateres_fr.dll</Data><Data Name='CreationUtcTime'>2019-07-24 17:57:05.427</Data></EventData></Event>
<Event xmlns='http://schemas.microsoft.com/win/2004/08/events/event'><System><Provider Name='Microsoft-Windows-Sysmon' Guid='{5770385F-C22A-43E0-BF4C-06F5698FFBD9}'/><EventID>11</EventID><Version>2</Version><Level>4</Level><Task>11</Task><Opcode>0</Opcode><Keywords>0x8000000000000000</Keywords><TimeCreated SystemTime='2019-07-24T17:57:05.439346600Z'/><EventRecordID>103</EventRecordID><Correlation/><Execution ProcessID='3324' ThreadID='3220'/><Channel>Microsoft-Windows-Sysmon/Operational</Channel><Computer>DESKTOP-FVSHABR</Computer><Security UserID='S-1-5-18'/></System><EventData><Data Name='RuleName'></Data><Data Name='UtcTime'>2019-07-24 17:57:05.427</Data><Data Name='ProcessGuid'>{87E8D3BD-9BF0-5D38-0000-0010C48E0E00}</Data><Data Name='ProcessId'>3696</Data><Data Name='Image'>C:\Users\grapltest\Downloads\ChromeSetup.exe</Data><Data Name='TargetFilename'>C:\Users\GRAPLT~1\AppData\Local\Temp\GUM5F89.tmp\goopdateres_gu.dll</Data><Data Name='CreationUtcTime'>2019-07-24 17:57:05.427</Data></EventData></Event>
<Event xmlns='http://schemas.microsoft.com/win/2004/08/events/event'><System><Provider Name='Microsoft-Windows-Sysmon' Guid='{5770385F-C22A-43E0-BF4C-06F5698FFBD9}'/><EventID>11</EventID><Version>2</Version><Level>4</Level><Task>11</Task><Opcode>0</Opcode><Keywords>0x8000000000000000</Keywords><TimeCreated SystemTime='2019-07-24T17:57:05.448151000Z'/><EventRecordID>104</EventRecordID><Correlation/><Execution ProcessID='3324' ThreadID='3220'/><Channel>Microsoft-Windows-Sysmon/Operational</Channel><Computer>DESKTOP-FVSHABR</Computer><Security UserID='S-1-5-18'/></System><EventData><Data Name='RuleName'></Data><Data Name='UtcTime'>2019-07-24 17:57:05.442</Data><Data Name='ProcessGuid'>{87E8D3BD-9BF0-5D38-0000-0010C48E0E00}</Data><Data Name='ProcessId'>3696</Data><Data Name='Image'>C:\Users\grapltest\Downloads\ChromeSetup.exe</Data><Data Name='TargetFilename'>C:\Users\GRAPLT~1\AppData\Local\Temp\GUM5F89.tmp\goopdateres_hi.dll</Data><Data Name='CreationUtcTime'>2019-07-24 17:57:05.442</Data></EventData></Event>
<Event xmlns='http://schemas.microsoft.com/win/2004/08/events/event'><System><Provider Name='Microsoft-Windows-Sysmon' Guid='{5770385F-C22A-43E0-BF4C-06F5698FFBD9}'/><EventID>11</EventID><Version>2</Version><Level>4</Level><Task>11</Task><Opcode>0</Opcode><Keywords>0x8000000000000000</Keywords><TimeCreated SystemTime='2019-07-24T17:57:05.454772100Z'/><EventRecordID>105</EventRecordID><Correlation/><Execution ProcessID='3324' ThreadID='3220'/><Channel>Microsoft-Windows-Sysmon/Operational</Channel><Computer>DESKTOP-FVSHABR</Computer><Security UserID='S-1-5-18'/></System><EventData><Data Name='RuleName'></Data><Data Name='UtcTime'>2019-07-24 17:57:05.442</Data><Data Name='ProcessGuid'>{87E8D3BD-9BF0-5D38-0000-0010C48E0E00}</Data><Data Name='ProcessId'>3696</Data><Data Name='Image'>C:\Users\grapltest\Downloads\ChromeSetup.exe</Data><Data Name='TargetFilename'>C:\Users\GRAPLT~1\AppData\Local\Temp\GUM5F89.tmp\goopdateres_hr.dll</Data><Data Name='CreationUtcTime'>2019-07-24 17:57:05.442</Data></EventData></Event>
<Event xmlns='http://schemas.microsoft.com/win/2004/08/events/event'><System><Provider Name='Microsoft-Windows-Sysmon' Guid='{5770385F-C22A-43E0-BF4C-06F5698FFBD9}'/><EventID>11</EventID><Version>2</Version><Level>4</Level><Task>11</Task><Opcode>0</Opcode><Keywords>0x8000000000000000</Keywords><TimeCreated SystemTime='2019-07-24T17:57:05.462259200Z'/><EventRecordID>106</EventRecordID><Correlation/><Execution ProcessID='3324' ThreadID='3220'/><Channel>Microsoft-Windows-Sysmon/Operational</Channel><Computer>DESKTOP-FVSHABR</Computer><Security UserID='S-1-5-18'/></System><EventData><Data Name='RuleName'></Data><Data Name='UtcTime'>2019-07-24 17:57:05.458</Data><Data Name='ProcessGuid'>{87E8D3BD-9BF0-5D38-0000-0010C48E0E00}</Data><Data Name='ProcessId'>3696</Data><Data Name='Image'>C:\Users\grapltest\Downloads\ChromeSetup.exe</Data><Data Name='TargetFilename'>C:\Users\GRAPLT~1\AppData\Local\Temp\GUM5F89.tmp\goopdateres_hu.dll</Data><Data Name='CreationUtcTime'>2019-07-24 17:57:05.458</Data></EventData></Event>
<Event xmlns='http://schemas.microsoft.com/win/2004/08/events/event'><System><Provider Name='Microsoft-Windows-Sysmon' Guid='{5770385F-C22A-43E0-BF4C-06F5698FFBD9}'/><EventID>11</EventID><Version>2</Version><Level>4</Level><Task>11</Task><Opcode>0</Opcode><Keywords>0x8000000000000000</Keywords><TimeCreated SystemTime='2019-07-24T17:57:05.469260800Z'/><EventRecordID>107</EventRecordID><Correlation/><Execution ProcessID='3324' ThreadID='3220'/><Channel>Microsoft-Windows-Sysmon/Operational</Channel><Computer>DESKTOP-FVSHABR</Computer><Security UserID='S-1-5-18'/></System><EventData><Data Name='RuleName'></Data><Data Name='UtcTime'>2019-07-24 17:57:05.458</Data><Data Name='ProcessGuid'>{87E8D3BD-9BF0-5D38-0000-0010C48E0E00}</Data><Data Name='ProcessId'>3696</Data><Data Name='Image'>C:\Users\grapltest\Downloads\ChromeSetup.exe</Data><Data Name='TargetFilename'>C:\Users\GRAPLT~1\AppData\Local\Temp\GUM5F89.tmp\goopdateres_id.dll</Data><Data Name='CreationUtcTime'>2019-07-24 17:57:05.458</Data></EventData></Event>
<Event xmlns='http://schemas.microsoft.com/win/2004/08/events/event'><System><Provider Name='Microsoft-Windows-Sysmon' Guid='{5770385F-C22A-43E0-BF4C-06F5698FFBD9}'/><EventID>11</EventID><Version>2</Version><Level>4</Level><Task>11</Task><Opcode>0</Opcode><Keywords>0x8000000000000000</Keywords><TimeCreated SystemTime='2019-07-24T17:57:05.476526500Z'/><EventRecordID>108</EventRecordID><Correlation/><Execution ProcessID='3324' ThreadID='3220'/><Channel>Microsoft-Windows-Sysmon/Operational</Channel><Computer>DESKTOP-FVSHABR</Computer><Security UserID='S-1-5-18'/></System><EventData><Data Name='RuleName'></Data><Data Name='UtcTime'>2019-07-24 17:57:05.474</Data><Data Name='ProcessGuid'>{87E8D3BD-9BF0-5D38-0000-0010C48E0E00}</Data><Data Name='ProcessId'>3696</Data><Data Name='Image'>C:\Users\grapltest\Downloads\ChromeSetup.exe</Data><Data Name='TargetFilename'>C:\Users\GRAPLT~1\AppData\Local\Temp\GUM5F89.tmp\goopdateres_is.dll</Data><Data Name='CreationUtcTime'>2019-07-24 17:57:05.474</Data></EventData></Event>
<Event xmlns='http://schemas.microsoft.com/win/2004/08/events/event'><System><Provider Name='Microsoft-Windows-Sysmon' Guid='{5770385F-C22A-43E0-BF4C-06F5698FFBD9}'/><EventID>11</EventID><Version>2</Version><Level>4</Level><Task>11</Task><Opcode>0</Opcode><Keywords>0x8000000000000000</Keywords><TimeCreated SystemTime='2019-07-24T17:57:05.482546700Z'/><EventRecordID>109</EventRecordID><Correlation/><Execution ProcessID='3324' ThreadID='3220'/><Channel>Microsoft-Windows-Sysmon/Operational</Channel><Computer>DESKTOP-FVSHABR</Computer><Security UserID='S-1-5-18'/></System><EventData><Data Name='RuleName'></Data><Data Name='UtcTime'>2019-07-24 17:57:05.474</Data><Data Name='ProcessGuid'>{87E8D3BD-9BF0-5D38-0000-0010C48E0E00}</Data><Data Name='ProcessId'>3696</Data><Data Name='Image'>C:\Users\grapltest\Downloads\ChromeSetup.exe</Data><Data Name='TargetFilename'>C:\Users\GRAPLT~1\AppData\Local\Temp\GUM5F89.tmp\goopdateres_it.dll</Data><Data Name='CreationUtcTime'>2019-07-24 17:57:05.474</Data></EventData></Event>
<Event xmlns='http://schemas.microsoft.com/win/2004/08/events/event'><System><Provider Name='Microsoft-Windows-Sysmon' Guid='{5770385F-C22A-43E0-BF4C-06F5698FFBD9}'/><EventID>11</EventID><Version>2</Version><Level>4</Level><Task>11</Task><Opcode>0</Opcode><Keywords>0x8000000000000000</Keywords><TimeCreated SystemTime='2019-07-24T17:57:05.489644600Z'/><EventRecordID>110</EventRecordID><Correlation/><Execution ProcessID='3324' ThreadID='3220'/><Channel>Microsoft-Windows-Sysmon/Operational</Channel><Computer>DESKTOP-FVSHABR</Computer><Security UserID='S-1-5-18'/></System><EventData><Data Name='RuleName'></Data><Data Name='UtcTime'>2019-07-24 17:57:05.489</Data><Data Name='ProcessGuid'>{87E8D3BD-9BF0-5D38-0000-0010C48E0E00}</Data><Data Name='ProcessId'>3696</Data><Data Name='Image'>C:\Users\grapltest\Downloads\ChromeSetup.exe</Data><Data Name='TargetFilename'>C:\Users\GRAPLT~1\AppData\Local\Temp\GUM5F89.tmp\goopdateres_iw.dll</Data><Data Name='CreationUtcTime'>2019-07-24 17:57:05.489</Data></EventData></Event>
<Event xmlns='http://schemas.microsoft.com/win/2004/08/events/event'><System><Provider Name='Microsoft-Windows-Sysmon' Guid='{5770385F-C22A-43E0-BF4C-06F5698FFBD9}'/><EventID>11</EventID><Version>2</Version><Level>4</Level><Task>11</Task><Opcode>0</Opcode><Keywords>0x8000000000000000</Keywords><TimeCreated SystemTime='2019-07-24T17:57:05.496874000Z'/><EventRecordID>111</EventRecordID><Correlation/><Execution ProcessID='3324' ThreadID='3220'/><Channel>Microsoft-Windows-Sysmon/Operational</Channel><Computer>DESKTOP-FVSHABR</Computer><Security UserID='S-1-5-18'/></System><EventData><Data Name='RuleName'></Data><Data Name='UtcTime'>2019-07-24 17:57:05.489</Data><Data Name='ProcessGuid'>{87E8D3BD-9BF0-5D38-0000-0010C48E0E00}</Data><Data Name='ProcessId'>3696</Data><Data Name='Image'>C:\Users\grapltest\Downloads\ChromeSetup.exe</Data><Data Name='TargetFilename'>C:\Users\GRAPLT~1\AppData\Local\Temp\GUM5F89.tmp\goopdateres_ja.dll</Data><Data Name='CreationUtcTime'>2019-07-24 17:57:05.489</Data></EventData></Event>
<Event xmlns='http://schemas.microsoft.com/win/2004/08/events/event'><System><Provider Name='Microsoft-Windows-Sysmon' Guid='{5770385F-C22A-43E0-BF4C-06F5698FFBD9}'/><EventID>11</EventID><Version>2</Version><Level>4</Level><Task>11</Task><Opcode>0</Opcode><Keywords>0x8000000000000000</Keywords><TimeCreated SystemTime='2019-07-24T17:57:05.502888200Z'/><EventRecordID>112</EventRecordID><Correlation/><Execution ProcessID='3324' ThreadID='3220'/><Channel>Microsoft-Windows-Sysmon/Operational</Channel><Computer>DESKTOP-FVSHABR</Computer><Security UserID='S-1-5-18'/></System><EventData><Data Name='RuleName'></Data><Data Name='UtcTime'>2019-07-24 17:57:05.489</Data><Data Name='ProcessGuid'>{87E8D3BD-9BF0-5D38-0000-0010C48E0E00}</Data><Data Name='ProcessId'>3696</Data><Data Name='Image'>C:\Users\grapltest\Downloads\ChromeSetup.exe</Data><Data Name='TargetFilename'>C:\Users\GRAPLT~1\AppData\Local\Temp\GUM5F89.tmp\goopdateres_kn.dll</Data><Data Name='CreationUtcTime'>2019-07-24 17:57:05.489</Data></EventData></Event>
<Event xmlns='http://schemas.microsoft.com/win/2004/08/events/event'><System><Provider Name='Microsoft-Windows-Sysmon' Guid='{5770385F-C22A-43E0-BF4C-06F5698FFBD9}'/><EventID>11</EventID><Version>2</Version><Level>4</Level><Task>11</Task><Opcode>0</Opcode><Keywords>0x8000000000000000</Keywords><TimeCreated SystemTime='2019-07-24T17:57:05.510093600Z'/><EventRecordID>113</EventRecordID><Correlation/><Execution ProcessID='3324' ThreadID='3220'/><Channel>Microsoft-Windows-Sysmon/Operational</Channel><Computer>DESKTOP-FVSHABR</Computer><Security UserID='S-1-5-18'/></System><EventData><Data Name='RuleName'></Data><Data Name='UtcTime'>2019-07-24 17:57:05.504</Data><Data Name='ProcessGuid'>{87E8D3BD-9BF0-5D38-0000-0010C48E0E00}</Data><Data Name='ProcessId'>3696</Data><Data Name='Image'>C:\Users\grapltest\Downloads\ChromeSetup.exe</Data><Data Name='TargetFilename'>C:\Users\GRAPLT~1\AppData\Local\Temp\GUM5F89.tmp\goopdateres_ko.dll</Data><Data Name='CreationUtcTime'>2019-07-24 17:57:05.504</Data></EventData></Event>
<Event xmlns='http://schemas.microsoft.com/win/2004/08/events/event'><System><Provider Name='Microsoft-Windows-Sysmon' Guid='{5770385F-C22A-43E0-BF4C-06F5698FFBD9}'/><EventID>11</EventID><Version>2</Version><Level>4</Level><Task>11</Task><Opcode>0</Opcode><Keywords>0x8000000000000000</Keywords><TimeCreated SystemTime='2019-07-24T17:57:05.516180800Z'/><EventRecordID>114</EventRecordID><Correlation/><Execution ProcessID='3324' ThreadID='3220'/><Channel>Microsoft-Windows-Sysmon/Operational</Channel><Computer>DESKTOP-FVSHABR</Computer><Security UserID='S-1-5-18'/></System><EventData><Data Name='RuleName'></Data><Data Name='UtcTime'>2019-07-24 17:57:05.504</Data><Data Name='ProcessGuid'>{87E8D3BD-9BF0-5D38-0000-0010C48E0E00}</Data><Data Name='ProcessId'>3696</Data><Data Name='Image'>C:\Users\grapltest\Downloads\ChromeSetup.exe</Data><Data Name='TargetFilename'>C:\Users\GRAPLT~1\AppData\Local\Temp\GUM5F89.tmp\goopdateres_lt.dll</Data><Data Name='CreationUtcTime'>2019-07-24 17:57:05.504</Data></EventData></Event>
<Event xmlns='http://schemas.microsoft.com/win/2004/08/events/event'><System><Provider Name='Microsoft-Windows-Sysmon' Guid='{5770385F-C22A-43E0-BF4C-06F5698FFBD9}'/><EventID>11</EventID><Version>2</Version><Level>4</Level><Task>11</Task><Opcode>0</Opcode><Keywords>0x8000000000000000</Keywords><TimeCreated SystemTime='2019-07-24T17:57:05.524165400Z'/><EventRecordID>115</EventRecordID><Correlation/><Execution ProcessID='3324' ThreadID='3220'/><Channel>Microsoft-Windows-Sysmon/Operational</Channel><Computer>DESKTOP-FVSHABR</Computer><Security UserID='S-1-5-18'/></System><EventData><Data Name='RuleName'></Data><Data Name='UtcTime'>2019-07-24 17:57:05.520</Data><Data Name='ProcessGuid'>{87E8D3BD-9BF0-5D38-0000-0010C48E0E00}</Data><Data Name='ProcessId'>3696</Data><Data Name='Image'>C:\Users\grapltest\Downloads\ChromeSetup.exe</Data><Data Name='TargetFilename'>C:\Users\GRAPLT~1\AppData\Local\Temp\GUM5F89.tmp\goopdateres_lv.dll</Data><Data Name='CreationUtcTime'>2019-07-24 17:57:05.520</Data></EventData></Event>
<Event xmlns='http://schemas.microsoft.com/win/2004/08/events/event'><System><Provider Name='Microsoft-Windows-Sysmon' Guid='{5770385F-C22A-43E0-BF4C-06F5698FFBD9}'/><EventID>11</EventID><Version>2</Version><Level>4</Level><Task>11</Task><Opcode>0</Opcode><Keywords>0x8000000000000000</Keywords><TimeCreated SystemTime='2019-07-24T17:57:05.530669800Z'/><EventRecordID>116</EventRecordID><Correlation/><Execution ProcessID='3324' ThreadID='3220'/><Channel>Microsoft-Windows-Sysmon/Operational</Channel><Computer>DESKTOP-FVSHABR</Computer><Security UserID='S-1-5-18'/></System><EventData><Data Name='RuleName'></Data><Data Name='UtcTime'>2019-07-24 17:57:05.520</Data><Data Name='ProcessGuid'>{87E8D3BD-9BF0-5D38-0000-0010C48E0E00}</Data><Data Name='ProcessId'>3696</Data><Data Name='Image'>C:\Users\grapltest\Downloads\ChromeSetup.exe</Data><Data Name='TargetFilename'>C:\Users\GRAPLT~1\AppData\Local\Temp\GUM5F89.tmp\goopdateres_ml.dll</Data><Data Name='CreationUtcTime'>2019-07-24 17:57:05.520</Data></EventData></Event>
<Event xmlns='http://schemas.microsoft.com/win/2004/08/events/event'><System><Provider Name='Microsoft-Windows-Sysmon' Guid='{5770385F-C22A-43E0-BF4C-06F5698FFBD9}'/><EventID>11</EventID><Version>2</Version><Level>4</Level><Task>11</Task><Opcode>0</Opcode><Keywords>0x8000000000000000</Keywords><TimeCreated SystemTime='2019-07-24T17:57:05.537223200Z'/><EventRecordID>117</EventRecordID><Correlation/><Execution ProcessID='3324' ThreadID='3220'/><Channel>Microsoft-Windows-Sysmon/Operational</Channel><Computer>DESKTOP-FVSHABR</Computer><Security UserID='S-1-5-18'/></System><EventData><Data Name='RuleName'></Data><Data Name='UtcTime'>2019-07-24 17:57:05.536</Data><Data Name='ProcessGuid'>{87E8D3BD-9BF0-5D38-0000-0010C48E0E00}</Data><Data Name='ProcessId'>3696</Data><Data Name='Image'>C:\Users\grapltest\Downloads\ChromeSetup.exe</Data><Data Name='TargetFilename'>C:\Users\GRAPLT~1\AppData\Local\Temp\GUM5F89.tmp\goopdateres_mr.dll</Data><Data Name='CreationUtcTime'>2019-07-24 17:57:05.536</Data></EventData></Event>
<Event xmlns='http://schemas.microsoft.com/win/2004/08/events/event'><System><Provider Name='Microsoft-Windows-Sysmon' Guid='{5770385F-C22A-43E0-BF4C-06F5698FFBD9}'/><EventID>11</EventID><Version>2</Version><Level>4</Level><Task>11</Task><Opcode>0</Opcode><Keywords>0x8000000000000000</Keywords><TimeCreated SystemTime='2019-07-24T17:57:05.545232600Z'/><EventRecordID>118</EventRecordID><Correlation/><Execution ProcessID='3324' ThreadID='3220'/><Channel>Microsoft-Windows-Sysmon/Operational</Channel><Computer>DESKTOP-FVSHABR</Computer><Security UserID='S-1-5-18'/></System><EventData><Data Name='RuleName'></Data><Data Name='UtcTime'>2019-07-24 17:57:05.536</Data><Data Name='ProcessGuid'>{87E8D3BD-9BF0-5D38-0000-0010C48E0E00}</Data><Data Name='ProcessId'>3696</Data><Data Name='Image'>C:\Users\grapltest\Downloads\ChromeSetup.exe</Data><Data Name='TargetFilename'>C:\Users\GRAPLT~1\AppData\Local\Temp\GUM5F89.tmp\goopdateres_ms.dll</Data><Data Name='CreationUtcTime'>2019-07-24 17:57:05.536</Data></EventData></Event>
<Event xmlns='http://schemas.microsoft.com/win/2004/08/events/event'><System><Provider Name='Microsoft-Windows-Sysmon' Guid='{5770385F-C22A-43E0-BF4C-06F5698FFBD9}'/><EventID>11</EventID><Version>2</Version><Level>4</Level><Task>11</Task><Opcode>0</Opcode><Keywords>0x8000000000000000</Keywords><TimeCreated SystemTime='2019-07-24T17:57:05.551154400Z'/><EventRecordID>119</EventRecordID><Correlation/><Execution ProcessID='3324' ThreadID='3220'/><Channel>Microsoft-Windows-Sysmon/Operational</Channel><Computer>DESKTOP-FVSHABR</Computer><Security UserID='S-1-5-18'/></System><EventData><Data Name='RuleName'></Data><Data Name='UtcTime'>2019-07-24 17:57:05.536</Data><Data Name='ProcessGuid'>{87E8D3BD-9BF0-5D38-0000-0010C48E0E00}</Data><Data Name='ProcessId'>3696</Data><Data Name='Image'>C:\Users\grapltest\Downloads\ChromeSetup.exe</Data><Data Name='TargetFilename'>C:\Users\GRAPLT~1\AppData\Local\Temp\GUM5F89.tmp\goopdateres_nl.dll</Data><Data Name='CreationUtcTime'>2019-07-24 17:57:05.536</Data></EventData></Event>
<Event xmlns='http://schemas.microsoft.com/win/2004/08/events/event'><System><Provider Name='Microsoft-Windows-Sysmon' Guid='{5770385F-C22A-43E0-BF4C-06F5698FFBD9}'/><EventID>11</EventID><Version>2</Version><Level>4</Level><Task>11</Task><Opcode>0</Opcode><Keywords>0x8000000000000000</Keywords><TimeCreated SystemTime='2019-07-24T17:57:05.560678200Z'/><EventRecordID>120</EventRecordID><Correlation/><Execution ProcessID='3324' ThreadID='3220'/><Channel>Microsoft-Windows-Sysmon/Operational</Channel><Computer>DESKTOP-FVSHABR</Computer><Security UserID='S-1-5-18'/></System><EventData><Data Name='RuleName'></Data><Data Name='UtcTime'>2019-07-24 17:57:05.551</Data><Data Name='ProcessGuid'>{87E8D3BD-9BF0-5D38-0000-0010C48E0E00}</Data><Data Name='ProcessId'>3696</Data><Data Name='Image'>C:\Users\grapltest\Downloads\ChromeSetup.exe</Data><Data Name='TargetFilename'>C:\Users\GRAPLT~1\AppData\Local\Temp\GUM5F89.tmp\goopdateres_no.dll</Data><Data Name='CreationUtcTime'>2019-07-24 17:57:05.551</Data></EventData></Event>
<Event xmlns='http://schemas.microsoft.com/win/2004/08/events/event'><System><Provider Name='Microsoft-Windows-Sysmon' Guid='{5770385F-C22A-43E0-BF4C-06F5698FFBD9}'/><EventID>11</EventID><Version>2</Version><Level>4</Level><Task>11</Task><Opcode>0</Opcode><Keywords>0x8000000000000000</Keywords><TimeCreated SystemTime='2019-07-24T17:57:05.568064800Z'/><EventRecordID>121</EventRecordID><Correlation/><Execution ProcessID='3324' ThreadID='3220'/><Channel>Microsoft-Windows-Sysmon/Operational</Channel><Computer>DESKTOP-FVSHABR</Computer><Security UserID='S-1-5-18'/></System><EventData><Data Name='RuleName'></Data><Data Name='UtcTime'>2019-07-24 17:57:05.567</Data><Data Name='ProcessGuid'>{87E8D3BD-9BF0-5D38-0000-0010C48E0E00}</Data><Data Name='ProcessId'>3696</Data><Data Name='Image'>C:\Users\grapltest\Downloads\ChromeSetup.exe</Data><Data Name='TargetFilename'>C:\Users\GRAPLT~1\AppData\Local\Temp\GUM5F89.tmp\goopdateres_pl.dll</Data><Data Name='CreationUtcTime'>2019-07-24 17:57:05.551</Data></EventData></Event>
<Event xmlns='http://schemas.microsoft.com/win/2004/08/events/event'><System><Provider Name='Microsoft-Windows-Sysmon' Guid='{5770385F-C22A-43E0-BF4C-06F5698FFBD9}'/><EventID>11</EventID><Version>2</Version><Level>4</Level><Task>11</Task><Opcode>0</Opcode><Keywords>0x8000000000000000</Keywords><TimeCreated SystemTime='2019-07-24T17:57:05.575704300Z'/><EventRecordID>122</EventRecordID><Correlation/><Execution ProcessID='3324' ThreadID='3220'/><Channel>Microsoft-Windows-Sysmon/Operational</Channel><Computer>DESKTOP-FVSHABR</Computer><Security UserID='S-1-5-18'/></System><EventData><Data Name='RuleName'></Data><Data Name='UtcTime'>2019-07-24 17:57:05.567</Data><Data Name='ProcessGuid'>{87E8D3BD-9BF0-5D38-0000-0010C48E0E00}</Data><Data Name='ProcessId'>3696</Data><Data Name='Image'>C:\Users\grapltest\Downloads\ChromeSetup.exe</Data><Data Name='TargetFilename'>C:\Users\GRAPLT~1\AppData\Local\Temp\GUM5F89.tmp\goopdateres_pt-BR.dll</Data><Data Name='CreationUtcTime'>2019-07-24 17:57:05.567</Data></EventData></Event>
<Event xmlns='http://schemas.microsoft.com/win/2004/08/events/event'><System><Provider Name='Microsoft-Windows-Sysmon' Guid='{5770385F-C22A-43E0-BF4C-06F5698FFBD9}'/><EventID>11</EventID><Version>2</Version><Level>4</Level><Task>11</Task><Opcode>0</Opcode><Keywords>0x8000000000000000</Keywords><TimeCreated SystemTime='2019-07-24T17:57:05.582891400Z'/><EventRecordID>123</EventRecordID><Correlation/><Execution ProcessID='3324' ThreadID='3220'/><Channel>Microsoft-Windows-Sysmon/Operational</Channel><Computer>DESKTOP-FVSHABR</Computer><Security UserID='S-1-5-18'/></System><EventData><Data Name='RuleName'></Data><Data Name='UtcTime'>2019-07-24 17:57:05.567</Data><Data Name='ProcessGuid'>{87E8D3BD-9BF0-5D38-0000-0010C48E0E00}</Data><Data Name='ProcessId'>3696</Data><Data Name='Image'>C:\Users\grapltest\Downloads\ChromeSetup.exe</Data><Data Name='TargetFilename'>C:\Users\GRAPLT~1\AppData\Local\Temp\GUM5F89.tmp\goopdateres_pt-PT.dll</Data><Data Name='CreationUtcTime'>2019-07-24 17:57:05.567</Data></EventData></Event>
<Event xmlns='http://schemas.microsoft.com/win/2004/08/events/event'><System><Provider Name='Microsoft-Windows-Sysmon' Guid='{5770385F-C22A-43E0-BF4C-06F5698FFBD9}'/><EventID>11</EventID><Version>2</Version><Level>4</Level><Task>11</Task><Opcode>0</Opcode><Keywords>0x8000000000000000</Keywords><TimeCreated SystemTime='2019-07-24T17:57:05.590069200Z'/><EventRecordID>124</EventRecordID><Correlation/><Execution ProcessID='3324' ThreadID='3220'/><Channel>Microsoft-Windows-Sysmon/Operational</Channel><Computer>DESKTOP-FVSHABR</Computer><Security UserID='S-1-5-18'/></System><EventData><Data Name='RuleName'></Data><Data Name='UtcTime'>2019-07-24 17:57:05.582</Data><Data Name='ProcessGuid'>{87E8D3BD-9BF0-5D38-0000-0010C48E0E00}</Data><Data Name='ProcessId'>3696</Data><Data Name='Image'>C:\Users\grapltest\Downloads\ChromeSetup.exe</Data><Data Name='TargetFilename'>C:\Users\GRAPLT~1\AppData\Local\Temp\GUM5F89.tmp\goopdateres_ro.dll</Data><Data Name='CreationUtcTime'>2019-07-24 17:57:05.582</Data></EventData></Event>
<Event xmlns='http://schemas.microsoft.com/win/2004/08/events/event'><System><Provider Name='Microsoft-Windows-Sysmon' Guid='{5770385F-C22A-43E0-BF4C-06F5698FFBD9}'/><EventID>11</EventID><Version>2</Version><Level>4</Level><Task>11</Task><Opcode>0</Opcode><Keywords>0x8000000000000000</Keywords><TimeCreated SystemTime='2019-07-24T17:57:05.600063800Z'/><EventRecordID>125</EventRecordID><Correlation/><Execution ProcessID='3324' ThreadID='3220'/><Channel>Microsoft-Windows-Sysmon/Operational</Channel><Computer>DESKTOP-FVSHABR</Computer><Security UserID='S-1-5-18'/></System><EventData><Data Name='RuleName'></Data><Data Name='UtcTime'>2019-07-24 17:57:05.598</Data><Data Name='ProcessGuid'>{87E8D3BD-9BF0-5D38-0000-0010C48E0E00}</Data><Data Name='ProcessId'>3696</Data><Data Name='Image'>C:\Users\grapltest\Downloads\ChromeSetup.exe</Data><Data Name='TargetFilename'>C:\Users\GRAPLT~1\AppData\Local\Temp\GUM5F89.tmp\goopdateres_ru.dll</Data><Data Name='CreationUtcTime'>2019-07-24 17:57:05.598</Data></EventData></Event>
<Event xmlns='http://schemas.microsoft.com/win/2004/08/events/event'><System><Provider Name='Microsoft-Windows-Sysmon' Guid='{5770385F-C22A-43E0-BF4C-06F5698FFBD9}'/><EventID>11</EventID><Version>2</Version><Level>4</Level><Task>11</Task><Opcode>0</Opcode><Keywords>0x8000000000000000</Keywords><TimeCreated SystemTime='2019-07-24T17:57:05.608570300Z'/><EventRecordID>126</EventRecordID><Correlation/><Execution ProcessID='3324' ThreadID='3220'/><Channel>Microsoft-Windows-Sysmon/Operational</Channel><Computer>DESKTOP-FVSHABR</Computer><Security UserID='S-1-5-18'/></System><EventData><Data Name='RuleName'></Data><Data Name='UtcTime'>2019-07-24 17:57:05.598</Data><Data Name='ProcessGuid'>{87E8D3BD-9BF0-5D38-0000-0010C48E0E00}</Data><Data Name='ProcessId'>3696</Data><Data Name='Image'>C:\Users\grapltest\Downloads\ChromeSetup.exe</Data><Data Name='TargetFilename'>C:\Users\GRAPLT~1\AppData\Local\Temp\GUM5F89.tmp\goopdateres_sk.dll</Data><Data Name='CreationUtcTime'>2019-07-24 17:57:05.598</Data></EventData></Event>
<Event xmlns='http://schemas.microsoft.com/win/2004/08/events/event'><System><Provider Name='Microsoft-Windows-Sysmon' Guid='{5770385F-C22A-43E0-BF4C-06F5698FFBD9}'/><EventID>11</EventID><Version>2</Version><Level>4</Level><Task>11</Task><Opcode>0</Opcode><Keywords>0x8000000000000000</Keywords><TimeCreated SystemTime='2019-07-24T17:57:05.618421100Z'/><EventRecordID>127</EventRecordID><Correlation/><Execution ProcessID='3324' ThreadID='3220'/><Channel>Microsoft-Windows-Sysmon/Operational</Channel><Computer>DESKTOP-FVSHABR</Computer><Security UserID='S-1-5-18'/></System><EventData><Data Name='RuleName'></Data><Data Name='UtcTime'>2019-07-24 17:57:05.614</Data><Data Name='ProcessGuid'>{87E8D3BD-9BF0-5D38-0000-0010C48E0E00}</Data><Data Name='ProcessId'>3696</Data><Data Name='Image'>C:\Users\grapltest\Downloads\ChromeSetup.exe</Data><Data Name='TargetFilename'>C:\Users\GRAPLT~1\AppData\Local\Temp\GUM5F89.tmp\goopdateres_sl.dll</Data><Data Name='CreationUtcTime'>2019-07-24 17:57:05.614</Data></EventData></Event>
<Event xmlns='http://schemas.microsoft.com/win/2004/08/events/event'><System><Provider Name='Microsoft-Windows-Sysmon' Guid='{5770385F-C22A-43E0-BF4C-06F5698FFBD9}'/><EventID>11</EventID><Version>2</Version><Level>4</Level><Task>11</Task><Opcode>0</Opcode><Keywords>0x8000000000000000</Keywords><TimeCreated SystemTime='2019-07-24T17:57:05.624634500Z'/><EventRecordID>128</EventRecordID><Correlation/><Execution ProcessID='3324' ThreadID='3220'/><Channel>Microsoft-Windows-Sysmon/Operational</Channel><Computer>DESKTOP-FVSHABR</Computer><Security UserID='S-1-5-18'/></System><EventData><Data Name='RuleName'></Data><Data Name='UtcTime'>2019-07-24 17:57:05.614</Data><Data Name='ProcessGuid'>{87E8D3BD-9BF0-5D38-0000-0010C48E0E00}</Data><Data Name='ProcessId'>3696</Data><Data Name='Image'>C:\Users\grapltest\Downloads\ChromeSetup.exe</Data><Data Name='TargetFilename'>C:\Users\GRAPLT~1\AppData\Local\Temp\GUM5F89.tmp\goopdateres_sr.dll</Data><Data Name='CreationUtcTime'>2019-07-24 17:57:05.614</Data></EventData></Event>
<Event xmlns='http://schemas.microsoft.com/win/2004/08/events/event'><System><Provider Name='Microsoft-Windows-Sysmon' Guid='{5770385F-C22A-43E0-BF4C-06F5698FFBD9}'/><EventID>11</EventID><Version>2</Version><Level>4</Level><Task>11</Task><Opcode>0</Opcode><Keywords>0x8000000000000000</Keywords><TimeCreated SystemTime='2019-07-24T17:57:05.633406900Z'/><EventRecordID>129</EventRecordID><Correlation/><Execution ProcessID='3324' ThreadID='3220'/><Channel>Microsoft-Windows-Sysmon/Operational</Channel><Computer>DESKTOP-FVSHABR</Computer><Security UserID='S-1-5-18'/></System><EventData><Data Name='RuleName'></Data><Data Name='UtcTime'>2019-07-24 17:57:05.629</Data><Data Name='ProcessGuid'>{87E8D3BD-9BF0-5D38-0000-0010C48E0E00}</Data><Data Name='ProcessId'>3696</Data><Data Name='Image'>C:\Users\grapltest\Downloads\ChromeSetup.exe</Data><Data Name='TargetFilename'>C:\Users\GRAPLT~1\AppData\Local\Temp\GUM5F89.tmp\goopdateres_sv.dll</Data><Data Name='CreationUtcTime'>2019-07-24 17:57:05.629</Data></EventData></Event>
<Event xmlns='http://schemas.microsoft.com/win/2004/08/events/event'><System><Provider Name='Microsoft-Windows-Sysmon' Guid='{5770385F-C22A-43E0-BF4C-06F5698FFBD9}'/><EventID>11</EventID><Version>2</Version><Level>4</Level><Task>11</Task><Opcode>0</Opcode><Keywords>0x8000000000000000</Keywords><TimeCreated SystemTime='2019-07-24T17:57:05.640528800Z'/><EventRecordID>130</EventRecordID><Correlation/><Execution ProcessID='3324' ThreadID='3220'/><Channel>Microsoft-Windows-Sysmon/Operational</Channel><Computer>DESKTOP-FVSHABR</Computer><Security UserID='S-1-5-18'/></System><EventData><Data Name='RuleName'></Data><Data Name='UtcTime'>2019-07-24 17:57:05.629</Data><Data Name='ProcessGuid'>{87E8D3BD-9BF0-5D38-0000-0010C48E0E00}</Data><Data Name='ProcessId'>3696</Data><Data Name='Image'>C:\Users\grapltest\Downloads\ChromeSetup.exe</Data><Data Name='TargetFilename'>C:\Users\GRAPLT~1\AppData\Local\Temp\GUM5F89.tmp\goopdateres_sw.dll</Data><Data Name='CreationUtcTime'>2019-07-24 17:57:05.629</Data></EventData></Event>
<Event xmlns='http://schemas.microsoft.com/win/2004/08/events/event'><System><Provider Name='Microsoft-Windows-Sysmon' Guid='{5770385F-C22A-43E0-BF4C-06F5698FFBD9}'/><EventID>11</EventID><Version>2</Version><Level>4</Level><Task>11</Task><Opcode>0</Opcode><Keywords>0x8000000000000000</Keywords><TimeCreated SystemTime='2019-07-24T17:57:05.646742500Z'/><EventRecordID>131</EventRecordID><Correlation/><Execution ProcessID='3324' ThreadID='3220'/><Channel>Microsoft-Windows-Sysmon/Operational</Channel><Computer>DESKTOP-FVSHABR</Computer><Security UserID='S-1-5-18'/></System><EventData><Data Name='RuleName'></Data><Data Name='UtcTime'>2019-07-24 17:57:05.645</Data><Data Name='ProcessGuid'>{87E8D3BD-9BF0-5D38-0000-0010C48E0E00}</Data><Data Name='ProcessId'>3696</Data><Data Name='Image'>C:\Users\grapltest\Downloads\ChromeSetup.exe</Data><Data Name='TargetFilename'>C:\Users\GRAPLT~1\AppData\Local\Temp\GUM5F89.tmp\goopdateres_ta.dll</Data><Data Name='CreationUtcTime'>2019-07-24 17:57:05.645</Data></EventData></Event>
<Event xmlns='http://schemas.microsoft.com/win/2004/08/events/event'><System><Provider Name='Microsoft-Windows-Sysmon' Guid='{5770385F-C22A-43E0-BF4C-06F5698FFBD9}'/><EventID>11</EventID><Version>2</Version><Level>4</Level><Task>11</Task><Opcode>0</Opcode><Keywords>0x8000000000000000</Keywords><TimeCreated SystemTime='2019-07-24T17:57:05.654646100Z'/><EventRecordID>132</EventRecordID><Correlation/><Execution ProcessID='3324' ThreadID='3220'/><Channel>Microsoft-Windows-Sysmon/Operational</Channel><Computer>DESKTOP-FVSHABR</Computer><Security UserID='S-1-5-18'/></System><EventData><Data Name='RuleName'></Data><Data Name='UtcTime'>2019-07-24 17:57:05.645</Data><Data Name='ProcessGuid'>{87E8D3BD-9BF0-5D38-0000-0010C48E0E00}</Data><Data Name='ProcessId'>3696</Data><Data Name='Image'>C:\Users\grapltest\Downloads\ChromeSetup.exe</Data><Data Name='TargetFilename'>C:\Users\GRAPLT~1\AppData\Local\Temp\GUM5F89.tmp\goopdateres_te.dll</Data><Data Name='CreationUtcTime'>2019-07-24 17:57:05.645</Data></EventData></Event>
<Event xmlns='http://schemas.microsoft.com/win/2004/08/events/event'><System><Provider Name='Microsoft-Windows-Sysmon' Guid='{5770385F-C22A-43E0-BF4C-06F5698FFBD9}'/><EventID>11</EventID><Version>2</Version><Level>4</Level><Task>11</Task><Opcode>0</Opcode><Keywords>0x8000000000000000</Keywords><TimeCreated SystemTime='2019-07-24T17:57:05.660856000Z'/><EventRecordID>133</EventRecordID><Correlation/><Execution ProcessID='3324' ThreadID='3220'/><Channel>Microsoft-Windows-Sysmon/Operational</Channel><Computer>DESKTOP-FVSHABR</Computer><Security UserID='S-1-5-18'/></System><EventData><Data Name='RuleName'></Data><Data Name='UtcTime'>2019-07-24 17:57:05.645</Data><Data Name='ProcessGuid'>{87E8D3BD-9BF0-5D38-0000-0010C48E0E00}</Data><Data Name='ProcessId'>3696</Data><Data Name='Image'>C:\Users\grapltest\Downloads\ChromeSetup.exe</Data><Data Name='TargetFilename'>C:\Users\GRAPLT~1\AppData\Local\Temp\GUM5F89.tmp\goopdateres_th.dll</Data><Data Name='CreationUtcTime'>2019-07-24 17:57:05.645</Data></EventData></Event>
<Event xmlns='http://schemas.microsoft.com/win/2004/08/events/event'><System><Provider Name='Microsoft-Windows-Sysmon' Guid='{5770385F-C22A-43E0-BF4C-06F5698FFBD9}'/><EventID>11</EventID><Version>2</Version><Level>4</Level><Task>11</Task><Opcode>0</Opcode><Keywords>0x8000000000000000</Keywords><TimeCreated SystemTime='2019-07-24T17:57:05.669212000Z'/><EventRecordID>134</EventRecordID><Correlation/><Execution ProcessID='3324' ThreadID='3220'/><Channel>Microsoft-Windows-Sysmon/Operational</Channel><Computer>DESKTOP-FVSHABR</Computer><Security UserID='S-1-5-18'/></System><EventData><Data Name='RuleName'></Data><Data Name='UtcTime'>2019-07-24 17:57:05.661</Data><Data Name='ProcessGuid'>{87E8D3BD-9BF0-5D38-0000-0010C48E0E00}</Data><Data Name='ProcessId'>3696</Data><Data Name='Image'>C:\Users\grapltest\Downloads\ChromeSetup.exe</Data><Data Name='TargetFilename'>C:\Users\GRAPLT~1\AppData\Local\Temp\GUM5F89.tmp\goopdateres_tr.dll</Data><Data Name='CreationUtcTime'>2019-07-24 17:57:05.661</Data></EventData></Event>
<Event xmlns='http://schemas.microsoft.com/win/2004/08/events/event'><System><Provider Name='Microsoft-Windows-Sysmon' Guid='{5770385F-C22A-43E0-BF4C-06F5698FFBD9}'/><EventID>11</EventID><Version>2</Version><Level>4</Level><Task>11</Task><Opcode>0</Opcode><Keywords>0x8000000000000000</Keywords><TimeCreated SystemTime='2019-07-24T17:57:05.675296400Z'/><EventRecordID>135</EventRecordID><Correlation/><Execution ProcessID='3324' ThreadID='3220'/><Channel>Microsoft-Windows-Sysmon/Operational</Channel><Computer>DESKTOP-FVSHABR</Computer><Security UserID='S-1-5-18'/></System><EventData><Data Name='RuleName'></Data><Data Name='UtcTime'>2019-07-24 17:57:05.661</Data><Data Name='ProcessGuid'>{87E8D3BD-9BF0-5D38-0000-0010C48E0E00}</Data><Data Name='ProcessId'>3696</Data><Data Name='Image'>C:\Users\grapltest\Downloads\ChromeSetup.exe</Data><Data Name='TargetFilename'>C:\Users\GRAPLT~1\AppData\Local\Temp\GUM5F89.tmp\goopdateres_uk.dll</Data><Data Name='CreationUtcTime'>2019-07-24 17:57:05.661</Data></EventData></Event>
<Event xmlns='http://schemas.microsoft.com/win/2004/08/events/event'><System><Provider Name='Microsoft-Windows-Sysmon' Guid='{5770385F-C22A-43E0-BF4C-06F5698FFBD9}'/><EventID>11</EventID><Version>2</Version><Level>4</Level><Task>11</Task><Opcode>0</Opcode><Keywords>0x8000000000000000</Keywords><TimeCreated SystemTime='2019-07-24T17:57:05.681411200Z'/><EventRecordID>136</EventRecordID><Correlation/><Execution ProcessID='3324' ThreadID='3220'/><Channel>Microsoft-Windows-Sysmon/Operational</Channel><Computer>DESKTOP-FVSHABR</Computer><Security UserID='S-1-5-18'/></System><EventData><Data Name='RuleName'></Data><Data Name='UtcTime'>2019-07-24 17:57:05.676</Data><Data Name='ProcessGuid'>{87E8D3BD-9BF0-5D38-0000-0010C48E0E00}</Data><Data Name='ProcessId'>3696</Data><Data Name='Image'>C:\Users\grapltest\Downloads\ChromeSetup.exe</Data><Data Name='TargetFilename'>C:\Users\GRAPLT~1\AppData\Local\Temp\GUM5F89.tmp\goopdateres_ur.dll</Data><Data Name='CreationUtcTime'>2019-07-24 17:57:05.676</Data></EventData></Event>
<Event xmlns='http://schemas.microsoft.com/win/2004/08/events/event'><System><Provider Name='Microsoft-Windows-Sysmon' Guid='{5770385F-C22A-43E0-BF4C-06F5698FFBD9}'/><EventID>11</EventID><Version>2</Version><Level>4</Level><Task>11</Task><Opcode>0</Opcode><Keywords>0x8000000000000000</Keywords><TimeCreated SystemTime='2019-07-24T17:57:05.689603500Z'/><EventRecordID>137</EventRecordID><Correlation/><Execution ProcessID='3324' ThreadID='3220'/><Channel>Microsoft-Windows-Sysmon/Operational</Channel><Computer>DESKTOP-FVSHABR</Computer><Security UserID='S-1-5-18'/></System><EventData><Data Name='RuleName'></Data><Data Name='UtcTime'>2019-07-24 17:57:05.676</Data><Data Name='ProcessGuid'>{87E8D3BD-9BF0-5D38-0000-0010C48E0E00}</Data><Data Name='ProcessId'>3696</Data><Data Name='Image'>C:\Users\grapltest\Downloads\ChromeSetup.exe</Data><Data Name='TargetFilename'>C:\Users\GRAPLT~1\AppData\Local\Temp\GUM5F89.tmp\goopdateres_vi.dll</Data><Data Name='CreationUtcTime'>2019-07-24 17:57:05.676</Data></EventData></Event>
<Event xmlns='http://schemas.microsoft.com/win/2004/08/events/event'><System><Provider Name='Microsoft-Windows-Sysmon' Guid='{5770385F-C22A-43E0-BF4C-06F5698FFBD9}'/><EventID>11</EventID><Version>2</Version><Level>4</Level><Task>11</Task><Opcode>0</Opcode><Keywords>0x8000000000000000</Keywords><TimeCreated SystemTime='2019-07-24T17:57:05.698137900Z'/><EventRecordID>138</EventRecordID><Correlation/><Execution ProcessID='3324' ThreadID='3220'/><Channel>Microsoft-Windows-Sysmon/Operational</Channel><Computer>DESKTOP-FVSHABR</Computer><Security UserID='S-1-5-18'/></System><EventData><Data Name='RuleName'></Data><Data Name='UtcTime'>2019-07-24 17:57:05.692</Data><Data Name='ProcessGuid'>{87E8D3BD-9BF0-5D38-0000-0010C48E0E00}</Data><Data Name='ProcessId'>3696</Data><Data Name='Image'>C:\Users\grapltest\Downloads\ChromeSetup.exe</Data><Data Name='TargetFilename'>C:\Users\GRAPLT~1\AppData\Local\Temp\GUM5F89.tmp\goopdateres_zh-CN.dll</Data><Data Name='CreationUtcTime'>2019-07-24 17:57:05.692</Data></EventData></Event>
