<Event xmlns='http://schemas.microsoft.com/win/2004/08/events/event'><System><Provider Name='Microsoft-Windows-Sysmon' Guid='{5770385F-C22A-43E0-BF4C-06F5698FFBD9}'/><EventID>11</EventID><Version>2</Version><Level>4</Level><Task>11</Task><Opcode>0</Opcode><Keywords>0x8000000000000000</Keywords><TimeCreated SystemTime='2019-07-24T17:57:05.708679000Z'/><EventRecordID>139</EventRecordID><Correlation/><Execution ProcessID='3324' ThreadID='3220'/><Channel>Microsoft-Windows-Sysmon/Operational</Channel><Computer>DESKTOP-FVSHABR</Computer><Security UserID='S-1-5-18'/></System><EventData><Data Name='RuleName'></Data><Data Name='UtcTime'>2019-07-24 17:57:05.707</Data><Data Name='ProcessGuid'>{87E8D3BD-9BF0-5D38-0000-0010C48E0E00}</Data><Data Name='ProcessId'>3696</Data><Data Name='Image'>C:\Users\grapltest\Downloads\ChromeSetup.exe</Data><Data Name='TargetFilename'>C:\Users\GRAPLT~1\AppData\Local\Temp\GUM5F89.tmp\goopdateres_zh-TW.dll</Data><Data Name='CreationUtcTime'>2019-07-24 17:57:05.707</Data></EventData></Event>
<Event xmlns='http://schemas.microsoft.com/win/2004/08/events/event'><System><Provider Name='Microsoft-Windows-Sysmon' Guid='{5770385F-C22A-43E0-BF4C-06F5698FFBD9}'/><EventID>11</EventID><Version>2</Version><Level>4</Level><Task>11</Task><Opcode>0</Opcode><Keywords>0x8000000000000000</Keywords><TimeCreated SystemTime='2019-07-24T17:57:05.716312800Z'/><EventRecordID>140</EventRecordID><Correlation/><Execution ProcessID='3324' ThreadID='3220'/><Channel>Microsoft-Windows-Sysmon/Operational</Channel><Computer>DESKTOP-FVSHABR</Computer><Security UserID='S-1-5-18'/></System><EventData><Data Name='RuleName'></Data><Data Name='UtcTime'>2019-07-24 17:57:05.707</Data><Data Name='ProcessGuid'>{87E8D3BD-9BF0-5D38-0000-0010C48E0E00}</Data><Data Name='ProcessId'>3696</Data><Data Name='Image'>C:\Users\grapltest\Downloads\ChromeSetup.exe</Data><Data Name='TargetFilename'>C:\Users\GRAPLT~1\AppData\Local\Temp\GUM5F89.tmp\GoogleUpdateSetup.exe</Data><Data Name='CreationUtcTime'>2019-07-24 17:57:05.707</Data></EventData></Event>
<Event xmlns='http://schemas.microsoft.com/win/2004/08/events/event'><System><Provider Name='Microsoft-Windows-Sysmon' Guid='{5770385F-C22A-43E0-BF4C-06F5698FFBD9}'/><EventID>1</EventID><Version>5</Version><Level>4</Level><Task>1</Task><Opcode>0</Opcode><Keywords>0x8000000000000000</Keywords><TimeCreated SystemTime='2019-07-24T17:57:05.732714200Z'/><EventRecordID>141</EventRecordID><Correlation/><Execution ProcessID='3324' ThreadID='3220'/><Channel>Microsoft-Windows-Sysmon/Operational</Channel><Computer>DESKTOP-FVSHABR</Computer><Security UserID='S-1-5-18'/></System><EventData><Data Name='RuleName'></Data><Data Name='UtcTime'>2019-07-24 17:57:05.730</Data><Data Name='ProcessGuid'>{87E8D3BD-9BF1-5D38-0000-0010159E0E00}</Data><Data Name='ProcessId'>4812</Data><Data Name='Image'>C:\Users\GRAPLT~1\AppData\Local\Temp\GUM5F89.tmp\GoogleUpdate.exe</Data><Data Name='FileVersion'>1.3.34.11</Data><Data Name='Description'>Google Installer</Data><Data Name='Product'>Google Update</Data><Data Name='Company'>Google LLC</Data><Data Name='OriginalFileName'>GoogleUpdate.exe</Data><Data Name='CommandLine'>C:\Users\GRAPLT~1\AppData\Local\Temp\GUM5F89.tmp\GoogleUpdate.exe /installsource taggedmi /install "appguid={8A69D345-D564-463C-AFF1-A69D9E530F96}&amp;iid={F2782276-7085-9EC9-B82C-4B91DF227F8F}&amp;lang=en&amp;browser=5&amp;usagestats=1&amp;appname=Google%%20Chrome&amp;needsadmin=prefers&amp;ap=x64-stable-statsdef_1&amp;brand=CHBF&amp;installdataindex=empty"</Data><Data Name='CurrentDirectory'>C:\Windows\system32\</Data><Data Name='User'>DESKTOP-FVSHABR\grapltest</Data><Data Name='LogonGuid'>{87E8D3BD-99C8-5D38-0000-002088140200}</Data><Data Name='LogonId'>0x21488</Data><Data Name='TerminalSessionId'>1</Data><Data Name='IntegrityLevel'>Medium</Data><Data Name='Hashes'>MD5=82F657B0AEE67A6A560321CF0927F9F7,SHA256=794CF7644115198DB451431BCA7C89FF9A97550482B1E3F7F13EB7ACA6120A11</Data><Data Name='ParentProcessGuid'>{87E8D3BD-9BF0-5D38-0000-0010C48E0E00}</Data><Data Name='ParentProcessId'>3696</Data><Data Name='ParentImage'>C:\Users\grapltest\Downloads\ChromeSetup.exe</Data><Data Name='ParentCommandLine'>"C:\Users\grapltest\Downloads\ChromeSetup.exe" </Data></EventData></Event>
<Event xmlns='http://schemas.microsoft.com/win/2004/08/events/event'><System><Provider Name='Microsoft-Windows-Sysmon' Guid='{5770385F-C22A-43E0-BF4C-06F5698FFBD9}'/><EventID>1</EventID><Version>5</Version><Level>4</Level><Task>1</Task><Opcode>0</Opcode><Keywords>0x8000000000000000</Keywords><TimeCreated SystemTime='2019-07-24T17:57:08.169425100Z'/><EventRecordID>142</EventRecordID><Correlation/><Execution ProcessID='3324' ThreadID='3220'/><Channel>Microsoft-Windows-Sysmon/Operational</Channel><Computer>DESKTOP-FVSHABR</Computer><Security UserID='S-1-5-18'/></System><EventData><Data Name='RuleName'></Data><Data Name='UtcTime'>2019-07-24 17:57:08.142</Data><Data Name='ProcessGuid'>{87E8D3BD-9BF4-5D38-0000-0010BFC30E00}</Data><Data Name='ProcessId'>4532</Data><Data Name='Image'>C:\Users\GRAPLT~1\AppData\Local\Temp\GUM5F89.tmp\GoogleUpdateSetup.exe</Data><Data Name='FileVersion'>1.3.34.11</Data><Data Name='Description'>Google Update Setup</Data><Data Name='Product'>Google Update</Data><Data Name='Company'>Google LLC</Data><Data Name='OriginalFileName'>GoogleUpdateSetup.exe</Data><Data Name='CommandLine'>"C:\Users\GRAPLT~1\AppData\Local\Temp\GUM5F89.tmp\GoogleUpdateSetup.exe" /installsource taggedmi /install "appguid={8A69D345-D564-463C-AFF1-A69D9E530F96}&amp;iid={F2782276-7085-9EC9-B82C-4B91DF227F8F}&amp;lang=en&amp;browser=5&amp;usagestats=1&amp;appname=Google%%20Chrome&amp;needsadmin=prefers&amp;ap=x64-stable-statsdef_1&amp;brand=CHBF&amp;installdataindex=empty" /installelevated /nomitag</Data><Data Name='CurrentDirectory'>C:\Users\GRAPLT~1\AppData\Local\Temp\GUM5F89.tmp\</Data><Data Name='User'>DESKTOP-FVSHABR\grapltest</Data><Data Name='LogonGuid'>{87E8D3BD-99C8-5D38-0000-002061140200}</Data><Data Name='LogonId'>0x21461</Data><Data Name='TerminalSessionId'>1</Data><Data Name='IntegrityLevel'>High</Data><Data Name='Hashes'>MD5=EB6A90426D5004ECABC515F2DA60019A,SHA256=958850CE9C18AB8BF03D73DE75B3A4C8F8D74F27C7C2CD2B8318731C1C757326</Data><Data Name='ParentProcessGuid'>{87E8D3BD-9BF1-5D38-0000-0010159E0E00}</Data><Data Name='ParentProcessId'>4812</Data><Data Name='ParentImage'>C:\Users\GRAPLT~1\AppData\Local\Temp\GUM5F89.tmp\GoogleUpdate.exe</Data><Data Name='ParentCommandLine'>C:\Users\GRAPLT~1\AppData\Local\Temp\GUM5F89.tmp\GoogleUpdate.exe /installsource taggedmi /install "appguid={8A69D345-D564-463C-AFF1-A69D9E530F96}&amp;iid={F2782276-7085-9EC9-B82C-4B91DF227F8F}&amp;lang=en&amp;browser=5&amp;usagestats=1&amp;appname=Google%20Chrome&amp;needsadmin=prefers&amp;ap=x64-stable-statsdef_1&amp;brand=CHBF&amp;installdataindex=empty"</Data></EventData></Event>
<Event xmlns='http://schemas.microsoft.com/win/2004/08/events/event'><System><Provider Name='Microsoft-Windows-Sysmon' Guid='{5770385F-C22A-43E0-BF4C-06F5698FFBD9}'/><EventID>11</EventID><Version>2</Version><Level>4</Level><Task>11</Task><Opcode>0</Opcode><Keywords>0x8000000000000000</Keywords><TimeCreated SystemTime='2019-07-24T17:57:08.319206700Z'/><EventRecordID>143</EventRecordID><Correlation/><Execution ProcessID='3324' ThreadID='3220'/><Channel>Microsoft-Windows-Sysmon/Operational</Channel><Computer>DESKTOP-FVSHABR</Computer><Security UserID='S-1-5-18'/></System><EventData><Data Name='RuleName'></Data><Data Name='UtcTime'>2019-07-24 17:57:08.317</Data><Data Name='ProcessGuid'>{87E8D3BD-9BF4-5D38-0000-0010BFC30E00}</Data><Data Name='ProcessId'>4532</Data><Data Name='Image'>C:\Users\GRAPLT~1\AppData\Local\Temp\GUM5F89.tmp\GoogleUpdateSetup.exe</Data><Data Name='TargetFilename'>C:\Program Files (x86)\GUM6D35.tmp\GoogleUpdate.exe</Data><Data Name='CreationUtcTime'>2019-07-24 17:57:08.317</Data></EventData></Event>
<Event xmlns='http://schemas.microsoft.com/win/2004/08/events/event'><System><Provider Name='Microsoft-Windows-Sysmon' Guid='{5770385F-C22A-43E0-BF4C-06F5698FFBD9}'/><EventID>11</EventID><Version>2</Version><Level>4</Level><Task>11</Task><Opcode>0</Opcode><Keywords>0x8000000000000000</Keywords><TimeCreated SystemTime='2019-07-24T17:57:08.366242300Z'/><EventRecordID>144</EventRecordID><Correlation/><Execution ProcessID='3324' ThreadID='3220'/><Channel>Microsoft-Windows-Sysmon/Operational</Channel><Computer>DESKTOP-FVSHABR</Computer><Security UserID='S-1-5-18'/></System><EventData><Data Name='RuleName'></Data><Data Name='UtcTime'>2019-07-24 17:57:08.361</Data><Data Name='ProcessGuid'>{87E8D3BD-9BF4-5D38-0000-0010BFC30E00}</Data><Data Name='ProcessId'>4532</Data><Data Name='Image'>C:\Users\GRAPLT~1\AppData\Local\Temp\GUM5F89.tmp\GoogleUpdateSetup.exe</Data><Data Name='TargetFilename'>C:\Program Files (x86)\GUM6D35.tmp\GoogleCrashHandler.exe</Data><Data Name='CreationUtcTime'>2019-07-24 17:57:08.361</Data></EventData></Event>
<Event xmlns='http://schemas.microsoft.com/win/2004/08/events/event'><System><Provider Name='Microsoft-Windows-Sysmon' Guid='{5770385F-C22A-43E0-BF4C-06F5698FFBD9}'/><EventID>11</EventID><Version>2</Version><Level>4</Level><Task>11</Task><Opcode>0</Opcode><Keywords>0x8000000000000000</Keywords><TimeCreated SystemTime='2019-07-24T17:57:08.437960800Z'/><EventRecordID>145</EventRecordID><Correlation/><Execution ProcessID='3324' ThreadID='3220'/><Channel>Microsoft-Windows-Sysmon/Operational</Channel><Computer>DESKTOP-FVSHABR</Computer><Security UserID='S-1-5-18'/></System><EventData><Data Name='RuleName'></Data><Data Name='UtcTime'>2019-07-24 17:57:08.435</Data><Data Name='ProcessGuid'>{87E8D3BD-9BF4-5D38-0000-0010BFC30E00}</Data><Data Name='ProcessId'>4532</Data><Data Name='Image'>C:\Users\GRAPLT~1\AppData\Local\Temp\GUM5F89.tmp\GoogleUpdateSetup.exe</Data><Data Name='TargetFilename'>C:\Program Files (x86)\GUM6D35.tmp\goopdate.dll</Data><Data Name='CreationUtcTime'>2019-07-24 17:57:08.435</Data></EventData></Event>
<Event xmlns='http://schemas.microsoft.com/win/2004/08/events/event'><System><Provider Name='Microsoft-Windows-Sysmon' Guid='{5770385F-C22A-43E0-BF4C-06F5698FFBD9}'/><EventID>11</EventID><Version>2</Version><Level>4</Level><Task>11</Task><Opcode>0</Opcode><Keywords>0x8000000000000000</Keywords><TimeCreated SystemTime='2019-07-24T17:57:08.511921800Z'/><EventRecordID>146</EventRecordID><Correlation/><Execution ProcessID='3324' ThreadID='3220'/><Channel>Microsoft-Windows-Sysmon/Operational</Channel><Computer>DESKTOP-FVSHABR</Computer><Security UserID='S-1-5-18'/></System><EventData><Data Name='RuleName'></Data><Data Name='UtcTime'>2019-07-24 17:57:08.509</Data><Data Name='ProcessGuid'>{87E8D3BD-9BF4-5D38-0000-0010BFC30E00}</Data><Data Name='ProcessId'>4532</Data><Data Name='Image'>C:\Users\GRAPLT~1\AppData\Local\Temp\GUM5F89.tmp\GoogleUpdateSetup.exe</Data><Data Name='TargetFilename'>C:\Program Files (x86)\GUM6D35.tmp\npGoogleUpdate3.dll</Data><Data Name='CreationUtcTime'>2019-07-24 17:57:08.505</Data></EventData></Event>
<Event xmlns='http://schemas.microsoft.com/win/2004/08/events/event'><System><Provider Name='Microsoft-Windows-Sysmon' Guid='{5770385F-C22A-43E0-BF4C-06F5698FFBD9}'/><EventID>11</EventID><Version>2</Version><Level>4</Level><Task>11</Task><Opcode>0</Opcode><Keywords>0x8000000000000000</Keywords><TimeCreated SystemTime='2019-07-24T17:57:08.586014500Z'/><EventRecordID>147</EventRecordID><Correlation/><Execution ProcessID='3324' ThreadID='3220'/><Channel>Microsoft-Windows-Sysmon/Operational</Channel><Computer>DESKTOP-FVSHABR</Computer><Security UserID='S-1-5-18'/></System><EventData><Data Name='RuleName'></Data><Data Name='UtcTime'>2019-07-24 17:57:08.583</Data><Data Name='ProcessGuid'>{87E8D3BD-9BF4-5D38-0000-0010BFC30E00}</Data><Data Name='ProcessId'>4532</Data><Data Name='Image'>C:\Users\GRAPLT~1\AppData\Local\Temp\GUM5F89.tmp\GoogleUpdateSetup.exe</Data><Data Name='TargetFilename'>C:\Program Files (x86)\GUM6D35.tmp\GoogleUpdateBroker.exe</Data><Data Name='CreationUtcTime'>2019-07-24 17:57:08.583</Data></EventData></Event>
<Event xmlns='http://schemas.microsoft.com/win/2004/08/events/event'><System><Provider Name='Microsoft-Windows-Sysmon' Guid='{5770385F-C22A-43E0-BF4C-06F5698FFBD9}'/><EventID>11</EventID><Version>2</Version><Level>4</Level><Task>11</Task><Opcode>0</Opcode><Keywords>0x8000000000000000</Keywords><TimeCreated SystemTime='2019-07-24T17:57:08.625442300Z'/><EventRecordID>148</EventRecordID><Correlation/><Execution ProcessID='3324' ThreadID='3220'/><Channel>Microsoft-Windows-Sysmon/Operational</Channel><Computer>DESKTOP-FVSHABR</Computer><Security UserID='S-1-5-18'/></System><EventData><Data Name='RuleName'></Data><Data Name='UtcTime'>2019-07-24 17:57:08.622</Data><Data Name='ProcessGuid'>{87E8D3BD-9BF4-5D38-0000-0010BFC30E00}</Data><Data Name='ProcessId'>4532</Data><Data Name='Image'>C:\Users\GRAPLT~1\AppData\Local\Temp\GUM5F89.tmp\GoogleUpdateSetup.exe</Data><Data Name='TargetFilename'>C:\Program Files (x86)\GUM6D35.tmp\GoogleUpdateOnDemand.exe</Data><Data Name='CreationUtcTime'>2019-07-24 17:57:08.622</Data></EventData></Event>
<Event xmlns='http://schemas.microsoft.com/win/2004/08/events/event'><System><Provider Name='Microsoft-Windows-Sysmon' Guid='{5770385F-C22A-43E0-BF4C-06F5698FFBD9}'/><EventID>11</EventID><Version>2</Version><Level>4</Level><Task>11</Task><Opcode>0</Opcode><Keywords>0x8000000000000000</Keywords><TimeCreated SystemTime='2019-07-24T17:57:08.656595400Z'/><EventRecordID>149</EventRecordID><Correlation/><Execution ProcessID='3324' ThreadID='3220'/><Channel>Microsoft-Windows-Sysmon/Operational</Channel><Computer>DESKTOP-FVSHABR</Computer><Security UserID='S-1-5-18'/></System><EventData><Data Name='RuleName'></Data><Data Name='UtcTime'>2019-07-24 17:57:08.654</Data><Data Name='ProcessGuid'>{87E8D3BD-9BF4-5D38-0000-0010BFC30E00}</Data><Data Name='ProcessId'>4532</Data><Data Name='Image'>C:\Users\GRAPLT~1\AppData\Local\Temp\GUM5F89.tmp\GoogleUpdateSetup.exe</Data><Data Name='TargetFilename'>C:\Program Files (x86)\GUM6D35.tmp\GoogleUpdateComRegisterShell64.exe</Data><Data Name='CreationUtcTime'>2019-07-24 17:57:08.654</Data></EventData></Event>
<Event xmlns='http://schemas.microsoft.com/win/2004/08/events/event'><System><Provider Name='Microsoft-Windows-Sysmon' Guid='{5770385F-C22A-43E0-BF4C-06F5698FFBD9}'/><EventID>11</EventID><Version>2</Version><Level>4</Level><Task>11</Task><Opcode>0</Opcode><Keywords>0x8000000000000000</Keywords><TimeCreated SystemTime='2019-07-24T17:57:08.724259100Z'/><EventRecordID>150</EventRecordID><Correlation/><Execution ProcessID='3324' ThreadID='3220'/><Channel>Microsoft-Windows-Sysmon/Operational</Channel><Computer>DESKTOP-FVSHABR</Computer><Security UserID='S-1-5-18'/></System><EventData><Data Name='RuleName'></Data><Data Name='UtcTime'>2019-07-24 17:57:08.722</Data><Data Name='ProcessGuid'>{87E8D3BD-9BF4-5D38-0000-0010BFC30E00}</Data><Data Name='ProcessId'>4532</Data><Data Name='Image'>C:\Users\GRAPLT~1\AppData\Local\Temp\GUM5F89.tmp\GoogleUpdateSetup.exe</Data><Data Name='TargetFilename'>C:\Program Files (x86)\GUM6D35.tmp\GoogleUpdateWebPlugin.exe</Data><Data Name='CreationUtcTime'>2019-07-24 17:57:08.722</Data></EventData></Event>
<Event xmlns='http://schemas.microsoft.com/win/2004/08/events/event'><System><Provider Name='Microsoft-Windows-Sysmon' Guid='{5770385F-C22A-43E0-BF4C-06F5698FFBD9}'/><EventID>11</EventID><Version>2</Version><Level>4</Level><Task>11</Task><Opcode>0</Opcode><Keywords>0x8000000000000000</Keywords><TimeCreated SystemTime='2019-07-24T17:57:08.774151200Z'/><EventRecordID>151</EventRecordID><Correlation/><Execution ProcessID='3324' ThreadID='3220'/><Channel>Microsoft-Windows-Sysmon/Operational</Channel><Computer>DESKTOP-FVSHABR</Computer><Security UserID='S-1-5-18'/></System><EventData><Data Name='RuleName'></Data><Data Name='UtcTime'>2019-07-24 17:57:08.770</Data><Data Name='ProcessGuid'>{87E8D3BD-9BF4-5D38-0000-0010BFC30E00}</Data><Data Name='ProcessId'>4532</Data><Data Name='Image'>C:\Users\GRAPLT~1\AppData\Local\Temp\GUM5F89.tmp\GoogleUpdateSetup.exe</Data><Data Name='TargetFilename'>C:\Program Files (x86)\GUM6D35.tmp\psmachine.dll</Data><Data Name='CreationUtcTime'>2019-07-24 17:57:08.770</Data></EventData></Event>
<Event xmlns='http://schemas.microsoft.com/win/2004/08/events/event'><System><Provider Name='Microsoft-Windows-Sysmon' Guid='{5770385F-C22A-43E0-BF4C-06F5698FFBD9}'/><EventID>11</EventID><Version>2</Version><Level>4</Level><Task>11</Task><Opcode>0</Opcode><Keywords>0x8000000000000000</Keywords><TimeCreated SystemTime='2019-07-24T17:57:08.817581700Z'/><EventRecordID>152</EventRecordID><Correlation/><Execution ProcessID='3324' ThreadID='3220'/><Channel>Microsoft-Windows-Sysmon/Operational</Channel><Computer>DESKTOP-FVSHABR</Computer><Security UserID='S-1-5-18'/></System><EventData><Data Name='RuleName'></Data><Data Name='UtcTime'>2019-07-24 17:57:08.803</Data><Data Name='ProcessGuid'>{87E8D3BD-9BF4-5D38-0000-0010BFC30E00}</Data><Data Name='ProcessId'>4532</Data><Data Name='Image'>C:\Users\GRAPLT~1\AppData\Local\Temp\GUM5F89.tmp\GoogleUpdateSetup.exe</Data><Data Name='TargetFilename'>C:\Program Files (x86)\GUM6D35.tmp\psmachine_64.dll</Data><Data Name='CreationUtcTime'>2019-07-24 17:57:08.803</Data></EventData></Event>
<Event xmlns='http://schemas.microsoft.com/win/2004/08/events/event'><System><Provider Name='Microsoft-Windows-Sysmon' Guid='{5770385F-C22A-43E0-BF4C-06F5698FFBD9}'/><EventID>11</EventID><Version>2</Version><Level>4</Level><Task>11</Task><Opcode>0</Opcode><Keywords>0x8000000000000000</Keywords><TimeCreated SystemTime='2019-07-24T17:57:08.860783600Z'/><EventRecordID>153</EventRecordID><Correlation/><Execution ProcessID='3324' ThreadID='3220'/><Channel>Microsoft-Windows-Sysmon/Operational</Channel><Computer>DESKTOP-FVSHABR</Computer><Security UserID='S-1-5-18'/></System><EventData><Data Name='RuleName'></Data><Data Name='UtcTime'>2019-07-24 17:57:08.848</Data><Data Name='ProcessGuid'>{87E8D3BD-9BF4-5D38-0000-0010BFC30E00}</Data><Data Name='ProcessId'>4532</Data><Data Name='Image'>C:\Users\GRAPLT~1\AppData\Local\Temp\GUM5F89.tmp\GoogleUpdateSetup.exe</Data><Data Name='TargetFilename'>C:\Program Files (x86)\GUM6D35.tmp\psuser.dll</Data><Data Name='CreationUtcTime'>2019-07-24 17:57:08.848</Data></EventData></Event>
<Event xmlns='http://schemas.microsoft.com/win/2004/08/events/event'><System><Provider Name='Microsoft-Windows-Sysmon' Guid='{5770385F-C22A-43E0-BF4C-06F5698FFBD9}'/><EventID>11</EventID><Version>2</Version><Level>4</Level><Task>11</Task><Opcode>0</Opcode><Keywords>0x8000000000000000</Keywords><TimeCreated SystemTime='2019-07-24T17:57:08.897619800Z'/><EventRecordID>154</EventRecordID><Correlation/><Execution ProcessID='3324' ThreadID='3220'/><Channel>Microsoft-Windows-Sysmon/Operational</Channel><Computer>DESKTOP-FVSHABR</Computer><Security UserID='S-1-5-18'/></System><EventData><Data Name='RuleName'></Data><Data Name='UtcTime'>2019-07-24 17:57:08.880</Data><Data Name='ProcessGuid'>{87E8D3BD-9BF4-5D38-0000-0010BFC30E00}</Data><Data Name='ProcessId'>4532</Data><Data Name='Image'>C:\Users\GRAPLT~1\AppData\Local\Temp\GUM5F89.tmp\GoogleUpdateSetup.exe</Data><Data Name='TargetFilename'>C:\Program Files (x86)\GUM6D35.tmp\psuser_64.dll</Data><Data Name='CreationUtcTime'>2019-07-24 17:57:08.880</Data></EventData></Event>
<Event xmlns='http://schemas.microsoft.com/win/2004/08/events/event'><System><Provider Name='Microsoft-Windows-Sysmon' Guid='{5770385F-C22A-43E0-BF4C-06F5698FFBD9}'/><EventID>11</EventID><Version>2</Version><Level>4</Level><Task>11</Task><Opcode>0</Opcode><Keywords>0x8000000000000000</Keywords><TimeCreated SystemTime='2019-07-24T17:57:08.927090800Z'/><EventRecordID>155</EventRecordID><Correlation/><Execution ProcessID='3324' ThreadID='3220'/><Channel>Microsoft-Windows-Sysmon/Operational</Channel><Computer>DESKTOP-FVSHABR</Computer><Security UserID='S-1-5-18'/></System><EventData><Data Name='RuleName'></Data><Data Name='UtcTime'>2019-07-24 17:57:08.911</Data><Data Name='ProcessGuid'>{87E8D3BD-9BF4-5D38-0000-0010BFC30E00}</Data><Data Name='ProcessId'>4532</Data><Data Name='Image'>C:\Users\GRAPLT~1\AppData\Local\Temp\GUM5F89.tmp\GoogleUpdateSetup.exe</Data><Data Name='TargetFilename'>C:\Program Files (x86)\GUM6D35.tmp\GoogleCrashHandler64.exe</Data><Data Name='CreationUtcTime'>2019-07-24 17:57:08.911</Data></EventData></Event>
<Event xmlns='http://schemas.microsoft.com/win/2004/08/events/event'><System><Provider Name='Microsoft-Windows-Sysmon' Guid='{5770385F-C22A-43E0-BF4C-06F5698FFBD9}'/><EventID>11</EventID><Version>2</Version><Level>4</Level><Task>11</Task><Opcode>0</Opcode><Keywords>0x8000000000000000</Keywords><TimeCreated SystemTime='2019-07-24T17:57:08.982456900Z'/><EventRecordID>156</EventRecordID><Correlation/><Execution ProcessID='3324' ThreadID='3220'/><Channel>Microsoft-Windows-Sysmon/Operational</Channel><Computer>DESKTOP-FVSHABR</Computer><Security UserID='S-1-5-18'/></System><EventData><Data Name='RuleName'></Data><Data Name='UtcTime'>2019-07-24 17:57:08.973</Data><Data Name='ProcessGuid'>{87E8D3BD-9BF4-5D38-0000-0010BFC30E00}</Data><Data Name='ProcessId'>4532</Data><Data Name='Image'>C:\Users\GRAPLT~1\AppData\Local\Temp\GUM5F89.tmp\GoogleUpdateSetup.exe</Data><Data Name='TargetFilename'>C:\Program Files (x86)\GUM6D35.tmp\GoogleUpdateCore.exe</Data><Data Name='CreationUtcTime'>2019-07-24 17:57:08.973</Data></EventData></Event>
<Event xmlns='http://schemas.microsoft.com/win/2004/08/events/event'><System><Provider Name='Microsoft-Windows-Sysmon' Guid='{5770385F-C22A-43E0-BF4C-06F5698FFBD9}'/><EventID>11</EventID><Version>2</Version><Level>4</Level><Task>11</Task><Opcode>0</Opcode><Keywords>0x8000000000000000</Keywords><TimeCreated SystemTime='2019-07-24T17:57:09.056649400Z'/><EventRecordID>157</EventRecordID><Correlation/><Execution ProcessID='3324' ThreadID='3220'/><Channel>Microsoft-Windows-Sysmon/Operational</Channel><Computer>DESKTOP-FVSHABR</Computer><Security UserID='S-1-5-18'/></System><EventData><Data Name='RuleName'></Data><Data Name='UtcTime'>2019-07-24 17:57:09.052</Data><Data Name='ProcessGuid'>{87E8D3BD-9BF4-5D38-0000-0010BFC30E00}</Data><Data Name='ProcessId'>4532</Data><Data Name='Image'>C:\Users\GRAPLT~1\AppData\Local\Temp\GUM5F89.tmp\GoogleUpdateSetup.exe</Data><Data Name='TargetFilename'>C:\Program Files (x86)\GUM6D35.tmp\goopdateres_am.dll</Data><Data Name='CreationUtcTime'>2019-07-24 17:57:09.052</Data></EventData></Event>
<Event xmlns='http://schemas.microsoft.com/win/2004/08/events/event'><System><Provider Name='Microsoft-Windows-Sysmon' Guid='{5770385F-C22A-43E0-BF4C-06F5698FFBD9}'/><EventID>11</EventID><Version>2</Version><Level>4</Level><Task>11</Task><Opcode>0</Opcode><Keywords>0x8000000000000000</Keywords><TimeCreated SystemTime='2019-07-24T17:57:09.070207200Z'/><EventRecordID>158</EventRecordID><Correlation/><Execution ProcessID='3324' ThreadID='3220'/><Channel>Microsoft-Windows-Sysmon/Operational</Channel><Computer>DESKTOP-FVSHABR</Computer><Security UserID='S-1-5-18'/></System><EventData><Data Name='RuleName'></Data><Data Name='UtcTime'>2019-07-24 17:57:09.067</Data><Data Name='ProcessGuid'>{87E8D3BD-9BF4-5D38-0000-0010BFC30E00}</Data><Data Name='ProcessId'>4532</Data><Data Name='Image'>C:\Users\GRAPLT~1\AppData\Local\Temp\GUM5F89.tmp\GoogleUpdateSetup.exe</Data><Data Name='TargetFilename'>C:\Program Files (x86)\GUM6D35.tmp\goopdateres_ar.dll</Data><Data Name='CreationUtcTime'>2019-07-24 17:57:09.067</Data></EventData></Event>
<Event xmlns='http://schemas.microsoft.com/win/2004/08/events/event'><System><Provider Name='Microsoft-Windows-Sysmon' Guid='{5770385F-C22A-43E0-BF4C-06F5698FFBD9}'/><EventID>11</EventID><Version>2</Version><Level>4</Level><Task>11</Task><Opcode>0</Opcode><Keywords>0x8000000000000000</Keywords><TimeCreated SystemTime='2019-07-24T17:57:09.077644600Z'/><EventRecordID>159</EventRecordID><Correlation/><Execution ProcessID='3324' ThreadID='3220'/><Channel>Microsoft-Windows-Sysmon/Operational</Channel><Computer>DESKTOP-FVSHABR</Computer><Security UserID='S-1-5-18'/></System><EventData><Data Name='RuleName'></Data><Data Name='UtcTime'>2019-07-24 17:57:09.067</Data><Data Name='ProcessGuid'>{87E8D3BD-9BF4-5D38-0000-0010BFC30E00}</Data><Data Name='ProcessId'>4532</Data><Data Name='Image'>C:\Users\GRAPLT~1\AppData\Local\Temp\GUM5F89.tmp\GoogleUpdateSetup.exe</Data><Data Name='TargetFilename'>C:\Program Files (x86)\GUM6D35.tmp\goopdateres_bg.dll</Data><Data Name='CreationUtcTime'>2019-07-24 17:57:09.067</Data></EventData></Event>
<Event xmlns='http://schemas.microsoft.com/win/2004/08/events/event'><System><Provider Name='Microsoft-Windows-Sysmon' Guid='{5770385F-C22A-43E0-BF4C-06F5698FFBD9}'/><EventID>11</EventID><Version>2</Version><Level>4</Level><Task>11</Task><Opcode>0</Opcode><Keywords>0x8000000000000000</Keywords><TimeCreated SystemTime='2019-07-24T17:57:09.084104900Z'/><EventRecordID>160</EventRecordID><Correlation/><Execution ProcessID='3324' ThreadID='3220'/><Channel>Microsoft-Windows-Sysmon/Operational</Channel><Computer>DESKTOP-FVSHABR</Computer><Security UserID='S-1-5-18'/></System><EventData><Data Name='RuleName'></Data><Data Name='UtcTime'>2019-07-24 17:57:09.082</Data><Data Name='ProcessGuid'>{87E8D3BD-9BF4-5D38-0000-0010BFC30E00}</Data><Data Name='ProcessId'>4532</Data><Data Name='Image'>C:\Users\GRAPLT~1\AppData\Local\Temp\GUM5F89.tmp\GoogleUpdateSetup.exe</Data><Data Name='TargetFilename'>C:\Program Files (x86)\GUM6D35.tmp\goopdateres_bn.dll</Data><Data Name='CreationUtcTime'>2019-07-24 17:57:09.082</Data></EventData></Event>
<Event xmlns='http://schemas.microsoft.com/win/2004/08/events/event'><System><Provider Name='Microsoft-Windows-Sysmon' Guid='{5770385F-C22A-43E0-BF4C-06F5698FFBD9}'/><EventID>11</EventID><Version>2</Version><Level>4</Level><Task>11</Task><Opcode>0</Opcode><Keywords>0x8000000000000000</Keywords><TimeCreated SystemTime='2019-07-24T17:57:09.092446000Z'/><EventRecordID>161</EventRecordID><Correlation/><Execution ProcessID='3324' ThreadID='3220'/><Channel>Microsoft-Windows-Sysmon/Operational</Channel><Computer>DESKTOP-FVSHABR</Computer><Security UserID='S-1-5-18'/></System><EventData><Data Name='RuleName'></Data><Data Name='UtcTime'>2019-07-24 17:57:09.082</Data><Data Name='ProcessGuid'>{87E8D3BD-9BF4-5D38-0000-0010BFC30E00}</Data><Data Name='ProcessId'>4532</Data><Data Name='Image'>C:\Users\GRAPLT~1\AppData\Local\Temp\GUM5F89.tmp\GoogleUpdateSetup.exe</Data><Data Name='TargetFilename'>C:\Program Files (x86)\GUM6D35.tmp\goopdateres_ca.dll</Data><Data Name='CreationUtcTime'>2019-07-24 17:57:09.082</Data></EventData></Event>
<Event xmlns='http://schemas.microsoft.com/win/2004/08/events/event'><System><Provider Name='Microsoft-Windows-Sysmon' Guid='{5770385F-C22A-43E0-BF4C-06F5698FFBD9}'/><EventID>11</EventID><Version>2</Version><Level>4</Level><Task>11</Task><Opcode>0</Opcode><Keywords>0x8000000000000000</Keywords><TimeCreated SystemTime='2019-07-24T17:57:09.098529400Z'/><EventRecordID>162</EventRecordID><Correlation/><Execution ProcessID='3324' ThreadID='3220'/><Channel>Microsoft-Windows-Sysmon/Operational</Channel><Computer>DESKTOP-FVSHABR</Computer><Security UserID='S-1-5-18'/></System><EventData><Data Name='RuleName'></Data><Data Name='UtcTime'>2019-07-24 17:57:09.082</Data><Data Name='ProcessGuid'>{87E8D3BD-9BF4-5D38-0000-0010BFC30E00}</Data><Data Name='ProcessId'>4532</Data><Data Name='Image'>C:\Users\GRAPLT~1\AppData\Local\Temp\GUM5F89.tmp\GoogleUpdateSetup.exe</Data><Data Name='TargetFilename'>C:\Program Files (x86)\GUM6D35.tmp\goopdateres_cs.dll</Data><Data Name='CreationUtcTime'>2019-07-24 17:57:09.082</Data></EventData></Event>
<Event xmlns='http://schemas.microsoft.com/win/2004/08/events/event'><System><Provider Name='Microsoft-Windows-Sysmon' Guid='{5770385F-C22A-43E0-BF4C-06F5698FFBD9}'/><EventID>11</EventID><Version>2</Version><Level>4</Level><Task>11</Task><Opcode>0</Opcode><Keywords>0x8000000000000000</Keywords><TimeCreated SystemTime='2019-07-24T17:57:09.108639300Z'/><EventRecordID>163</EventRecordID><Correlation/><Execution ProcessID='3324' ThreadID='3220'/><Channel>Microsoft-Windows-Sysmon/Operational</Channel><Computer>DESKTOP-FVSHABR</Computer><Security UserID='S-1-5-18'/></System><EventData><Data Name='RuleName'></Data><Data Name='UtcTime'>2019-07-24 17:57:09.098</Data><Data Name='ProcessGuid'>{87E8D3BD-9BF4-5D38-0000-0010BFC30E00}</Data><Data Name='ProcessId'>4532</Data><Data Name='Image'>C:\Users\GRAPLT~1\AppData\Local\Temp\GUM5F89.tmp\GoogleUpdateSetup.exe</Data><Data Name='TargetFilename'>C:\Program Files (x86)\GUM6D35.tmp\goopdateres_da.dll</Data><Data Name='CreationUtcTime'>2019-07-24 17:57:09.098</Data></EventData></Event>
<Event xmlns='http://schemas.microsoft.com/win/2004/08/events/event'><System><Provider Name='Microsoft-Windows-Sysmon' Guid='{5770385F-C22A-43E0-BF4C-06F5698FFBD9}'/><EventID>11</EventID><Version>2</Version><Level>4</Level><Task>11</Task><Opcode>0</Opcode><Keywords>0x8000000000000000</Keywords><TimeCreated SystemTime='2019-07-24T17:57:09.118448700Z'/><EventRecordID>164</EventRecordID><Correlation/><Execution ProcessID='3324' ThreadID='3220'/><Channel>Microsoft-Windows-Sysmon/Operational</Channel><Computer>DESKTOP-FVSHABR</Computer><Security UserID='S-1-5-18'/></System><EventData><Data Name='RuleName'></Data><Data Name='UtcTime'>2019-07-24 17:57:09.114</Data><Data Name='ProcessGuid'>{87E8D3BD-9BF4-5D38-0000-0010BFC30E00}</Data><Data Name='ProcessId'>4532</Data><Data Name='Image'>C:\Users\GRAPLT~1\AppData\Local\Temp\GUM5F89.tmp\GoogleUpdateSetup.exe</Data><Data Name='TargetFilename'>C:\Program Files (x86)\GUM6D35.tmp\goopdateres_de.dll</Data><Data Name='CreationUtcTime'>2019-07-24 17:57:09.114</Data></EventData></Event>
<Event xmlns='http://schemas.microsoft.com/win/2004/08/events/event'><System><Provider Name='Microsoft-Windows-Sysmon' Guid='{5770385F-C22A-43E0-BF4C-06F5698FFBD9}'/><EventID>11</EventID><Version>2</Version><Level>4</Level><Task>11</Task><Opcode>0</Opcode><Keywords>0x8000000000000000</Keywords><TimeCreated SystemTime='2019-07-24T17:57:09.131182800Z'/><EventRecordID>165</EventRecordID><Correlation/><Execution ProcessID='3324' ThreadID='3220'/><Channel>Microsoft-Windows-Sysmon/Operational</Channel><Computer>DESKTOP-FVSHABR</Computer><Security UserID='S-1-5-18'/></System><EventData><Data Name='RuleName'></Data><Data Name='UtcTime'>2019-07-24 17:57:09.114</Data><Data Name='ProcessGuid'>{87E8D3BD-9BF4-5D38-0000-0010BFC30E00}</Data><Data Name='ProcessId'>4532</Data><Data Name='Image'>C:\Users\GRAPLT~1\AppData\Local\Temp\GUM5F89.tmp\GoogleUpdateSetup.exe</Data><Data Name='TargetFilename'>C:\Program Files (x86)\GUM6D35.tmp\goopdateres_el.dll</Data><Data Name='CreationUtcTime'>2019-07-24 17:57:09.114</Data></EventData></Event>
<Event xmlns='http://schemas.microsoft.com/win/2004/08/events/event'><System><Provider Name='Microsoft-Windows-Sysmon' Guid='{5770385F-C22A-43E0-BF4C-06F5698FFBD9}'/><EventID>11</EventID><Version>2</Version><Level>4</Level><Task>11</Task><Opcode>0</Opcode><Keywords>0x8000000000000000</Keywords><TimeCreated SystemTime='2019-07-24T17:57:09.140239000Z'/><EventRecordID>166</EventRecordID><Correlation/><Execution ProcessID='3324' ThreadID='3220'/><Channel>Microsoft-Windows-Sysmon/Operational</Channel><Computer>DESKTOP-FVSHABR</Computer><Security UserID='S-1-5-18'/></System><EventData><Data Name='RuleName'></Data><Data Name='UtcTime'>2019-07-24 17:57:09.130</Data><Data Name='ProcessGuid'>{87E8D3BD-9BF4-5D38-0000-0010BFC30E00}</Data><Data Name='ProcessId'>4532</Data><Data Name='Image'>C:\Users\GRAPLT~1\AppData\Local\Temp\GUM5F89.tmp\GoogleUpdateSetup.exe</Data><Data Name='TargetFilename'>C:\Program Files (x86)\GUM6D35.tmp\goopdateres_en.dll</Data><Data Name='CreationUtcTime'>2019-07-24 17:57:09.130</Data></EventData></Event>
<Event xmlns='http://schemas.microsoft.com/win/2004/08/events/event'><System><Provider Name='Microsoft-Windows-Sysmon' Guid='{5770385F-C22A-43E0-BF4C-06F5698FFBD9}'/><EventID>11</EventID><Version>2</Version><Level>4</Level><Task>11</Task><Opcode>0</Opcode><Keywords>0x8000000000000000</Keywords><TimeCreated SystemTime='2019-07-24T17:57:09.149598600Z'/><EventRecordID>167</EventRecordID><Correlation/><Execution ProcessID='3324' ThreadID='3220'/><Channel>Microsoft-Windows-Sysmon/Operational</Channel><Computer>DESKTOP-FVSHABR</Computer><Security UserID='S-1-5-18'/></System><EventData><Data Name='RuleName'></Data><Data Name='UtcTime'>2019-07-24 17:57:09.145</Data><Data Name='ProcessGuid'>{87E8D3BD-9BF4-5D38-0000-0010BFC30E00}</Data><Data Name='ProcessId'>4532</Data><Data Name='Image'>C:\Users\GRAPLT~1\AppData\Local\Temp\GUM5F89.tmp\GoogleUpdateSetup.exe</Data><Data Name='TargetFilename'>C:\Program Files (x86)\GUM6D35.tmp\goopdateres_en-GB.dll</Data><Data Name='CreationUtcTime'>2019-07-24 17:57:09.145</Data></EventData></Event>
<Event xmlns='http://schemas.microsoft.com/win/2004/08/events/event'><System><Provider Name='Microsoft-Windows-Sysmon' Guid='{5770385F-C22A-43E0-BF4C-06F5698FFBD9}'/><EventID>11</EventID><Version>2</Version><Level>4</Level><Task>11</Task><Opcode>0</Opcode><Keywords>0x8000000000000000</Keywords><TimeCreated SystemTime='2019-07-24T17:57:09.159689800Z'/><EventRecordID>168</EventRecordID><Correlation/><Execution ProcessID='3324' ThreadID='3220'/><Channel>Microsoft-Windows-Sysmon/Operational</Channel><Computer>DESKTOP-FVSHABR</Computer><Security UserID='S-1-5-18'/></System><EventData><Data Name='RuleName'></Data><Data Name='UtcTime'>2019-07-24 17:57:09.145</Data><Data Name='ProcessGuid'>{87E8D3BD-9BF4-5D38-0000-0010BFC30E00}</Data><Data Name='ProcessId'>4532</Data><Data Name='Image'>C:\Users\GRAPLT~1\AppData\Local\Temp\GUM5F89.tmp\GoogleUpdateSetup.exe</Data><Data Name='TargetFilename'>C:\Program Files (x86)\GUM6D35.tmp\goopdateres_es.dll</Data><Data Name='CreationUtcTime'>2019-07-24 17:57:09.145</Data></EventData></Event>
<Event xmlns='http://schemas.microsoft.com/win/2004/08/events/event'><System><Provider Name='Microsoft-Windows-Sysmon' Guid='{5770385F-C22A-43E0-BF4C-06F5698FFBD9}'/><EventID>11</EventID><Version>2</Version><Level>4</Level><Task>11</Task><Opcode>0</Opcode><Keywords>0x8000000000000000</Keywords><TimeCreated SystemTime='2019-07-24T17:57:09.174805700Z'/><EventRecordID>169</EventRecordID><Correlation/><Execution ProcessID='3324' ThreadID='3220'/><Channel>Microsoft-Windows-Sysmon/Operational</Channel><Computer>DESKTOP-FVSHABR</Computer><Security UserID='S-1-5-18'/></System><EventData><Data Name='RuleName'></Data><Data Name='UtcTime'>2019-07-24 17:57:09.161</Data><Data Name='ProcessGuid'>{87E8D3BD-9BF4-5D38-0000-0010BFC30E00}</Data><Data Name='ProcessId'>4532</Data><Data Name='Image'>C:\Users\GRAPLT~1\AppData\Local\Temp\GUM5F89.tmp\GoogleUpdateSetup.exe</Data><Data Name='TargetFilename'>C:\Program Files (x86)\GUM6D35.tmp\goopdateres_es-419.dll</Data><Data Name='CreationUtcTime'>2019-07-24 17:57:09.161</Data></EventData></Event>
<Event xmlns='http://schemas.microsoft.com/win/2004/08/events/event'><System><Provider Name='Microsoft-Windows-Sysmon' Guid='{5770385F-C22A-43E0-BF4C-06F5698FFBD9}'/><EventID>11</EventID><Version>2</Version><Level>4</Level><Task>11</Task><Opcode>0</Opcode><Keywords>0x8000000000000000</Keywords><TimeCreated SystemTime='2019-07-24T17:57:09.184258000Z'/><EventRecordID>170</EventRecordID><Correlation/><Execution ProcessID='3324' ThreadID='3220'/><Channel>Microsoft-Windows-Sysmon/Operational</Channel><Computer>DESKTOP-FVSHABR</Computer><Security UserID='S-1-5-18'/></System><EventData><Data Name='RuleName'></Data><Data Name='UtcTime'>2019-07-24 17:57:09.177</Data><Data Name='ProcessGuid'>{87E8D3BD-9BF4-5D38-0000-0010BFC30E00}</Data><Data Name='ProcessId'>4532</Data><Data Name='Image'>C:\Users\GRAPLT~1\AppData\Local\Temp\GUM5F89.tmp\GoogleUpdateSetup.exe</Data><Data Name='TargetFilename'>C:\Program Files (x86)\GUM6D35.tmp\goopdateres_et.dll</Data><Data Name='CreationUtcTime'>2019-07-24 17:57:09.177</Data></EventData></Event>
<Event xmlns='http://schemas.microsoft.com/win/2004/08/events/event'><System><Provider Name='Microsoft-Windows-Sysmon' Guid='{5770385F-C22A-43E0-BF4C-06F5698FFBD9}'/><EventID>11</EventID><Version>2</Version><Level>4</Level><Task>11</Task><Opcode>0</Opcode><Keywords>0x8000000000000000</Keywords><TimeCreated SystemTime='2019-07-24T17:57:09.192525800Z'/><EventRecordID>171</EventRecordID><Correlation/><Execution ProcessID='3324' ThreadID='3220'/><Channel>Microsoft-Windows-Sysmon/Operational</Channel><Computer>DESKTOP-FVSHABR</Computer><Security UserID='S-1-5-18'/></System><EventData><Data Name='RuleName'></Data><Data Name='UtcTime'>2019-07-24 17:57:09.177</Data><Data Name='ProcessGuid'>{87E8D3BD-9BF4-5D38-0000-0010BFC30E00}</Data><Data Name='ProcessId'>4532</Data><Data Name='Image'>C:\Users\GRAPLT~1\AppData\Local\Temp\GUM5F89.tmp\GoogleUpdateSetup.exe</Data><Data Name='TargetFilename'>C:\Program Files (x86)\GUM6D35.tmp\goopdateres_fa.dll</Data><Data Name='CreationUtcTime'>2019-07-24 17:57:09.177</Data></EventData></Event>
<Event xmlns='http://schemas.microsoft.com/win/2004/08/events/event'><System><Provider Name='Microsoft-Windows-Sysmon' Guid='{5770385F-C22A-43E0-BF4C-06F5698FFBD9}'/><EventID>11</EventID><Version>2</Version><Level>4</Level><Task>11</Task><Opcode>0</Opcode><Keywords>0x8000000000000000</Keywords><TimeCreated SystemTime='2019-07-24T17:57:09.203307100Z'/><EventRecordID>172</EventRecordID><Correlation/><Execution ProcessID='3324' ThreadID='3220'/><Channel>Microsoft-Windows-Sysmon/Operational</Channel><Computer>DESKTOP-FVSHABR</Computer><Security UserID='S-1-5-18'/></System><EventData><Data Name='RuleName'></Data><Data Name='UtcTime'>2019-07-24 17:57:09.192</Data><Data Name='ProcessGuid'>{87E8D3BD-9BF4-5D38-0000-0010BFC30E00}</Data><Data Name='ProcessId'>4532</Data><Data Name='Image'>C:\Users\GRAPLT~1\AppData\Local\Temp\GUM5F89.tmp\GoogleUpdateSetup.exe</Data><Data Name='TargetFilename'>C:\Program Files (x86)\GUM6D35.tmp\goopdateres_fi.dll</Data><Data Name='CreationUtcTime'>2019-07-24 17:57:09.192</Data></EventData></Event>
<Event xmlns='http://schemas.microsoft.com/win/2004/08/events/event'><System><Provider Name='Microsoft-Windows-Sysmon' Guid='{5770385F-C22A-43E0-BF4C-06F5698FFBD9}'/><EventID>11</EventID><Version>2</Version><Level>4</Level><Task>11</Task><Opcode>0</Opcode><Keywords>0x8000000000000000</Keywords><TimeCreated SystemTime='2019-07-24T17:57:09.212306600Z'/><EventRecordID>173</EventRecordID><Correlation/><Execution ProcessID='3324' ThreadID='3220'/><Channel>Microsoft-Windows-Sysmon/Operational</Channel><Computer>DESKTOP-FVSHABR</Computer><Security UserID='S-1-5-18'/></System><EventData><Data Name='RuleName'></Data><Data Name='UtcTime'>2019-07-24 17:57:09.208</Data><Data Name='ProcessGuid'>{87E8D3BD-9BF4-5D38-0000-0010BFC30E00}</Data><Data Name='ProcessId'>4532</Data><Data Name='Image'>C:\Users\GRAPLT~1\AppData\Local\Temp\GUM5F89.tmp\GoogleUpdateSetup.exe</Data><Data Name='TargetFilename'>C:\Program Files (x86)\GUM6D35.tmp\goopdateres_fil.dll</Data><Data Name='CreationUtcTime'>2019-07-24 17:57:09.208</Data></EventData></Event>
<Event xmlns='http://schemas.microsoft.com/win/2004/08/events/event'><System><Provider Name='Microsoft-Windows-Sysmon' Guid='{5770385F-C22A-43E0-BF4C-06F5698FFBD9}'/><EventID>11</EventID><Version>2</Version><Level>4</Level><Task>11</Task><Opcode>0</Opcode><Keywords>0x8000000000000000</Keywords><TimeCreated SystemTime='2019-07-24T17:57:09.220984200Z'/><EventRecordID>174</EventRecordID><Correlation/><Execution ProcessID='3324' ThreadID='3220'/><Channel>Microsoft-Windows-Sysmon/Operational</Channel><Computer>DESKTOP-FVSHABR</Computer><Security UserID='S-1-5-18'/></System><EventData><Data Name='RuleName'></Data><Data Name='UtcTime'>2019-07-24 17:57:09.208</Data><Data Name='ProcessGuid'>{87E8D3BD-9BF4-5D38-0000-0010BFC30E00}</Data><Data Name='ProcessId'>4532</Data><Data Name='Image'>C:\Users\GRAPLT~1\AppData\Local\Temp\GUM5F89.tmp\GoogleUpdateSetup.exe</Data><Data Name='TargetFilename'>C:\Program Files (x86)\GUM6D35.tmp\goopdateres_fr.dll</Data><Data Name='CreationUtcTime'>2019-07-24 17:57:09.208</Data></EventData></Event>
<Event xmlns='http://schemas.microsoft.com/win/2004/08/events/event'><System><Provider Name='Microsoft-Windows-Sysmon' Guid='{5770385F-C22A-43E0-BF4C-06F5698FFBD9}'/><EventID>11</EventID><Version>2</Version><Level>4</Level><Task>11</Task><Opcode>0</Opcode><Keywords>0x8000000000000000</Keywords><TimeCreated SystemTime='2019-07-24T17:57:09.230729400Z'/><EventRecordID>175</EventRecordID><Correlation/><Execution ProcessID='3324' ThreadID='3220'/><Channel>Microsoft-Windows-Sysmon/Operational</Channel><Computer>DESKTOP-FVSHABR</Computer><Security UserID='S-1-5-18'/></System><EventData><Data Name='RuleName'></Data><Data Name='UtcTime'>2019-07-24 17:57:09.224</Data><Data Name='ProcessGuid'>{87E8D3BD-9BF4-5D38-0000-0010BFC30E00}</Data><Data Name='ProcessId'>4532</Data><Data Name='Image'>C:\Users\GRAPLT~1\AppData\Local\Temp\GUM5F89.tmp\GoogleUpdateSetup.exe</Data><Data Name='TargetFilename'>C:\Program Files (x86)\GUM6D35.tmp\goopdateres_gu.dll</Data><Data Name='CreationUtcTime'>2019-07-24 17:57:09.224</Data></EventData></Event>
<Event xmlns='http://schemas.microsoft.com/win/2004/08/events/event'><System><Provider Name='Microsoft-Windows-Sysmon' Guid='{5770385F-C22A-43E0-BF4C-06F5698FFBD9}'/><EventID>11</EventID><Version>2</Version><Level>4</Level><Task>11</Task><Opcode>0</Opcode><Keywords>0x8000000000000000</Keywords><TimeCreated SystemTime='2019-07-24T17:57:09.242312900Z'/><EventRecordID>176</EventRecordID><Correlation/><Execution ProcessID='3324' ThreadID='3220'/><Channel>Microsoft-Windows-Sysmon/Operational</Channel><Computer>DESKTOP-FVSHABR</Computer><Security UserID='S-1-5-18'/></System><EventData><Data Name='RuleName'></Data><Data Name='UtcTime'>2019-07-24 17:57:09.239</Data><Data Name='ProcessGuid'>{87E8D3BD-9BF4-5D38-0000-0010BFC30E00}</Data><Data Name='ProcessId'>4532</Data><Data Name='Image'>C:\Users\GRAPLT~1\AppData\Local\Temp\GUM5F89.tmp\GoogleUpdateSetup.exe</Data><Data Name='TargetFilename'>C:\Program Files (x86)\GUM6D35.tmp\goopdateres_hi.dll</Data><Data Name='CreationUtcTime'>2019-07-24 17:57:09.239</Data></EventData></Event>
<Event xmlns='http://schemas.microsoft.com/win/2004/08/events/event'><System><Provider Name='Microsoft-Windows-Sysmon' Guid='{5770385F-C22A-43E0-BF4C-06F5698FFBD9}'/><EventID>11</EventID><Version>2</Version><Level>4</Level><Task>11</Task><Opcode>0</Opcode><Keywords>0x8000000000000000</Keywords><TimeCreated SystemTime='2019-07-24T17:57:09.250915700Z'/><EventRecordID>177</EventRecordID><Correlation/><Execution ProcessID='3324' ThreadID='3220'/><Channel>Microsoft-Windows-Sysmon/Operational</Channel><Computer>DESKTOP-FVSHABR</Computer><Security UserID='S-1-5-18'/></System><EventData><Data Name='RuleName'></Data><Data Name='UtcTime'>2019-07-24 17:57:09.239</Data><Data Name='ProcessGuid'>{87E8D3BD-9BF4-5D38-0000-0010BFC30E00}</Data><Data Name='ProcessId'>4532</Data><Data Name='Image'>C:\Users\GRAPLT~1\AppData\Local\Temp\GUM5F89.tmp\GoogleUpdateSetup.exe</Data><Data Name='TargetFilename'>C:\Program Files (x86)\GUM6D35.tmp\goopdateres_hr.dll</Data><Data Name='CreationUtcTime'>2019-07-24 17:57:09.239</Data></EventData></Event>
<Event xmlns='http://schemas.microsoft.com/win/2004/08/events/event'><System><Provider Name='Microsoft-Windows-Sysmon' Guid='{5770385F-C22A-43E0-BF4C-06F5698FFBD9}'/><EventID>11</EventID><Version>2</Version><Level>4</Level><Task>11</Task><Opcode>0</Opcode><Keywords>0x8000000000000000</Keywords><TimeCreated SystemTime='2019-07-24T17:57:09.260612000Z'/><EventRecordID>178</EventRecordID><Correlation/><Execution ProcessID='3324' ThreadID='3220'/><Channel>Microsoft-Windows-Sysmon/Operational</Channel><Computer>DESKTOP-FVSHABR</Computer><Security UserID='S-1-5-18'/></System><EventData><Data Name='RuleName'></Data><Data Name='UtcTime'>2019-07-24 17:57:09.255</Data><Data Name='ProcessGuid'>{87E8D3BD-9BF4-5D38-0000-0010BFC30E00}</Data><Data Name='ProcessId'>4532</Data><Data Name='Image'>C:\Users\GRAPLT~1\AppData\Local\Temp\GUM5F89.tmp\GoogleUpdateSetup.exe</Data><Data Name='TargetFilename'>C:\Program Files (x86)\GUM6D35.tmp\goopdateres_hu.dll</Data><Data Name='CreationUtcTime'>2019-07-24 17:57:09.255</Data></EventData></Event>
<Event xmlns='http://schemas.microsoft.com/win/2004/08/events/event'><System><Provider Name='Microsoft-Windows-Sysmon' Guid='{5770385F-C22A-43E0-BF4C-06F5698FFBD9}'/><EventID>11</EventID><Version>2</Version><Level>4</Level><Task>11</Task><Opcode>0</Opcode><Keywords>0x8000000000000000</Keywords><TimeCreated SystemTime='2019-07-24T17:57:09.269417900Z'/><EventRecordID>179</EventRecordID><Correlation/><Execution ProcessID='3324' ThreadID='3220'/><Channel>Microsoft-Windows-Sysmon/Operational</Channel><Computer>DESKTOP-FVSHABR</Computer><Security UserID='S-1-5-18'/></System><EventData><Data Name='RuleName'></Data><Data Name='UtcTime'>2019-07-24 17:57:09.255</Data><Data Name='ProcessGuid'>{87E8D3BD-9BF4-5D38-0000-0010BFC30E00}</Data><Data Name='ProcessId'>4532</Data><Data Name='Image'>C:\Users\GRAPLT~1\AppData\Local\Temp\GUM5F89.tmp\GoogleUpdateSetup.exe</Data><Data Name='TargetFilename'>C:\Program Files (x86)\GUM6D35.tmp\goopdateres_id.dll</Data><Data Name='CreationUtcTime'>2019-07-24 17:57:09.255</Data></EventData></Event>
<Event xmlns='http://schemas.microsoft.com/win/2004/08/events/event'><System><Provider Name='Microsoft-Windows-Sysmon' Guid='{5770385F-C22A-43E0-BF4C-06F5698FFBD9}'/><EventID>11</EventID><Version>2</Version><Level>4</Level><Task>11</Task><Opcode>0</Opcode><Keywords>0x8000000000000000</Keywords><TimeCreated SystemTime='2019-07-24T17:57:09.277748100Z'/><EventRecordID>180</EventRecordID><Correlation/><Execution ProcessID='3324' ThreadID='3220'/><Channel>Microsoft-Windows-Sysmon/Operational</Channel><Computer>DESKTOP-FVSHABR</Computer><Security UserID='S-1-5-18'/></System><EventData><Data Name='RuleName'></Data><Data Name='UtcTime'>2019-07-24 17:57:09.271</Data><Data Name='ProcessGuid'>{87E8D3BD-9BF4-5D38-0000-0010BFC30E00}</Data><Data Name='ProcessId'>4532</Data><Data Name='Image'>C:\Users\GRAPLT~1\AppData\Local\Temp\GUM5F89.tmp\GoogleUpdateSetup.exe</Data><Data Name='TargetFilename'>C:\Program Files (x86)\GUM6D35.tmp\goopdateres_is.dll</Data><Data Name='CreationUtcTime'>2019-07-24 17:57:09.271</Data></EventData></Event>
<Event xmlns='http://schemas.microsoft.com/win/2004/08/events/event'><System><Provider Name='Microsoft-Windows-Sysmon' Guid='{5770385F-C22A-43E0-BF4C-06F5698FFBD9}'/><EventID>11</EventID><Version>2</Version><Level>4</Level><Task>11</Task><Opcode>0</Opcode><Keywords>0x8000000000000000</Keywords><TimeCreated SystemTime='2019-07-24T17:57:09.283892800Z'/><EventRecordID>181</EventRecordID><Correlation/><Execution ProcessID='3324' ThreadID='3220'/><Channel>Microsoft-Windows-Sysmon/Operational</Channel><Computer>DESKTOP-FVSHABR</Computer><Security UserID='S-1-5-18'/></System><EventData><Data Name='RuleName'></Data><Data Name='UtcTime'>2019-07-24 17:57:09.271</Data><Data Name='ProcessGuid'>{87E8D3BD-9BF4-5D38-0000-0010BFC30E00}</Data><Data Name='ProcessId'>4532</Data><Data Name='Image'>C:\Users\GRAPLT~1\AppData\Local\Temp\GUM5F89.tmp\GoogleUpdateSetup.exe</Data><Data Name='TargetFilename'>C:\Program Files (x86)\GUM6D35.tmp\goopdateres_it.dll</Data><Data Name='CreationUtcTime'>2019-07-24 17:57:09.271</Data></EventData></Event>
<Event xmlns='http://schemas.microsoft.com/win/2004/08/events/event'><System><Provider Name='Microsoft-Windows-Sysmon' Guid='{5770385F-C22A-43E0-BF4C-06F5698FFBD9}'/><EventID>11</EventID><Version>2</Version><Level>4</Level><Task>11</Task><Opcode>0</Opcode><Keywords>0x8000000000000000</Keywords><TimeCreated SystemTime='2019-07-24T17:57:09.291082700Z'/><EventRecordID>182</EventRecordID><Correlation/><Execution ProcessID='3324' ThreadID='3220'/><Channel>Microsoft-Windows-Sysmon/Operational</Channel><Computer>DESKTOP-FVSHABR</Computer><Security UserID='S-1-5-18'/></System><EventData><Data Name='RuleName'></Data><Data Name='UtcTime'>2019-07-24 17:57:09.286</Data><Data Name='ProcessGuid'>{87E8D3BD-9BF4-5D38-0000-0010BFC30E00}</Data><Data Name='ProcessId'>4532</Data><Data Name='Image'>C:\Users\GRAPLT~1\AppData\Local\Temp\GUM5F89.tmp\GoogleUpdateSetup.exe</Data><Data Name='TargetFilename'>C:\Program Files (x86)\GUM6D35.tmp\goopdateres_iw.dll</Data><Data Name='CreationUtcTime'>2019-07-24 17:57:09.286</Data></EventData></Event>
<Event xmlns='http://schemas.microsoft.com/win/2004/08/events/event'><System><Provider Name='Microsoft-Windows-Sysmon' Guid='{5770385F-C22A-43E0-BF4C-06F5698FFBD9}'/><EventID>11</EventID><Version>2</Version><Level>4</Level><Task>11</Task><Opcode>0</Opcode><Keywords>0x8000000000000000</Keywords><TimeCreated SystemTime='2019-07-24T17:57:09.300645000Z'/><EventRecordID>183</EventRecordID><Correlation/><Execution ProcessID='3324' ThreadID='3220'/><Channel>Microsoft-Windows-Sysmon/Operational</Channel><Computer>DESKTOP-FVSHABR</Computer><Security UserID='S-1-5-18'/></System><EventData><Data Name='RuleName'></Data><Data Name='UtcTime'>2019-07-24 17:57:09.286</Data><Data Name='ProcessGuid'>{87E8D3BD-9BF4-5D38-0000-0010BFC30E00}</Data><Data Name='ProcessId'>4532</Data><Data Name='Image'>C:\Users\GRAPLT~1\AppData\Local\Temp\GUM5F89.tmp\GoogleUpdateSetup.exe</Data><Data Name='TargetFilename'>C:\Program Files (x86)\GUM6D35.tmp\goopdateres_ja.dll</Data><Data Name='CreationUtcTime'>2019-07-24 17:57:09.286</Data></EventData></Event>
