<Event xmlns='http://schemas.microsoft.com/win/2004/08/events/event'><System><Provider Name='Microsoft-Windows-Sysmon' Guid='{5770385F-C22A-43E0-BF4C-06F5698FFBD9}'/><EventID>11</EventID><Version>2</Version><Level>4</Level><Task>11</Task><Opcode>0</Opcode><Keywords>0x8000000000000000</Keywords><TimeCreated SystemTime='2019-07-24T18:04:49.464641700Z'/><EventRecordID>520</EventRecordID><Correlation/><Execution ProcessID='3324' ThreadID='3220'/><Channel>Microsoft-Windows-Sysmon/Operational</Channel><Computer>DESKTOP-FVSHABR</Computer><Security UserID='S-1-5-18'/></System><EventData><Data Name='RuleName'></Data><Data Name='UtcTime'>2019-07-24 18:04:49.464</Data><Data Name='ProcessGuid'>{87E8D3BD-9D3F-5D38-0000-00101A711700}</Data><Data Name='ProcessId'>2824</Data><Data Name='Image'>C:\Windows\system32\msiexec.exe</Data><Data Name='TargetFilename'>C:\Windows\System32\mfc140cht.dll</Data><Data Name='CreationUtcTime'>2019-07-24 18:04:49.463</Data></EventData></Event>
<Event xmlns='http://schemas.microsoft.com/win/2004/08/events/event'><System><Provider Name='Microsoft-Windows-Sysmon' Guid='{5770385F-C22A-43E0-BF4C-06F5698FFBD9}'/><EventID>11</EventID><Version>2</Version><Level>4</Level><Task>11</Task><Opcode>0</Opcode><Keywords>0x8000000000000000</Keywords><TimeCreated SystemTime='2019-07-24T18:04:49.475565700Z'/><EventRecordID>521</EventRecordID><Correlation/><Execution ProcessID='3324' ThreadID='3220'/><Channel>Microsoft-Windows-Sysmon/Operational</Channel><Computer>DESKTOP-FVSHABR</Computer><Security UserID='S-1-5-18'/></System><EventData><Data Name='RuleName'></Data><Data Name='UtcTime'>2019-07-24 18:04:49.475</Data><Data Name='ProcessGuid'>{87E8D3BD-9D3F-5D38-0000-00101A711700}</Data><Data Name='ProcessId'>2824</Data><Data Name='Image'>C:\Windows\system32\msiexec.exe</Data><Data Name='TargetFilename'>C:\Windows\System32\mfc140deu.dll</Data><Data Name='CreationUtcTime'>2019-07-24 18:04:49.473</Data></EventData></Event>
<Event xmlns='http://schemas.microsoft.com/win/2004/08/events/event'><System><Provider Name='Microsoft-Windows-Sysmon' Guid='{5770385F-C22A-43E0-BF4C-06F5698FFBD9}'/><EventID>11</EventID><Version>2</Version><Level>4</Level><Task>11</Task><Opcode>0</Opcode><Keywords>0x8000000000000000</Keywords><TimeCreated SystemTime='2019-07-24T18:04:49.485096600Z'/><EventRecordID>522</EventRecordID><Correlation/><Execution ProcessID='3324' ThreadID='3220'/><Channel>Microsoft-Windows-Sysmon/Operational</Channel><Computer>DESKTOP-FVSHABR</Computer><Security UserID='S-1-5-18'/></System><EventData><Data Name='RuleName'></Data><Data Name='UtcTime'>2019-07-24 18:04:49.484</Data><Data Name='ProcessGuid'>{87E8D3BD-9D3F-5D38-0000-00101A711700}</Data><Data Name='ProcessId'>2824</Data><Data Name='Image'>C:\Windows\system32\msiexec.exe</Data><Data Name='TargetFilename'>C:\Windows\System32\mfc140enu.dll</Data><Data Name='CreationUtcTime'>2019-07-24 18:04:49.484</Data></EventData></Event>
<Event xmlns='http://schemas.microsoft.com/win/2004/08/events/event'><System><Provider Name='Microsoft-Windows-Sysmon' Guid='{5770385F-C22A-43E0-BF4C-06F5698FFBD9}'/><EventID>11</EventID><Version>2</Version><Level>4</Level><Task>11</Task><Opcode>0</Opcode><Keywords>0x8000000000000000</Keywords><TimeCreated SystemTime='2019-07-24T18:04:49.497288500Z'/><EventRecordID>523</EventRecordID><Correlation/><Execution ProcessID='3324' ThreadID='3220'/><Channel>Microsoft-Windows-Sysmon/Operational</Channel><Computer>DESKTOP-FVSHABR</Computer><Security UserID='S-1-5-18'/></System><EventData><Data Name='RuleName'></Data><Data Name='UtcTime'>2019-07-24 18:04:49.497</Data><Data Name='ProcessGuid'>{87E8D3BD-9D3F-5D38-0000-00101A711700}</Data><Data Name='ProcessId'>2824</Data><Data Name='Image'>C:\Windows\system32\msiexec.exe</Data><Data Name='TargetFilename'>C:\Windows\System32\mfc140esn.dll</Data><Data Name='CreationUtcTime'>2019-07-24 18:04:49.495</Data></EventData></Event>
<Event xmlns='http://schemas.microsoft.com/win/2004/08/events/event'><System><Provider Name='Microsoft-Windows-Sysmon' Guid='{5770385F-C22A-43E0-BF4C-06F5698FFBD9}'/><EventID>11</EventID><Version>2</Version><Level>4</Level><Task>11</Task><Opcode>0</Opcode><Keywords>0x8000000000000000</Keywords><TimeCreated SystemTime='2019-07-24T18:04:49.506343000Z'/><EventRecordID>524</EventRecordID><Correlation/><Execution ProcessID='3324' ThreadID='3220'/><Channel>Microsoft-Windows-Sysmon/Operational</Channel><Computer>DESKTOP-FVSHABR</Computer><Security UserID='S-1-5-18'/></System><EventData><Data Name='RuleName'></Data><Data Name='UtcTime'>2019-07-24 18:04:49.504</Data><Data Name='ProcessGuid'>{87E8D3BD-9D3F-5D38-0000-00101A711700}</Data><Data Name='ProcessId'>2824</Data><Data Name='Image'>C:\Windows\system32\msiexec.exe</Data><Data Name='TargetFilename'>C:\Windows\System32\mfc140fra.dll</Data><Data Name='CreationUtcTime'>2019-07-24 18:04:49.504</Data></EventData></Event>
<Event xmlns='http://schemas.microsoft.com/win/2004/08/events/event'><System><Provider Name='Microsoft-Windows-Sysmon' Guid='{5770385F-C22A-43E0-BF4C-06F5698FFBD9}'/><EventID>11</EventID><Version>2</Version><Level>4</Level><Task>11</Task><Opcode>0</Opcode><Keywords>0x8000000000000000</Keywords><TimeCreated SystemTime='2019-07-24T18:04:49.517685400Z'/><EventRecordID>525</EventRecordID><Correlation/><Execution ProcessID='3324' ThreadID='3220'/><Channel>Microsoft-Windows-Sysmon/Operational</Channel><Computer>DESKTOP-FVSHABR</Computer><Security UserID='S-1-5-18'/></System><EventData><Data Name='RuleName'></Data><Data Name='UtcTime'>2019-07-24 18:04:49.516</Data><Data Name='ProcessGuid'>{87E8D3BD-9D3F-5D38-0000-00101A711700}</Data><Data Name='ProcessId'>2824</Data><Data Name='Image'>C:\Windows\system32\msiexec.exe</Data><Data Name='TargetFilename'>C:\Windows\System32\mfc140ita.dll</Data><Data Name='CreationUtcTime'>2019-07-24 18:04:49.516</Data></EventData></Event>
<Event xmlns='http://schemas.microsoft.com/win/2004/08/events/event'><System><Provider Name='Microsoft-Windows-Sysmon' Guid='{5770385F-C22A-43E0-BF4C-06F5698FFBD9}'/><EventID>11</EventID><Version>2</Version><Level>4</Level><Task>11</Task><Opcode>0</Opcode><Keywords>0x8000000000000000</Keywords><TimeCreated SystemTime='2019-07-24T18:04:49.527957500Z'/><EventRecordID>526</EventRecordID><Correlation/><Execution ProcessID='3324' ThreadID='3220'/><Channel>Microsoft-Windows-Sysmon/Operational</Channel><Computer>DESKTOP-FVSHABR</Computer><Security UserID='S-1-5-18'/></System><EventData><Data Name='RuleName'></Data><Data Name='UtcTime'>2019-07-24 18:04:49.527</Data><Data Name='ProcessGuid'>{87E8D3BD-9D3F-5D38-0000-00101A711700}</Data><Data Name='ProcessId'>2824</Data><Data Name='Image'>C:\Windows\system32\msiexec.exe</Data><Data Name='TargetFilename'>C:\Windows\System32\mfc140jpn.dll</Data><Data Name='CreationUtcTime'>2019-07-24 18:04:49.526</Data></EventData></Event>
<Event xmlns='http://schemas.microsoft.com/win/2004/08/events/event'><System><Provider Name='Microsoft-Windows-Sysmon' Guid='{5770385F-C22A-43E0-BF4C-06F5698FFBD9}'/><EventID>11</EventID><Version>2</Version><Level>4</Level><Task>11</Task><Opcode>0</Opcode><Keywords>0x8000000000000000</Keywords><TimeCreated SystemTime='2019-07-24T18:04:49.538875800Z'/><EventRecordID>527</EventRecordID><Correlation/><Execution ProcessID='3324' ThreadID='3220'/><Channel>Microsoft-Windows-Sysmon/Operational</Channel><Computer>DESKTOP-FVSHABR</Computer><Security UserID='S-1-5-18'/></System><EventData><Data Name='RuleName'></Data><Data Name='UtcTime'>2019-07-24 18:04:49.538</Data><Data Name='ProcessGuid'>{87E8D3BD-9D3F-5D38-0000-00101A711700}</Data><Data Name='ProcessId'>2824</Data><Data Name='Image'>C:\Windows\system32\msiexec.exe</Data><Data Name='TargetFilename'>C:\Windows\System32\mfc140kor.dll</Data><Data Name='CreationUtcTime'>2019-07-24 18:04:49.538</Data></EventData></Event>
<Event xmlns='http://schemas.microsoft.com/win/2004/08/events/event'><System><Provider Name='Microsoft-Windows-Sysmon' Guid='{5770385F-C22A-43E0-BF4C-06F5698FFBD9}'/><EventID>11</EventID><Version>2</Version><Level>4</Level><Task>11</Task><Opcode>0</Opcode><Keywords>0x8000000000000000</Keywords><TimeCreated SystemTime='2019-07-24T18:04:49.548745900Z'/><EventRecordID>528</EventRecordID><Correlation/><Execution ProcessID='3324' ThreadID='3220'/><Channel>Microsoft-Windows-Sysmon/Operational</Channel><Computer>DESKTOP-FVSHABR</Computer><Security UserID='S-1-5-18'/></System><EventData><Data Name='RuleName'></Data><Data Name='UtcTime'>2019-07-24 18:04:49.548</Data><Data Name='ProcessGuid'>{87E8D3BD-9D3F-5D38-0000-00101A711700}</Data><Data Name='ProcessId'>2824</Data><Data Name='Image'>C:\Windows\system32\msiexec.exe</Data><Data Name='TargetFilename'>C:\Windows\System32\mfc140rus.dll</Data><Data Name='CreationUtcTime'>2019-07-24 18:04:49.548</Data></EventData></Event>
<Event xmlns='http://schemas.microsoft.com/win/2004/08/events/event'><System><Provider Name='Microsoft-Windows-Sysmon' Guid='{5770385F-C22A-43E0-BF4C-06F5698FFBD9}'/><EventID>11</EventID><Version>2</Version><Level>4</Level><Task>11</Task><Opcode>0</Opcode><Keywords>0x8000000000000000</Keywords><TimeCreated SystemTime='2019-07-24T18:04:49.558506300Z'/><EventRecordID>529</EventRecordID><Correlation/><Execution ProcessID='3324' ThreadID='3220'/><Channel>Microsoft-Windows-Sysmon/Operational</Channel><Computer>DESKTOP-FVSHABR</Computer><Security UserID='S-1-5-18'/></System><EventData><Data Name='RuleName'></Data><Data Name='UtcTime'>2019-07-24 18:04:49.557</Data><Data Name='ProcessGuid'>{87E8D3BD-9D3F-5D38-0000-00101A711700}</Data><Data Name='ProcessId'>2824</Data><Data Name='Image'>C:\Windows\system32\msiexec.exe</Data><Data Name='TargetFilename'>C:\Windows\System32\mfc140u.dll</Data><Data Name='CreationUtcTime'>2019-07-24 18:04:49.557</Data></EventData></Event>
<Event xmlns='http://schemas.microsoft.com/win/2004/08/events/event'><System><Provider Name='Microsoft-Windows-Sysmon' Guid='{5770385F-C22A-43E0-BF4C-06F5698FFBD9}'/><EventID>11</EventID><Version>2</Version><Level>4</Level><Task>11</Task><Opcode>0</Opcode><Keywords>0x8000000000000000</Keywords><TimeCreated SystemTime='2019-07-24T18:04:49.629195700Z'/><EventRecordID>530</EventRecordID><Correlation/><Execution ProcessID='3324' ThreadID='3220'/><Channel>Microsoft-Windows-Sysmon/Operational</Channel><Computer>DESKTOP-FVSHABR</Computer><Security UserID='S-1-5-18'/></System><EventData><Data Name='RuleName'></Data><Data Name='UtcTime'>2019-07-24 18:04:49.627</Data><Data Name='ProcessGuid'>{87E8D3BD-9D3F-5D38-0000-00101A711700}</Data><Data Name='ProcessId'>2824</Data><Data Name='Image'>C:\Windows\system32\msiexec.exe</Data><Data Name='TargetFilename'>C:\Windows\System32\mfcm140.dll</Data><Data Name='CreationUtcTime'>2019-07-24 18:04:49.627</Data></EventData></Event>
<Event xmlns='http://schemas.microsoft.com/win/2004/08/events/event'><System><Provider Name='Microsoft-Windows-Sysmon' Guid='{5770385F-C22A-43E0-BF4C-06F5698FFBD9}'/><EventID>11</EventID><Version>2</Version><Level>4</Level><Task>11</Task><Opcode>0</Opcode><Keywords>0x8000000000000000</Keywords><TimeCreated SystemTime='2019-07-24T18:04:49.651420400Z'/><EventRecordID>531</EventRecordID><Correlation/><Execution ProcessID='3324' ThreadID='3220'/><Channel>Microsoft-Windows-Sysmon/Operational</Channel><Computer>DESKTOP-FVSHABR</Computer><Security UserID='S-1-5-18'/></System><EventData><Data Name='RuleName'></Data><Data Name='UtcTime'>2019-07-24 18:04:49.650</Data><Data Name='ProcessGuid'>{87E8D3BD-9D3F-5D38-0000-00101A711700}</Data><Data Name='ProcessId'>2824</Data><Data Name='Image'>C:\Windows\system32\msiexec.exe</Data><Data Name='TargetFilename'>C:\Windows\System32\mfcm140u.dll</Data><Data Name='CreationUtcTime'>2019-07-24 18:04:49.650</Data></EventData></Event>
<Event xmlns='http://schemas.microsoft.com/win/2004/08/events/event'><System><Provider Name='Microsoft-Windows-Sysmon' Guid='{5770385F-C22A-43E0-BF4C-06F5698FFBD9}'/><EventID>13</EventID><Version>2</Version><Level>4</Level><Task>13</Task><Opcode>0</Opcode><Keywords>0x8000000000000000</Keywords><TimeCreated SystemTime='2019-07-24T18:04:49.705423800Z'/><EventRecordID>532</EventRecordID><Correlation/><Execution ProcessID='3324' ThreadID='3220'/><Channel>Microsoft-Windows-Sysmon/Operational</Channel><Computer>DESKTOP-FVSHABR</Computer><Security UserID='S-1-5-18'/></System><EventData><Data Name='RuleName'></Data><Data Name='EventType'>SetValue</Data><Data Name='UtcTime'>2019-07-24 18:04:49.697</Data><Data Name='ProcessGuid'>{87E8D3BD-9D3F-5D38-0000-00101A711700}</Data><Data Name='ProcessId'>2824</Data><Data Name='Image'>C:\Windows\system32\msiexec.exe</Data><Data Name='TargetObject'>HKLM\SOFTWARE\Microsoft\Windows\CurrentVersion\Installer\UserData\S-1-5-18\Products\9804311295B98C43EB1129D962DA2570\InstallProperties\InstallSource</Data><Data Name='Details'>C:\ProgramData\Package Cache\{21134089-9B59-34C8-BE11-929D26AD5207}v14.0.24123\packages\vcRuntimeAdditional_amd64\</Data></EventData></Event>
<Event xmlns='http://schemas.microsoft.com/win/2004/08/events/event'><System><Provider Name='Microsoft-Windows-Sysmon' Guid='{5770385F-C22A-43E0-BF4C-06F5698FFBD9}'/><EventID>13</EventID><Version>2</Version><Level>4</Level><Task>13</Task><Opcode>0</Opcode><Keywords>0x8000000000000000</Keywords><TimeCreated SystemTime='2019-07-24T18:04:49.708103500Z'/><EventRecordID>533</EventRecordID><Correlation/><Execution ProcessID='3324' ThreadID='3220'/><Channel>Microsoft-Windows-Sysmon/Operational</Channel><Computer>DESKTOP-FVSHABR</Computer><Security UserID='S-1-5-18'/></System><EventData><Data Name='RuleName'>InvDB-Pub</Data><Data Name='EventType'>SetValue</Data><Data Name='UtcTime'>2019-07-24 18:04:49.697</Data><Data Name='ProcessGuid'>{87E8D3BD-9D3F-5D38-0000-00101A711700}</Data><Data Name='ProcessId'>2824</Data><Data Name='Image'>C:\Windows\system32\msiexec.exe</Data><Data Name='TargetObject'>HKLM\SOFTWARE\Microsoft\Windows\CurrentVersion\Installer\UserData\S-1-5-18\Products\9804311295B98C43EB1129D962DA2570\InstallProperties\Publisher</Data><Data Name='Details'>Microsoft Corporation</Data></EventData></Event>
<Event xmlns='http://schemas.microsoft.com/win/2004/08/events/event'><System><Provider Name='Microsoft-Windows-Sysmon' Guid='{5770385F-C22A-43E0-BF4C-06F5698FFBD9}'/><EventID>13</EventID><Version>2</Version><Level>4</Level><Task>13</Task><Opcode>0</Opcode><Keywords>0x8000000000000000</Keywords><TimeCreated SystemTime='2019-07-24T18:04:49.713152400Z'/><EventRecordID>534</EventRecordID><Correlation/><Execution ProcessID='3324' ThreadID='3220'/><Channel>Microsoft-Windows-Sysmon/Operational</Channel><Computer>DESKTOP-FVSHABR</Computer><Security UserID='S-1-5-18'/></System><EventData><Data Name='RuleName'></Data><Data Name='EventType'>SetValue</Data><Data Name='UtcTime'>2019-07-24 18:04:49.698</Data><Data Name='ProcessGuid'>{87E8D3BD-9D3F-5D38-0000-00101A711700}</Data><Data Name='ProcessId'>2824</Data><Data Name='Image'>C:\Windows\system32\msiexec.exe</Data><Data Name='TargetObject'>HKLM\SOFTWARE\Microsoft\Windows\CurrentVersion\Installer\UserData\S-1-5-18\Products\9804311295B98C43EB1129D962DA2570\InstallProperties\URLUpdateInfo</Data><Data Name='Details'>(Empty)</Data></EventData></Event>
<Event xmlns='http://schemas.microsoft.com/win/2004/08/events/event'><System><Provider Name='Microsoft-Windows-Sysmon' Guid='{5770385F-C22A-43E0-BF4C-06F5698FFBD9}'/><EventID>13</EventID><Version>2</Version><Level>4</Level><Task>13</Task><Opcode>0</Opcode><Keywords>0x8000000000000000</Keywords><TimeCreated SystemTime='2019-07-24T18:04:49.719638300Z'/><EventRecordID>535</EventRecordID><Correlation/><Execution ProcessID='3324' ThreadID='3220'/><Channel>Microsoft-Windows-Sysmon/Operational</Channel><Computer>DESKTOP-FVSHABR</Computer><Security UserID='S-1-5-18'/></System><EventData><Data Name='RuleName'></Data><Data Name='EventType'>SetValue</Data><Data Name='UtcTime'>2019-07-24 18:04:49.698</Data><Data Name='ProcessGuid'>{87E8D3BD-9D3F-5D38-0000-00101A711700}</Data><Data Name='ProcessId'>2824</Data><Data Name='Image'>C:\Windows\system32\msiexec.exe</Data><Data Name='TargetObject'>HKLM\SOFTWARE\Microsoft\Windows\CurrentVersion\Uninstall\{21134089-9B59-34C8-BE11-929D26AD5207}\InstallSource</Data><Data Name='Details'>C:\ProgramData\Package Cache\{21134089-9B59-34C8-BE11-929D26AD5207}v14.0.24123\packages\vcRuntimeAdditional_amd64\</Data></EventData></Event>
<Event xmlns='http://schemas.microsoft.com/win/2004/08/events/event'><System><Provider Name='Microsoft-Windows-Sysmon' Guid='{5770385F-C22A-43E0-BF4C-06F5698FFBD9}'/><EventID>13</EventID><Version>2</Version><Level>4</Level><Task>13</Task><Opcode>0</Opcode><Keywords>0x8000000000000000</Keywords><TimeCreated SystemTime='2019-07-24T18:04:49.720722000Z'/><EventRecordID>536</EventRecordID><Correlation/><Execution ProcessID='3324' ThreadID='3220'/><Channel>Microsoft-Windows-Sysmon/Operational</Channel><Computer>DESKTOP-FVSHABR</Computer><Security UserID='S-1-5-18'/></System><EventData><Data Name='RuleName'>InvDB-Pub</Data><Data Name='EventType'>SetValue</Data><Data Name='UtcTime'>2019-07-24 18:04:49.700</Data><Data Name='ProcessGuid'>{87E8D3BD-9D3F-5D38-0000-00101A711700}</Data><Data Name='ProcessId'>2824</Data><Data Name='Image'>C:\Windows\system32\msiexec.exe</Data><Data Name='TargetObject'>HKLM\SOFTWARE\Microsoft\Windows\CurrentVersion\Uninstall\{21134089-9B59-34C8-BE11-929D26AD5207}\Publisher</Data><Data Name='Details'>Microsoft Corporation</Data></EventData></Event>
<Event xmlns='http://schemas.microsoft.com/win/2004/08/events/event'><System><Provider Name='Microsoft-Windows-Sysmon' Guid='{5770385F-C22A-43E0-BF4C-06F5698FFBD9}'/><EventID>13</EventID><Version>2</Version><Level>4</Level><Task>13</Task><Opcode>0</Opcode><Keywords>0x8000000000000000</Keywords><TimeCreated SystemTime='2019-07-24T18:04:49.723762300Z'/><EventRecordID>537</EventRecordID><Correlation/><Execution ProcessID='3324' ThreadID='3220'/><Channel>Microsoft-Windows-Sysmon/Operational</Channel><Computer>DESKTOP-FVSHABR</Computer><Security UserID='S-1-5-18'/></System><EventData><Data Name='RuleName'></Data><Data Name='EventType'>SetValue</Data><Data Name='UtcTime'>2019-07-24 18:04:49.700</Data><Data Name='ProcessGuid'>{87E8D3BD-9D3F-5D38-0000-00101A711700}</Data><Data Name='ProcessId'>2824</Data><Data Name='Image'>C:\Windows\system32\msiexec.exe</Data><Data Name='TargetObject'>HKLM\SOFTWARE\Microsoft\Windows\CurrentVersion\Uninstall\{21134089-9B59-34C8-BE11-929D26AD5207}\URLUpdateInfo</Data><Data Name='Details'>(Empty)</Data></EventData></Event>
<Event xmlns='http://schemas.microsoft.com/win/2004/08/events/event'><System><Provider Name='Microsoft-Windows-Sysmon' Guid='{5770385F-C22A-43E0-BF4C-06F5698FFBD9}'/><EventID>12</EventID><Version>2</Version><Level>4</Level><Task>12</Task><Opcode>0</Opcode><Keywords>0x8000000000000000</Keywords><TimeCreated SystemTime='2019-07-24T18:04:49.878926900Z'/><EventRecordID>538</EventRecordID><Correlation/><Execution ProcessID='3324' ThreadID='3220'/><Channel>Microsoft-Windows-Sysmon/Operational</Channel><Computer>DESKTOP-FVSHABR</Computer><Security UserID='S-1-5-18'/></System><EventData><Data Name='RuleName'>T1060,RunKey</Data><Data Name='EventType'>DeleteValue</Data><Data Name='UtcTime'>2019-07-24 18:04:49.876</Data><Data Name='ProcessGuid'>{87E8D3BD-9DBF-5D38-0000-0010BACB1C00}</Data><Data Name='ProcessId'>464</Data><Data Name='Image'>C:\Users\GRAPLT~1\AppData\Local\Temp\{2cbcedbb-f38c-48a3-a3e1-6c6fd821a7f4}\.be\VC_redist.x64.exe</Data><Data Name='TargetObject'>HKLM\SOFTWARE\Wow6432Node\Microsoft\Windows\CurrentVersion\RunOnce\{2cbcedbb-f38c-48a3-a3e1-6c6fd821a7f4}</Data></EventData></Event>
<Event xmlns='http://schemas.microsoft.com/win/2004/08/events/event'><System><Provider Name='Microsoft-Windows-Sysmon' Guid='{5770385F-C22A-43E0-BF4C-06F5698FFBD9}'/><EventID>5</EventID><Version>3</Version><Level>4</Level><Task>5</Task><Opcode>0</Opcode><Keywords>0x8000000000000000</Keywords><TimeCreated SystemTime='2019-07-24T18:04:56.913865500Z'/><EventRecordID>539</EventRecordID><Correlation/><Execution ProcessID='3324' ThreadID='3220'/><Channel>Microsoft-Windows-Sysmon/Operational</Channel><Computer>DESKTOP-FVSHABR</Computer><Security UserID='S-1-5-18'/></System><EventData><Data Name='RuleName'></Data><Data Name='UtcTime'>2019-07-24 18:04:56.912</Data><Data Name='ProcessGuid'>{87E8D3BD-9DBF-5D38-0000-0010BACB1C00}</Data><Data Name='ProcessId'>464</Data><Data Name='Image'>C:\Users\GRAPLT~1\AppData\Local\Temp\{2cbcedbb-f38c-48a3-a3e1-6c6fd821a7f4}\.be\VC_redist.x64.exe</Data></EventData></Event>
<Event xmlns='http://schemas.microsoft.com/win/2004/08/events/event'><System><Provider Name='Microsoft-Windows-Sysmon' Guid='{5770385F-C22A-43E0-BF4C-06F5698FFBD9}'/><EventID>5</EventID><Version>3</Version><Level>4</Level><Task>5</Task><Opcode>0</Opcode><Keywords>0x8000000000000000</Keywords><TimeCreated SystemTime='2019-07-24T18:04:56.947264500Z'/><EventRecordID>540</EventRecordID><Correlation/><Execution ProcessID='3324' ThreadID='3220'/><Channel>Microsoft-Windows-Sysmon/Operational</Channel><Computer>DESKTOP-FVSHABR</Computer><Security UserID='S-1-5-18'/></System><EventData><Data Name='RuleName'></Data><Data Name='UtcTime'>2019-07-24 18:04:56.946</Data><Data Name='ProcessGuid'>{87E8D3BD-9DB7-5D38-0000-001005841C00}</Data><Data Name='ProcessId'>3968</Data><Data Name='Image'>C:\Users\grapltest\Downloads\vc_redist.x64.exe</Data></EventData></Event>
<Event xmlns='http://schemas.microsoft.com/win/2004/08/events/event'><System><Provider Name='Microsoft-Windows-Sysmon' Guid='{5770385F-C22A-43E0-BF4C-06F5698FFBD9}'/><EventID>13</EventID><Version>2</Version><Level>4</Level><Task>13</Task><Opcode>0</Opcode><Keywords>0x8000000000000000</Keywords><TimeCreated SystemTime='2019-07-24T18:04:59.955337000Z'/><EventRecordID>541</EventRecordID><Correlation/><Execution ProcessID='3324' ThreadID='3220'/><Channel>Microsoft-Windows-Sysmon/Operational</Channel><Computer>DESKTOP-FVSHABR</Computer><Security UserID='S-1-5-18'/></System><EventData><Data Name='RuleName'>InvDB</Data><Data Name='EventType'>SetValue</Data><Data Name='UtcTime'>2019-07-24 18:04:59.953</Data><Data Name='ProcessGuid'>{87E8D3BD-998D-5D38-0000-001039DC0000}</Data><Data Name='ProcessId'>300</Data><Data Name='Image'>C:\Windows\system32\svchost.exe</Data><Data Name='TargetObject'>HKU\S-1-5-21-475214889-3710252578-4288414562-1001\SOFTWARE\Microsoft\Windows NT\CurrentVersion\AppCompatFlags\Compatibility Assistant\Store\C:\Users\grapltest\Downloads\vc_redist.x64.exe</Data><Data Name='Details'>Binary Data</Data></EventData></Event>
<Event xmlns='http://schemas.microsoft.com/win/2004/08/events/event'><System><Provider Name='Microsoft-Windows-Sysmon' Guid='{5770385F-C22A-43E0-BF4C-06F5698FFBD9}'/><EventID>1</EventID><Version>5</Version><Level>4</Level><Task>1</Task><Opcode>0</Opcode><Keywords>0x8000000000000000</Keywords><TimeCreated SystemTime='2019-07-24T18:05:11.623239300Z'/><EventRecordID>542</EventRecordID><Correlation/><Execution ProcessID='3324' ThreadID='3220'/><Channel>Microsoft-Windows-Sysmon/Operational</Channel><Computer>DESKTOP-FVSHABR</Computer><Security UserID='S-1-5-18'/></System><EventData><Data Name='RuleName'></Data><Data Name='UtcTime'>2019-07-24 18:05:11.591</Data><Data Name='ProcessGuid'>{87E8D3BD-9DD7-5D38-0000-00107E781D00}</Data><Data Name='ProcessId'>4164</Data><Data Name='Image'>C:\Users\grapltest\Downloads\dropper.exe</Data><Data Name='FileVersion'>?</Data><Data Name='Description'>?</Data><Data Name='Product'>?</Data><Data Name='Company'>?</Data><Data Name='OriginalFileName'>?</Data><Data Name='CommandLine'>"C:\Users\grapltest\Downloads\dropper.exe" </Data><Data Name='CurrentDirectory'>C:\Users\grapltest\Downloads\</Data><Data Name='User'>DESKTOP-FVSHABR\grapltest</Data><Data Name='LogonGuid'>{87E8D3BD-99C8-5D38-0000-002088140200}</Data><Data Name='LogonId'>0x21488</Data><Data Name='TerminalSessionId'>1</Data><Data Name='IntegrityLevel'>Medium</Data><Data Name='Hashes'>MD5=C7658F72E61A42B837097A5470D82195,SHA256=D99973C424E069636EABB5647E3A7DE2B2C45CBDCD87D5C8DCA5DF289D69AA12</Data><Data Name='ParentProcessGuid'>{87E8D3BD-9D68-5D38-0000-00100B6C1800}</Data><Data Name='ParentProcessId'>5176</Data><Data Name='ParentImage'>C:\Program Files (x86)\Google\Chrome\Application\chrome.exe</Data><Data Name='ParentCommandLine'>"C:\Program Files (x86)\Google\Chrome\Application\chrome.exe" </Data></EventData></Event>
<Event xmlns='http://schemas.microsoft.com/win/2004/08/events/event'><System><Provider Name='Microsoft-Windows-Sysmon' Guid='{5770385F-C22A-43E0-BF4C-06F5698FFBD9}'/><EventID>11</EventID><Version>2</Version><Level>4</Level><Task>11</Task><Opcode>0</Opcode><Keywords>0x8000000000000000</Keywords><TimeCreated SystemTime='2019-07-24T18:05:12.674181600Z'/><EventRecordID>543</EventRecordID><Correlation/><Execution ProcessID='3324' ThreadID='3220'/><Channel>Microsoft-Windows-Sysmon/Operational</Channel><Computer>DESKTOP-FVSHABR</Computer><Security UserID='S-1-5-18'/></System><EventData><Data Name='RuleName'>FileCreate-Downloads</Data><Data Name='UtcTime'>2019-07-24 18:05:12.673</Data><Data Name='ProcessGuid'>{87E8D3BD-9DD7-5D38-0000-00107E781D00}</Data><Data Name='ProcessId'>4164</Data><Data Name='Image'>C:\Users\grapltest\Downloads\dropper.exe</Data><Data Name='TargetFilename'>C:\Users\grapltest\Downloads\svchost.exe</Data><Data Name='CreationUtcTime'>2019-07-24 18:05:12.673</Data></EventData></Event>
<Event xmlns='http://schemas.microsoft.com/win/2004/08/events/event'><System><Provider Name='Microsoft-Windows-Sysmon' Guid='{5770385F-C22A-43E0-BF4C-06F5698FFBD9}'/><EventID>1</EventID><Version>5</Version><Level>4</Level><Task>1</Task><Opcode>0</Opcode><Keywords>0x8000000000000000</Keywords><TimeCreated SystemTime='2019-07-24T18:05:12.692396800Z'/><EventRecordID>544</EventRecordID><Correlation/><Execution ProcessID='3324' ThreadID='3220'/><Channel>Microsoft-Windows-Sysmon/Operational</Channel><Computer>DESKTOP-FVSHABR</Computer><Security UserID='S-1-5-18'/></System><EventData><Data Name='RuleName'></Data><Data Name='UtcTime'>2019-07-24 18:05:12.686</Data><Data Name='ProcessGuid'>{87E8D3BD-9DD8-5D38-0000-0010C7861D00}</Data><Data Name='ProcessId'>5824</Data><Data Name='Image'>C:\Windows\System32\cmd.exe</Data><Data Name='FileVersion'>10.0.10240.16384 (th1.150709-1700)</Data><Data Name='Description'>Windows Command Processor</Data><Data Name='Product'>Microsoft® Windows® Operating System</Data><Data Name='Company'>Microsoft Corporation</Data><Data Name='OriginalFileName'>Cmd.Exe</Data><Data Name='CommandLine'>"cmd" /C .\svchost.exe</Data><Data Name='CurrentDirectory'>C:\Users\grapltest\Downloads\</Data><Data Name='User'>DESKTOP-FVSHABR\grapltest</Data><Data Name='LogonGuid'>{87E8D3BD-99C8-5D38-0000-002088140200}</Data><Data Name='LogonId'>0x21488</Data><Data Name='TerminalSessionId'>1</Data><Data Name='IntegrityLevel'>Medium</Data><Data Name='Hashes'>MD5=A6177D080759CF4A03EF837A38F62401,SHA256=79D1FFABDD7841D9043D4DDF1F93721BCD35D823614411FD4EAB5D2C16A86F35</Data><Data Name='ParentProcessGuid'>{87E8D3BD-9DD7-5D38-0000-00107E781D00}</Data><Data Name='ParentProcessId'>4164</Data><Data Name='ParentImage'>C:\Users\grapltest\Downloads\dropper.exe</Data><Data Name='ParentCommandLine'>"C:\Users\grapltest\Downloads\dropper.exe" </Data></EventData></Event>
<Event xmlns='http://schemas.microsoft.com/win/2004/08/events/event'><System><Provider Name='Microsoft-Windows-Sysmon' Guid='{5770385F-C22A-43E0-BF4C-06F5698FFBD9}'/><EventID>1</EventID><Version>5</Version><Level>4</Level><Task>1</Task><Opcode>0</Opcode><Keywords>0x8000000000000000</Keywords><TimeCreated SystemTime='2019-07-24T18:05:12.703897300Z'/><EventRecordID>545</EventRecordID><Correlation/><Execution ProcessID='3324' ThreadID='3220'/><Channel>Microsoft-Windows-Sysmon/Operational</Channel><Computer>DESKTOP-FVSHABR</Computer><Security UserID='S-1-5-18'/></System><EventData><Data Name='RuleName'></Data><Data Name='UtcTime'>2019-07-24 18:05:12.699</Data><Data Name='ProcessGuid'>{87E8D3BD-9DD8-5D38-0000-00109F871D00}</Data><Data Name='ProcessId'>6132</Data><Data Name='Image'>C:\Users\grapltest\Downloads\svchost.exe</Data><Data Name='FileVersion'>?</Data><Data Name='Description'>?</Data><Data Name='Product'>?</Data><Data Name='Company'>?</Data><Data Name='OriginalFileName'>?</Data><Data Name='CommandLine'>.\svchost.exe</Data><Data Name='CurrentDirectory'>C:\Users\grapltest\Downloads\</Data><Data Name='User'>DESKTOP-FVSHABR\grapltest</Data><Data Name='LogonGuid'>{87E8D3BD-99C8-5D38-0000-002088140200}</Data><Data Name='LogonId'>0x21488</Data><Data Name='TerminalSessionId'>1</Data><Data Name='IntegrityLevel'>Medium</Data><Data Name='Hashes'>MD5=0401ACBF896AB7216829DBDB94796234,SHA256=DA0273B21866E3CD1226F33F0558723B3D08375F343BE6026C2E661F4C86B396</Data><Data Name='ParentProcessGuid'>{87E8D3BD-9DD8-5D38-0000-0010C7861D00}</Data><Data Name='ParentProcessId'>5824</Data><Data Name='ParentImage'>C:\Windows\System32\cmd.exe</Data><Data Name='ParentCommandLine'>"cmd" /C .\svchost.exe</Data></EventData></Event>
<Event xmlns='http://schemas.microsoft.com/win/2004/08/events/event'><System><Provider Name='Microsoft-Windows-Sysmon' Guid='{5770385F-C22A-43E0-BF4C-06F5698FFBD9}'/><EventID>1</EventID><Version>5</Version><Level>4</Level><Task>1</Task><Opcode>0</Opcode><Keywords>0x8000000000000000</Keywords><TimeCreated SystemTime='2019-07-24T18:05:12.714108700Z'/><EventRecordID>546</EventRecordID><Correlation/><Execution ProcessID='3324' ThreadID='3220'/><Channel>Microsoft-Windows-Sysmon/Operational</Channel><Computer>DESKTOP-FVSHABR</Computer><Security UserID='S-1-5-18'/></System><EventData><Data Name='RuleName'></Data><Data Name='UtcTime'>2019-07-24 18:05:12.711</Data><Data Name='ProcessGuid'>{87E8D3BD-9DD8-5D38-0000-00109D881D00}</Data><Data Name='ProcessId'>5344</Data><Data Name='Image'>C:\Windows\System32\cmd.exe</Data><Data Name='FileVersion'>10.0.10240.16384 (th1.150709-1700)</Data><Data Name='Description'>Windows Command Processor</Data><Data Name='Product'>Microsoft® Windows® Operating System</Data><Data Name='Company'>Microsoft Corporation</Data><Data Name='OriginalFileName'>Cmd.Exe</Data><Data Name='CommandLine'>"cmd" /C "rpcping  -s 127.0.0.1 -e 1234 -a privacy -u NTLM"</Data><Data Name='CurrentDirectory'>C:\Users\grapltest\Downloads\</Data><Data Name='User'>DESKTOP-FVSHABR\grapltest</Data><Data Name='LogonGuid'>{87E8D3BD-99C8-5D38-0000-002088140200}</Data><Data Name='LogonId'>0x21488</Data><Data Name='TerminalSessionId'>1</Data><Data Name='IntegrityLevel'>Medium</Data><Data Name='Hashes'>MD5=A6177D080759CF4A03EF837A38F62401,SHA256=79D1FFABDD7841D9043D4DDF1F93721BCD35D823614411FD4EAB5D2C16A86F35</Data><Data Name='ParentProcessGuid'>{87E8D3BD-9DD8-5D38-0000-00109F871D00}</Data><Data Name='ParentProcessId'>6132</Data><Data Name='ParentImage'>C:\Users\grapltest\Downloads\svchost.exe</Data><Data Name='ParentCommandLine'>.\svchost.exe</Data></EventData></Event>
<Event xmlns='http://schemas.microsoft.com/win/2004/08/events/event'><System><Provider Name='Microsoft-Windows-Sysmon' Guid='{5770385F-C22A-43E0-BF4C-06F5698FFBD9}'/><EventID>1</EventID><Version>5</Version><Level>4</Level><Task>1</Task><Opcode>0</Opcode><Keywords>0x8000000000000000</Keywords><TimeCreated SystemTime='2019-07-24T18:05:12.781227300Z'/><EventRecordID>547</EventRecordID><Correlation/><Execution ProcessID='3324' ThreadID='3220'/><Channel>Microsoft-Windows-Sysmon/Operational</Channel><Computer>DESKTOP-FVSHABR</Computer><Security UserID='S-1-5-18'/></System><EventData><Data Name='RuleName'></Data><Data Name='UtcTime'>2019-07-24 18:05:12.771</Data><Data Name='ProcessGuid'>{87E8D3BD-9DD8-5D38-0000-00106D891D00}</Data><Data Name='ProcessId'>4544</Data><Data Name='Image'>C:\Windows\System32\RpcPing.exe</Data><Data Name='FileVersion'>10.0.10240.16384 (th1.150709-1700)</Data><Data Name='Description'>RPC Ping Utility</Data><Data Name='Product'>Microsoft® Windows® Operating System</Data><Data Name='Company'>Microsoft Corporation</Data><Data Name='OriginalFileName'>RpcPing.exe</Data><Data Name='CommandLine'>rpcping   -s 127.0.0.1 -e 1234 -a privacy -u NTLM</Data><Data Name='CurrentDirectory'>C:\Users\grapltest\Downloads\</Data><Data Name='User'>DESKTOP-FVSHABR\grapltest</Data><Data Name='LogonGuid'>{87E8D3BD-99C8-5D38-0000-002088140200}</Data><Data Name='LogonId'>0x21488</Data><Data Name='TerminalSessionId'>1</Data><Data Name='IntegrityLevel'>Medium</Data><Data Name='Hashes'>MD5=386EC38DE1AF1DAB8664F2BE15739F52,SHA256=F58C0C151EF0C4D71A5CB2B39281F731B7A713343769C856C6A4A826A7347BFE</Data><Data Name='ParentProcessGuid'>{87E8D3BD-9DD8-5D38-0000-00109D881D00}</Data><Data Name='ParentProcessId'>5344</Data><Data Name='ParentImage'>C:\Windows\System32\cmd.exe</Data><Data Name='ParentCommandLine'>"cmd" /C "rpcping  -s 127.0.0.1 -e 1234 -a privacy -u NTLM"</Data></EventData></Event>
<Event xmlns='http://schemas.microsoft.com/win/2004/08/events/event'><System><Provider Name='Microsoft-Windows-Sysmon' Guid='{5770385F-C22A-43E0-BF4C-06F5698FFBD9}'/><EventID>1</EventID><Version>5</Version><Level>4</Level><Task>1</Task><Opcode>0</Opcode><Keywords>0x8000000000000000</Keywords><TimeCreated SystemTime='2019-07-24T18:05:14.358082900Z'/><EventRecordID>548</EventRecordID><Correlation/><Execution ProcessID='3324' ThreadID='3220'/><Channel>Microsoft-Windows-Sysmon/Operational</Channel><Computer>DESKTOP-FVSHABR</Computer><Security UserID='S-1-5-18'/></System><EventData><Data Name='RuleName'></Data><Data Name='UtcTime'>2019-07-24 18:05:14.352</Data><Data Name='ProcessGuid'>{87E8D3BD-9DDA-5D38-0000-001067921D00}</Data><Data Name='ProcessId'>4172</Data><Data Name='Image'>C:\Windows\System32\cmd.exe</Data><Data Name='FileVersion'>10.0.10240.16384 (th1.150709-1700)</Data><Data Name='Description'>Windows Command Processor</Data><Data Name='Product'>Microsoft® Windows® Operating System</Data><Data Name='Company'>Microsoft Corporation</Data><Data Name='OriginalFileName'>Cmd.Exe</Data><Data Name='CommandLine'>"cmd" /C whoami</Data><Data Name='CurrentDirectory'>C:\Users\grapltest\Downloads\</Data><Data Name='User'>DESKTOP-FVSHABR\grapltest</Data><Data Name='LogonGuid'>{87E8D3BD-99C8-5D38-0000-002088140200}</Data><Data Name='LogonId'>0x21488</Data><Data Name='TerminalSessionId'>1</Data><Data Name='IntegrityLevel'>Medium</Data><Data Name='Hashes'>MD5=A6177D080759CF4A03EF837A38F62401,SHA256=79D1FFABDD7841D9043D4DDF1F93721BCD35D823614411FD4EAB5D2C16A86F35</Data><Data Name='ParentProcessGuid'>{87E8D3BD-9DD8-5D38-0000-00109F871D00}</Data><Data Name='ParentProcessId'>6132</Data><Data Name='ParentImage'>C:\Users\grapltest\Downloads\svchost.exe</Data><Data Name='ParentCommandLine'>.\svchost.exe</Data></EventData></Event>
<Event xmlns='http://schemas.microsoft.com/win/2004/08/events/event'><System><Provider Name='Microsoft-Windows-Sysmon' Guid='{5770385F-C22A-43E0-BF4C-06F5698FFBD9}'/><EventID>1</EventID><Version>5</Version><Level>4</Level><Task>1</Task><Opcode>0</Opcode><Keywords>0x8000000000000000</Keywords><TimeCreated SystemTime='2019-07-24T18:05:14.380389300Z'/><EventRecordID>549</EventRecordID><Correlation/><Execution ProcessID='3324' ThreadID='3220'/><Channel>Microsoft-Windows-Sysmon/Operational</Channel><Computer>DESKTOP-FVSHABR</Computer><Security UserID='S-1-5-18'/></System><EventData><Data Name='RuleName'></Data><Data Name='UtcTime'>2019-07-24 18:05:14.372</Data><Data Name='ProcessGuid'>{87E8D3BD-9DDA-5D38-0000-001044931D00}</Data><Data Name='ProcessId'>4660</Data><Data Name='Image'>C:\Windows\System32\whoami.exe</Data><Data Name='FileVersion'>10.0.10240.16384 (th1.150709-1700)</Data><Data Name='Description'>whoami - displays logged on user information</Data><Data Name='Product'>Microsoft® Windows® Operating System</Data><Data Name='Company'>Microsoft Corporation</Data><Data Name='OriginalFileName'>whoami.exe</Data><Data Name='CommandLine'>whoami</Data><Data Name='CurrentDirectory'>C:\Users\grapltest\Downloads\</Data><Data Name='User'>DESKTOP-FVSHABR\grapltest</Data><Data Name='LogonGuid'>{87E8D3BD-99C8-5D38-0000-002088140200}</Data><Data Name='LogonId'>0x21488</Data><Data Name='TerminalSessionId'>1</Data><Data Name='IntegrityLevel'>Medium</Data><Data Name='Hashes'>MD5=427214108818B31F0281D439FA554D01,SHA256=8FBDC065F9081172475779D739424B399948B506771B9B84AFE75C1B4768048C</Data><Data Name='ParentProcessGuid'>{87E8D3BD-9DDA-5D38-0000-001067921D00}</Data><Data Name='ParentProcessId'>4172</Data><Data Name='ParentImage'>C:\Windows\System32\cmd.exe</Data><Data Name='ParentCommandLine'>"cmd" /C whoami</Data></EventData></Event>
<Event xmlns='http://schemas.microsoft.com/win/2004/08/events/event'><System><Provider Name='Microsoft-Windows-Sysmon' Guid='{5770385F-C22A-43E0-BF4C-06F5698FFBD9}'/><EventID>1</EventID><Version>5</Version><Level>4</Level><Task>1</Task><Opcode>0</Opcode><Keywords>0x8000000000000000</Keywords><TimeCreated SystemTime='2019-07-24T18:05:14.402156600Z'/><EventRecordID>550</EventRecordID><Correlation/><Execution ProcessID='3324' ThreadID='3220'/><Channel>Microsoft-Windows-Sysmon/Operational</Channel><Computer>DESKTOP-FVSHABR</Computer><Security UserID='S-1-5-18'/></System><EventData><Data Name='RuleName'></Data><Data Name='UtcTime'>2019-07-24 18:05:14.399</Data><Data Name='ProcessGuid'>{87E8D3BD-9DDA-5D38-0000-0010A3941D00}</Data><Data Name='ProcessId'>5752</Data><Data Name='Image'>C:\Windows\System32\cmd.exe</Data><Data Name='FileVersion'>10.0.10240.16384 (th1.150709-1700)</Data><Data Name='Description'>Windows Command Processor</Data><Data Name='Product'>Microsoft® Windows® Operating System</Data><Data Name='Company'>Microsoft Corporation</Data><Data Name='OriginalFileName'>Cmd.Exe</Data><Data Name='CommandLine'>"cmd" /C "msiexec /quiet /i cmd.msi"</Data><Data Name='CurrentDirectory'>C:\Users\grapltest\Downloads\</Data><Data Name='User'>DESKTOP-FVSHABR\grapltest</Data><Data Name='LogonGuid'>{87E8D3BD-99C8-5D38-0000-002088140200}</Data><Data Name='LogonId'>0x21488</Data><Data Name='TerminalSessionId'>1</Data><Data Name='IntegrityLevel'>Medium</Data><Data Name='Hashes'>MD5=A6177D080759CF4A03EF837A38F62401,SHA256=79D1FFABDD7841D9043D4DDF1F93721BCD35D823614411FD4EAB5D2C16A86F35</Data><Data Name='ParentProcessGuid'>{87E8D3BD-9DD8-5D38-0000-00109F871D00}</Data><Data Name='ParentProcessId'>6132</Data><Data Name='ParentImage'>C:\Users\grapltest\Downloads\svchost.exe</Data><Data Name='ParentCommandLine'>.\svchost.exe</Data></EventData></Event>
<Event xmlns='http://schemas.microsoft.com/win/2004/08/events/event'><System><Provider Name='Microsoft-Windows-Sysmon' Guid='{5770385F-C22A-43E0-BF4C-06F5698FFBD9}'/><EventID>1</EventID><Version>5</Version><Level>4</Level><Task>1</Task><Opcode>0</Opcode><Keywords>0x8000000000000000</Keywords><TimeCreated SystemTime='2019-07-24T18:05:14.411510100Z'/><EventRecordID>551</EventRecordID><Correlation/><Execution ProcessID='3324' ThreadID='3220'/><Channel>Microsoft-Windows-Sysmon/Operational</Channel><Computer>DESKTOP-FVSHABR</Computer><Security UserID='S-1-5-18'/></System><EventData><Data Name='RuleName'></Data><Data Name='UtcTime'>2019-07-24 18:05:14.408</Data><Data Name='ProcessGuid'>{87E8D3BD-9DDA-5D38-0000-00107A951D00}</Data><Data Name='ProcessId'>5868</Data><Data Name='Image'>C:\Windows\System32\msiexec.exe</Data><Data Name='FileVersion'>5.0.10240.16384 (th1.150709-1700)</Data><Data Name='Description'>Windows® installer</Data><Data Name='Product'>Windows Installer - Unicode</Data><Data Name='Company'>Microsoft Corporation</Data><Data Name='OriginalFileName'>msiexec.exe</Data><Data Name='CommandLine'>msiexec  /quiet /i cmd.msi</Data><Data Name='CurrentDirectory'>C:\Users\grapltest\Downloads\</Data><Data Name='User'>DESKTOP-FVSHABR\grapltest</Data><Data Name='LogonGuid'>{87E8D3BD-99C8-5D38-0000-002088140200}</Data><Data Name='LogonId'>0x21488</Data><Data Name='TerminalSessionId'>1</Data><Data Name='IntegrityLevel'>Medium</Data><Data Name='Hashes'>MD5=83467A4436B2CE632DFDF60C29608BE5,SHA256=4FF1CA00B8791F207CD8C19A5B0ABA3D286C3FAEB6EC921CBED21E4290ADF2A5</Data><Data Name='ParentProcessGuid'>{87E8D3BD-9DDA-5D38-0000-0010A3941D00}</Data><Data Name='ParentProcessId'>5752</Data><Data Name='ParentImage'>C:\Windows\System32\cmd.exe</Data><Data Name='ParentCommandLine'>"cmd" /C "msiexec /quiet /i cmd.msi"</Data></EventData></Event>
<Event xmlns='http://schemas.microsoft.com/win/2004/08/events/event'><System><Provider Name='Microsoft-Windows-Sysmon' Guid='{5770385F-C22A-43E0-BF4C-06F5698FFBD9}'/><EventID>5</EventID><Version>3</Version><Level>4</Level><Task>5</Task><Opcode>0</Opcode><Keywords>0x8000000000000000</Keywords><TimeCreated SystemTime='2019-07-24T18:05:14.465082400Z'/><EventRecordID>552</EventRecordID><Correlation/><Execution ProcessID='3324' ThreadID='3220'/><Channel>Microsoft-Windows-Sysmon/Operational</Channel><Computer>DESKTOP-FVSHABR</Computer><Security UserID='S-1-5-18'/></System><EventData><Data Name='RuleName'></Data><Data Name='UtcTime'>2019-07-24 18:05:14.463</Data><Data Name='ProcessGuid'>{87E8D3BD-9DD8-5D38-0000-00109F871D00}</Data><Data Name='ProcessId'>6132</Data><Data Name='Image'>C:\Users\grapltest\Downloads\svchost.exe</Data></EventData></Event>
<Event xmlns='http://schemas.microsoft.com/win/2004/08/events/event'><System><Provider Name='Microsoft-Windows-Sysmon' Guid='{5770385F-C22A-43E0-BF4C-06F5698FFBD9}'/><EventID>5</EventID><Version>3</Version><Level>4</Level><Task>5</Task><Opcode>0</Opcode><Keywords>0x8000000000000000</Keywords><TimeCreated SystemTime='2019-07-24T18:05:14.475119900Z'/><EventRecordID>553</EventRecordID><Correlation/><Execution ProcessID='3324' ThreadID='3220'/><Channel>Microsoft-Windows-Sysmon/Operational</Channel><Computer>DESKTOP-FVSHABR</Computer><Security UserID='S-1-5-18'/></System><EventData><Data Name='RuleName'></Data><Data Name='UtcTime'>2019-07-24 18:05:14.474</Data><Data Name='ProcessGuid'>{87E8D3BD-9DD7-5D38-0000-00107E781D00}</Data><Data Name='ProcessId'>4164</Data><Data Name='Image'>C:\Users\grapltest\Downloads\dropper.exe</Data></EventData></Event>
<Event xmlns='http://schemas.microsoft.com/win/2004/08/events/event'><System><Provider Name='Microsoft-Windows-Sysmon' Guid='{5770385F-C22A-43E0-BF4C-06F5698FFBD9}'/><EventID>22</EventID><Version>5</Version><Level>4</Level><Task>22</Task><Opcode>0</Opcode><Keywords>0x8000000000000000</Keywords><TimeCreated SystemTime='2019-07-24T18:05:14.695896200Z'/><EventRecordID>554</EventRecordID><Correlation/><Execution ProcessID='3324' ThreadID='3620'/><Channel>Microsoft-Windows-Sysmon/Operational</Channel><Computer>DESKTOP-FVSHABR</Computer><Security UserID='S-1-5-18'/></System><EventData><Data Name='RuleName'></Data><Data Name='UtcTime'>2019-07-24 18:04:56.035</Data><Data Name='ProcessGuid'>{00000000-0000-0000-0000-000000000000}</Data><Data Name='ProcessId'>4164</Data><Data Name='QueryName'>s3.amazonaws.com</Data><Data Name='QueryStatus'>0</Data><Data Name='QueryResults'>type:  5 s3-1.amazonaws.com;::ffff:52.216.134.245;</Data><Data Name='Image'>&lt;unknown process&gt;</Data></EventData></Event>
</sysmonview>
