<Event xmlns='http://schemas.microsoft.com/win/2004/08/events/event'><System><Provider Name='Microsoft-Windows-Sysmon' Guid='{5770385F-C22A-43E0-BF4C-06F5698FFBD9}'/><EventID>11</EventID><Version>2</Version><Level>4</Level><Task>11</Task><Opcode>0</Opcode><Keywords>0x8000000000000000</Keywords><TimeCreated SystemTime='2019-07-24T17:57:10.770431500Z'/><EventRecordID>278</EventRecordID><Correlation/><Execution ProcessID='3324' ThreadID='3220'/><Channel>Microsoft-Windows-Sysmon/Operational</Channel><Computer>DESKTOP-FVSHABR</Computer><Security UserID='S-1-5-18'/></System><EventData><Data Name='RuleName'></Data><Data Name='UtcTime'>2019-07-24 17:57:10.754</Data><Data Name='ProcessGuid'>{87E8D3BD-9BF5-5D38-0000-0010D8ED0E00}</Data><Data Name='ProcessId'>588</Data><Data Name='Image'>C:\Program Files (x86)\GUM6D35.tmp\GoogleUpdate.exe</Data><Data Name='TargetFilename'>C:\Program Files (x86)\Google\Update\1.3.34.11\psmachine_64.dll</Data><Data Name='CreationUtcTime'>2019-07-24 17:57:10.754</Data></EventData></Event>
<Event xmlns='http://schemas.microsoft.com/win/2004/08/events/event'><System><Provider Name='Microsoft-Windows-Sysmon' Guid='{5770385F-C22A-43E0-BF4C-06F5698FFBD9}'/><EventID>11</EventID><Version>2</Version><Level>4</Level><Task>11</Task><Opcode>0</Opcode><Keywords>0x8000000000000000</Keywords><TimeCreated SystemTime='2019-07-24T17:57:10.811232800Z'/><EventRecordID>279</EventRecordID><Correlation/><Execution ProcessID='3324' ThreadID='3220'/><Channel>Microsoft-Windows-Sysmon/Operational</Channel><Computer>DESKTOP-FVSHABR</Computer><Security UserID='S-1-5-18'/></System><EventData><Data Name='RuleName'></Data><Data Name='UtcTime'>2019-07-24 17:57:10.801</Data><Data Name='ProcessGuid'>{87E8D3BD-9BF5-5D38-0000-0010D8ED0E00}</Data><Data Name='ProcessId'>588</Data><Data Name='Image'>C:\Program Files (x86)\GUM6D35.tmp\GoogleUpdate.exe</Data><Data Name='TargetFilename'>C:\Program Files (x86)\Google\Update\GoogleUpdate.exe</Data><Data Name='CreationUtcTime'>2019-07-24 17:57:10.801</Data></EventData></Event>
<Event xmlns='http://schemas.microsoft.com/win/2004/08/events/event'><System><Provider Name='Microsoft-Windows-Sysmon' Guid='{5770385F-C22A-43E0-BF4C-06F5698FFBD9}'/><EventID>11</EventID><Version>2</Version><Level>4</Level><Task>11</Task><Opcode>0</Opcode><Keywords>0x8000000000000000</Keywords><TimeCreated SystemTime='2019-07-24T17:57:11.407099000Z'/><EventRecordID>280</EventRecordID><Correlation/><Execution ProcessID='3324' ThreadID='3220'/><Channel>Microsoft-Windows-Sysmon/Operational</Channel><Computer>DESKTOP-FVSHABR</Computer><Security UserID='S-1-5-18'/></System><EventData><Data Name='RuleName'></Data><Data Name='UtcTime'>2019-07-24 17:57:11.396</Data><Data Name='ProcessGuid'>{87E8D3BD-9BF5-5D38-0000-0010D8ED0E00}</Data><Data Name='ProcessId'>588</Data><Data Name='Image'>C:\Program Files (x86)\GUM6D35.tmp\GoogleUpdate.exe</Data><Data Name='TargetFilename'>C:\Program Files (x86)\Google\Update\1.3.34.11\GoogleUpdateSetup.exe</Data><Data Name='CreationUtcTime'>2019-07-24 17:57:11.396</Data></EventData></Event>
<Event xmlns='http://schemas.microsoft.com/win/2004/08/events/event'><System><Provider Name='Microsoft-Windows-Sysmon' Guid='{5770385F-C22A-43E0-BF4C-06F5698FFBD9}'/><EventID>11</EventID><Version>2</Version><Level>4</Level><Task>11</Task><Opcode>0</Opcode><Keywords>0x8000000000000000</Keywords><TimeCreated SystemTime='2019-07-24T17:57:11.987521600Z'/><EventRecordID>281</EventRecordID><Correlation/><Execution ProcessID='3324' ThreadID='3220'/><Channel>Microsoft-Windows-Sysmon/Operational</Channel><Computer>DESKTOP-FVSHABR</Computer><Security UserID='S-1-5-18'/></System><EventData><Data Name='RuleName'></Data><Data Name='UtcTime'>2019-07-24 17:57:11.977</Data><Data Name='ProcessGuid'>{87E8D3BD-9BF5-5D38-0000-0010D8ED0E00}</Data><Data Name='ProcessId'>588</Data><Data Name='Image'>C:\Program Files (x86)\GUM6D35.tmp\GoogleUpdate.exe</Data><Data Name='TargetFilename'>C:\Program Files (x86)\Google\Update\1.3.34.11\npGoogleUpdate3.dll</Data><Data Name='CreationUtcTime'>2019-07-24 17:57:11.977</Data></EventData></Event>
<Event xmlns='http://schemas.microsoft.com/win/2004/08/events/event'><System><Provider Name='Microsoft-Windows-Sysmon' Guid='{5770385F-C22A-43E0-BF4C-06F5698FFBD9}'/><EventID>11</EventID><Version>2</Version><Level>4</Level><Task>11</Task><Opcode>0</Opcode><Keywords>0x8000000000000000</Keywords><TimeCreated SystemTime='2019-07-24T17:57:12.051574200Z'/><EventRecordID>282</EventRecordID><Correlation/><Execution ProcessID='3324' ThreadID='3220'/><Channel>Microsoft-Windows-Sysmon/Operational</Channel><Computer>DESKTOP-FVSHABR</Computer><Security UserID='S-1-5-18'/></System><EventData><Data Name='RuleName'></Data><Data Name='UtcTime'>2019-07-24 17:57:12.037</Data><Data Name='ProcessGuid'>{87E8D3BD-9BF5-5D38-0000-0010D8ED0E00}</Data><Data Name='ProcessId'>588</Data><Data Name='Image'>C:\Program Files (x86)\GUM6D35.tmp\GoogleUpdate.exe</Data><Data Name='TargetFilename'>C:\Program Files (x86)\Google\Update\1.3.34.11\GoogleUpdateBroker.exe</Data><Data Name='CreationUtcTime'>2019-07-24 17:57:12.037</Data></EventData></Event>
<Event xmlns='http://schemas.microsoft.com/win/2004/08/events/event'><System><Provider Name='Microsoft-Windows-Sysmon' Guid='{5770385F-C22A-43E0-BF4C-06F5698FFBD9}'/><EventID>11</EventID><Version>2</Version><Level>4</Level><Task>11</Task><Opcode>0</Opcode><Keywords>0x8000000000000000</Keywords><TimeCreated SystemTime='2019-07-24T17:57:12.105467800Z'/><EventRecordID>283</EventRecordID><Correlation/><Execution ProcessID='3324' ThreadID='3220'/><Channel>Microsoft-Windows-Sysmon/Operational</Channel><Computer>DESKTOP-FVSHABR</Computer><Security UserID='S-1-5-18'/></System><EventData><Data Name='RuleName'></Data><Data Name='UtcTime'>2019-07-24 17:57:12.098</Data><Data Name='ProcessGuid'>{87E8D3BD-9BF5-5D38-0000-0010D8ED0E00}</Data><Data Name='ProcessId'>588</Data><Data Name='Image'>C:\Program Files (x86)\GUM6D35.tmp\GoogleUpdate.exe</Data><Data Name='TargetFilename'>C:\Program Files (x86)\Google\Update\1.3.34.11\GoogleUpdateOnDemand.exe</Data><Data Name='CreationUtcTime'>2019-07-24 17:57:12.098</Data></EventData></Event>
<Event xmlns='http://schemas.microsoft.com/win/2004/08/events/event'><System><Provider Name='Microsoft-Windows-Sysmon' Guid='{5770385F-C22A-43E0-BF4C-06F5698FFBD9}'/><EventID>11</EventID><Version>2</Version><Level>4</Level><Task>11</Task><Opcode>0</Opcode><Keywords>0x8000000000000000</Keywords><TimeCreated SystemTime='2019-07-24T17:57:12.157271900Z'/><EventRecordID>284</EventRecordID><Correlation/><Execution ProcessID='3324' ThreadID='3220'/><Channel>Microsoft-Windows-Sysmon/Operational</Channel><Computer>DESKTOP-FVSHABR</Computer><Security UserID='S-1-5-18'/></System><EventData><Data Name='RuleName'></Data><Data Name='UtcTime'>2019-07-24 17:57:12.145</Data><Data Name='ProcessGuid'>{87E8D3BD-9BF5-5D38-0000-0010D8ED0E00}</Data><Data Name='ProcessId'>588</Data><Data Name='Image'>C:\Program Files (x86)\GUM6D35.tmp\GoogleUpdate.exe</Data><Data Name='TargetFilename'>C:\Program Files (x86)\Google\Update\1.3.34.11\GoogleUpdateWebPlugin.exe</Data><Data Name='CreationUtcTime'>2019-07-24 17:57:12.145</Data></EventData></Event>
<Event xmlns='http://schemas.microsoft.com/win/2004/08/events/event'><System><Provider Name='Microsoft-Windows-Sysmon' Guid='{5770385F-C22A-43E0-BF4C-06F5698FFBD9}'/><EventID>12</EventID><Version>2</Version><Level>4</Level><Task>12</Task><Opcode>0</Opcode><Keywords>0x8000000000000000</Keywords><TimeCreated SystemTime='2019-07-24T17:57:12.206313500Z'/><EventRecordID>285</EventRecordID><Correlation/><Execution ProcessID='3324' ThreadID='3220'/><Channel>Microsoft-Windows-Sysmon/Operational</Channel><Computer>DESKTOP-FVSHABR</Computer><Security UserID='S-1-5-18'/></System><EventData><Data Name='RuleName'>T1183,IFEO</Data><Data Name='EventType'>CreateKey</Data><Data Name='UtcTime'>2019-07-24 17:57:12.193</Data><Data Name='ProcessGuid'>{87E8D3BD-9BF5-5D38-0000-0010D8ED0E00}</Data><Data Name='ProcessId'>588</Data><Data Name='Image'>C:\Program Files (x86)\GUM6D35.tmp\GoogleUpdate.exe</Data><Data Name='TargetObject'>HKLM\SOFTWARE\Microsoft\Windows NT\CurrentVersion\Image File Execution Options\GoogleUpdate.exe</Data></EventData></Event>
<Event xmlns='http://schemas.microsoft.com/win/2004/08/events/event'><System><Provider Name='Microsoft-Windows-Sysmon' Guid='{5770385F-C22A-43E0-BF4C-06F5698FFBD9}'/><EventID>13</EventID><Version>2</Version><Level>4</Level><Task>13</Task><Opcode>0</Opcode><Keywords>0x8000000000000000</Keywords><TimeCreated SystemTime='2019-07-24T17:57:12.206761600Z'/><EventRecordID>286</EventRecordID><Correlation/><Execution ProcessID='3324' ThreadID='3220'/><Channel>Microsoft-Windows-Sysmon/Operational</Channel><Computer>DESKTOP-FVSHABR</Computer><Security UserID='S-1-5-18'/></System><EventData><Data Name='RuleName'>T1183,IFEO</Data><Data Name='EventType'>SetValue</Data><Data Name='UtcTime'>2019-07-24 17:57:12.193</Data><Data Name='ProcessGuid'>{87E8D3BD-9BF5-5D38-0000-0010D8ED0E00}</Data><Data Name='ProcessId'>588</Data><Data Name='Image'>C:\Program Files (x86)\GUM6D35.tmp\GoogleUpdate.exe</Data><Data Name='TargetObject'>HKLM\SOFTWARE\Microsoft\Windows NT\CurrentVersion\Image File Execution Options\GoogleUpdate.exe\DisableExceptionChainValidation</Data><Data Name='Details'>DWORD (0x00000000)</Data></EventData></Event>
<Event xmlns='http://schemas.microsoft.com/win/2004/08/events/event'><System><Provider Name='Microsoft-Windows-Sysmon' Guid='{5770385F-C22A-43E0-BF4C-06F5698FFBD9}'/><EventID>1</EventID><Version>5</Version><Level>4</Level><Task>1</Task><Opcode>0</Opcode><Keywords>0x8000000000000000</Keywords><TimeCreated SystemTime='2019-07-24T17:57:12.210736400Z'/><EventRecordID>287</EventRecordID><Correlation/><Execution ProcessID='3324' ThreadID='3220'/><Channel>Microsoft-Windows-Sysmon/Operational</Channel><Computer>DESKTOP-FVSHABR</Computer><Security UserID='S-1-5-18'/></System><EventData><Data Name='RuleName'></Data><Data Name='UtcTime'>2019-07-24 17:57:12.204</Data><Data Name='ProcessGuid'>{87E8D3BD-9BF8-5D38-0000-001073110F00}</Data><Data Name='ProcessId'>3316</Data><Data Name='Image'>C:\Program Files (x86)\Google\Update\GoogleUpdate.exe</Data><Data Name='FileVersion'>1.3.34.11</Data><Data Name='Description'>Google Installer</Data><Data Name='Product'>Google Update</Data><Data Name='Company'>Google LLC</Data><Data Name='OriginalFileName'>GoogleUpdate.exe</Data><Data Name='CommandLine'>"C:\Program Files (x86)\Google\Update\GoogleUpdate.exe" /regsvc</Data><Data Name='CurrentDirectory'>C:\Program Files (x86)\GUM6D35.tmp\</Data><Data Name='User'>DESKTOP-FVSHABR\grapltest</Data><Data Name='LogonGuid'>{87E8D3BD-99C8-5D38-0000-002061140200}</Data><Data Name='LogonId'>0x21461</Data><Data Name='TerminalSessionId'>1</Data><Data Name='IntegrityLevel'>High</Data><Data Name='Hashes'>MD5=82F657B0AEE67A6A560321CF0927F9F7,SHA256=794CF7644115198DB451431BCA7C89FF9A97550482B1E3F7F13EB7ACA6120A11</Data><Data Name='ParentProcessGuid'>{87E8D3BD-9BF5-5D38-0000-0010D8ED0E00}</Data><Data Name='ParentProcessId'>588</Data><Data Name='ParentImage'>C:\Program Files (x86)\GUM6D35.tmp\GoogleUpdate.exe</Data><Data Name='ParentCommandLine'>"C:\Program Files (x86)\GUM6D35.tmp\GoogleUpdate.exe" /installsource taggedmi /install "appguid={8A69D345-D564-463C-AFF1-A69D9E530F96}&amp;iid={F2782276-7085-9EC9-B82C-4B91DF227F8F}&amp;lang=en&amp;browser=5&amp;usagestats=1&amp;appname=Google%20Chrome&amp;needsadmin=prefers&amp;ap=x64-stable-statsdef_1&amp;brand=CHBF&amp;installdataindex=empty" /installelevated</Data></EventData></Event>
<Event xmlns='http://schemas.microsoft.com/win/2004/08/events/event'><System><Provider Name='Microsoft-Windows-Sysmon' Guid='{5770385F-C22A-43E0-BF4C-06F5698FFBD9}'/><EventID>13</EventID><Version>2</Version><Level>4</Level><Task>13</Task><Opcode>0</Opcode><Keywords>0x8000000000000000</Keywords><TimeCreated SystemTime='2019-07-24T17:57:12.247409200Z'/><EventRecordID>288</EventRecordID><Correlation/><Execution ProcessID='3324' ThreadID='3220'/><Channel>Microsoft-Windows-Sysmon/Operational</Channel><Computer>DESKTOP-FVSHABR</Computer><Security UserID='S-1-5-18'/></System><EventData><Data Name='RuleName'>T1031,T1050</Data><Data Name='EventType'>SetValue</Data><Data Name='UtcTime'>2019-07-24 17:57:12.239</Data><Data Name='ProcessGuid'>{87E8D3BD-998D-5D38-0000-001030400000}</Data><Data Name='ProcessId'>568</Data><Data Name='Image'>C:\Windows\system32\services.exe</Data><Data Name='TargetObject'>HKLM\System\CurrentControlSet\Services\gupdate\Start</Data><Data Name='Details'>DWORD (0x00000002)</Data></EventData></Event>
<Event xmlns='http://schemas.microsoft.com/win/2004/08/events/event'><System><Provider Name='Microsoft-Windows-Sysmon' Guid='{5770385F-C22A-43E0-BF4C-06F5698FFBD9}'/><EventID>13</EventID><Version>2</Version><Level>4</Level><Task>13</Task><Opcode>0</Opcode><Keywords>0x8000000000000000</Keywords><TimeCreated SystemTime='2019-07-24T17:57:12.247691300Z'/><EventRecordID>289</EventRecordID><Correlation/><Execution ProcessID='3324' ThreadID='3220'/><Channel>Microsoft-Windows-Sysmon/Operational</Channel><Computer>DESKTOP-FVSHABR</Computer><Security UserID='S-1-5-18'/></System><EventData><Data Name='RuleName'>T1031,T1050</Data><Data Name='EventType'>SetValue</Data><Data Name='UtcTime'>2019-07-24 17:57:12.239</Data><Data Name='ProcessGuid'>{87E8D3BD-998D-5D38-0000-001030400000}</Data><Data Name='ProcessId'>568</Data><Data Name='Image'>C:\Windows\system32\services.exe</Data><Data Name='TargetObject'>HKLM\System\CurrentControlSet\Services\gupdate\ImagePath</Data><Data Name='Details'>"C:\Program Files (x86)\Google\Update\GoogleUpdate.exe" /svc</Data></EventData></Event>
<Event xmlns='http://schemas.microsoft.com/win/2004/08/events/event'><System><Provider Name='Microsoft-Windows-Sysmon' Guid='{5770385F-C22A-43E0-BF4C-06F5698FFBD9}'/><EventID>13</EventID><Version>2</Version><Level>4</Level><Task>13</Task><Opcode>0</Opcode><Keywords>0x8000000000000000</Keywords><TimeCreated SystemTime='2019-07-24T17:57:12.257208500Z'/><EventRecordID>290</EventRecordID><Correlation/><Execution ProcessID='3324' ThreadID='3220'/><Channel>Microsoft-Windows-Sysmon/Operational</Channel><Computer>DESKTOP-FVSHABR</Computer><Security UserID='S-1-5-18'/></System><EventData><Data Name='RuleName'>T1031,T1050</Data><Data Name='EventType'>SetValue</Data><Data Name='UtcTime'>2019-07-24 17:57:12.239</Data><Data Name='ProcessGuid'>{87E8D3BD-998D-5D38-0000-001030400000}</Data><Data Name='ProcessId'>568</Data><Data Name='Image'>C:\Windows\system32\services.exe</Data><Data Name='TargetObject'>HKLM\System\CurrentControlSet\Services\gupdatem\Start</Data><Data Name='Details'>DWORD (0x00000003)</Data></EventData></Event>
<Event xmlns='http://schemas.microsoft.com/win/2004/08/events/event'><System><Provider Name='Microsoft-Windows-Sysmon' Guid='{5770385F-C22A-43E0-BF4C-06F5698FFBD9}'/><EventID>13</EventID><Version>2</Version><Level>4</Level><Task>13</Task><Opcode>0</Opcode><Keywords>0x8000000000000000</Keywords><TimeCreated SystemTime='2019-07-24T17:57:12.257721500Z'/><EventRecordID>291</EventRecordID><Correlation/><Execution ProcessID='3324' ThreadID='3220'/><Channel>Microsoft-Windows-Sysmon/Operational</Channel><Computer>DESKTOP-FVSHABR</Computer><Security UserID='S-1-5-18'/></System><EventData><Data Name='RuleName'>T1031,T1050</Data><Data Name='EventType'>SetValue</Data><Data Name='UtcTime'>2019-07-24 17:57:12.239</Data><Data Name='ProcessGuid'>{87E8D3BD-998D-5D38-0000-001030400000}</Data><Data Name='ProcessId'>568</Data><Data Name='Image'>C:\Windows\system32\services.exe</Data><Data Name='TargetObject'>HKLM\System\CurrentControlSet\Services\gupdatem\ImagePath</Data><Data Name='Details'>"C:\Program Files (x86)\Google\Update\GoogleUpdate.exe" /medsvc</Data></EventData></Event>
<Event xmlns='http://schemas.microsoft.com/win/2004/08/events/event'><System><Provider Name='Microsoft-Windows-Sysmon' Guid='{5770385F-C22A-43E0-BF4C-06F5698FFBD9}'/><EventID>11</EventID><Version>2</Version><Level>4</Level><Task>11</Task><Opcode>0</Opcode><Keywords>0x8000000000000000</Keywords><TimeCreated SystemTime='2019-07-24T17:57:12.283833200Z'/><EventRecordID>292</EventRecordID><Correlation/><Execution ProcessID='3324' ThreadID='3220'/><Channel>Microsoft-Windows-Sysmon/Operational</Channel><Computer>DESKTOP-FVSHABR</Computer><Security UserID='S-1-5-18'/></System><EventData><Data Name='RuleName'>T1053</Data><Data Name='UtcTime'>2019-07-24 17:57:12.271</Data><Data Name='ProcessGuid'>{87E8D3BD-998D-5D38-0000-0010EEBF0000}</Data><Data Name='ProcessId'>916</Data><Data Name='Image'>C:\Windows\system32\svchost.exe</Data><Data Name='TargetFilename'>C:\Windows\System32\Tasks\GoogleUpdateTaskMachineCore</Data><Data Name='CreationUtcTime'>2019-07-24 17:57:12.271</Data></EventData></Event>
<Event xmlns='http://schemas.microsoft.com/win/2004/08/events/event'><System><Provider Name='Microsoft-Windows-Sysmon' Guid='{5770385F-C22A-43E0-BF4C-06F5698FFBD9}'/><EventID>11</EventID><Version>2</Version><Level>4</Level><Task>11</Task><Opcode>0</Opcode><Keywords>0x8000000000000000</Keywords><TimeCreated SystemTime='2019-07-24T17:57:12.310446300Z'/><EventRecordID>293</EventRecordID><Correlation/><Execution ProcessID='3324' ThreadID='3220'/><Channel>Microsoft-Windows-Sysmon/Operational</Channel><Computer>DESKTOP-FVSHABR</Computer><Security UserID='S-1-5-18'/></System><EventData><Data Name='RuleName'>T1053</Data><Data Name='UtcTime'>2019-07-24 17:57:12.301</Data><Data Name='ProcessGuid'>{87E8D3BD-998D-5D38-0000-0010EEBF0000}</Data><Data Name='ProcessId'>916</Data><Data Name='Image'>C:\Windows\system32\svchost.exe</Data><Data Name='TargetFilename'>C:\Windows\System32\Tasks\GoogleUpdateTaskMachineUA</Data><Data Name='CreationUtcTime'>2019-07-24 17:57:12.301</Data></EventData></Event>
<Event xmlns='http://schemas.microsoft.com/win/2004/08/events/event'><System><Provider Name='Microsoft-Windows-Sysmon' Guid='{5770385F-C22A-43E0-BF4C-06F5698FFBD9}'/><EventID>1</EventID><Version>5</Version><Level>4</Level><Task>1</Task><Opcode>0</Opcode><Keywords>0x8000000000000000</Keywords><TimeCreated SystemTime='2019-07-24T17:57:12.316934800Z'/><EventRecordID>294</EventRecordID><Correlation/><Execution ProcessID='3324' ThreadID='3220'/><Channel>Microsoft-Windows-Sysmon/Operational</Channel><Computer>DESKTOP-FVSHABR</Computer><Security UserID='S-1-5-18'/></System><EventData><Data Name='RuleName'></Data><Data Name='UtcTime'>2019-07-24 17:57:12.314</Data><Data Name='ProcessGuid'>{87E8D3BD-9BF8-5D38-0000-001067180F00}</Data><Data Name='ProcessId'>652</Data><Data Name='Image'>C:\Program Files (x86)\Google\Update\GoogleUpdate.exe</Data><Data Name='FileVersion'>1.3.34.11</Data><Data Name='Description'>Google Installer</Data><Data Name='Product'>Google Update</Data><Data Name='Company'>Google LLC</Data><Data Name='OriginalFileName'>GoogleUpdate.exe</Data><Data Name='CommandLine'>"C:\Program Files (x86)\Google\Update\GoogleUpdate.exe" /regserver</Data><Data Name='CurrentDirectory'>C:\Program Files (x86)\GUM6D35.tmp\</Data><Data Name='User'>DESKTOP-FVSHABR\grapltest</Data><Data Name='LogonGuid'>{87E8D3BD-99C8-5D38-0000-002061140200}</Data><Data Name='LogonId'>0x21461</Data><Data Name='TerminalSessionId'>1</Data><Data Name='IntegrityLevel'>High</Data><Data Name='Hashes'>MD5=82F657B0AEE67A6A560321CF0927F9F7,SHA256=794CF7644115198DB451431BCA7C89FF9A97550482B1E3F7F13EB7ACA6120A11</Data><Data Name='ParentProcessGuid'>{87E8D3BD-9BF5-5D38-0000-0010D8ED0E00}</Data><Data Name='ParentProcessId'>588</Data><Data Name='ParentImage'>C:\Program Files (x86)\GUM6D35.tmp\GoogleUpdate.exe</Data><Data Name='ParentCommandLine'>"C:\Program Files (x86)\GUM6D35.tmp\GoogleUpdate.exe" /installsource taggedmi /install "appguid={8A69D345-D564-463C-AFF1-A69D9E530F96}&amp;iid={F2782276-7085-9EC9-B82C-4B91DF227F8F}&amp;lang=en&amp;browser=5&amp;usagestats=1&amp;appname=Google%20Chrome&amp;needsadmin=prefers&amp;ap=x64-stable-statsdef_1&amp;brand=CHBF&amp;installdataindex=empty" /installelevated</Data></EventData></Event>
<Event xmlns='http://schemas.microsoft.com/win/2004/08/events/event'><System><Provider Name='Microsoft-Windows-Sysmon' Guid='{5770385F-C22A-43E0-BF4C-06F5698FFBD9}'/><EventID>1</EventID><Version>5</Version><Level>4</Level><Task>1</Task><Opcode>0</Opcode><Keywords>0x8000000000000000</Keywords><TimeCreated SystemTime='2019-07-24T17:57:12.352885200Z'/><EventRecordID>295</EventRecordID><Correlation/><Execution ProcessID='3324' ThreadID='3220'/><Channel>Microsoft-Windows-Sysmon/Operational</Channel><Computer>DESKTOP-FVSHABR</Computer><Security UserID='S-1-5-18'/></System><EventData><Data Name='RuleName'></Data><Data Name='UtcTime'>2019-07-24 17:57:12.348</Data><Data Name='ProcessGuid'>{87E8D3BD-9BF8-5D38-0000-00101B1B0F00}</Data><Data Name='ProcessId'>1052</Data><Data Name='Image'>C:\Program Files (x86)\Google\Update\1.3.34.11\GoogleUpdateComRegisterShell64.exe</Data><Data Name='FileVersion'>?</Data><Data Name='Description'>?</Data><Data Name='Product'>?</Data><Data Name='Company'>?</Data><Data Name='OriginalFileName'>?</Data><Data Name='CommandLine'>"C:\Program Files (x86)\Google\Update\1.3.34.11\GoogleUpdateComRegisterShell64.exe"  </Data><Data Name='CurrentDirectory'>C:\Program Files (x86)\Google\Update\1.3.34.11\</Data><Data Name='User'>DESKTOP-FVSHABR\grapltest</Data><Data Name='LogonGuid'>{87E8D3BD-99C8-5D38-0000-002061140200}</Data><Data Name='LogonId'>0x21461</Data><Data Name='TerminalSessionId'>1</Data><Data Name='IntegrityLevel'>High</Data><Data Name='Hashes'>MD5=396BA164448844FCD0C72DD802AC7DB6,SHA256=F3ADA0BB7459836BA250314EA6D417694C974445F0F7218EA8A48B60C557BB89</Data><Data Name='ParentProcessGuid'>{87E8D3BD-9BF8-5D38-0000-001067180F00}</Data><Data Name='ParentProcessId'>652</Data><Data Name='ParentImage'>C:\Program Files (x86)\Google\Update\GoogleUpdate.exe</Data><Data Name='ParentCommandLine'>"C:\Program Files (x86)\Google\Update\GoogleUpdate.exe" /regserver</Data></EventData></Event>
<Event xmlns='http://schemas.microsoft.com/win/2004/08/events/event'><System><Provider Name='Microsoft-Windows-Sysmon' Guid='{5770385F-C22A-43E0-BF4C-06F5698FFBD9}'/><EventID>13</EventID><Version>2</Version><Level>4</Level><Task>13</Task><Opcode>0</Opcode><Keywords>0x8000000000000000</Keywords><TimeCreated SystemTime='2019-07-24T17:57:12.369351000Z'/><EventRecordID>296</EventRecordID><Correlation/><Execution ProcessID='3324' ThreadID='3220'/><Channel>Microsoft-Windows-Sysmon/Operational</Channel><Computer>DESKTOP-FVSHABR</Computer><Security UserID='S-1-5-18'/></System><EventData><Data Name='RuleName'></Data><Data Name='EventType'>SetValue</Data><Data Name='UtcTime'>2019-07-24 17:57:12.364</Data><Data Name='ProcessGuid'>{87E8D3BD-9BF8-5D38-0000-00101B1B0F00}</Data><Data Name='ProcessId'>1052</Data><Data Name='Image'>C:\Program Files (x86)\Google\Update\1.3.34.11\GoogleUpdateComRegisterShell64.exe</Data><Data Name='TargetObject'>HKCR\CLSID\{9D6AA569-9F30-41AD-885A-346685C74928}\InprocServer32\(Default)</Data><Data Name='Details'>C:\Program Files (x86)\Google\Update\1.3.34.11\psmachine_64.dll</Data></EventData></Event>
<Event xmlns='http://schemas.microsoft.com/win/2004/08/events/event'><System><Provider Name='Microsoft-Windows-Sysmon' Guid='{5770385F-C22A-43E0-BF4C-06F5698FFBD9}'/><EventID>13</EventID><Version>2</Version><Level>4</Level><Task>13</Task><Opcode>0</Opcode><Keywords>0x8000000000000000</Keywords><TimeCreated SystemTime='2019-07-24T17:57:12.374564800Z'/><EventRecordID>297</EventRecordID><Correlation/><Execution ProcessID='3324' ThreadID='3220'/><Channel>Microsoft-Windows-Sysmon/Operational</Channel><Computer>DESKTOP-FVSHABR</Computer><Security UserID='S-1-5-18'/></System><EventData><Data Name='RuleName'></Data><Data Name='EventType'>SetValue</Data><Data Name='UtcTime'>2019-07-24 17:57:12.364</Data><Data Name='ProcessGuid'>{87E8D3BD-9BF8-5D38-0000-00101B1B0F00}</Data><Data Name='ProcessId'>1052</Data><Data Name='Image'>C:\Program Files (x86)\Google\Update\1.3.34.11\GoogleUpdateComRegisterShell64.exe</Data><Data Name='TargetObject'>HKCR\CLSID\{600FDFA3-1EA7-4792-9436-ABB5154A9EB2}\InProcServer32\(Default)</Data><Data Name='Details'>C:\Program Files (x86)\Google\Update\1.3.34.11\psmachine_64.dll</Data></EventData></Event>
<Event xmlns='http://schemas.microsoft.com/win/2004/08/events/event'><System><Provider Name='Microsoft-Windows-Sysmon' Guid='{5770385F-C22A-43E0-BF4C-06F5698FFBD9}'/><EventID>13</EventID><Version>2</Version><Level>4</Level><Task>13</Task><Opcode>0</Opcode><Keywords>0x8000000000000000</Keywords><TimeCreated SystemTime='2019-07-24T17:57:12.429637900Z'/><EventRecordID>298</EventRecordID><Correlation/><Execution ProcessID='3324' ThreadID='3220'/><Channel>Microsoft-Windows-Sysmon/Operational</Channel><Computer>DESKTOP-FVSHABR</Computer><Security UserID='S-1-5-18'/></System><EventData><Data Name='RuleName'></Data><Data Name='EventType'>SetValue</Data><Data Name='UtcTime'>2019-07-24 17:57:12.380</Data><Data Name='ProcessGuid'>{87E8D3BD-9BF8-5D38-0000-001067180F00}</Data><Data Name='ProcessId'>652</Data><Data Name='Image'>C:\Program Files (x86)\Google\Update\GoogleUpdate.exe</Data><Data Name='TargetObject'>HKCR\Wow6432Node\CLSID\{9D6AA569-9F30-41AD-885A-346685C74928}\InprocServer32\(Default)</Data><Data Name='Details'>C:\Program Files (x86)\Google\Update\1.3.34.11\psmachine.dll</Data></EventData></Event>
<Event xmlns='http://schemas.microsoft.com/win/2004/08/events/event'><System><Provider Name='Microsoft-Windows-Sysmon' Guid='{5770385F-C22A-43E0-BF4C-06F5698FFBD9}'/><EventID>13</EventID><Version>2</Version><Level>4</Level><Task>13</Task><Opcode>0</Opcode><Keywords>0x8000000000000000</Keywords><TimeCreated SystemTime='2019-07-24T17:57:12.431240200Z'/><EventRecordID>299</EventRecordID><Correlation/><Execution ProcessID='3324' ThreadID='3220'/><Channel>Microsoft-Windows-Sysmon/Operational</Channel><Computer>DESKTOP-FVSHABR</Computer><Security UserID='S-1-5-18'/></System><EventData><Data Name='RuleName'></Data><Data Name='EventType'>SetValue</Data><Data Name='UtcTime'>2019-07-24 17:57:12.380</Data><Data Name='ProcessGuid'>{87E8D3BD-9BF8-5D38-0000-001067180F00}</Data><Data Name='ProcessId'>652</Data><Data Name='Image'>C:\Program Files (x86)\Google\Update\GoogleUpdate.exe</Data><Data Name='TargetObject'>HKCR\Wow6432Node\CLSID\{600FDFA3-1EA7-4792-9436-ABB5154A9EB2}\InProcServer32\(Default)</Data><Data Name='Details'>C:\Program Files (x86)\Google\Update\1.3.34.11\psmachine.dll</Data></EventData></Event>
<Event xmlns='http://schemas.microsoft.com/win/2004/08/events/event'><System><Provider Name='Microsoft-Windows-Sysmon' Guid='{5770385F-C22A-43E0-BF4C-06F5698FFBD9}'/><EventID>1</EventID><Version>5</Version><Level>4</Level><Task>1</Task><Opcode>0</Opcode><Keywords>0x8000000000000000</Keywords><TimeCreated SystemTime='2019-07-24T17:57:12.483553100Z'/><EventRecordID>300</EventRecordID><Correlation/><Execution ProcessID='3324' ThreadID='3220'/><Channel>Microsoft-Windows-Sysmon/Operational</Channel><Computer>DESKTOP-FVSHABR</Computer><Security UserID='S-1-5-18'/></System><EventData><Data Name='RuleName'></Data><Data Name='UtcTime'>2019-07-24 17:57:12.410</Data><Data Name='ProcessGuid'>{87E8D3BD-9BF8-5D38-0000-001060210F00}</Data><Data Name='ProcessId'>2356</Data><Data Name='Image'>C:\Program Files (x86)\Google\Update\1.3.34.11\GoogleUpdateComRegisterShell64.exe</Data><Data Name='FileVersion'>?</Data><Data Name='Description'>?</Data><Data Name='Product'>?</Data><Data Name='Company'>?</Data><Data Name='OriginalFileName'>?</Data><Data Name='CommandLine'>"C:\Program Files (x86)\Google\Update\1.3.34.11\GoogleUpdateComRegisterShell64.exe"  </Data><Data Name='CurrentDirectory'>C:\Program Files (x86)\Google\Update\1.3.34.11\</Data><Data Name='User'>DESKTOP-FVSHABR\grapltest</Data><Data Name='LogonGuid'>{87E8D3BD-99C8-5D38-0000-002061140200}</Data><Data Name='LogonId'>0x21461</Data><Data Name='TerminalSessionId'>1</Data><Data Name='IntegrityLevel'>High</Data><Data Name='Hashes'>MD5=396BA164448844FCD0C72DD802AC7DB6,SHA256=F3ADA0BB7459836BA250314EA6D417694C974445F0F7218EA8A48B60C557BB89</Data><Data Name='ParentProcessGuid'>{87E8D3BD-9BF8-5D38-0000-001067180F00}</Data><Data Name='ParentProcessId'>652</Data><Data Name='ParentImage'>C:\Program Files (x86)\Google\Update\GoogleUpdate.exe</Data><Data Name='ParentCommandLine'>"C:\Program Files (x86)\Google\Update\GoogleUpdate.exe" /regserver</Data></EventData></Event>
<Event xmlns='http://schemas.microsoft.com/win/2004/08/events/event'><System><Provider Name='Microsoft-Windows-Sysmon' Guid='{5770385F-C22A-43E0-BF4C-06F5698FFBD9}'/><EventID>13</EventID><Version>2</Version><Level>4</Level><Task>13</Task><Opcode>0</Opcode><Keywords>0x8000000000000000</Keywords><TimeCreated SystemTime='2019-07-24T17:57:12.484767100Z'/><EventRecordID>301</EventRecordID><Correlation/><Execution ProcessID='3324' ThreadID='3220'/><Channel>Microsoft-Windows-Sysmon/Operational</Channel><Computer>DESKTOP-FVSHABR</Computer><Security UserID='S-1-5-18'/></System><EventData><Data Name='RuleName'></Data><Data Name='EventType'>SetValue</Data><Data Name='UtcTime'>2019-07-24 17:57:12.411</Data><Data Name='ProcessGuid'>{87E8D3BD-9BF8-5D38-0000-001060210F00}</Data><Data Name='ProcessId'>2356</Data><Data Name='Image'>C:\Program Files (x86)\Google\Update\1.3.34.11\GoogleUpdateComRegisterShell64.exe</Data><Data Name='TargetObject'>HKCR\CLSID\{9D6AA569-9F30-41AD-885A-346685C74928}\InprocServer32\(Default)</Data><Data Name='Details'>C:\Program Files (x86)\Google\Update\1.3.34.11\psmachine_64.dll</Data></EventData></Event>
<Event xmlns='http://schemas.microsoft.com/win/2004/08/events/event'><System><Provider Name='Microsoft-Windows-Sysmon' Guid='{5770385F-C22A-43E0-BF4C-06F5698FFBD9}'/><EventID>13</EventID><Version>2</Version><Level>4</Level><Task>13</Task><Opcode>0</Opcode><Keywords>0x8000000000000000</Keywords><TimeCreated SystemTime='2019-07-24T17:57:12.487157200Z'/><EventRecordID>302</EventRecordID><Correlation/><Execution ProcessID='3324' ThreadID='3220'/><Channel>Microsoft-Windows-Sysmon/Operational</Channel><Computer>DESKTOP-FVSHABR</Computer><Security UserID='S-1-5-18'/></System><EventData><Data Name='RuleName'></Data><Data Name='EventType'>SetValue</Data><Data Name='UtcTime'>2019-07-24 17:57:12.411</Data><Data Name='ProcessGuid'>{87E8D3BD-9BF8-5D38-0000-001060210F00}</Data><Data Name='ProcessId'>2356</Data><Data Name='Image'>C:\Program Files (x86)\Google\Update\1.3.34.11\GoogleUpdateComRegisterShell64.exe</Data><Data Name='TargetObject'>HKCR\CLSID\{600FDFA3-1EA7-4792-9436-ABB5154A9EB2}\InProcServer32\(Default)</Data><Data Name='Details'>C:\Program Files (x86)\Google\Update\1.3.34.11\psmachine_64.dll</Data></EventData></Event>
<Event xmlns='http://schemas.microsoft.com/win/2004/08/events/event'><System><Provider Name='Microsoft-Windows-Sysmon' Guid='{5770385F-C22A-43E0-BF4C-06F5698FFBD9}'/><EventID>13</EventID><Version>2</Version><Level>4</Level><Task>13</Task><Opcode>0</Opcode><Keywords>0x8000000000000000</Keywords><TimeCreated SystemTime='2019-07-24T17:57:12.531297100Z'/><EventRecordID>303</EventRecordID><Correlation/><Execution ProcessID='3324' ThreadID='3220'/><Channel>Microsoft-Windows-Sysmon/Operational</Channel><Computer>DESKTOP-FVSHABR</Computer><Security UserID='S-1-5-18'/></System><EventData><Data Name='RuleName'></Data><Data Name='EventType'>SetValue</Data><Data Name='UtcTime'>2019-07-24 17:57:12.426</Data><Data Name='ProcessGuid'>{87E8D3BD-9BF8-5D38-0000-001067180F00}</Data><Data Name='ProcessId'>652</Data><Data Name='Image'>C:\Program Files (x86)\Google\Update\GoogleUpdate.exe</Data><Data Name='TargetObject'>HKCR\Wow6432Node\CLSID\{9D6AA569-9F30-41AD-885A-346685C74928}\InprocServer32\(Default)</Data><Data Name='Details'>C:\Program Files (x86)\Google\Update\1.3.34.11\psmachine.dll</Data></EventData></Event>
<Event xmlns='http://schemas.microsoft.com/win/2004/08/events/event'><System><Provider Name='Microsoft-Windows-Sysmon' Guid='{5770385F-C22A-43E0-BF4C-06F5698FFBD9}'/><EventID>13</EventID><Version>2</Version><Level>4</Level><Task>13</Task><Opcode>0</Opcode><Keywords>0x8000000000000000</Keywords><TimeCreated SystemTime='2019-07-24T17:57:12.534779600Z'/><EventRecordID>304</EventRecordID><Correlation/><Execution ProcessID='3324' ThreadID='3220'/><Channel>Microsoft-Windows-Sysmon/Operational</Channel><Computer>DESKTOP-FVSHABR</Computer><Security UserID='S-1-5-18'/></System><EventData><Data Name='RuleName'></Data><Data Name='EventType'>SetValue</Data><Data Name='UtcTime'>2019-07-24 17:57:12.426</Data><Data Name='ProcessGuid'>{87E8D3BD-9BF8-5D38-0000-001067180F00}</Data><Data Name='ProcessId'>652</Data><Data Name='Image'>C:\Program Files (x86)\Google\Update\GoogleUpdate.exe</Data><Data Name='TargetObject'>HKCR\Wow6432Node\CLSID\{600FDFA3-1EA7-4792-9436-ABB5154A9EB2}\InProcServer32\(Default)</Data><Data Name='Details'>C:\Program Files (x86)\Google\Update\1.3.34.11\psmachine.dll</Data></EventData></Event>
<Event xmlns='http://schemas.microsoft.com/win/2004/08/events/event'><System><Provider Name='Microsoft-Windows-Sysmon' Guid='{5770385F-C22A-43E0-BF4C-06F5698FFBD9}'/><EventID>1</EventID><Version>5</Version><Level>4</Level><Task>1</Task><Opcode>0</Opcode><Keywords>0x8000000000000000</Keywords><TimeCreated SystemTime='2019-07-24T17:57:12.612638100Z'/><EventRecordID>305</EventRecordID><Correlation/><Execution ProcessID='3324' ThreadID='3220'/><Channel>Microsoft-Windows-Sysmon/Operational</Channel><Computer>DESKTOP-FVSHABR</Computer><Security UserID='S-1-5-18'/></System><EventData><Data Name='RuleName'></Data><Data Name='UtcTime'>2019-07-24 17:57:12.441</Data><Data Name='ProcessGuid'>{87E8D3BD-9BF8-5D38-0000-0010F8270F00}</Data><Data Name='ProcessId'>2656</Data><Data Name='Image'>C:\Program Files (x86)\Google\Update\1.3.34.11\GoogleUpdateComRegisterShell64.exe</Data><Data Name='FileVersion'>?</Data><Data Name='Description'>?</Data><Data Name='Product'>?</Data><Data Name='Company'>?</Data><Data Name='OriginalFileName'>?</Data><Data Name='CommandLine'>"C:\Program Files (x86)\Google\Update\1.3.34.11\GoogleUpdateComRegisterShell64.exe"  </Data><Data Name='CurrentDirectory'>C:\Program Files (x86)\Google\Update\1.3.34.11\</Data><Data Name='User'>DESKTOP-FVSHABR\grapltest</Data><Data Name='LogonGuid'>{87E8D3BD-99C8-5D38-0000-002061140200}</Data><Data Name='LogonId'>0x21461</Data><Data Name='TerminalSessionId'>1</Data><Data Name='IntegrityLevel'>High</Data><Data Name='Hashes'>MD5=396BA164448844FCD0C72DD802AC7DB6,SHA256=F3ADA0BB7459836BA250314EA6D417694C974445F0F7218EA8A48B60C557BB89</Data><Data Name='ParentProcessGuid'>{87E8D3BD-9BF8-5D38-0000-001067180F00}</Data><Data Name='ParentProcessId'>652</Data><Data Name='ParentImage'>C:\Program Files (x86)\Google\Update\GoogleUpdate.exe</Data><Data Name='ParentCommandLine'>"C:\Program Files (x86)\Google\Update\GoogleUpdate.exe" /regserver</Data></EventData></Event>
<Event xmlns='http://schemas.microsoft.com/win/2004/08/events/event'><System><Provider Name='Microsoft-Windows-Sysmon' Guid='{5770385F-C22A-43E0-BF4C-06F5698FFBD9}'/><EventID>13</EventID><Version>2</Version><Level>4</Level><Task>13</Task><Opcode>0</Opcode><Keywords>0x8000000000000000</Keywords><TimeCreated SystemTime='2019-07-24T17:57:12.613889200Z'/><EventRecordID>306</EventRecordID><Correlation/><Execution ProcessID='3324' ThreadID='3220'/><Channel>Microsoft-Windows-Sysmon/Operational</Channel><Computer>DESKTOP-FVSHABR</Computer><Security UserID='S-1-5-18'/></System><EventData><Data Name='RuleName'></Data><Data Name='EventType'>SetValue</Data><Data Name='UtcTime'>2019-07-24 17:57:12.463</Data><Data Name='ProcessGuid'>{87E8D3BD-9BF8-5D38-0000-0010F8270F00}</Data><Data Name='ProcessId'>2656</Data><Data Name='Image'>C:\Program Files (x86)\Google\Update\1.3.34.11\GoogleUpdateComRegisterShell64.exe</Data><Data Name='TargetObject'>HKCR\CLSID\{9D6AA569-9F30-41AD-885A-346685C74928}\InprocServer32\(Default)</Data><Data Name='Details'>C:\Program Files (x86)\Google\Update\1.3.34.11\psmachine_64.dll</Data></EventData></Event>
<Event xmlns='http://schemas.microsoft.com/win/2004/08/events/event'><System><Provider Name='Microsoft-Windows-Sysmon' Guid='{5770385F-C22A-43E0-BF4C-06F5698FFBD9}'/><EventID>13</EventID><Version>2</Version><Level>4</Level><Task>13</Task><Opcode>0</Opcode><Keywords>0x8000000000000000</Keywords><TimeCreated SystemTime='2019-07-24T17:57:12.618094100Z'/><EventRecordID>307</EventRecordID><Correlation/><Execution ProcessID='3324' ThreadID='3220'/><Channel>Microsoft-Windows-Sysmon/Operational</Channel><Computer>DESKTOP-FVSHABR</Computer><Security UserID='S-1-5-18'/></System><EventData><Data Name='RuleName'></Data><Data Name='EventType'>SetValue</Data><Data Name='UtcTime'>2019-07-24 17:57:12.463</Data><Data Name='ProcessGuid'>{87E8D3BD-9BF8-5D38-0000-0010F8270F00}</Data><Data Name='ProcessId'>2656</Data><Data Name='Image'>C:\Program Files (x86)\Google\Update\1.3.34.11\GoogleUpdateComRegisterShell64.exe</Data><Data Name='TargetObject'>HKCR\CLSID\{600FDFA3-1EA7-4792-9436-ABB5154A9EB2}\InProcServer32\(Default)</Data><Data Name='Details'>C:\Program Files (x86)\Google\Update\1.3.34.11\psmachine_64.dll</Data></EventData></Event>
<Event xmlns='http://schemas.microsoft.com/win/2004/08/events/event'><System><Provider Name='Microsoft-Windows-Sysmon' Guid='{5770385F-C22A-43E0-BF4C-06F5698FFBD9}'/><EventID>13</EventID><Version>2</Version><Level>4</Level><Task>13</Task><Opcode>0</Opcode><Keywords>0x8000000000000000</Keywords><TimeCreated SystemTime='2019-07-24T17:57:12.657385200Z'/><EventRecordID>308</EventRecordID><Correlation/><Execution ProcessID='3324' ThreadID='3220'/><Channel>Microsoft-Windows-Sysmon/Operational</Channel><Computer>DESKTOP-FVSHABR</Computer><Security UserID='S-1-5-18'/></System><EventData><Data Name='RuleName'></Data><Data Name='EventType'>SetValue</Data><Data Name='UtcTime'>2019-07-24 17:57:12.475</Data><Data Name='ProcessGuid'>{87E8D3BD-9BF8-5D38-0000-001067180F00}</Data><Data Name='ProcessId'>652</Data><Data Name='Image'>C:\Program Files (x86)\Google\Update\GoogleUpdate.exe</Data><Data Name='TargetObject'>HKCR\Wow6432Node\CLSID\{9D6AA569-9F30-41AD-885A-346685C74928}\InprocServer32\(Default)</Data><Data Name='Details'>C:\Program Files (x86)\Google\Update\1.3.34.11\psmachine.dll</Data></EventData></Event>
<Event xmlns='http://schemas.microsoft.com/win/2004/08/events/event'><System><Provider Name='Microsoft-Windows-Sysmon' Guid='{5770385F-C22A-43E0-BF4C-06F5698FFBD9}'/><EventID>13</EventID><Version>2</Version><Level>4</Level><Task>13</Task><Opcode>0</Opcode><Keywords>0x8000000000000000</Keywords><TimeCreated SystemTime='2019-07-24T17:57:12.659501000Z'/><EventRecordID>309</EventRecordID><Correlation/><Execution ProcessID='3324' ThreadID='3220'/><Channel>Microsoft-Windows-Sysmon/Operational</Channel><Computer>DESKTOP-FVSHABR</Computer><Security UserID='S-1-5-18'/></System><EventData><Data Name='RuleName'></Data><Data Name='EventType'>SetValue</Data><Data Name='UtcTime'>2019-07-24 17:57:12.475</Data><Data Name='ProcessGuid'>{87E8D3BD-9BF8-5D38-0000-001067180F00}</Data><Data Name='ProcessId'>652</Data><Data Name='Image'>C:\Program Files (x86)\Google\Update\GoogleUpdate.exe</Data><Data Name='TargetObject'>HKCR\Wow6432Node\CLSID\{600FDFA3-1EA7-4792-9436-ABB5154A9EB2}\InProcServer32\(Default)</Data><Data Name='Details'>C:\Program Files (x86)\Google\Update\1.3.34.11\psmachine.dll</Data></EventData></Event>
<Event xmlns='http://schemas.microsoft.com/win/2004/08/events/event'><System><Provider Name='Microsoft-Windows-Sysmon' Guid='{5770385F-C22A-43E0-BF4C-06F5698FFBD9}'/><EventID>13</EventID><Version>2</Version><Level>4</Level><Task>13</Task><Opcode>0</Opcode><Keywords>0x8000000000000000</Keywords><TimeCreated SystemTime='2019-07-24T17:57:12.792214800Z'/><EventRecordID>310</EventRecordID><Correlation/><Execution ProcessID='3324' ThreadID='3220'/><Channel>Microsoft-Windows-Sysmon/Operational</Channel><Computer>DESKTOP-FVSHABR</Computer><Security UserID='S-1-5-18'/></System><EventData><Data Name='RuleName'></Data><Data Name='EventType'>SetValue</Data><Data Name='UtcTime'>2019-07-24 17:57:12.505</Data><Data Name='ProcessGuid'>{87E8D3BD-9BF5-5D38-0000-0010D8ED0E00}</Data><Data Name='ProcessId'>588</Data><Data Name='Image'>C:\Program Files (x86)\GUM6D35.tmp\GoogleUpdate.exe</Data><Data Name='TargetObject'>HKCR\Wow6432Node\CLSID\{C442AC41-9200-4770-8CC0-7CDB4F245C55}\InprocServer32\(Default)</Data><Data Name='Details'>C:\Program Files (x86)\Google\Update\1.3.34.11\npGoogleUpdate3.dll</Data></EventData></Event>
<Event xmlns='http://schemas.microsoft.com/win/2004/08/events/event'><System><Provider Name='Microsoft-Windows-Sysmon' Guid='{5770385F-C22A-43E0-BF4C-06F5698FFBD9}'/><EventID>13</EventID><Version>2</Version><Level>4</Level><Task>13</Task><Opcode>0</Opcode><Keywords>0x8000000000000000</Keywords><TimeCreated SystemTime='2019-07-24T17:57:12.814614100Z'/><EventRecordID>311</EventRecordID><Correlation/><Execution ProcessID='3324' ThreadID='3220'/><Channel>Microsoft-Windows-Sysmon/Operational</Channel><Computer>DESKTOP-FVSHABR</Computer><Security UserID='S-1-5-18'/></System><EventData><Data Name='RuleName'></Data><Data Name='EventType'>SetValue</Data><Data Name='UtcTime'>2019-07-24 17:57:12.505</Data><Data Name='ProcessGuid'>{87E8D3BD-9BF5-5D38-0000-0010D8ED0E00}</Data><Data Name='ProcessId'>588</Data><Data Name='Image'>C:\Program Files (x86)\GUM6D35.tmp\GoogleUpdate.exe</Data><Data Name='TargetObject'>HKCR\Wow6432Node\CLSID\{C3101A8B-0EE1-4612-BFE9-41FFC1A3C19D}\InprocServer32\(Default)</Data><Data Name='Details'>C:\Program Files (x86)\Google\Update\1.3.34.11\npGoogleUpdate3.dll</Data></EventData></Event>
<Event xmlns='http://schemas.microsoft.com/win/2004/08/events/event'><System><Provider Name='Microsoft-Windows-Sysmon' Guid='{5770385F-C22A-43E0-BF4C-06F5698FFBD9}'/><EventID>1</EventID><Version>5</Version><Level>4</Level><Task>1</Task><Opcode>0</Opcode><Keywords>0x8000000000000000</Keywords><TimeCreated SystemTime='2019-07-24T17:57:12.825721100Z'/><EventRecordID>312</EventRecordID><Correlation/><Execution ProcessID='3324' ThreadID='3220'/><Channel>Microsoft-Windows-Sysmon/Operational</Channel><Computer>DESKTOP-FVSHABR</Computer><Security UserID='S-1-5-18'/></System><EventData><Data Name='RuleName'></Data><Data Name='UtcTime'>2019-07-24 17:57:12.536</Data><Data Name='ProcessGuid'>{87E8D3BD-9BF8-5D38-0000-001092340F00}</Data><Data Name='ProcessId'>2628</Data><Data Name='Image'>C:\Program Files (x86)\Google\Update\GoogleUpdate.exe</Data><Data Name='FileVersion'>1.3.34.11</Data><Data Name='Description'>Google Installer</Data><Data Name='Product'>Google Update</Data><Data Name='Company'>Google LLC</Data><Data Name='OriginalFileName'>GoogleUpdate.exe</Data><Data Name='CommandLine'>"C:\Program Files (x86)\Google\Update\GoogleUpdate.exe" /ping PD94bWwgdmVyc2lvbj0iMS4wIiBlbmNvZGluZz0iVVRGLTgiPz48cmVxdWVzdCBwcm90b2NvbD0iMy4wIiB1cGRhdGVyPSJPbWFoYSIgdXBkYXRlcnZlcnNpb249IjEuMy4zNC4xMSIgc2hlbGxfdmVyc2lvbj0iMS4zLjM0LjExIiBpc21hY2hpbmU9IjEiIHNlc3Npb25pZD0ie0FENkI2REFGLUNGNjItNEQ2OC1CQkZELTk0N0JDRUM2NDM0MH0iIHVzZXJpZD0iezg4OUZFMkM2LUE3ODYtNDk5QS1BMDNELTNEQjUyMjA0OURDRX0iIGluc3RhbGxzb3VyY2U9InRhZ2dlZG1pIiByZXF1ZXN0aWQ9Ins2MTY1RkU2Ri0yOTUyLTQyQTctQjMyNy05MUIwMzM1N0Y2Mzd9IiBkZWR1cD0iY3IiIGRvbWFpbmpvaW5lZD0iMCI-PGh3IHBoeXNtZW1vcnk9IjQiIHNzZT0iMSIgc3NlMj0iMSIgc3NlMz0iMSIgc3NzZTM9IjEiIHNzZTQxPSIxIiBzc2U0Mj0iMSIgYXZ4PSIxIi8-PG9zIHBsYXRmb3JtPSJ3aW4iIHZlcnNpb249IjEwLjAuMTAyNDAuMTYzODQiIHNwPSIiIGFyY2g9Ing2NCIvPjxhcHAgYXBwaWQ9Ins0MzBGRDREMC1CNzI5LTRGNjEtQUEzNC05MTUyNjQ4MTc5OUR9IiB2ZXJzaW9uPSIiIG5leHR2ZXJzaW9uPSIxLjMuMzQuMTEiIGxhbmc9ImVuIiBicmFuZD0iQ0hCRiIgY2xpZW50PSIiIGlpZD0ie0YyNzgyMjc2LTcwODUtOUVDOS1CODJDLTRCOTFERjIyN0Y4Rn0iPjxldmVudCBldmVudHR5cGU9IjIiIGV2ZW50cmVzdWx0PSIxIiBlcnJvcmNvZGU9IjAiIGV4dHJhY29kZTE9IjAiIGluc3RhbGxfdGltZV9tcz0iMjg2MCIvPjwvYXBwPjwvcmVxdWVzdD4</Data><Data Name='CurrentDirectory'>C:\Program Files (x86)\GUM6D35.tmp\</Data><Data Name='User'>DESKTOP-FVSHABR\grapltest</Data><Data Name='LogonGuid'>{87E8D3BD-99C8-5D38-0000-002061140200}</Data><Data Name='LogonId'>0x21461</Data><Data Name='TerminalSessionId'>1</Data><Data Name='IntegrityLevel'>High</Data><Data Name='Hashes'>MD5=82F657B0AEE67A6A560321CF0927F9F7,SHA256=794CF7644115198DB451431BCA7C89FF9A97550482B1E3F7F13EB7ACA6120A11</Data><Data Name='ParentProcessGuid'>{87E8D3BD-9BF5-5D38-0000-0010D8ED0E00}</Data><Data Name='ParentProcessId'>588</Data><Data Name='ParentImage'>C:\Program Files (x86)\GUM6D35.tmp\GoogleUpdate.exe</Data><Data Name='ParentCommandLine'>"C:\Program Files (x86)\GUM6D35.tmp\GoogleUpdate.exe" /installsource taggedmi /install "appguid={8A69D345-D564-463C-AFF1-A69D9E530F96}&amp;iid={F2782276-7085-9EC9-B82C-4B91DF227F8F}&amp;lang=en&amp;browser=5&amp;usagestats=1&amp;appname=Google%20Chrome&amp;needsadmin=prefers&amp;ap=x64-stable-statsdef_1&amp;brand=CHBF&amp;installdataindex=empty" /installelevated</Data></EventData></Event>
<Event xmlns='http://schemas.microsoft.com/win/2004/08/events/event'><System><Provider Name='Microsoft-Windows-Sysmon' Guid='{5770385F-C22A-43E0-BF4C-06F5698FFBD9}'/><EventID>1</EventID><Version>5</Version><Level>4</Level><Task>1</Task><Opcode>0</Opcode><Keywords>0x8000000000000000</Keywords><TimeCreated SystemTime='2019-07-24T17:57:12.828077000Z'/><EventRecordID>313</EventRecordID><Correlation/><Execution ProcessID='3324' ThreadID='3220'/><Channel>Microsoft-Windows-Sysmon/Operational</Channel><Computer>DESKTOP-FVSHABR</Computer><Security UserID='S-1-5-18'/></System><EventData><Data Name='RuleName'></Data><Data Name='UtcTime'>2019-07-24 17:57:12.549</Data><Data Name='ProcessGuid'>{87E8D3BD-9BF8-5D38-0000-001007360F00}</Data><Data Name='ProcessId'>2320</Data><Data Name='Image'>C:\Program Files (x86)\Google\Update\GoogleUpdate.exe</Data><Data Name='FileVersion'>1.3.34.11</Data><Data Name='Description'>Google Installer</Data><Data Name='Product'>Google Update</Data><Data Name='Company'>Google LLC</Data><Data Name='OriginalFileName'>GoogleUpdate.exe</Data><Data Name='CommandLine'>"C:\Program Files (x86)\Google\Update\GoogleUpdate.exe" /handoff "appguid={8A69D345-D564-463C-AFF1-A69D9E530F96}&amp;iid={F2782276-7085-9EC9-B82C-4B91DF227F8F}&amp;lang=en&amp;browser=5&amp;usagestats=1&amp;appname=Google%%20Chrome&amp;needsadmin=prefers&amp;ap=x64-stable-statsdef_1&amp;brand=CHBF&amp;installdataindex=empty" /installsource taggedmi /sessionid "{AD6B6DAF-CF62-4D68-BBFD-947BCEC64340}"</Data><Data Name='CurrentDirectory'>C:\Program Files (x86)\GUM6D35.tmp\</Data><Data Name='User'>DESKTOP-FVSHABR\grapltest</Data><Data Name='LogonGuid'>{87E8D3BD-99C8-5D38-0000-002061140200}</Data><Data Name='LogonId'>0x21461</Data><Data Name='TerminalSessionId'>1</Data><Data Name='IntegrityLevel'>High</Data><Data Name='Hashes'>MD5=82F657B0AEE67A6A560321CF0927F9F7,SHA256=794CF7644115198DB451431BCA7C89FF9A97550482B1E3F7F13EB7ACA6120A11</Data><Data Name='ParentProcessGuid'>{87E8D3BD-9BF5-5D38-0000-0010D8ED0E00}</Data><Data Name='ParentProcessId'>588</Data><Data Name='ParentImage'>C:\Program Files (x86)\GUM6D35.tmp\GoogleUpdate.exe</Data><Data Name='ParentCommandLine'>"C:\Program Files (x86)\GUM6D35.tmp\GoogleUpdate.exe" /installsource taggedmi /install "appguid={8A69D345-D564-463C-AFF1-A69D9E530F96}&amp;iid={F2782276-7085-9EC9-B82C-4B91DF227F8F}&amp;lang=en&amp;browser=5&amp;usagestats=1&amp;appname=Google%20Chrome&amp;needsadmin=prefers&amp;ap=x64-stable-statsdef_1&amp;brand=CHBF&amp;installdataindex=empty" /installelevated</Data></EventData></Event>
<Event xmlns='http://schemas.microsoft.com/win/2004/08/events/event'><System><Provider Name='Microsoft-Windows-Sysmon' Guid='{5770385F-C22A-43E0-BF4C-06F5698FFBD9}'/><EventID>1</EventID><Version>5</Version><Level>4</Level><Task>1</Task><Opcode>0</Opcode><Keywords>0x8000000000000000</Keywords><TimeCreated SystemTime='2019-07-24T17:57:12.829611900Z'/><EventRecordID>314</EventRecordID><Correlation/><Execution ProcessID='3324' ThreadID='3220'/><Channel>Microsoft-Windows-Sysmon/Operational</Channel><Computer>DESKTOP-FVSHABR</Computer><Security UserID='S-1-5-18'/></System><EventData><Data Name='RuleName'></Data><Data Name='UtcTime'>2019-07-24 17:57:12.608</Data><Data Name='ProcessGuid'>{87E8D3BD-9BF8-5D38-0000-0010173C0F00}</Data><Data Name='ProcessId'>4820</Data><Data Name='Image'>C:\Program Files (x86)\Google\Update\GoogleUpdate.exe</Data><Data Name='FileVersion'>1.3.34.11</Data><Data Name='Description'>Google Installer</Data><Data Name='Product'>Google Update</Data><Data Name='Company'>Google LLC</Data><Data Name='OriginalFileName'>GoogleUpdate.exe</Data><Data Name='CommandLine'>"C:\Program Files (x86)\Google\Update\GoogleUpdate.exe" /svc</Data><Data Name='CurrentDirectory'>C:\Windows\system32\</Data><Data Name='User'>NT AUTHORITY\SYSTEM</Data><Data Name='LogonGuid'>{87E8D3BD-998D-5D38-0000-0020E7030000}</Data><Data Name='LogonId'>0x3e7</Data><Data Name='TerminalSessionId'>0</Data><Data Name='IntegrityLevel'>System</Data><Data Name='Hashes'>MD5=82F657B0AEE67A6A560321CF0927F9F7,SHA256=794CF7644115198DB451431BCA7C89FF9A97550482B1E3F7F13EB7ACA6120A11</Data><Data Name='ParentProcessGuid'>{87E8D3BD-998D-5D38-0000-001030400000}</Data><Data Name='ParentProcessId'>568</Data><Data Name='ParentImage'>C:\Windows\System32\services.exe</Data><Data Name='ParentCommandLine'>C:\Windows\system32\services.exe</Data></EventData></Event>
