<sysmonview>
<Event xmlns='http://schemas.microsoft.com/win/2004/08/events/event'><System><Provider Name='Microsoft-Windows-Sysmon' Guid='{5770385F-C22A-43E0-BF4C-06F5698FFBD9}'/><EventID>16</EventID><Version>3</Version><Level>4</Level><Task>16</Task><Opcode>0</Opcode><Keywords>0x8000000000000000</Keywords><TimeCreated SystemTime='2019-07-24T17:51:10.855748600Z'/><EventRecordID>1</EventRecordID><Correlation/><Execution ProcessID='4932' ThreadID='4916'/><Channel>Microsoft-Windows-Sysmon/Operational</Channel><Computer>DESKTOP-FVSHABR</Computer><Security UserID='S-1-5-21-475214889-3710252578-4288414562-1001'/></System><EventData><Data Name='UtcTime'>2019-07-24 17:51:10.849</Data><Data Name='Configuration'>C:\Users\grapltest\Documents\sysmonconfig.xml.txt</Data><Data Name='ConfigurationFileHash'>SHA1=6F76031E03683B68245CFF51F7351D8377C046D9</Data></EventData></Event>
<Event xmlns='http://schemas.microsoft.com/win/2004/08/events/event'><System><Provider Name='Microsoft-Windows-Sysmon' Guid='{5770385F-C22A-43E0-BF4C-06F5698FFBD9}'/><EventID>4</EventID><Version>3</Version><Level>4</Level><Task>4</Task><Opcode>0</Opcode><Keywords>0x8000000000000000</Keywords><TimeCreated SystemTime='2019-07-24T17:51:10.949069400Z'/><EventRecordID>2</EventRecordID><Correlation/><Execution ProcessID='3324' ThreadID='3220'/><Channel>Microsoft-Windows-Sysmon/Operational</Channel><Computer>DESKTOP-FVSHABR</Computer><Security UserID='S-1-5-18'/></System><EventData><Data Name='UtcTime'>2019-07-24 17:51:10.942</Data><Data Name='State'>Started</Data><Data Name='Version'>10.2</Data><Data Name='SchemaVersion'>4.21</Data></EventData></Event>
<Event xmlns='http://schemas.microsoft.com/win/2004/08/events/event'><System><Provider Name='Microsoft-Windows-Sysmon' Guid='{5770385F-C22A-43E0-BF4C-06F5698FFBD9}'/><EventID>1</EventID><Version>5</Version><Level>4</Level><Task>1</Task><Opcode>0</Opcode><Keywords>0x8000000000000000</Keywords><TimeCreated SystemTime='2019-07-24T17:51:10.957742400Z'/><EventRecordID>3</EventRecordID><Correlation/><Execution ProcessID='3324' ThreadID='3220'/><Channel>Microsoft-Windows-Sysmon/Operational</Channel><Computer>DESKTOP-FVSHABR</Computer><Security UserID='S-1-5-18'/></System><EventData><Data Name='RuleName'></Data><Data Name='UtcTime'>2019-07-24 17:51:10.867</Data><Data Name='ProcessGuid'>{87E8D3BD-9A8E-5D38-0000-0010D7CA0800}</Data><Data Name='ProcessId'>3324</Data><Data Name='Image'>C:\Windows\Sysmon.exe</Data><Data Name='FileVersion'>10.2</Data><Data Name='Description'>System activity monitor</Data><Data Name='Product'>Sysinternals Sysmon</Data><Data Name='Company'>Sysinternals - www.sysinternals.com</Data><Data Name='OriginalFileName'>?</Data><Data Name='CommandLine'>C:\Windows\Sysmon.exe</Data><Data Name='CurrentDirectory'>C:\Windows\system32\</Data><Data Name='User'>NT AUTHORITY\SYSTEM</Data><Data Name='LogonGuid'>{87E8D3BD-998D-5D38-0000-0020E7030000}</Data><Data Name='LogonId'>0x3e7</Data><Data Name='TerminalSessionId'>0</Data><Data Name='IntegrityLevel'>System</Data><Data Name='Hashes'>MD5=041199C6747E9764856E519BCB548B62,SHA256=981792616E29B07CA33749E4F3DA9769A850C61CED86F71716E0AF475BBD2DF1</Data><Data Name='ParentProcessGuid'>{87E8D3BD-998D-5D38-0000-001030400000}</Data><Data Name='ParentProcessId'>568</Data><Data Name='ParentImage'>C:\Windows\System32\services.exe</Data><Data Name='ParentCommandLine'>C:\Windows\system32\services.exe</Data></EventData></Event>
<Event xmlns='http://schemas.microsoft.com/win/2004/08/events/event'><System><Provider Name='Microsoft-Windows-Sysmon' Guid='{5770385F-C22A-43E0-BF4C-06F5698FFBD9}'/><EventID>1</EventID><Version>5</Version><Level>4</Level><Task>1</Task><Opcode>0</Opcode><Keywords>0x8000000000000000</Keywords><TimeCreated SystemTime='2019-07-24T17:51:10.959959700Z'/><EventRecordID>4</EventRecordID><Correlation/><Execution ProcessID='3324' ThreadID='3220'/><Channel>Microsoft-Windows-Sysmon/Operational</Channel><Computer>DESKTOP-FVSHABR</Computer><Security UserID='S-1-5-18'/></System><EventData><Data Name='RuleName'></Data><Data Name='UtcTime'>2019-07-24 17:51:10.910</Data><Data Name='ProcessGuid'>{87E8D3BD-9A8E-5D38-0000-001040CD0800}</Data><Data Name='ProcessId'>3724</Data><Data Name='Image'>C:\Windows\System32\wbem\unsecapp.exe</Data><Data Name='FileVersion'>10.0.10240.16384 (th1.150709-1700)</Data><Data Name='Description'>Sink to receive asynchronous callbacks for WMI client application</Data><Data Name='Product'>Microsoft® Windows® Operating System</Data><Data Name='Company'>Microsoft Corporation</Data><Data Name='OriginalFileName'>unsecapp.dll</Data><Data Name='CommandLine'>C:\Windows\system32\wbem\unsecapp.exe -Embedding</Data><Data Name='CurrentDirectory'>C:\Windows\system32\</Data><Data Name='User'>NT AUTHORITY\SYSTEM</Data><Data Name='LogonGuid'>{87E8D3BD-998D-5D38-0000-0020E7030000}</Data><Data Name='LogonId'>0x3e7</Data><Data Name='TerminalSessionId'>0</Data><Data Name='IntegrityLevel'>System</Data><Data Name='Hashes'>MD5=D955EA7DA223A2CABE44D80C01D7E8B3,SHA256=AB9A7F997DA81BD7202C49BF0F40AB06B89FCAFDA9F91F89A0B186291890E099</Data><Data Name='ParentProcessGuid'>{87E8D3BD-998D-5D38-0000-00100D560000}</Data><Data Name='ParentProcessId'>668</Data><Data Name='ParentImage'>C:\Windows\System32\svchost.exe</Data><Data Name='ParentCommandLine'>C:\Windows\system32\svchost.exe -k DcomLaunch</Data></EventData></Event>
<Event xmlns='http://schemas.microsoft.com/win/2004/08/events/event'><System><Provider Name='Microsoft-Windows-Sysmon' Guid='{5770385F-C22A-43E0-BF4C-06F5698FFBD9}'/><EventID>5</EventID><Version>3</Version><Level>4</Level><Task>5</Task><Opcode>0</Opcode><Keywords>0x8000000000000000</Keywords><TimeCreated SystemTime='2019-07-24T17:51:11.923383400Z'/><EventRecordID>5</EventRecordID><Correlation/><Execution ProcessID='3324' ThreadID='3220'/><Channel>Microsoft-Windows-Sysmon/Operational</Channel><Computer>DESKTOP-FVSHABR</Computer><Security UserID='S-1-5-18'/></System><EventData><Data Name='RuleName'></Data><Data Name='UtcTime'>2019-07-24 17:51:11.912</Data><Data Name='ProcessGuid'>{87E8D3BD-9A8E-5D38-0000-0010AD870800}</Data><Data Name='ProcessId'>4932</Data><Data Name='Image'>C:\Users\GRAPLT~1\AppData\Local\Temp\Sysmon.exe</Data></EventData></Event>
<Event xmlns='http://schemas.microsoft.com/win/2004/08/events/event'><System><Provider Name='Microsoft-Windows-Sysmon' Guid='{5770385F-C22A-43E0-BF4C-06F5698FFBD9}'/><EventID>5</EventID><Version>3</Version><Level>4</Level><Task>5</Task><Opcode>0</Opcode><Keywords>0x8000000000000000</Keywords><TimeCreated SystemTime='2019-07-24T17:51:11.932762300Z'/><EventRecordID>6</EventRecordID><Correlation/><Execution ProcessID='3324' ThreadID='3220'/><Channel>Microsoft-Windows-Sysmon/Operational</Channel><Computer>DESKTOP-FVSHABR</Computer><Security UserID='S-1-5-18'/></System><EventData><Data Name='RuleName'></Data><Data Name='UtcTime'>2019-07-24 17:51:11.930</Data><Data Name='ProcessGuid'>{87E8D3BD-9A8E-5D38-0000-0010DB850800}</Data><Data Name='ProcessId'>3372</Data><Data Name='Image'>C:\Users\grapltest\Downloads\Sysmon\Sysmon.exe</Data></EventData></Event>
<Event xmlns='http://schemas.microsoft.com/win/2004/08/events/event'><System><Provider Name='Microsoft-Windows-Sysmon' Guid='{5770385F-C22A-43E0-BF4C-06F5698FFBD9}'/><EventID>22</EventID><Version>5</Version><Level>4</Level><Task>22</Task><Opcode>0</Opcode><Keywords>0x8000000000000000</Keywords><TimeCreated SystemTime='2019-07-24T17:51:26.756638200Z'/><EventRecordID>7</EventRecordID><Correlation/><Execution ProcessID='3324' ThreadID='3620'/><Channel>Microsoft-Windows-Sysmon/Operational</Channel><Computer>DESKTOP-FVSHABR</Computer><Security UserID='S-1-5-18'/></System><EventData><Data Name='RuleName'></Data><Data Name='UtcTime'>2019-07-24 17:51:25.944</Data><Data Name='ProcessGuid'>{87E8D3BD-9A9D-5D38-0000-00102A890900}</Data><Data Name='ProcessId'>2392</Data><Data Name='QueryName'>static-spartan-wus-s-msn-com.akamaized.net</Data><Data Name='QueryStatus'>0</Data><Data Name='QueryResults'>type:  5 a743.g2.akamai.net;::ffff:23.215.102.33;::ffff:23.215.102.8;</Data><Data Name='Image'>C:\Windows\SystemApps\Microsoft.MicrosoftEdge_8wekyb3d8bbwe\MicrosoftEdgeCP.exe</Data></EventData></Event>
<Event xmlns='http://schemas.microsoft.com/win/2004/08/events/event'><System><Provider Name='Microsoft-Windows-Sysmon' Guid='{5770385F-C22A-43E0-BF4C-06F5698FFBD9}'/><EventID>22</EventID><Version>5</Version><Level>4</Level><Task>22</Task><Opcode>0</Opcode><Keywords>0x8000000000000000</Keywords><TimeCreated SystemTime='2019-07-24T17:51:26.757026400Z'/><EventRecordID>8</EventRecordID><Correlation/><Execution ProcessID='3324' ThreadID='3620'/><Channel>Microsoft-Windows-Sysmon/Operational</Channel><Computer>DESKTOP-FVSHABR</Computer><Security UserID='S-1-5-18'/></System><EventData><Data Name='RuleName'></Data><Data Name='UtcTime'>2019-07-24 17:51:26.183</Data><Data Name='ProcessGuid'>{87E8D3BD-9A9D-5D38-0000-00102A890900}</Data><Data Name='ProcessId'>2392</Data><Data Name='QueryName'>img-s-msn-com.akamaized.net</Data><Data Name='QueryStatus'>0</Data><Data Name='QueryResults'>type:  5 a1834.dspg2.akamai.net;::ffff:23.215.102.8;::ffff:23.215.102.17;</Data><Data Name='Image'>C:\Windows\SystemApps\Microsoft.MicrosoftEdge_8wekyb3d8bbwe\MicrosoftEdgeCP.exe</Data></EventData></Event>
<Event xmlns='http://schemas.microsoft.com/win/2004/08/events/event'><System><Provider Name='Microsoft-Windows-Sysmon' Guid='{5770385F-C22A-43E0-BF4C-06F5698FFBD9}'/><EventID>22</EventID><Version>5</Version><Level>4</Level><Task>22</Task><Opcode>0</Opcode><Keywords>0x8000000000000000</Keywords><TimeCreated SystemTime='2019-07-24T17:51:26.757266500Z'/><EventRecordID>9</EventRecordID><Correlation/><Execution ProcessID='3324' ThreadID='3620'/><Channel>Microsoft-Windows-Sysmon/Operational</Channel><Computer>DESKTOP-FVSHABR</Computer><Security UserID='S-1-5-18'/></System><EventData><Data Name='RuleName'></Data><Data Name='UtcTime'>2019-07-24 17:51:26.216</Data><Data Name='ProcessGuid'>{87E8D3BD-9A9D-5D38-0000-00102A890900}</Data><Data Name='ProcessId'>2392</Data><Data Name='QueryName'>img.s-msn.com</Data><Data Name='QueryStatus'>0</Data><Data Name='QueryResults'>type:  5 wildcard.s-msn.com.edgekey.net;type:  5 e7341.g.akamaiedge.net;::ffff:96.16.173.87;</Data><Data Name='Image'>C:\Windows\SystemApps\Microsoft.MicrosoftEdge_8wekyb3d8bbwe\MicrosoftEdgeCP.exe</Data></EventData></Event>
<Event xmlns='http://schemas.microsoft.com/win/2004/08/events/event'><System><Provider Name='Microsoft-Windows-Sysmon' Guid='{5770385F-C22A-43E0-BF4C-06F5698FFBD9}'/><EventID>22</EventID><Version>5</Version><Level>4</Level><Task>22</Task><Opcode>0</Opcode><Keywords>0x8000000000000000</Keywords><TimeCreated SystemTime='2019-07-24T17:51:32.822142100Z'/><EventRecordID>10</EventRecordID><Correlation/><Execution ProcessID='3324' ThreadID='3620'/><Channel>Microsoft-Windows-Sysmon/Operational</Channel><Computer>DESKTOP-FVSHABR</Computer><Security UserID='S-1-5-18'/></System><EventData><Data Name='RuleName'></Data><Data Name='UtcTime'>2019-07-24 17:51:30.543</Data><Data Name='ProcessGuid'>{87E8D3BD-99EC-5D38-0000-00106D300500}</Data><Data Name='ProcessId'>3140</Data><Data Name='QueryName'>clickserve.dartsearch.net</Data><Data Name='QueryStatus'>0</Data><Data Name='QueryResults'>::ffff:172.217.5.110;</Data><Data Name='Image'>C:\Windows\SystemApps\Microsoft.MicrosoftEdge_8wekyb3d8bbwe\MicrosoftEdge.exe</Data></EventData></Event>
<Event xmlns='http://schemas.microsoft.com/win/2004/08/events/event'><System><Provider Name='Microsoft-Windows-Sysmon' Guid='{5770385F-C22A-43E0-BF4C-06F5698FFBD9}'/><EventID>22</EventID><Version>5</Version><Level>4</Level><Task>22</Task><Opcode>0</Opcode><Keywords>0x8000000000000000</Keywords><TimeCreated SystemTime='2019-07-24T17:51:33.819050000Z'/><EventRecordID>11</EventRecordID><Correlation/><Execution ProcessID='3324' ThreadID='3620'/><Channel>Microsoft-Windows-Sysmon/Operational</Channel><Computer>DESKTOP-FVSHABR</Computer><Security UserID='S-1-5-18'/></System><EventData><Data Name='RuleName'></Data><Data Name='UtcTime'>2019-07-24 17:51:32.917</Data><Data Name='ProcessGuid'>{87E8D3BD-99EC-5D38-0000-001029460500}</Data><Data Name='ProcessId'>2832</Data><Data Name='QueryName'>clickserve.dartsearch.net</Data><Data Name='QueryStatus'>0</Data><Data Name='QueryResults'>::ffff:172.217.5.110;</Data><Data Name='Image'>C:\Windows\SystemApps\Microsoft.MicrosoftEdge_8wekyb3d8bbwe\MicrosoftEdgeCP.exe</Data></EventData></Event>
<Event xmlns='http://schemas.microsoft.com/win/2004/08/events/event'><System><Provider Name='Microsoft-Windows-Sysmon' Guid='{5770385F-C22A-43E0-BF4C-06F5698FFBD9}'/><EventID>22</EventID><Version>5</Version><Level>4</Level><Task>22</Task><Opcode>0</Opcode><Keywords>0x8000000000000000</Keywords><TimeCreated SystemTime='2019-07-24T17:51:33.819433300Z'/><EventRecordID>12</EventRecordID><Correlation/><Execution ProcessID='3324' ThreadID='3620'/><Channel>Microsoft-Windows-Sysmon/Operational</Channel><Computer>DESKTOP-FVSHABR</Computer><Security UserID='S-1-5-18'/></System><EventData><Data Name='RuleName'></Data><Data Name='UtcTime'>2019-07-24 17:51:33.280</Data><Data Name='ProcessGuid'>{87E8D3BD-99EC-5D38-0000-001029460500}</Data><Data Name='ProcessId'>2832</Data><Data Name='QueryName'>www.google.com</Data><Data Name='QueryStatus'>0</Data><Data Name='QueryResults'>::ffff:172.217.0.36;</Data><Data Name='Image'>C:\Windows\SystemApps\Microsoft.MicrosoftEdge_8wekyb3d8bbwe\MicrosoftEdgeCP.exe</Data></EventData></Event>
<Event xmlns='http://schemas.microsoft.com/win/2004/08/events/event'><System><Provider Name='Microsoft-Windows-Sysmon' Guid='{5770385F-C22A-43E0-BF4C-06F5698FFBD9}'/><EventID>22</EventID><Version>5</Version><Level>4</Level><Task>22</Task><Opcode>0</Opcode><Keywords>0x8000000000000000</Keywords><TimeCreated SystemTime='2019-07-24T17:51:34.819451200Z'/><EventRecordID>13</EventRecordID><Correlation/><Execution ProcessID='3324' ThreadID='3620'/><Channel>Microsoft-Windows-Sysmon/Operational</Channel><Computer>DESKTOP-FVSHABR</Computer><Security UserID='S-1-5-18'/></System><EventData><Data Name='RuleName'></Data><Data Name='UtcTime'>2019-07-24 17:51:33.799</Data><Data Name='ProcessGuid'>{87E8D3BD-99EC-5D38-0000-00106D300500}</Data><Data Name='ProcessId'>3140</Data><Data Name='QueryName'>www.google.com</Data><Data Name='QueryStatus'>0</Data><Data Name='QueryResults'>::ffff:172.217.0.36;</Data><Data Name='Image'>C:\Windows\SystemApps\Microsoft.MicrosoftEdge_8wekyb3d8bbwe\MicrosoftEdge.exe</Data></EventData></Event>
<Event xmlns='http://schemas.microsoft.com/win/2004/08/events/event'><System><Provider Name='Microsoft-Windows-Sysmon' Guid='{5770385F-C22A-43E0-BF4C-06F5698FFBD9}'/><EventID>22</EventID><Version>5</Version><Level>4</Level><Task>22</Task><Opcode>0</Opcode><Keywords>0x8000000000000000</Keywords><TimeCreated SystemTime='2019-07-24T17:51:34.819974500Z'/><EventRecordID>14</EventRecordID><Correlation/><Execution ProcessID='3324' ThreadID='3620'/><Channel>Microsoft-Windows-Sysmon/Operational</Channel><Computer>DESKTOP-FVSHABR</Computer><Security UserID='S-1-5-18'/></System><EventData><Data Name='RuleName'></Data><Data Name='UtcTime'>2019-07-24 17:51:34.049</Data><Data Name='ProcessGuid'>{87E8D3BD-99EC-5D38-0000-001029460500}</Data><Data Name='ProcessId'>2832</Data><Data Name='QueryName'>tools.google.com</Data><Data Name='QueryStatus'>0</Data><Data Name='QueryResults'>type:  5 tools.l.google.com;::ffff:172.217.164.110;</Data><Data Name='Image'>C:\Windows\SystemApps\Microsoft.MicrosoftEdge_8wekyb3d8bbwe\MicrosoftEdgeCP.exe</Data></EventData></Event>
<Event xmlns='http://schemas.microsoft.com/win/2004/08/events/event'><System><Provider Name='Microsoft-Windows-Sysmon' Guid='{5770385F-C22A-43E0-BF4C-06F5698FFBD9}'/><EventID>22</EventID><Version>5</Version><Level>4</Level><Task>22</Task><Opcode>0</Opcode><Keywords>0x8000000000000000</Keywords><TimeCreated SystemTime='2019-07-24T17:51:43.553353000Z'/><EventRecordID>15</EventRecordID><Correlation/><Execution ProcessID='3324' ThreadID='3620'/><Channel>Microsoft-Windows-Sysmon/Operational</Channel><Computer>DESKTOP-FVSHABR</Computer><Security UserID='S-1-5-18'/></System><EventData><Data Name='RuleName'></Data><Data Name='UtcTime'>2019-07-24 17:51:41.787</Data><Data Name='ProcessGuid'>{87E8D3BD-998D-5D38-0000-001009E50000}</Data><Data Name='ProcessId'>1044</Data><Data Name='QueryName'>wpad</Data><Data Name='QueryStatus'>9003</Data><Data Name='QueryResults'></Data><Data Name='Image'>C:\Windows\System32\svchost.exe</Data></EventData></Event>
<Event xmlns='http://schemas.microsoft.com/win/2004/08/events/event'><System><Provider Name='Microsoft-Windows-Sysmon' Guid='{5770385F-C22A-43E0-BF4C-06F5698FFBD9}'/><EventID>11</EventID><Version>2</Version><Level>4</Level><Task>11</Task><Opcode>0</Opcode><Keywords>0x8000000000000000</Keywords><TimeCreated SystemTime='2019-07-24T17:51:44.405388100Z'/><EventRecordID>16</EventRecordID><Correlation/><Execution ProcessID='3324' ThreadID='3220'/><Channel>Microsoft-Windows-Sysmon/Operational</Channel><Computer>DESKTOP-FVSHABR</Computer><Security UserID='S-1-5-18'/></System><EventData><Data Name='RuleName'></Data><Data Name='UtcTime'>2019-07-24 17:51:44.396</Data><Data Name='ProcessGuid'>{87E8D3BD-9A7F-5D38-0000-001099690800}</Data><Data Name='ProcessId'>4740</Data><Data Name='Image'>\\?\C:\Windows\system32\wbem\WMIADAP.EXE</Data><Data Name='TargetFilename'>C:\Windows\System32\wbem\Performance\WmiApRpl_new.ini</Data><Data Name='CreationUtcTime'>2019-07-24 17:51:44.396</Data></EventData></Event>
<Event xmlns='http://schemas.microsoft.com/win/2004/08/events/event'><System><Provider Name='Microsoft-Windows-Sysmon' Guid='{5770385F-C22A-43E0-BF4C-06F5698FFBD9}'/><EventID>13</EventID><Version>2</Version><Level>4</Level><Task>13</Task><Opcode>0</Opcode><Keywords>0x8000000000000000</Keywords><TimeCreated SystemTime='2019-07-24T17:53:05.915832000Z'/><EventRecordID>17</EventRecordID><Correlation/><Execution ProcessID='3324' ThreadID='3220'/><Channel>Microsoft-Windows-Sysmon/Operational</Channel><Computer>DESKTOP-FVSHABR</Computer><Security UserID='S-1-5-18'/></System><EventData><Data Name='RuleName'>T1042</Data><Data Name='EventType'>SetValue</Data><Data Name='UtcTime'>2019-07-24 17:53:05.896</Data><Data Name='ProcessGuid'>{87E8D3BD-99C8-5D38-0000-0010583C0200}</Data><Data Name='ProcessId'>3064</Data><Data Name='Image'>C:\Windows\Explorer.EXE</Data><Data Name='TargetObject'>HKU\S-1-5-21-475214889-3710252578-4288414562-1001\SOFTWARE\Microsoft\Windows\CurrentVersion\Explorer\FileExts\.exe\OpenWithProgids\exefile</Data><Data Name='Details'>Binary Data</Data></EventData></Event>
<Event xmlns='http://schemas.microsoft.com/win/2004/08/events/event'><System><Provider Name='Microsoft-Windows-Sysmon' Guid='{5770385F-C22A-43E0-BF4C-06F5698FFBD9}'/><EventID>13</EventID><Version>2</Version><Level>4</Level><Task>13</Task><Opcode>0</Opcode><Keywords>0x8000000000000000</Keywords><TimeCreated SystemTime='2019-07-24T17:54:09.836685800Z'/><EventRecordID>18</EventRecordID><Correlation/><Execution ProcessID='3324' ThreadID='3220'/><Channel>Microsoft-Windows-Sysmon/Operational</Channel><Computer>DESKTOP-FVSHABR</Computer><Security UserID='S-1-5-18'/></System><EventData><Data Name='RuleName'>Suspicious,ImageBeginWithBackslash</Data><Data Name='EventType'>SetValue</Data><Data Name='UtcTime'>2019-07-24 17:54:09.833</Data><Data Name='ProcessGuid'>{87E8D3BD-9A7F-5D38-0000-001099690800}</Data><Data Name='ProcessId'>4740</Data><Data Name='Image'>\\?\C:\Windows\system32\wbem\WMIADAP.EXE</Data><Data Name='TargetObject'>HKLM\SOFTWARE\Microsoft\Windows NT\CurrentVersion\Perflib\Updating</Data><Data Name='Details'>WmiApRpl</Data></EventData></Event>
<Event xmlns='http://schemas.microsoft.com/win/2004/08/events/event'><System><Provider Name='Microsoft-Windows-Sysmon' Guid='{5770385F-C22A-43E0-BF4C-06F5698FFBD9}'/><EventID>13</EventID><Version>2</Version><Level>4</Level><Task>13</Task><Opcode>0</Opcode><Keywords>0x8000000000000000</Keywords><TimeCreated SystemTime='2019-07-24T17:54:09.847265300Z'/><EventRecordID>19</EventRecordID><Correlation/><Execution ProcessID='3324' ThreadID='3220'/><Channel>Microsoft-Windows-Sysmon/Operational</Channel><Computer>DESKTOP-FVSHABR</Computer><Security UserID='S-1-5-18'/></System><EventData><Data Name='RuleName'>Suspicious,ImageBeginWithBackslash</Data><Data Name='EventType'>SetValue</Data><Data Name='UtcTime'>2019-07-24 17:54:09.833</Data><Data Name='ProcessGuid'>{87E8D3BD-9A7F-5D38-0000-001099690800}</Data><Data Name='ProcessId'>4740</Data><Data Name='Image'>\\?\C:\Windows\system32\wbem\WMIADAP.EXE</Data><Data Name='TargetObject'>HKLM\SOFTWARE\Microsoft\Windows NT\CurrentVersion\Perflib\Last Counter</Data><Data Name='Details'>DWORD (0x00001db6)</Data></EventData></Event>
<Event xmlns='http://schemas.microsoft.com/win/2004/08/events/event'><System><Provider Name='Microsoft-Windows-Sysmon' Guid='{5770385F-C22A-43E0-BF4C-06F5698FFBD9}'/><EventID>13</EventID><Version>2</Version><Level>4</Level><Task>13</Task><Opcode>0</Opcode><Keywords>0x8000000000000000</Keywords><TimeCreated SystemTime='2019-07-24T17:54:09.847280100Z'/><EventRecordID>20</EventRecordID><Correlation/><Execution ProcessID='3324' ThreadID='3220'/><Channel>Microsoft-Windows-Sysmon/Operational</Channel><Computer>DESKTOP-FVSHABR</Computer><Security UserID='S-1-5-18'/></System><EventData><Data Name='RuleName'>Suspicious,ImageBeginWithBackslash</Data><Data Name='EventType'>SetValue</Data><Data Name='UtcTime'>2019-07-24 17:54:09.833</Data><Data Name='ProcessGuid'>{87E8D3BD-9A7F-5D38-0000-001099690800}</Data><Data Name='ProcessId'>4740</Data><Data Name='Image'>\\?\C:\Windows\system32\wbem\WMIADAP.EXE</Data><Data Name='TargetObject'>HKLM\SOFTWARE\Microsoft\Windows NT\CurrentVersion\Perflib\Last Help</Data><Data Name='Details'>DWORD (0x00001db7)</Data></EventData></Event>
<Event xmlns='http://schemas.microsoft.com/win/2004/08/events/event'><System><Provider Name='Microsoft-Windows-Sysmon' Guid='{5770385F-C22A-43E0-BF4C-06F5698FFBD9}'/><EventID>12</EventID><Version>2</Version><Level>4</Level><Task>12</Task><Opcode>0</Opcode><Keywords>0x8000000000000000</Keywords><TimeCreated SystemTime='2019-07-24T17:54:09.847373900Z'/><EventRecordID>21</EventRecordID><Correlation/><Execution ProcessID='3324' ThreadID='3220'/><Channel>Microsoft-Windows-Sysmon/Operational</Channel><Computer>DESKTOP-FVSHABR</Computer><Security UserID='S-1-5-18'/></System><EventData><Data Name='RuleName'>Suspicious,ImageBeginWithBackslash</Data><Data Name='EventType'>DeleteValue</Data><Data Name='UtcTime'>2019-07-24 17:54:09.833</Data><Data Name='ProcessGuid'>{87E8D3BD-9A7F-5D38-0000-001099690800}</Data><Data Name='ProcessId'>4740</Data><Data Name='Image'>\\?\C:\Windows\system32\wbem\WMIADAP.EXE</Data><Data Name='TargetObject'>HKLM\System\CurrentControlSet\Services\WmiApRpl\Performance\First Counter</Data></EventData></Event>
<Event xmlns='http://schemas.microsoft.com/win/2004/08/events/event'><System><Provider Name='Microsoft-Windows-Sysmon' Guid='{5770385F-C22A-43E0-BF4C-06F5698FFBD9}'/><EventID>12</EventID><Version>2</Version><Level>4</Level><Task>12</Task><Opcode>0</Opcode><Keywords>0x8000000000000000</Keywords><TimeCreated SystemTime='2019-07-24T17:54:09.847407100Z'/><EventRecordID>22</EventRecordID><Correlation/><Execution ProcessID='3324' ThreadID='3220'/><Channel>Microsoft-Windows-Sysmon/Operational</Channel><Computer>DESKTOP-FVSHABR</Computer><Security UserID='S-1-5-18'/></System><EventData><Data Name='RuleName'>Suspicious,ImageBeginWithBackslash</Data><Data Name='EventType'>DeleteValue</Data><Data Name='UtcTime'>2019-07-24 17:54:09.833</Data><Data Name='ProcessGuid'>{87E8D3BD-9A7F-5D38-0000-001099690800}</Data><Data Name='ProcessId'>4740</Data><Data Name='Image'>\\?\C:\Windows\system32\wbem\WMIADAP.EXE</Data><Data Name='TargetObject'>HKLM\System\CurrentControlSet\Services\WmiApRpl\Performance\Last Counter</Data></EventData></Event>
<Event xmlns='http://schemas.microsoft.com/win/2004/08/events/event'><System><Provider Name='Microsoft-Windows-Sysmon' Guid='{5770385F-C22A-43E0-BF4C-06F5698FFBD9}'/><EventID>12</EventID><Version>2</Version><Level>4</Level><Task>12</Task><Opcode>0</Opcode><Keywords>0x8000000000000000</Keywords><TimeCreated SystemTime='2019-07-24T17:54:09.847542800Z'/><EventRecordID>23</EventRecordID><Correlation/><Execution ProcessID='3324' ThreadID='3220'/><Channel>Microsoft-Windows-Sysmon/Operational</Channel><Computer>DESKTOP-FVSHABR</Computer><Security UserID='S-1-5-18'/></System><EventData><Data Name='RuleName'>Suspicious,ImageBeginWithBackslash</Data><Data Name='EventType'>DeleteValue</Data><Data Name='UtcTime'>2019-07-24 17:54:09.833</Data><Data Name='ProcessGuid'>{87E8D3BD-9A7F-5D38-0000-001099690800}</Data><Data Name='ProcessId'>4740</Data><Data Name='Image'>\\?\C:\Windows\system32\wbem\WMIADAP.EXE</Data><Data Name='TargetObject'>HKLM\System\CurrentControlSet\Services\WmiApRpl\Performance\First Help</Data></EventData></Event>
<Event xmlns='http://schemas.microsoft.com/win/2004/08/events/event'><System><Provider Name='Microsoft-Windows-Sysmon' Guid='{5770385F-C22A-43E0-BF4C-06F5698FFBD9}'/><EventID>12</EventID><Version>2</Version><Level>4</Level><Task>12</Task><Opcode>0</Opcode><Keywords>0x8000000000000000</Keywords><TimeCreated SystemTime='2019-07-24T17:54:09.847549500Z'/><EventRecordID>24</EventRecordID><Correlation/><Execution ProcessID='3324' ThreadID='3220'/><Channel>Microsoft-Windows-Sysmon/Operational</Channel><Computer>DESKTOP-FVSHABR</Computer><Security UserID='S-1-5-18'/></System><EventData><Data Name='RuleName'>Suspicious,ImageBeginWithBackslash</Data><Data Name='EventType'>DeleteValue</Data><Data Name='UtcTime'>2019-07-24 17:54:09.833</Data><Data Name='ProcessGuid'>{87E8D3BD-9A7F-5D38-0000-001099690800}</Data><Data Name='ProcessId'>4740</Data><Data Name='Image'>\\?\C:\Windows\system32\wbem\WMIADAP.EXE</Data><Data Name='TargetObject'>HKLM\System\CurrentControlSet\Services\WmiApRpl\Performance\Last Help</Data></EventData></Event>
<Event xmlns='http://schemas.microsoft.com/win/2004/08/events/event'><System><Provider Name='Microsoft-Windows-Sysmon' Guid='{5770385F-C22A-43E0-BF4C-06F5698FFBD9}'/><EventID>12</EventID><Version>2</Version><Level>4</Level><Task>12</Task><Opcode>0</Opcode><Keywords>0x8000000000000000</Keywords><TimeCreated SystemTime='2019-07-24T17:54:09.847694100Z'/><EventRecordID>25</EventRecordID><Correlation/><Execution ProcessID='3324' ThreadID='3220'/><Channel>Microsoft-Windows-Sysmon/Operational</Channel><Computer>DESKTOP-FVSHABR</Computer><Security UserID='S-1-5-18'/></System><EventData><Data Name='RuleName'>Suspicious,ImageBeginWithBackslash</Data><Data Name='EventType'>DeleteValue</Data><Data Name='UtcTime'>2019-07-24 17:54:09.833</Data><Data Name='ProcessGuid'>{87E8D3BD-9A7F-5D38-0000-001099690800}</Data><Data Name='ProcessId'>4740</Data><Data Name='Image'>\\?\C:\Windows\system32\wbem\WMIADAP.EXE</Data><Data Name='TargetObject'>HKLM\System\CurrentControlSet\Services\WmiApRpl\Performance\Object List</Data></EventData></Event>
<Event xmlns='http://schemas.microsoft.com/win/2004/08/events/event'><System><Provider Name='Microsoft-Windows-Sysmon' Guid='{5770385F-C22A-43E0-BF4C-06F5698FFBD9}'/><EventID>12</EventID><Version>2</Version><Level>4</Level><Task>12</Task><Opcode>0</Opcode><Keywords>0x8000000000000000</Keywords><TimeCreated SystemTime='2019-07-24T17:54:09.847731500Z'/><EventRecordID>26</EventRecordID><Correlation/><Execution ProcessID='3324' ThreadID='3220'/><Channel>Microsoft-Windows-Sysmon/Operational</Channel><Computer>DESKTOP-FVSHABR</Computer><Security UserID='S-1-5-18'/></System><EventData><Data Name='RuleName'>Suspicious,ImageBeginWithBackslash</Data><Data Name='EventType'>DeleteValue</Data><Data Name='UtcTime'>2019-07-24 17:54:09.833</Data><Data Name='ProcessGuid'>{87E8D3BD-9A7F-5D38-0000-001099690800}</Data><Data Name='ProcessId'>4740</Data><Data Name='Image'>\\?\C:\Windows\system32\wbem\WMIADAP.EXE</Data><Data Name='TargetObject'>HKLM\SOFTWARE\Microsoft\Windows NT\CurrentVersion\Perflib\Updating</Data></EventData></Event>
<Event xmlns='http://schemas.microsoft.com/win/2004/08/events/event'><System><Provider Name='Microsoft-Windows-Sysmon' Guid='{5770385F-C22A-43E0-BF4C-06F5698FFBD9}'/><EventID>13</EventID><Version>2</Version><Level>4</Level><Task>13</Task><Opcode>0</Opcode><Keywords>0x8000000000000000</Keywords><TimeCreated SystemTime='2019-07-24T17:54:09.852111700Z'/><EventRecordID>27</EventRecordID><Correlation/><Execution ProcessID='3324' ThreadID='3220'/><Channel>Microsoft-Windows-Sysmon/Operational</Channel><Computer>DESKTOP-FVSHABR</Computer><Security UserID='S-1-5-18'/></System><EventData><Data Name='RuleName'>Suspicious,ImageBeginWithBackslash</Data><Data Name='EventType'>SetValue</Data><Data Name='UtcTime'>2019-07-24 17:54:09.849</Data><Data Name='ProcessGuid'>{87E8D3BD-9A7F-5D38-0000-001099690800}</Data><Data Name='ProcessId'>4740</Data><Data Name='Image'>\\?\C:\Windows\system32\wbem\WMIADAP.EXE</Data><Data Name='TargetObject'>HKLM\System\CurrentControlSet\Services\WmiApRpl\Performance\PerfIniFile</Data><Data Name='Details'>WmiApRpl.ini</Data></EventData></Event>
<Event xmlns='http://schemas.microsoft.com/win/2004/08/events/event'><System><Provider Name='Microsoft-Windows-Sysmon' Guid='{5770385F-C22A-43E0-BF4C-06F5698FFBD9}'/><EventID>13</EventID><Version>2</Version><Level>4</Level><Task>13</Task><Opcode>0</Opcode><Keywords>0x8000000000000000</Keywords><TimeCreated SystemTime='2019-07-24T17:54:09.854003200Z'/><EventRecordID>28</EventRecordID><Correlation/><Execution ProcessID='3324' ThreadID='3220'/><Channel>Microsoft-Windows-Sysmon/Operational</Channel><Computer>DESKTOP-FVSHABR</Computer><Security UserID='S-1-5-18'/></System><EventData><Data Name='RuleName'>Suspicious,ImageBeginWithBackslash</Data><Data Name='EventType'>SetValue</Data><Data Name='UtcTime'>2019-07-24 17:54:09.849</Data><Data Name='ProcessGuid'>{87E8D3BD-9A7F-5D38-0000-001099690800}</Data><Data Name='ProcessId'>4740</Data><Data Name='Image'>\\?\C:\Windows\system32\wbem\WMIADAP.EXE</Data><Data Name='TargetObject'>HKLM\SOFTWARE\Microsoft\Windows NT\CurrentVersion\Perflib\Updating</Data><Data Name='Details'>WmiApRpl</Data></EventData></Event>
<Event xmlns='http://schemas.microsoft.com/win/2004/08/events/event'><System><Provider Name='Microsoft-Windows-Sysmon' Guid='{5770385F-C22A-43E0-BF4C-06F5698FFBD9}'/><EventID>13</EventID><Version>2</Version><Level>4</Level><Task>13</Task><Opcode>0</Opcode><Keywords>0x8000000000000000</Keywords><TimeCreated SystemTime='2019-07-24T17:54:09.882929400Z'/><EventRecordID>29</EventRecordID><Correlation/><Execution ProcessID='3324' ThreadID='3220'/><Channel>Microsoft-Windows-Sysmon/Operational</Channel><Computer>DESKTOP-FVSHABR</Computer><Security UserID='S-1-5-18'/></System><EventData><Data Name='RuleName'>Suspicious,ImageBeginWithBackslash</Data><Data Name='EventType'>SetValue</Data><Data Name='UtcTime'>2019-07-24 17:54:09.880</Data><Data Name='ProcessGuid'>{87E8D3BD-9A7F-5D38-0000-001099690800}</Data><Data Name='ProcessId'>4740</Data><Data Name='Image'>\\?\C:\Windows\system32\wbem\WMIADAP.EXE</Data><Data Name='TargetObject'>HKLM\SOFTWARE\Microsoft\Windows NT\CurrentVersion\Perflib\Last Counter</Data><Data Name='Details'>DWORD (0x00001e6a)</Data></EventData></Event>
<Event xmlns='http://schemas.microsoft.com/win/2004/08/events/event'><System><Provider Name='Microsoft-Windows-Sysmon' Guid='{5770385F-C22A-43E0-BF4C-06F5698FFBD9}'/><EventID>13</EventID><Version>2</Version><Level>4</Level><Task>13</Task><Opcode>0</Opcode><Keywords>0x8000000000000000</Keywords><TimeCreated SystemTime='2019-07-24T17:54:09.882938900Z'/><EventRecordID>30</EventRecordID><Correlation/><Execution ProcessID='3324' ThreadID='3220'/><Channel>Microsoft-Windows-Sysmon/Operational</Channel><Computer>DESKTOP-FVSHABR</Computer><Security UserID='S-1-5-18'/></System><EventData><Data Name='RuleName'>Suspicious,ImageBeginWithBackslash</Data><Data Name='EventType'>SetValue</Data><Data Name='UtcTime'>2019-07-24 17:54:09.880</Data><Data Name='ProcessGuid'>{87E8D3BD-9A7F-5D38-0000-001099690800}</Data><Data Name='ProcessId'>4740</Data><Data Name='Image'>\\?\C:\Windows\system32\wbem\WMIADAP.EXE</Data><Data Name='TargetObject'>HKLM\SOFTWARE\Microsoft\Windows NT\CurrentVersion\Perflib\Last Help</Data><Data Name='Details'>DWORD (0x00001e6b)</Data></EventData></Event>
<Event xmlns='http://schemas.microsoft.com/win/2004/08/events/event'><System><Provider Name='Microsoft-Windows-Sysmon' Guid='{5770385F-C22A-43E0-BF4C-06F5698FFBD9}'/><EventID>13</EventID><Version>2</Version><Level>4</Level><Task>13</Task><Opcode>0</Opcode><Keywords>0x8000000000000000</Keywords><TimeCreated SystemTime='2019-07-24T17:54:09.882965300Z'/><EventRecordID>31</EventRecordID><Correlation/><Execution ProcessID='3324' ThreadID='3220'/><Channel>Microsoft-Windows-Sysmon/Operational</Channel><Computer>DESKTOP-FVSHABR</Computer><Security UserID='S-1-5-18'/></System><EventData><Data Name='RuleName'>Suspicious,ImageBeginWithBackslash</Data><Data Name='EventType'>SetValue</Data><Data Name='UtcTime'>2019-07-24 17:54:09.880</Data><Data Name='ProcessGuid'>{87E8D3BD-9A7F-5D38-0000-001099690800}</Data><Data Name='ProcessId'>4740</Data><Data Name='Image'>\\?\C:\Windows\system32\wbem\WMIADAP.EXE</Data><Data Name='TargetObject'>HKLM\System\CurrentControlSet\Services\WmiApRpl\Performance\Last Counter</Data><Data Name='Details'>DWORD (0x00001e6a)</Data></EventData></Event>
<Event xmlns='http://schemas.microsoft.com/win/2004/08/events/event'><System><Provider Name='Microsoft-Windows-Sysmon' Guid='{5770385F-C22A-43E0-BF4C-06F5698FFBD9}'/><EventID>13</EventID><Version>2</Version><Level>4</Level><Task>13</Task><Opcode>0</Opcode><Keywords>0x8000000000000000</Keywords><TimeCreated SystemTime='2019-07-24T17:54:09.882986100Z'/><EventRecordID>32</EventRecordID><Correlation/><Execution ProcessID='3324' ThreadID='3220'/><Channel>Microsoft-Windows-Sysmon/Operational</Channel><Computer>DESKTOP-FVSHABR</Computer><Security UserID='S-1-5-18'/></System><EventData><Data Name='RuleName'>Suspicious,ImageBeginWithBackslash</Data><Data Name='EventType'>SetValue</Data><Data Name='UtcTime'>2019-07-24 17:54:09.880</Data><Data Name='ProcessGuid'>{87E8D3BD-9A7F-5D38-0000-001099690800}</Data><Data Name='ProcessId'>4740</Data><Data Name='Image'>\\?\C:\Windows\system32\wbem\WMIADAP.EXE</Data><Data Name='TargetObject'>HKLM\System\CurrentControlSet\Services\WmiApRpl\Performance\Last Help</Data><Data Name='Details'>DWORD (0x00001e6b)</Data></EventData></Event>
<Event xmlns='http://schemas.microsoft.com/win/2004/08/events/event'><System><Provider Name='Microsoft-Windows-Sysmon' Guid='{5770385F-C22A-43E0-BF4C-06F5698FFBD9}'/><EventID>13</EventID><Version>2</Version><Level>4</Level><Task>13</Task><Opcode>0</Opcode><Keywords>0x8000000000000000</Keywords><TimeCreated SystemTime='2019-07-24T17:54:09.883024900Z'/><EventRecordID>33</EventRecordID><Correlation/><Execution ProcessID='3324' ThreadID='3220'/><Channel>Microsoft-Windows-Sysmon/Operational</Channel><Computer>DESKTOP-FVSHABR</Computer><Security UserID='S-1-5-18'/></System><EventData><Data Name='RuleName'>Suspicious,ImageBeginWithBackslash</Data><Data Name='EventType'>SetValue</Data><Data Name='UtcTime'>2019-07-24 17:54:09.880</Data><Data Name='ProcessGuid'>{87E8D3BD-9A7F-5D38-0000-001099690800}</Data><Data Name='ProcessId'>4740</Data><Data Name='Image'>\\?\C:\Windows\system32\wbem\WMIADAP.EXE</Data><Data Name='TargetObject'>HKLM\System\CurrentControlSet\Services\WmiApRpl\Performance\First Counter</Data><Data Name='Details'>DWORD (0x00001db8)</Data></EventData></Event>
<Event xmlns='http://schemas.microsoft.com/win/2004/08/events/event'><System><Provider Name='Microsoft-Windows-Sysmon' Guid='{5770385F-C22A-43E0-BF4C-06F5698FFBD9}'/><EventID>13</EventID><Version>2</Version><Level>4</Level><Task>13</Task><Opcode>0</Opcode><Keywords>0x8000000000000000</Keywords><TimeCreated SystemTime='2019-07-24T17:54:09.883038300Z'/><EventRecordID>34</EventRecordID><Correlation/><Execution ProcessID='3324' ThreadID='3220'/><Channel>Microsoft-Windows-Sysmon/Operational</Channel><Computer>DESKTOP-FVSHABR</Computer><Security UserID='S-1-5-18'/></System><EventData><Data Name='RuleName'>Suspicious,ImageBeginWithBackslash</Data><Data Name='EventType'>SetValue</Data><Data Name='UtcTime'>2019-07-24 17:54:09.880</Data><Data Name='ProcessGuid'>{87E8D3BD-9A7F-5D38-0000-001099690800}</Data><Data Name='ProcessId'>4740</Data><Data Name='Image'>\\?\C:\Windows\system32\wbem\WMIADAP.EXE</Data><Data Name='TargetObject'>HKLM\System\CurrentControlSet\Services\WmiApRpl\Performance\First Help</Data><Data Name='Details'>DWORD (0x00001db9)</Data></EventData></Event>
<Event xmlns='http://schemas.microsoft.com/win/2004/08/events/event'><System><Provider Name='Microsoft-Windows-Sysmon' Guid='{5770385F-C22A-43E0-BF4C-06F5698FFBD9}'/><EventID>13</EventID><Version>2</Version><Level>4</Level><Task>13</Task><Opcode>0</Opcode><Keywords>0x8000000000000000</Keywords><TimeCreated SystemTime='2019-07-24T17:54:09.883086600Z'/><EventRecordID>35</EventRecordID><Correlation/><Execution ProcessID='3324' ThreadID='3220'/><Channel>Microsoft-Windows-Sysmon/Operational</Channel><Computer>DESKTOP-FVSHABR</Computer><Security UserID='S-1-5-18'/></System><EventData><Data Name='RuleName'>Suspicious,ImageBeginWithBackslash</Data><Data Name='EventType'>SetValue</Data><Data Name='UtcTime'>2019-07-24 17:54:09.880</Data><Data Name='ProcessGuid'>{87E8D3BD-9A7F-5D38-0000-001099690800}</Data><Data Name='ProcessId'>4740</Data><Data Name='Image'>\\?\C:\Windows\system32\wbem\WMIADAP.EXE</Data><Data Name='TargetObject'>HKLM\System\CurrentControlSet\Services\WmiApRpl\Performance\Object List</Data><Data Name='Details'>7608 7614 7626 7636 7646 7666 7710 7720 7758 7764 7780</Data></EventData></Event>
<Event xmlns='http://schemas.microsoft.com/win/2004/08/events/event'><System><Provider Name='Microsoft-Windows-Sysmon' Guid='{5770385F-C22A-43E0-BF4C-06F5698FFBD9}'/><EventID>12</EventID><Version>2</Version><Level>4</Level><Task>12</Task><Opcode>0</Opcode><Keywords>0x8000000000000000</Keywords><TimeCreated SystemTime='2019-07-24T17:54:09.883118400Z'/><EventRecordID>36</EventRecordID><Correlation/><Execution ProcessID='3324' ThreadID='3220'/><Channel>Microsoft-Windows-Sysmon/Operational</Channel><Computer>DESKTOP-FVSHABR</Computer><Security UserID='S-1-5-18'/></System><EventData><Data Name='RuleName'>Suspicious,ImageBeginWithBackslash</Data><Data Name='EventType'>DeleteValue</Data><Data Name='UtcTime'>2019-07-24 17:54:09.880</Data><Data Name='ProcessGuid'>{87E8D3BD-9A7F-5D38-0000-001099690800}</Data><Data Name='ProcessId'>4740</Data><Data Name='Image'>\\?\C:\Windows\system32\wbem\WMIADAP.EXE</Data><Data Name='TargetObject'>HKLM\SOFTWARE\Microsoft\Windows NT\CurrentVersion\Perflib\Updating</Data></EventData></Event>
<Event xmlns='http://schemas.microsoft.com/win/2004/08/events/event'><System><Provider Name='Microsoft-Windows-Sysmon' Guid='{5770385F-C22A-43E0-BF4C-06F5698FFBD9}'/><EventID>13</EventID><Version>2</Version><Level>4</Level><Task>13</Task><Opcode>0</Opcode><Keywords>0x8000000000000000</Keywords><TimeCreated SystemTime='2019-07-24T17:54:58.319679900Z'/><EventRecordID>37</EventRecordID><Correlation/><Execution ProcessID='3324' ThreadID='3220'/><Channel>Microsoft-Windows-Sysmon/Operational</Channel><Computer>DESKTOP-FVSHABR</Computer><Security UserID='S-1-5-18'/></System><EventData><Data Name='RuleName'>Suspicious,ImageBeginWithBackslash</Data><Data Name='EventType'>SetValue</Data><Data Name='UtcTime'>2019-07-24 17:54:58.318</Data><Data Name='ProcessGuid'>{87E8D3BD-9A7F-5D38-0000-001099690800}</Data><Data Name='ProcessId'>4740</Data><Data Name='Image'>\\?\C:\Windows\system32\wbem\WMIADAP.EXE</Data><Data Name='TargetObject'>HKLM\SOFTWARE\Microsoft\WBEM\PROVIDERS\Performance\Performance Data</Data><Data Name='Details'>Binary Data</Data></EventData></Event>
<Event xmlns='http://schemas.microsoft.com/win/2004/08/events/event'><System><Provider Name='Microsoft-Windows-Sysmon' Guid='{5770385F-C22A-43E0-BF4C-06F5698FFBD9}'/><EventID>12</EventID><Version>2</Version><Level>4</Level><Task>12</Task><Opcode>0</Opcode><Keywords>0x8000000000000000</Keywords><TimeCreated SystemTime='2019-07-24T17:54:58.320842500Z'/><EventRecordID>38</EventRecordID><Correlation/><Execution ProcessID='3324' ThreadID='3220'/><Channel>Microsoft-Windows-Sysmon/Operational</Channel><Computer>DESKTOP-FVSHABR</Computer><Security UserID='S-1-5-18'/></System><EventData><Data Name='RuleName'>Suspicious,ImageBeginWithBackslash</Data><Data Name='EventType'>DeleteKey</Data><Data Name='UtcTime'>2019-07-24 17:54:58.318</Data><Data Name='ProcessGuid'>{87E8D3BD-9A7F-5D38-0000-001099690800}</Data><Data Name='ProcessId'>4740</Data><Data Name='Image'>\\?\C:\Windows\system32\wbem\WMIADAP.EXE</Data><Data Name='TargetObject'>HKLM\SOFTWARE\Microsoft\WBEM\WDM\DREDGE</Data></EventData></Event>
<Event xmlns='http://schemas.microsoft.com/win/2004/08/events/event'><System><Provider Name='Microsoft-Windows-Sysmon' Guid='{5770385F-C22A-43E0-BF4C-06F5698FFBD9}'/><EventID>12</EventID><Version>2</Version><Level>4</Level><Task>12</Task><Opcode>0</Opcode><Keywords>0x8000000000000000</Keywords><TimeCreated SystemTime='2019-07-24T17:54:58.320972600Z'/><EventRecordID>39</EventRecordID><Correlation/><Execution ProcessID='3324' ThreadID='3220'/><Channel>Microsoft-Windows-Sysmon/Operational</Channel><Computer>DESKTOP-FVSHABR</Computer><Security UserID='S-1-5-18'/></System><EventData><Data Name='RuleName'>Suspicious,ImageBeginWithBackslash</Data><Data Name='EventType'>CreateKey</Data><Data Name='UtcTime'>2019-07-24 17:54:58.318</Data><Data Name='ProcessGuid'>{87E8D3BD-9A7F-5D38-0000-001099690800}</Data><Data Name='ProcessId'>4740</Data><Data Name='Image'>\\?\C:\Windows\system32\wbem\WMIADAP.EXE</Data><Data Name='TargetObject'>HKLM\SOFTWARE\Microsoft\WBEM\WDM\DREDGE</Data></EventData></Event>
<Event xmlns='http://schemas.microsoft.com/win/2004/08/events/event'><System><Provider Name='Microsoft-Windows-Sysmon' Guid='{5770385F-C22A-43E0-BF4C-06F5698FFBD9}'/><EventID>13</EventID><Version>2</Version><Level>4</Level><Task>13</Task><Opcode>0</Opcode><Keywords>0x8000000000000000</Keywords><TimeCreated SystemTime='2019-07-24T17:54:58.321292400Z'/><EventRecordID>40</EventRecordID><Correlation/><Execution ProcessID='3324' ThreadID='3220'/><Channel>Microsoft-Windows-Sysmon/Operational</Channel><Computer>DESKTOP-FVSHABR</Computer><Security UserID='S-1-5-18'/></System><EventData><Data Name='RuleName'>Suspicious,ImageBeginWithBackslash</Data><Data Name='EventType'>SetValue</Data><Data Name='UtcTime'>2019-07-24 17:54:58.318</Data><Data Name='ProcessGuid'>{87E8D3BD-9A7F-5D38-0000-001099690800}</Data><Data Name='ProcessId'>4740</Data><Data Name='Image'>\\?\C:\Windows\system32\wbem\WMIADAP.EXE</Data><Data Name='TargetObject'>HKLM\SOFTWARE\Microsoft\WBEM\WDM\DREDGE\C:\Windows\system32\advapi32.dll[MofResourceName]</Data><Data Name='Details'>LowDateTime:-416503270,HighDateTime:30456516***Binary mof compiled successfully</Data></EventData></Event>
<Event xmlns='http://schemas.microsoft.com/win/2004/08/events/event'><System><Provider Name='Microsoft-Windows-Sysmon' Guid='{5770385F-C22A-43E0-BF4C-06F5698FFBD9}'/><EventID>13</EventID><Version>2</Version><Level>4</Level><Task>13</Task><Opcode>0</Opcode><Keywords>0x8000000000000000</Keywords><TimeCreated SystemTime='2019-07-24T17:54:58.321328400Z'/><EventRecordID>41</EventRecordID><Correlation/><Execution ProcessID='3324' ThreadID='3220'/><Channel>Microsoft-Windows-Sysmon/Operational</Channel><Computer>DESKTOP-FVSHABR</Computer><Security UserID='S-1-5-18'/></System><EventData><Data Name='RuleName'>Suspicious,ImageBeginWithBackslash</Data><Data Name='EventType'>SetValue</Data><Data Name='UtcTime'>2019-07-24 17:54:58.318</Data><Data Name='ProcessGuid'>{87E8D3BD-9A7F-5D38-0000-001099690800}</Data><Data Name='ProcessId'>4740</Data><Data Name='Image'>\\?\C:\Windows\system32\wbem\WMIADAP.EXE</Data><Data Name='TargetObject'>HKLM\SOFTWARE\Microsoft\WBEM\WDM\DREDGE\C:\Windows\system32\en-US\advapi32.dll.mui[MofResourceName]</Data><Data Name='Details'>LowDateTime:293506637,HighDateTime:30456536***Binary mof compiled successfully</Data></EventData></Event>
<Event xmlns='http://schemas.microsoft.com/win/2004/08/events/event'><System><Provider Name='Microsoft-Windows-Sysmon' Guid='{5770385F-C22A-43E0-BF4C-06F5698FFBD9}'/><EventID>13</EventID><Version>2</Version><Level>4</Level><Task>13</Task><Opcode>0</Opcode><Keywords>0x8000000000000000</Keywords><TimeCreated SystemTime='2019-07-24T17:54:58.321434200Z'/><EventRecordID>42</EventRecordID><Correlation/><Execution ProcessID='3324' ThreadID='3220'/><Channel>Microsoft-Windows-Sysmon/Operational</Channel><Computer>DESKTOP-FVSHABR</Computer><Security UserID='S-1-5-18'/></System><EventData><Data Name='RuleName'>Suspicious,ImageBeginWithBackslash</Data><Data Name='EventType'>SetValue</Data><Data Name='UtcTime'>2019-07-24 17:54:58.318</Data><Data Name='ProcessGuid'>{87E8D3BD-9A7F-5D38-0000-001099690800}</Data><Data Name='ProcessId'>4740</Data><Data Name='Image'>\\?\C:\Windows\system32\wbem\WMIADAP.EXE</Data><Data Name='TargetObject'>HKLM\SOFTWARE\Microsoft\WBEM\WDM\DREDGE\C:\Windows\System32\drivers\ACPI.sys[ACPIMOFResource]</Data><Data Name='Details'>LowDateTime:-673244000,HighDateTime:30456516***Binary mof compiled successfully</Data></EventData></Event>
<Event xmlns='http://schemas.microsoft.com/win/2004/08/events/event'><System><Provider Name='Microsoft-Windows-Sysmon' Guid='{5770385F-C22A-43E0-BF4C-06F5698FFBD9}'/><EventID>13</EventID><Version>2</Version><Level>4</Level><Task>13</Task><Opcode>0</Opcode><Keywords>0x8000000000000000</Keywords><TimeCreated SystemTime='2019-07-24T17:54:58.321627800Z'/><EventRecordID>43</EventRecordID><Correlation/><Execution ProcessID='3324' ThreadID='3220'/><Channel>Microsoft-Windows-Sysmon/Operational</Channel><Computer>DESKTOP-FVSHABR</Computer><Security UserID='S-1-5-18'/></System><EventData><Data Name='RuleName'>Suspicious,ImageBeginWithBackslash</Data><Data Name='EventType'>SetValue</Data><Data Name='UtcTime'>2019-07-24 17:54:58.318</Data><Data Name='ProcessGuid'>{87E8D3BD-9A7F-5D38-0000-001099690800}</Data><Data Name='ProcessId'>4740</Data><Data Name='Image'>\\?\C:\Windows\system32\wbem\WMIADAP.EXE</Data><Data Name='TargetObject'>HKLM\SOFTWARE\Microsoft\WBEM\WDM\DREDGE\C:\Windows\System32\drivers\en-US\ACPI.sys.mui[ACPIMOFResource]</Data><Data Name='Details'>LowDateTime:206928669,HighDateTime:30456536***Binary mof compiled successfully</Data></EventData></Event>
<Event xmlns='http://schemas.microsoft.com/win/2004/08/events/event'><System><Provider Name='Microsoft-Windows-Sysmon' Guid='{5770385F-C22A-43E0-BF4C-06F5698FFBD9}'/><EventID>13</EventID><Version>2</Version><Level>4</Level><Task>13</Task><Opcode>0</Opcode><Keywords>0x8000000000000000</Keywords><TimeCreated SystemTime='2019-07-24T17:54:58.321659500Z'/><EventRecordID>44</EventRecordID><Correlation/><Execution ProcessID='3324' ThreadID='3220'/><Channel>Microsoft-Windows-Sysmon/Operational</Channel><Computer>DESKTOP-FVSHABR</Computer><Security UserID='S-1-5-18'/></System><EventData><Data Name='RuleName'>Suspicious,ImageBeginWithBackslash</Data><Data Name='EventType'>SetValue</Data><Data Name='UtcTime'>2019-07-24 17:54:58.318</Data><Data Name='ProcessGuid'>{87E8D3BD-9A7F-5D38-0000-001099690800}</Data><Data Name='ProcessId'>4740</Data><Data Name='Image'>\\?\C:\Windows\system32\wbem\WMIADAP.EXE</Data><Data Name='TargetObject'>HKLM\SOFTWARE\Microsoft\WBEM\WDM\DREDGE\C:\Windows\System32\drivers\mssmbios.sys[MofResource]</Data><Data Name='Details'>LowDateTime:-679494534,HighDateTime:30456516***Binary mof compiled successfully</Data></EventData></Event>
<Event xmlns='http://schemas.microsoft.com/win/2004/08/events/event'><System><Provider Name='Microsoft-Windows-Sysmon' Guid='{5770385F-C22A-43E0-BF4C-06F5698FFBD9}'/><EventID>13</EventID><Version>2</Version><Level>4</Level><Task>13</Task><Opcode>0</Opcode><Keywords>0x8000000000000000</Keywords><TimeCreated SystemTime='2019-07-24T17:54:58.321675000Z'/><EventRecordID>45</EventRecordID><Correlation/><Execution ProcessID='3324' ThreadID='3220'/><Channel>Microsoft-Windows-Sysmon/Operational</Channel><Computer>DESKTOP-FVSHABR</Computer><Security UserID='S-1-5-18'/></System><EventData><Data Name='RuleName'>Suspicious,ImageBeginWithBackslash</Data><Data Name='EventType'>SetValue</Data><Data Name='UtcTime'>2019-07-24 17:54:58.318</Data><Data Name='ProcessGuid'>{87E8D3BD-9A7F-5D38-0000-001099690800}</Data><Data Name='ProcessId'>4740</Data><Data Name='Image'>\\?\C:\Windows\system32\wbem\WMIADAP.EXE</Data><Data Name='TargetObject'>HKLM\SOFTWARE\Microsoft\WBEM\WDM\DREDGE\C:\Windows\System32\drivers\en-US\mssmbios.sys.mui[MofResource]</Data><Data Name='Details'>LowDateTime:194741122,HighDateTime:30456536***Binary mof compiled successfully</Data></EventData></Event>
