<Event xmlns='http://schemas.microsoft.com/win/2004/08/events/event'><System><Provider Name='Microsoft-Windows-Sysmon' Guid='{5770385F-C22A-43E0-BF4C-06F5698FFBD9}'/><EventID>1</EventID><Version>5</Version><Level>4</Level><Task>1</Task><Opcode>0</Opcode><Keywords>0x8000000000000000</Keywords><TimeCreated SystemTime='2019-07-24T18:02:39.374448100Z'/><EventRecordID>392</EventRecordID><Correlation/><Execution ProcessID='3324' ThreadID='3220'/><Channel>Microsoft-Windows-Sysmon/Operational</Channel><Computer>DESKTOP-FVSHABR</Computer><Security UserID='S-1-5-18'/></System><EventData><Data Name='RuleName'></Data><Data Name='UtcTime'>2019-07-24 18:02:39.370</Data><Data Name='ProcessGuid'>{87E8D3BD-9D3F-5D38-0000-001088571700}</Data><Data Name='ProcessId'>4684</Data><Data Name='Image'>C:\Program Files (x86)\Google\Update\1.3.34.11\GoogleCrashHandler64.exe</Data><Data Name='FileVersion'>1.3.34.11</Data><Data Name='Description'>Google Crash Handler</Data><Data Name='Product'>Google Update</Data><Data Name='Company'>Google LLC</Data><Data Name='OriginalFileName'>GoogleUpdate.exe</Data><Data Name='CommandLine'>"C:\Program Files (x86)\Google\Update\1.3.34.11\GoogleCrashHandler64.exe"</Data><Data Name='CurrentDirectory'>C:\Program Files (x86)\Google\Update\1.3.34.11\</Data><Data Name='User'>NT AUTHORITY\SYSTEM</Data><Data Name='LogonGuid'>{87E8D3BD-998D-5D38-0000-0020E7030000}</Data><Data Name='LogonId'>0x3e7</Data><Data Name='TerminalSessionId'>0</Data><Data Name='IntegrityLevel'>System</Data><Data Name='Hashes'>MD5=30C7CBCED8E3689E30299CABAD4B9AC7,SHA256=296F1BC3A9E0210ADA077895DEAFB9969AA8073189F1F3EB0736E9E87D17BB05</Data><Data Name='ParentProcessGuid'>{87E8D3BD-9D3F-5D38-0000-00101B521700}</Data><Data Name='ParentProcessId'>6008</Data><Data Name='ParentImage'>C:\Program Files (x86)\Google\Update\GoogleUpdate.exe</Data><Data Name='ParentCommandLine'>"C:\Program Files (x86)\Google\Update\GoogleUpdate.exe" /c</Data></EventData></Event>
<Event xmlns='http://schemas.microsoft.com/win/2004/08/events/event'><System><Provider Name='Microsoft-Windows-Sysmon' Guid='{5770385F-C22A-43E0-BF4C-06F5698FFBD9}'/><EventID>1</EventID><Version>5</Version><Level>4</Level><Task>1</Task><Opcode>0</Opcode><Keywords>0x8000000000000000</Keywords><TimeCreated SystemTime='2019-07-24T18:02:39.387151700Z'/><EventRecordID>393</EventRecordID><Correlation/><Execution ProcessID='3324' ThreadID='3220'/><Channel>Microsoft-Windows-Sysmon/Operational</Channel><Computer>DESKTOP-FVSHABR</Computer><Security UserID='S-1-5-18'/></System><EventData><Data Name='RuleName'></Data><Data Name='UtcTime'>2019-07-24 18:02:39.384</Data><Data Name='ProcessGuid'>{87E8D3BD-9D3F-5D38-0000-0010165C1700}</Data><Data Name='ProcessId'>4224</Data><Data Name='Image'>C:\Program Files (x86)\Google\Update\GoogleUpdate.exe</Data><Data Name='FileVersion'>1.3.34.11</Data><Data Name='Description'>Google Installer</Data><Data Name='Product'>Google Update</Data><Data Name='Company'>Google LLC</Data><Data Name='OriginalFileName'>GoogleUpdate.exe</Data><Data Name='CommandLine'>"C:\Program Files (x86)\Google\Update\GoogleUpdate.exe" /ua /installsource core</Data><Data Name='CurrentDirectory'>C:\Program Files (x86)\Google\Update\1.3.34.11\</Data><Data Name='User'>NT AUTHORITY\SYSTEM</Data><Data Name='LogonGuid'>{87E8D3BD-998D-5D38-0000-0020E7030000}</Data><Data Name='LogonId'>0x3e7</Data><Data Name='TerminalSessionId'>0</Data><Data Name='IntegrityLevel'>System</Data><Data Name='Hashes'>MD5=82F657B0AEE67A6A560321CF0927F9F7,SHA256=794CF7644115198DB451431BCA7C89FF9A97550482B1E3F7F13EB7ACA6120A11</Data><Data Name='ParentProcessGuid'>{87E8D3BD-9D3F-5D38-0000-00101B521700}</Data><Data Name='ParentProcessId'>6008</Data><Data Name='ParentImage'>C:\Program Files (x86)\Google\Update\GoogleUpdate.exe</Data><Data Name='ParentCommandLine'>"C:\Program Files (x86)\Google\Update\GoogleUpdate.exe" /c</Data></EventData></Event>
<Event xmlns='http://schemas.microsoft.com/win/2004/08/events/event'><System><Provider Name='Microsoft-Windows-Sysmon' Guid='{5770385F-C22A-43E0-BF4C-06F5698FFBD9}'/><EventID>1</EventID><Version>5</Version><Level>4</Level><Task>1</Task><Opcode>0</Opcode><Keywords>0x8000000000000000</Keywords><TimeCreated SystemTime='2019-07-24T18:02:39.408631400Z'/><EventRecordID>394</EventRecordID><Correlation/><Execution ProcessID='3324' ThreadID='3220'/><Channel>Microsoft-Windows-Sysmon/Operational</Channel><Computer>DESKTOP-FVSHABR</Computer><Security UserID='S-1-5-18'/></System><EventData><Data Name='RuleName'></Data><Data Name='UtcTime'>2019-07-24 18:02:39.406</Data><Data Name='ProcessGuid'>{87E8D3BD-9D3F-5D38-0000-00109A641700}</Data><Data Name='ProcessId'>4164</Data><Data Name='Image'>C:\Program Files (x86)\Google\Update\GoogleUpdate.exe</Data><Data Name='FileVersion'>1.3.34.11</Data><Data Name='Description'>Google Installer</Data><Data Name='Product'>Google Update</Data><Data Name='Company'>Google LLC</Data><Data Name='OriginalFileName'>GoogleUpdate.exe</Data><Data Name='CommandLine'>"C:\Program Files (x86)\Google\Update\GoogleUpdate.exe" /registermsihelper</Data><Data Name='CurrentDirectory'>C:\Program Files (x86)\Google\Update\1.3.34.11\</Data><Data Name='User'>NT AUTHORITY\SYSTEM</Data><Data Name='LogonGuid'>{87E8D3BD-998D-5D38-0000-0020E7030000}</Data><Data Name='LogonId'>0x3e7</Data><Data Name='TerminalSessionId'>0</Data><Data Name='IntegrityLevel'>System</Data><Data Name='Hashes'>MD5=82F657B0AEE67A6A560321CF0927F9F7,SHA256=794CF7644115198DB451431BCA7C89FF9A97550482B1E3F7F13EB7ACA6120A11</Data><Data Name='ParentProcessGuid'>{87E8D3BD-9D3F-5D38-0000-00103C561700}</Data><Data Name='ParentProcessId'>3328</Data><Data Name='ParentImage'>C:\Program Files (x86)\Google\Update\GoogleUpdate.exe</Data><Data Name='ParentCommandLine'>"C:\Program Files (x86)\Google\Update\GoogleUpdate.exe" /ua /installsource scheduler</Data></EventData></Event>
<Event xmlns='http://schemas.microsoft.com/win/2004/08/events/event'><System><Provider Name='Microsoft-Windows-Sysmon' Guid='{5770385F-C22A-43E0-BF4C-06F5698FFBD9}'/><EventID>1</EventID><Version>5</Version><Level>4</Level><Task>1</Task><Opcode>0</Opcode><Keywords>0x8000000000000000</Keywords><TimeCreated SystemTime='2019-07-24T18:02:39.547523500Z'/><EventRecordID>395</EventRecordID><Correlation/><Execution ProcessID='3324' ThreadID='3220'/><Channel>Microsoft-Windows-Sysmon/Operational</Channel><Computer>DESKTOP-FVSHABR</Computer><Security UserID='S-1-5-18'/></System><EventData><Data Name='RuleName'></Data><Data Name='UtcTime'>2019-07-24 18:02:39.544</Data><Data Name='ProcessGuid'>{87E8D3BD-9D3F-5D38-0000-00101A711700}</Data><Data Name='ProcessId'>2824</Data><Data Name='Image'>C:\Windows\System32\msiexec.exe</Data><Data Name='FileVersion'>5.0.10240.16384 (th1.150709-1700)</Data><Data Name='Description'>Windows® installer</Data><Data Name='Product'>Windows Installer - Unicode</Data><Data Name='Company'>Microsoft Corporation</Data><Data Name='OriginalFileName'>msiexec.exe</Data><Data Name='CommandLine'>C:\Windows\system32\msiexec.exe /V</Data><Data Name='CurrentDirectory'>C:\Windows\system32\</Data><Data Name='User'>NT AUTHORITY\SYSTEM</Data><Data Name='LogonGuid'>{87E8D3BD-998D-5D38-0000-0020E7030000}</Data><Data Name='LogonId'>0x3e7</Data><Data Name='TerminalSessionId'>0</Data><Data Name='IntegrityLevel'>System</Data><Data Name='Hashes'>MD5=83467A4436B2CE632DFDF60C29608BE5,SHA256=4FF1CA00B8791F207CD8C19A5B0ABA3D286C3FAEB6EC921CBED21E4290ADF2A5</Data><Data Name='ParentProcessGuid'>{87E8D3BD-998D-5D38-0000-001030400000}</Data><Data Name='ParentProcessId'>568</Data><Data Name='ParentImage'>C:\Windows\System32\services.exe</Data><Data Name='ParentCommandLine'>C:\Windows\system32\services.exe</Data></EventData></Event>
<Event xmlns='http://schemas.microsoft.com/win/2004/08/events/event'><System><Provider Name='Microsoft-Windows-Sysmon' Guid='{5770385F-C22A-43E0-BF4C-06F5698FFBD9}'/><EventID>13</EventID><Version>2</Version><Level>4</Level><Task>13</Task><Opcode>0</Opcode><Keywords>0x8000000000000000</Keywords><TimeCreated SystemTime='2019-07-24T18:02:39.939029100Z'/><EventRecordID>396</EventRecordID><Correlation/><Execution ProcessID='3324' ThreadID='3220'/><Channel>Microsoft-Windows-Sysmon/Operational</Channel><Computer>DESKTOP-FVSHABR</Computer><Security UserID='S-1-5-18'/></System><EventData><Data Name='RuleName'></Data><Data Name='EventType'>SetValue</Data><Data Name='UtcTime'>2019-07-24 18:02:39.932</Data><Data Name='ProcessGuid'>{87E8D3BD-9D3F-5D38-0000-00101A711700}</Data><Data Name='ProcessId'>2824</Data><Data Name='Image'>C:\Windows\system32\msiexec.exe</Data><Data Name='TargetObject'>HKLM\SOFTWARE\Microsoft\Windows\CurrentVersion\Installer\UserData\S-1-5-18\Products\A089CE062ADB6BC44A720BA745894BAC\InstallProperties\InstallSource</Data><Data Name='Details'>C:\Program Files (x86)\Google\Update\1.3.34.11\</Data></EventData></Event>
<Event xmlns='http://schemas.microsoft.com/win/2004/08/events/event'><System><Provider Name='Microsoft-Windows-Sysmon' Guid='{5770385F-C22A-43E0-BF4C-06F5698FFBD9}'/><EventID>13</EventID><Version>2</Version><Level>4</Level><Task>13</Task><Opcode>0</Opcode><Keywords>0x8000000000000000</Keywords><TimeCreated SystemTime='2019-07-24T18:02:39.939721200Z'/><EventRecordID>397</EventRecordID><Correlation/><Execution ProcessID='3324' ThreadID='3220'/><Channel>Microsoft-Windows-Sysmon/Operational</Channel><Computer>DESKTOP-FVSHABR</Computer><Security UserID='S-1-5-18'/></System><EventData><Data Name='RuleName'>InvDB-Pub</Data><Data Name='EventType'>SetValue</Data><Data Name='UtcTime'>2019-07-24 18:02:39.932</Data><Data Name='ProcessGuid'>{87E8D3BD-9D3F-5D38-0000-00101A711700}</Data><Data Name='ProcessId'>2824</Data><Data Name='Image'>C:\Windows\system32\msiexec.exe</Data><Data Name='TargetObject'>HKLM\SOFTWARE\Microsoft\Windows\CurrentVersion\Installer\UserData\S-1-5-18\Products\A089CE062ADB6BC44A720BA745894BAC\InstallProperties\Publisher</Data><Data Name='Details'>Google LLC</Data></EventData></Event>
<Event xmlns='http://schemas.microsoft.com/win/2004/08/events/event'><System><Provider Name='Microsoft-Windows-Sysmon' Guid='{5770385F-C22A-43E0-BF4C-06F5698FFBD9}'/><EventID>13</EventID><Version>2</Version><Level>4</Level><Task>13</Task><Opcode>0</Opcode><Keywords>0x8000000000000000</Keywords><TimeCreated SystemTime='2019-07-24T18:02:39.941817600Z'/><EventRecordID>398</EventRecordID><Correlation/><Execution ProcessID='3324' ThreadID='3220'/><Channel>Microsoft-Windows-Sysmon/Operational</Channel><Computer>DESKTOP-FVSHABR</Computer><Security UserID='S-1-5-18'/></System><EventData><Data Name='RuleName'></Data><Data Name='EventType'>SetValue</Data><Data Name='UtcTime'>2019-07-24 18:02:39.932</Data><Data Name='ProcessGuid'>{87E8D3BD-9D3F-5D38-0000-00101A711700}</Data><Data Name='ProcessId'>2824</Data><Data Name='Image'>C:\Windows\system32\msiexec.exe</Data><Data Name='TargetObject'>HKLM\SOFTWARE\Microsoft\Windows\CurrentVersion\Installer\UserData\S-1-5-18\Products\A089CE062ADB6BC44A720BA745894BAC\InstallProperties\URLUpdateInfo</Data><Data Name='Details'>(Empty)</Data></EventData></Event>
<Event xmlns='http://schemas.microsoft.com/win/2004/08/events/event'><System><Provider Name='Microsoft-Windows-Sysmon' Guid='{5770385F-C22A-43E0-BF4C-06F5698FFBD9}'/><EventID>13</EventID><Version>2</Version><Level>4</Level><Task>13</Task><Opcode>0</Opcode><Keywords>0x8000000000000000</Keywords><TimeCreated SystemTime='2019-07-24T18:02:39.946465600Z'/><EventRecordID>399</EventRecordID><Correlation/><Execution ProcessID='3324' ThreadID='3220'/><Channel>Microsoft-Windows-Sysmon/Operational</Channel><Computer>DESKTOP-FVSHABR</Computer><Security UserID='S-1-5-18'/></System><EventData><Data Name='RuleName'></Data><Data Name='EventType'>SetValue</Data><Data Name='UtcTime'>2019-07-24 18:02:39.932</Data><Data Name='ProcessGuid'>{87E8D3BD-9D3F-5D38-0000-00101A711700}</Data><Data Name='ProcessId'>2824</Data><Data Name='Image'>C:\Windows\system32\msiexec.exe</Data><Data Name='TargetObject'>HKLM\SOFTWARE\Wow6432Node\Microsoft\Windows\CurrentVersion\Uninstall\{60EC980A-BDA2-4CB6-A427-B07A5498B4CA}\InstallSource</Data><Data Name='Details'>C:\Program Files (x86)\Google\Update\1.3.34.11\</Data></EventData></Event>
<Event xmlns='http://schemas.microsoft.com/win/2004/08/events/event'><System><Provider Name='Microsoft-Windows-Sysmon' Guid='{5770385F-C22A-43E0-BF4C-06F5698FFBD9}'/><EventID>13</EventID><Version>2</Version><Level>4</Level><Task>13</Task><Opcode>0</Opcode><Keywords>0x8000000000000000</Keywords><TimeCreated SystemTime='2019-07-24T18:02:39.947086700Z'/><EventRecordID>400</EventRecordID><Correlation/><Execution ProcessID='3324' ThreadID='3220'/><Channel>Microsoft-Windows-Sysmon/Operational</Channel><Computer>DESKTOP-FVSHABR</Computer><Security UserID='S-1-5-18'/></System><EventData><Data Name='RuleName'>InvDB-Pub</Data><Data Name='EventType'>SetValue</Data><Data Name='UtcTime'>2019-07-24 18:02:39.932</Data><Data Name='ProcessGuid'>{87E8D3BD-9D3F-5D38-0000-00101A711700}</Data><Data Name='ProcessId'>2824</Data><Data Name='Image'>C:\Windows\system32\msiexec.exe</Data><Data Name='TargetObject'>HKLM\SOFTWARE\Wow6432Node\Microsoft\Windows\CurrentVersion\Uninstall\{60EC980A-BDA2-4CB6-A427-B07A5498B4CA}\Publisher</Data><Data Name='Details'>Google LLC</Data></EventData></Event>
<Event xmlns='http://schemas.microsoft.com/win/2004/08/events/event'><System><Provider Name='Microsoft-Windows-Sysmon' Guid='{5770385F-C22A-43E0-BF4C-06F5698FFBD9}'/><EventID>13</EventID><Version>2</Version><Level>4</Level><Task>13</Task><Opcode>0</Opcode><Keywords>0x8000000000000000</Keywords><TimeCreated SystemTime='2019-07-24T18:02:39.949079900Z'/><EventRecordID>401</EventRecordID><Correlation/><Execution ProcessID='3324' ThreadID='3220'/><Channel>Microsoft-Windows-Sysmon/Operational</Channel><Computer>DESKTOP-FVSHABR</Computer><Security UserID='S-1-5-18'/></System><EventData><Data Name='RuleName'></Data><Data Name='EventType'>SetValue</Data><Data Name='UtcTime'>2019-07-24 18:02:39.932</Data><Data Name='ProcessGuid'>{87E8D3BD-9D3F-5D38-0000-00101A711700}</Data><Data Name='ProcessId'>2824</Data><Data Name='Image'>C:\Windows\system32\msiexec.exe</Data><Data Name='TargetObject'>HKLM\SOFTWARE\Wow6432Node\Microsoft\Windows\CurrentVersion\Uninstall\{60EC980A-BDA2-4CB6-A427-B07A5498B4CA}\URLUpdateInfo</Data><Data Name='Details'>(Empty)</Data></EventData></Event>
<Event xmlns='http://schemas.microsoft.com/win/2004/08/events/event'><System><Provider Name='Microsoft-Windows-Sysmon' Guid='{5770385F-C22A-43E0-BF4C-06F5698FFBD9}'/><EventID>1</EventID><Version>5</Version><Level>4</Level><Task>1</Task><Opcode>0</Opcode><Keywords>0x8000000000000000</Keywords><TimeCreated SystemTime='2019-07-24T18:03:09.056765300Z'/><EventRecordID>402</EventRecordID><Correlation/><Execution ProcessID='3324' ThreadID='3220'/><Channel>Microsoft-Windows-Sysmon/Operational</Channel><Computer>DESKTOP-FVSHABR</Computer><Security UserID='S-1-5-18'/></System><EventData><Data Name='RuleName'></Data><Data Name='UtcTime'>2019-07-24 18:03:09.054</Data><Data Name='ProcessGuid'>{87E8D3BD-9D5D-5D38-0000-0010D10E1800}</Data><Data Name='ProcessId'>1312</Data><Data Name='Image'>C:\Program Files (x86)\Google\Update\GoogleUpdate.exe</Data><Data Name='FileVersion'>1.3.34.11</Data><Data Name='Description'>Google Installer</Data><Data Name='Product'>Google Update</Data><Data Name='Company'>Google LLC</Data><Data Name='OriginalFileName'>GoogleUpdate.exe</Data><Data Name='CommandLine'>"C:\Program Files (x86)\Google\Update\GoogleUpdate.exe" /svc</Data><Data Name='CurrentDirectory'>C:\Windows\system32\</Data><Data Name='User'>NT AUTHORITY\SYSTEM</Data><Data Name='LogonGuid'>{87E8D3BD-998D-5D38-0000-0020E7030000}</Data><Data Name='LogonId'>0x3e7</Data><Data Name='TerminalSessionId'>0</Data><Data Name='IntegrityLevel'>System</Data><Data Name='Hashes'>MD5=82F657B0AEE67A6A560321CF0927F9F7,SHA256=794CF7644115198DB451431BCA7C89FF9A97550482B1E3F7F13EB7ACA6120A11</Data><Data Name='ParentProcessGuid'>{87E8D3BD-998D-5D38-0000-001030400000}</Data><Data Name='ParentProcessId'>568</Data><Data Name='ParentImage'>C:\Windows\System32\services.exe</Data><Data Name='ParentCommandLine'>C:\Windows\system32\services.exe</Data></EventData></Event>
<Event xmlns='http://schemas.microsoft.com/win/2004/08/events/event'><System><Provider Name='Microsoft-Windows-Sysmon' Guid='{5770385F-C22A-43E0-BF4C-06F5698FFBD9}'/><EventID>1</EventID><Version>5</Version><Level>4</Level><Task>1</Task><Opcode>0</Opcode><Keywords>0x8000000000000000</Keywords><TimeCreated SystemTime='2019-07-24T18:03:20.089133500Z'/><EventRecordID>403</EventRecordID><Correlation/><Execution ProcessID='3324' ThreadID='3220'/><Channel>Microsoft-Windows-Sysmon/Operational</Channel><Computer>DESKTOP-FVSHABR</Computer><Security UserID='S-1-5-18'/></System><EventData><Data Name='RuleName'></Data><Data Name='UtcTime'>2019-07-24 18:03:20.087</Data><Data Name='ProcessGuid'>{87E8D3BD-9D68-5D38-0000-00100B6C1800}</Data><Data Name='ProcessId'>5176</Data><Data Name='Image'>C:\Program Files (x86)\Google\Chrome\Application\chrome.exe</Data><Data Name='FileVersion'>75.0.3770.142</Data><Data Name='Description'>Google Chrome</Data><Data Name='Product'>Google Chrome</Data><Data Name='Company'>Google LLC</Data><Data Name='OriginalFileName'>chrome.exe</Data><Data Name='CommandLine'>"C:\Program Files (x86)\Google\Chrome\Application\chrome.exe" </Data><Data Name='CurrentDirectory'>C:\Program Files (x86)\Google\Chrome\Application\</Data><Data Name='User'>DESKTOP-FVSHABR\grapltest</Data><Data Name='LogonGuid'>{87E8D3BD-99C8-5D38-0000-002088140200}</Data><Data Name='LogonId'>0x21488</Data><Data Name='TerminalSessionId'>1</Data><Data Name='IntegrityLevel'>Medium</Data><Data Name='Hashes'>MD5=3208EA1BB78CA077A8F9BFF22FE89614,SHA256=2AD6823E4ED4920385A098F4510975B28C24DF80F1A22F677A6067D84657A5F1</Data><Data Name='ParentProcessGuid'>{87E8D3BD-99C8-5D38-0000-0010583C0200}</Data><Data Name='ParentProcessId'>3064</Data><Data Name='ParentImage'>C:\Windows\explorer.exe</Data><Data Name='ParentCommandLine'>C:\Windows\Explorer.EXE</Data></EventData></Event>
<Event xmlns='http://schemas.microsoft.com/win/2004/08/events/event'><System><Provider Name='Microsoft-Windows-Sysmon' Guid='{5770385F-C22A-43E0-BF4C-06F5698FFBD9}'/><EventID>13</EventID><Version>2</Version><Level>4</Level><Task>13</Task><Opcode>0</Opcode><Keywords>0x8000000000000000</Keywords><TimeCreated SystemTime='2019-07-24T18:03:20.093177100Z'/><EventRecordID>404</EventRecordID><Correlation/><Execution ProcessID='3324' ThreadID='3220'/><Channel>Microsoft-Windows-Sysmon/Operational</Channel><Computer>DESKTOP-FVSHABR</Computer><Security UserID='S-1-5-18'/></System><EventData><Data Name='RuleName'>InvDB</Data><Data Name='EventType'>SetValue</Data><Data Name='UtcTime'>2019-07-24 18:03:20.089</Data><Data Name='ProcessGuid'>{87E8D3BD-998D-5D38-0000-001039DC0000}</Data><Data Name='ProcessId'>300</Data><Data Name='Image'>C:\Windows\system32\svchost.exe</Data><Data Name='TargetObject'>HKU\S-1-5-21-475214889-3710252578-4288414562-1001\SOFTWARE\Microsoft\Windows NT\CurrentVersion\AppCompatFlags\Compatibility Assistant\Store\C:\Program Files (x86)\Google\Chrome\Application\chrome.exe</Data><Data Name='Details'>Binary Data</Data></EventData></Event>
<Event xmlns='http://schemas.microsoft.com/win/2004/08/events/event'><System><Provider Name='Microsoft-Windows-Sysmon' Guid='{5770385F-C22A-43E0-BF4C-06F5698FFBD9}'/><EventID>22</EventID><Version>5</Version><Level>4</Level><Task>22</Task><Opcode>0</Opcode><Keywords>0x8000000000000000</Keywords><TimeCreated SystemTime='2019-07-24T18:03:21.634493500Z'/><EventRecordID>405</EventRecordID><Correlation/><Execution ProcessID='3324' ThreadID='3620'/><Channel>Microsoft-Windows-Sysmon/Operational</Channel><Computer>DESKTOP-FVSHABR</Computer><Security UserID='S-1-5-18'/></System><EventData><Data Name='RuleName'></Data><Data Name='UtcTime'>2019-07-24 18:03:01.390</Data><Data Name='ProcessGuid'>{87E8D3BD-9D68-5D38-0000-001022791800}</Data><Data Name='ProcessId'>4900</Data><Data Name='QueryName'>accounts.google.com</Data><Data Name='QueryStatus'>0</Data><Data Name='QueryResults'>216.58.194.173;</Data><Data Name='Image'>C:\Program Files (x86)\Google\Chrome\Application\chrome.exe</Data></EventData></Event>
<Event xmlns='http://schemas.microsoft.com/win/2004/08/events/event'><System><Provider Name='Microsoft-Windows-Sysmon' Guid='{5770385F-C22A-43E0-BF4C-06F5698FFBD9}'/><EventID>22</EventID><Version>5</Version><Level>4</Level><Task>22</Task><Opcode>0</Opcode><Keywords>0x8000000000000000</Keywords><TimeCreated SystemTime='2019-07-24T18:03:21.634882200Z'/><EventRecordID>406</EventRecordID><Correlation/><Execution ProcessID='3324' ThreadID='3620'/><Channel>Microsoft-Windows-Sysmon/Operational</Channel><Computer>DESKTOP-FVSHABR</Computer><Security UserID='S-1-5-18'/></System><EventData><Data Name='RuleName'></Data><Data Name='UtcTime'>2019-07-24 18:03:01.552</Data><Data Name='ProcessGuid'>{87E8D3BD-9D68-5D38-0000-001022791800}</Data><Data Name='ProcessId'>4900</Data><Data Name='QueryName'>clients2.googleusercontent.com</Data><Data Name='QueryStatus'>0</Data><Data Name='QueryResults'>type:  5 googlehosted.l.googleusercontent.com;172.217.5.97;</Data><Data Name='Image'>C:\Program Files (x86)\Google\Chrome\Application\chrome.exe</Data></EventData></Event>
<Event xmlns='http://schemas.microsoft.com/win/2004/08/events/event'><System><Provider Name='Microsoft-Windows-Sysmon' Guid='{5770385F-C22A-43E0-BF4C-06F5698FFBD9}'/><EventID>22</EventID><Version>5</Version><Level>4</Level><Task>22</Task><Opcode>0</Opcode><Keywords>0x8000000000000000</Keywords><TimeCreated SystemTime='2019-07-24T18:03:22.281152800Z'/><EventRecordID>407</EventRecordID><Correlation/><Execution ProcessID='3324' ThreadID='3620'/><Channel>Microsoft-Windows-Sysmon/Operational</Channel><Computer>DESKTOP-FVSHABR</Computer><Security UserID='S-1-5-18'/></System><EventData><Data Name='RuleName'></Data><Data Name='UtcTime'>2019-07-24 18:03:02.751</Data><Data Name='ProcessGuid'>{87E8D3BD-9D68-5D38-0000-001022791800}</Data><Data Name='ProcessId'>4900</Data><Data Name='QueryName'>wpad</Data><Data Name='QueryStatus'>9003</Data><Data Name='QueryResults'></Data><Data Name='Image'>C:\Program Files (x86)\Google\Chrome\Application\chrome.exe</Data></EventData></Event>
<Event xmlns='http://schemas.microsoft.com/win/2004/08/events/event'><System><Provider Name='Microsoft-Windows-Sysmon' Guid='{5770385F-C22A-43E0-BF4C-06F5698FFBD9}'/><EventID>22</EventID><Version>5</Version><Level>4</Level><Task>22</Task><Opcode>0</Opcode><Keywords>0x8000000000000000</Keywords><TimeCreated SystemTime='2019-07-24T18:03:22.281846800Z'/><EventRecordID>408</EventRecordID><Correlation/><Execution ProcessID='3324' ThreadID='3620'/><Channel>Microsoft-Windows-Sysmon/Operational</Channel><Computer>DESKTOP-FVSHABR</Computer><Security UserID='S-1-5-18'/></System><EventData><Data Name='RuleName'></Data><Data Name='UtcTime'>2019-07-24 18:03:02.751</Data><Data Name='ProcessGuid'>{87E8D3BD-9D68-5D38-0000-001022791800}</Data><Data Name='ProcessId'>4900</Data><Data Name='QueryName'>wpad</Data><Data Name='QueryStatus'>9003</Data><Data Name='QueryResults'></Data><Data Name='Image'>C:\Program Files (x86)\Google\Chrome\Application\chrome.exe</Data></EventData></Event>
<Event xmlns='http://schemas.microsoft.com/win/2004/08/events/event'><System><Provider Name='Microsoft-Windows-Sysmon' Guid='{5770385F-C22A-43E0-BF4C-06F5698FFBD9}'/><EventID>22</EventID><Version>5</Version><Level>4</Level><Task>22</Task><Opcode>0</Opcode><Keywords>0x8000000000000000</Keywords><TimeCreated SystemTime='2019-07-24T18:03:22.282452900Z'/><EventRecordID>409</EventRecordID><Correlation/><Execution ProcessID='3324' ThreadID='3620'/><Channel>Microsoft-Windows-Sysmon/Operational</Channel><Computer>DESKTOP-FVSHABR</Computer><Security UserID='S-1-5-18'/></System><EventData><Data Name='RuleName'></Data><Data Name='UtcTime'>2019-07-24 18:03:02.758</Data><Data Name='ProcessGuid'>{87E8D3BD-9D68-5D38-0000-001022791800}</Data><Data Name='ProcessId'>4900</Data><Data Name='QueryName'>wpad</Data><Data Name='QueryStatus'>9003</Data><Data Name='QueryResults'></Data><Data Name='Image'>C:\Program Files (x86)\Google\Chrome\Application\chrome.exe</Data></EventData></Event>
<Event xmlns='http://schemas.microsoft.com/win/2004/08/events/event'><System><Provider Name='Microsoft-Windows-Sysmon' Guid='{5770385F-C22A-43E0-BF4C-06F5698FFBD9}'/><EventID>22</EventID><Version>5</Version><Level>4</Level><Task>22</Task><Opcode>0</Opcode><Keywords>0x8000000000000000</Keywords><TimeCreated SystemTime='2019-07-24T18:03:22.283066200Z'/><EventRecordID>410</EventRecordID><Correlation/><Execution ProcessID='3324' ThreadID='3620'/><Channel>Microsoft-Windows-Sysmon/Operational</Channel><Computer>DESKTOP-FVSHABR</Computer><Security UserID='S-1-5-18'/></System><EventData><Data Name='RuleName'></Data><Data Name='UtcTime'>2019-07-24 18:03:02.823</Data><Data Name='ProcessGuid'>{87E8D3BD-9D68-5D38-0000-001022791800}</Data><Data Name='ProcessId'>4900</Data><Data Name='QueryName'>docs.google.com</Data><Data Name='QueryStatus'>0</Data><Data Name='QueryResults'>172.217.164.110;</Data><Data Name='Image'>C:\Program Files (x86)\Google\Chrome\Application\chrome.exe</Data></EventData></Event>
<Event xmlns='http://schemas.microsoft.com/win/2004/08/events/event'><System><Provider Name='Microsoft-Windows-Sysmon' Guid='{5770385F-C22A-43E0-BF4C-06F5698FFBD9}'/><EventID>22</EventID><Version>5</Version><Level>4</Level><Task>22</Task><Opcode>0</Opcode><Keywords>0x8000000000000000</Keywords><TimeCreated SystemTime='2019-07-24T18:03:26.447261000Z'/><EventRecordID>411</EventRecordID><Correlation/><Execution ProcessID='3324' ThreadID='3620'/><Channel>Microsoft-Windows-Sysmon/Operational</Channel><Computer>DESKTOP-FVSHABR</Computer><Security UserID='S-1-5-18'/></System><EventData><Data Name='RuleName'></Data><Data Name='UtcTime'>2019-07-24 18:03:09.518</Data><Data Name='ProcessGuid'>{87E8D3BD-9D68-5D38-0000-001022791800}</Data><Data Name='ProcessId'>4900</Data><Data Name='QueryName'>streahqvzkbclrz</Data><Data Name='QueryStatus'>9003</Data><Data Name='QueryResults'></Data><Data Name='Image'>C:\Program Files (x86)\Google\Chrome\Application\chrome.exe</Data></EventData></Event>
<Event xmlns='http://schemas.microsoft.com/win/2004/08/events/event'><System><Provider Name='Microsoft-Windows-Sysmon' Guid='{5770385F-C22A-43E0-BF4C-06F5698FFBD9}'/><EventID>22</EventID><Version>5</Version><Level>4</Level><Task>22</Task><Opcode>0</Opcode><Keywords>0x8000000000000000</Keywords><TimeCreated SystemTime='2019-07-24T18:03:26.447610600Z'/><EventRecordID>412</EventRecordID><Correlation/><Execution ProcessID='3324' ThreadID='3620'/><Channel>Microsoft-Windows-Sysmon/Operational</Channel><Computer>DESKTOP-FVSHABR</Computer><Security UserID='S-1-5-18'/></System><EventData><Data Name='RuleName'></Data><Data Name='UtcTime'>2019-07-24 18:03:09.518</Data><Data Name='ProcessGuid'>{87E8D3BD-9D68-5D38-0000-001022791800}</Data><Data Name='ProcessId'>4900</Data><Data Name='QueryName'>dadoibuugr</Data><Data Name='QueryStatus'>9003</Data><Data Name='QueryResults'></Data><Data Name='Image'>C:\Program Files (x86)\Google\Chrome\Application\chrome.exe</Data></EventData></Event>
<Event xmlns='http://schemas.microsoft.com/win/2004/08/events/event'><System><Provider Name='Microsoft-Windows-Sysmon' Guid='{5770385F-C22A-43E0-BF4C-06F5698FFBD9}'/><EventID>22</EventID><Version>5</Version><Level>4</Level><Task>22</Task><Opcode>0</Opcode><Keywords>0x8000000000000000</Keywords><TimeCreated SystemTime='2019-07-24T18:03:27.034679000Z'/><EventRecordID>413</EventRecordID><Correlation/><Execution ProcessID='3324' ThreadID='3620'/><Channel>Microsoft-Windows-Sysmon/Operational</Channel><Computer>DESKTOP-FVSHABR</Computer><Security UserID='S-1-5-18'/></System><EventData><Data Name='RuleName'></Data><Data Name='UtcTime'>2019-07-24 18:03:09.518</Data><Data Name='ProcessGuid'>{87E8D3BD-9D68-5D38-0000-001022791800}</Data><Data Name='ProcessId'>4900</Data><Data Name='QueryName'>livlwrgdlus</Data><Data Name='QueryStatus'>9003</Data><Data Name='QueryResults'></Data><Data Name='Image'>C:\Program Files (x86)\Google\Chrome\Application\chrome.exe</Data></EventData></Event>
<Event xmlns='http://schemas.microsoft.com/win/2004/08/events/event'><System><Provider Name='Microsoft-Windows-Sysmon' Guid='{5770385F-C22A-43E0-BF4C-06F5698FFBD9}'/><EventID>22</EventID><Version>5</Version><Level>4</Level><Task>22</Task><Opcode>0</Opcode><Keywords>0x8000000000000000</Keywords><TimeCreated SystemTime='2019-07-24T18:03:27.760176800Z'/><EventRecordID>414</EventRecordID><Correlation/><Execution ProcessID='3324' ThreadID='3620'/><Channel>Microsoft-Windows-Sysmon/Operational</Channel><Computer>DESKTOP-FVSHABR</Computer><Security UserID='S-1-5-18'/></System><EventData><Data Name='RuleName'></Data><Data Name='UtcTime'>2019-07-24 18:03:11.631</Data><Data Name='ProcessGuid'>{87E8D3BD-9D68-5D38-0000-001022791800}</Data><Data Name='ProcessId'>4900</Data><Data Name='QueryName'>wpad</Data><Data Name='QueryStatus'>9003</Data><Data Name='QueryResults'></Data><Data Name='Image'>C:\Program Files (x86)\Google\Chrome\Application\chrome.exe</Data></EventData></Event>
<Event xmlns='http://schemas.microsoft.com/win/2004/08/events/event'><System><Provider Name='Microsoft-Windows-Sysmon' Guid='{5770385F-C22A-43E0-BF4C-06F5698FFBD9}'/><EventID>22</EventID><Version>5</Version><Level>4</Level><Task>22</Task><Opcode>0</Opcode><Keywords>0x8000000000000000</Keywords><TimeCreated SystemTime='2019-07-24T18:03:27.760590800Z'/><EventRecordID>415</EventRecordID><Correlation/><Execution ProcessID='3324' ThreadID='3620'/><Channel>Microsoft-Windows-Sysmon/Operational</Channel><Computer>DESKTOP-FVSHABR</Computer><Security UserID='S-1-5-18'/></System><EventData><Data Name='RuleName'></Data><Data Name='UtcTime'>2019-07-24 18:03:11.631</Data><Data Name='ProcessGuid'>{87E8D3BD-9D68-5D38-0000-001022791800}</Data><Data Name='ProcessId'>4900</Data><Data Name='QueryName'>wpad</Data><Data Name='QueryStatus'>9003</Data><Data Name='QueryResults'></Data><Data Name='Image'>C:\Program Files (x86)\Google\Chrome\Application\chrome.exe</Data></EventData></Event>
<Event xmlns='http://schemas.microsoft.com/win/2004/08/events/event'><System><Provider Name='Microsoft-Windows-Sysmon' Guid='{5770385F-C22A-43E0-BF4C-06F5698FFBD9}'/><EventID>22</EventID><Version>5</Version><Level>4</Level><Task>22</Task><Opcode>0</Opcode><Keywords>0x8000000000000000</Keywords><TimeCreated SystemTime='2019-07-24T18:03:28.345675700Z'/><EventRecordID>416</EventRecordID><Correlation/><Execution ProcessID='3324' ThreadID='3620'/><Channel>Microsoft-Windows-Sysmon/Operational</Channel><Computer>DESKTOP-FVSHABR</Computer><Security UserID='S-1-5-18'/></System><EventData><Data Name='RuleName'></Data><Data Name='UtcTime'>2019-07-24 18:03:11.758</Data><Data Name='ProcessGuid'>{87E8D3BD-9D68-5D38-0000-001022791800}</Data><Data Name='ProcessId'>4900</Data><Data Name='QueryName'>wpad</Data><Data Name='QueryStatus'>9003</Data><Data Name='QueryResults'></Data><Data Name='Image'>C:\Program Files (x86)\Google\Chrome\Application\chrome.exe</Data></EventData></Event>
<Event xmlns='http://schemas.microsoft.com/win/2004/08/events/event'><System><Provider Name='Microsoft-Windows-Sysmon' Guid='{5770385F-C22A-43E0-BF4C-06F5698FFBD9}'/><EventID>11</EventID><Version>2</Version><Level>4</Level><Task>11</Task><Opcode>0</Opcode><Keywords>0x8000000000000000</Keywords><TimeCreated SystemTime='2019-07-24T18:03:38.485062600Z'/><EventRecordID>417</EventRecordID><Correlation/><Execution ProcessID='3324' ThreadID='3220'/><Channel>Microsoft-Windows-Sysmon/Operational</Channel><Computer>DESKTOP-FVSHABR</Computer><Security UserID='S-1-5-18'/></System><EventData><Data Name='RuleName'>FileCreate-Downloads</Data><Data Name='UtcTime'>2019-07-24 18:03:38.484</Data><Data Name='ProcessGuid'>{87E8D3BD-9D68-5D38-0000-00100B6C1800}</Data><Data Name='ProcessId'>5176</Data><Data Name='Image'>C:\Program Files (x86)\Google\Chrome\Application\chrome.exe</Data><Data Name='TargetFilename'>C:\Users\grapltest\Downloads\676423d0-5270-46e9-b164-4c158b7c06da.tmp</Data><Data Name='CreationUtcTime'>2019-07-24 18:03:38.484</Data></EventData></Event>
<Event xmlns='http://schemas.microsoft.com/win/2004/08/events/event'><System><Provider Name='Microsoft-Windows-Sysmon' Guid='{5770385F-C22A-43E0-BF4C-06F5698FFBD9}'/><EventID>22</EventID><Version>5</Version><Level>4</Level><Task>22</Task><Opcode>0</Opcode><Keywords>0x8000000000000000</Keywords><TimeCreated SystemTime='2019-07-24T18:03:39.588733800Z'/><EventRecordID>418</EventRecordID><Correlation/><Execution ProcessID='3324' ThreadID='3620'/><Channel>Microsoft-Windows-Sysmon/Operational</Channel><Computer>DESKTOP-FVSHABR</Computer><Security UserID='S-1-5-18'/></System><EventData><Data Name='RuleName'></Data><Data Name='UtcTime'>2019-07-24 18:03:28.953</Data><Data Name='ProcessGuid'>{87E8D3BD-9D68-5D38-0000-001022791800}</Data><Data Name='ProcessId'>4900</Data><Data Name='QueryName'>grapl-demo-test-binaries-74e3db4bdc5a.s3.amazonaws.com</Data><Data Name='QueryStatus'>0</Data><Data Name='QueryResults'>type:  5 s3-directional-w.amazonaws.com;type:  5 s3-1-w.amazonaws.com;52.217.36.148;</Data><Data Name='Image'>C:\Program Files (x86)\Google\Chrome\Application\chrome.exe</Data></EventData></Event>
<Event xmlns='http://schemas.microsoft.com/win/2004/08/events/event'><System><Provider Name='Microsoft-Windows-Sysmon' Guid='{5770385F-C22A-43E0-BF4C-06F5698FFBD9}'/><EventID>22</EventID><Version>5</Version><Level>4</Level><Task>22</Task><Opcode>0</Opcode><Keywords>0x8000000000000000</Keywords><TimeCreated SystemTime='2019-07-24T18:03:40.297520500Z'/><EventRecordID>419</EventRecordID><Correlation/><Execution ProcessID='3324' ThreadID='3620'/><Channel>Microsoft-Windows-Sysmon/Operational</Channel><Computer>DESKTOP-FVSHABR</Computer><Security UserID='S-1-5-18'/></System><EventData><Data Name='RuleName'></Data><Data Name='UtcTime'>2019-07-24 18:03:30.790</Data><Data Name='ProcessGuid'>{87E8D3BD-9D68-5D38-0000-001022791800}</Data><Data Name='ProcessId'>4900</Data><Data Name='QueryName'>sb-ssl.google.com</Data><Data Name='QueryStatus'>0</Data><Data Name='QueryResults'>type:  5 sb-ssl.l.google.com;172.217.5.110;</Data><Data Name='Image'>C:\Program Files (x86)\Google\Chrome\Application\chrome.exe</Data></EventData></Event>
<Event xmlns='http://schemas.microsoft.com/win/2004/08/events/event'><System><Provider Name='Microsoft-Windows-Sysmon' Guid='{5770385F-C22A-43E0-BF4C-06F5698FFBD9}'/><EventID>15</EventID><Version>2</Version><Level>4</Level><Task>15</Task><Opcode>0</Opcode><Keywords>0x8000000000000000</Keywords><TimeCreated SystemTime='2019-07-24T18:03:43.936770100Z'/><EventRecordID>420</EventRecordID><Correlation/><Execution ProcessID='3324' ThreadID='3220'/><Channel>Microsoft-Windows-Sysmon/Operational</Channel><Computer>DESKTOP-FVSHABR</Computer><Security UserID='S-1-5-18'/></System><EventData><Data Name='RuleName'>FileStream-Downloads</Data><Data Name='UtcTime'>2019-07-24 18:03:43.887</Data><Data Name='ProcessGuid'>{87E8D3BD-9D68-5D38-0000-00100B6C1800}</Data><Data Name='ProcessId'>5176</Data><Data Name='Image'>C:\Program Files (x86)\Google\Chrome\Application\chrome.exe</Data><Data Name='TargetFilename'>C:\Users\grapltest\Downloads\dropper.exe</Data><Data Name='CreationUtcTime'>2019-07-24 18:03:38.484</Data><Data Name='Hash'>MD5=C7658F72E61A42B837097A5470D82195,SHA256=D99973C424E069636EABB5647E3A7DE2B2C45CBDCD87D5C8DCA5DF289D69AA12</Data></EventData></Event>
<Event xmlns='http://schemas.microsoft.com/win/2004/08/events/event'><System><Provider Name='Microsoft-Windows-Sysmon' Guid='{5770385F-C22A-43E0-BF4C-06F5698FFBD9}'/><EventID>11</EventID><Version>2</Version><Level>4</Level><Task>11</Task><Opcode>0</Opcode><Keywords>0x8000000000000000</Keywords><TimeCreated SystemTime='2019-07-24T18:03:43.936850600Z'/><EventRecordID>421</EventRecordID><Correlation/><Execution ProcessID='3324' ThreadID='3220'/><Channel>Microsoft-Windows-Sysmon/Operational</Channel><Computer>DESKTOP-FVSHABR</Computer><Security UserID='S-1-5-18'/></System><EventData><Data Name='RuleName'>FileCreate-Downloads</Data><Data Name='UtcTime'>2019-07-24 18:03:43.936</Data><Data Name='ProcessGuid'>{87E8D3BD-9D68-5D38-0000-00100B6C1800}</Data><Data Name='ProcessId'>5176</Data><Data Name='Image'>C:\Program Files (x86)\Google\Chrome\Application\chrome.exe</Data><Data Name='TargetFilename'>C:\Users\grapltest\Downloads\dropper.exe:Zone.Identifier</Data><Data Name='CreationUtcTime'>2019-07-24 18:03:38.484</Data></EventData></Event>
<Event xmlns='http://schemas.microsoft.com/win/2004/08/events/event'><System><Provider Name='Microsoft-Windows-Sysmon' Guid='{5770385F-C22A-43E0-BF4C-06F5698FFBD9}'/><EventID>15</EventID><Version>2</Version><Level>4</Level><Task>15</Task><Opcode>0</Opcode><Keywords>0x8000000000000000</Keywords><TimeCreated SystemTime='2019-07-24T18:03:43.937003800Z'/><EventRecordID>422</EventRecordID><Correlation/><Execution ProcessID='3324' ThreadID='3220'/><Channel>Microsoft-Windows-Sysmon/Operational</Channel><Computer>DESKTOP-FVSHABR</Computer><Security UserID='S-1-5-18'/></System><EventData><Data Name='RuleName'>FileStream-Downloads</Data><Data Name='UtcTime'>2019-07-24 18:03:43.936</Data><Data Name='ProcessGuid'>{87E8D3BD-9D68-5D38-0000-00100B6C1800}</Data><Data Name='ProcessId'>5176</Data><Data Name='Image'>C:\Program Files (x86)\Google\Chrome\Application\chrome.exe</Data><Data Name='TargetFilename'>C:\Users\grapltest\Downloads\dropper.exe:Zone.Identifier</Data><Data Name='CreationUtcTime'>2019-07-24 18:03:38.484</Data><Data Name='Hash'>MD5=FBCCF14D504B7B2DBCB5A5BDA75BD93B,SHA256=EACD09517CE90D34BA562171D15AC40D302F0E691B439F91BE1B6406E25F5913</Data></EventData></Event>
<Event xmlns='http://schemas.microsoft.com/win/2004/08/events/event'><System><Provider Name='Microsoft-Windows-Sysmon' Guid='{5770385F-C22A-43E0-BF4C-06F5698FFBD9}'/><EventID>22</EventID><Version>5</Version><Level>4</Level><Task>22</Task><Opcode>0</Opcode><Keywords>0x8000000000000000</Keywords><TimeCreated SystemTime='2019-07-24T18:03:45.395095400Z'/><EventRecordID>423</EventRecordID><Correlation/><Execution ProcessID='3324' ThreadID='3620'/><Channel>Microsoft-Windows-Sysmon/Operational</Channel><Computer>DESKTOP-FVSHABR</Computer><Security UserID='S-1-5-18'/></System><EventData><Data Name='RuleName'></Data><Data Name='UtcTime'>2019-07-24 18:03:36.901</Data><Data Name='ProcessGuid'>{87E8D3BD-9D68-5D38-0000-001022791800}</Data><Data Name='ProcessId'>4900</Data><Data Name='QueryName'>safebrowsing.google.com</Data><Data Name='QueryStatus'>0</Data><Data Name='QueryResults'>type:  5 sb.l.google.com;172.217.0.46;</Data><Data Name='Image'>C:\Program Files (x86)\Google\Chrome\Application\chrome.exe</Data></EventData></Event>
<Event xmlns='http://schemas.microsoft.com/win/2004/08/events/event'><System><Provider Name='Microsoft-Windows-Sysmon' Guid='{5770385F-C22A-43E0-BF4C-06F5698FFBD9}'/><EventID>1</EventID><Version>5</Version><Level>4</Level><Task>1</Task><Opcode>0</Opcode><Keywords>0x8000000000000000</Keywords><TimeCreated SystemTime='2019-07-24T18:03:48.358399600Z'/><EventRecordID>424</EventRecordID><Correlation/><Execution ProcessID='3324' ThreadID='3220'/><Channel>Microsoft-Windows-Sysmon/Operational</Channel><Computer>DESKTOP-FVSHABR</Computer><Security UserID='S-1-5-18'/></System><EventData><Data Name='RuleName'></Data><Data Name='UtcTime'>2019-07-24 18:03:48.309</Data><Data Name='ProcessGuid'>{87E8D3BD-9D84-5D38-0000-00104B0C1A00}</Data><Data Name='ProcessId'>4404</Data><Data Name='Image'>C:\Users\grapltest\Downloads\dropper.exe</Data><Data Name='FileVersion'>?</Data><Data Name='Description'>?</Data><Data Name='Product'>?</Data><Data Name='Company'>?</Data><Data Name='OriginalFileName'>?</Data><Data Name='CommandLine'>"C:\Users\grapltest\Downloads\dropper.exe" </Data><Data Name='CurrentDirectory'>C:\Users\grapltest\Downloads\</Data><Data Name='User'>DESKTOP-FVSHABR\grapltest</Data><Data Name='LogonGuid'>{87E8D3BD-99C8-5D38-0000-002088140200}</Data><Data Name='LogonId'>0x21488</Data><Data Name='TerminalSessionId'>1</Data><Data Name='IntegrityLevel'>Medium</Data><Data Name='Hashes'>MD5=C7658F72E61A42B837097A5470D82195,SHA256=D99973C424E069636EABB5647E3A7DE2B2C45CBDCD87D5C8DCA5DF289D69AA12</Data><Data Name='ParentProcessGuid'>{87E8D3BD-9D68-5D38-0000-00100B6C1800}</Data><Data Name='ParentProcessId'>5176</Data><Data Name='ParentImage'>C:\Program Files (x86)\Google\Chrome\Application\chrome.exe</Data><Data Name='ParentCommandLine'>"C:\Program Files (x86)\Google\Chrome\Application\chrome.exe" </Data></EventData></Event>
<Event xmlns='http://schemas.microsoft.com/win/2004/08/events/event'><System><Provider Name='Microsoft-Windows-Sysmon' Guid='{5770385F-C22A-43E0-BF4C-06F5698FFBD9}'/><EventID>1</EventID><Version>5</Version><Level>4</Level><Task>1</Task><Opcode>0</Opcode><Keywords>0x8000000000000000</Keywords><TimeCreated SystemTime='2019-07-24T18:03:56.743073800Z'/><EventRecordID>425</EventRecordID><Correlation/><Execution ProcessID='3324' ThreadID='3220'/><Channel>Microsoft-Windows-Sysmon/Operational</Channel><Computer>DESKTOP-FVSHABR</Computer><Security UserID='S-1-5-18'/></System><EventData><Data Name='RuleName'></Data><Data Name='UtcTime'>2019-07-24 18:03:56.740</Data><Data Name='ProcessGuid'>{87E8D3BD-9D8C-5D38-0000-0010EC5D1A00}</Data><Data Name='ProcessId'>1584</Data><Data Name='Image'>C:\Windows\System32\browser_broker.exe</Data><Data Name='FileVersion'>11.00.10240.16384 (th1.150709-1700)</Data><Data Name='Description'>Browser_Broker</Data><Data Name='Product'>Microsoft® Windows® Operating System</Data><Data Name='Company'>Microsoft Corporation</Data><Data Name='OriginalFileName'>browser_broker.EXE</Data><Data Name='CommandLine'>C:\Windows\system32\browser_broker.exe -Embedding</Data><Data Name='CurrentDirectory'>C:\Windows\system32\</Data><Data Name='User'>DESKTOP-FVSHABR\grapltest</Data><Data Name='LogonGuid'>{87E8D3BD-99C8-5D38-0000-002088140200}</Data><Data Name='LogonId'>0x21488</Data><Data Name='TerminalSessionId'>1</Data><Data Name='IntegrityLevel'>Medium</Data><Data Name='Hashes'>MD5=B16C0A292884D94FF1BB05FDE98E8DC6,SHA256=5E5B6B811AE95CA05079EB60369218286AADCA573717A57FA2DFD0A5AC9DB942</Data><Data Name='ParentProcessGuid'>{87E8D3BD-998D-5D38-0000-00100D560000}</Data><Data Name='ParentProcessId'>668</Data><Data Name='ParentImage'>C:\Windows\System32\svchost.exe</Data><Data Name='ParentCommandLine'>C:\Windows\system32\svchost.exe -k DcomLaunch</Data></EventData></Event>
<Event xmlns='http://schemas.microsoft.com/win/2004/08/events/event'><System><Provider Name='Microsoft-Windows-Sysmon' Guid='{5770385F-C22A-43E0-BF4C-06F5698FFBD9}'/><EventID>22</EventID><Version>5</Version><Level>4</Level><Task>22</Task><Opcode>0</Opcode><Keywords>0x8000000000000000</Keywords><TimeCreated SystemTime='2019-07-24T18:03:58.418561900Z'/><EventRecordID>426</EventRecordID><Correlation/><Execution ProcessID='3324' ThreadID='3620'/><Channel>Microsoft-Windows-Sysmon/Operational</Channel><Computer>DESKTOP-FVSHABR</Computer><Security UserID='S-1-5-18'/></System><EventData><Data Name='RuleName'></Data><Data Name='UtcTime'>2019-07-24 18:03:53.839</Data><Data Name='ProcessGuid'>{87E8D3BD-9D8C-5D38-0000-0010BB701A00}</Data><Data Name='ProcessId'>5380</Data><Data Name='QueryName'>img-s-msn-com.akamaized.net</Data><Data Name='QueryStatus'>0</Data><Data Name='QueryResults'>type:  5 a1834.dspg2.akamai.net;::ffff:184.28.221.43;::ffff:184.28.221.41;</Data><Data Name='Image'>C:\Windows\SystemApps\Microsoft.MicrosoftEdge_8wekyb3d8bbwe\microsoftedgecp.exe</Data></EventData></Event>
<Event xmlns='http://schemas.microsoft.com/win/2004/08/events/event'><System><Provider Name='Microsoft-Windows-Sysmon' Guid='{5770385F-C22A-43E0-BF4C-06F5698FFBD9}'/><EventID>22</EventID><Version>5</Version><Level>4</Level><Task>22</Task><Opcode>0</Opcode><Keywords>0x8000000000000000</Keywords><TimeCreated SystemTime='2019-07-24T18:03:58.419235200Z'/><EventRecordID>427</EventRecordID><Correlation/><Execution ProcessID='3324' ThreadID='3620'/><Channel>Microsoft-Windows-Sysmon/Operational</Channel><Computer>DESKTOP-FVSHABR</Computer><Security UserID='S-1-5-18'/></System><EventData><Data Name='RuleName'></Data><Data Name='UtcTime'>2019-07-24 18:03:53.839</Data><Data Name='ProcessGuid'>{87E8D3BD-9D8C-5D38-0000-0010BB701A00}</Data><Data Name='ProcessId'>5380</Data><Data Name='QueryName'>static-spartan-wus-s-msn-com.akamaized.net</Data><Data Name='QueryStatus'>0</Data><Data Name='QueryResults'>type:  5 a743.g2.akamai.net;::ffff:184.28.221.49;::ffff:184.28.221.42;</Data><Data Name='Image'>C:\Windows\SystemApps\Microsoft.MicrosoftEdge_8wekyb3d8bbwe\microsoftedgecp.exe</Data></EventData></Event>
<Event xmlns='http://schemas.microsoft.com/win/2004/08/events/event'><System><Provider Name='Microsoft-Windows-Sysmon' Guid='{5770385F-C22A-43E0-BF4C-06F5698FFBD9}'/><EventID>22</EventID><Version>5</Version><Level>4</Level><Task>22</Task><Opcode>0</Opcode><Keywords>0x8000000000000000</Keywords><TimeCreated SystemTime='2019-07-24T18:03:58.424650100Z'/><EventRecordID>428</EventRecordID><Correlation/><Execution ProcessID='3324' ThreadID='3620'/><Channel>Microsoft-Windows-Sysmon/Operational</Channel><Computer>DESKTOP-FVSHABR</Computer><Security UserID='S-1-5-18'/></System><EventData><Data Name='RuleName'></Data><Data Name='UtcTime'>2019-07-24 18:03:53.891</Data><Data Name='ProcessGuid'>{87E8D3BD-9D8C-5D38-0000-0010BB701A00}</Data><Data Name='ProcessId'>5380</Data><Data Name='QueryName'>pr-bh.ybp.yahoo.com</Data><Data Name='QueryStatus'>0</Data><Data Name='QueryResults'>type:  5 ds-pr-bh.ybp.gysm.yahoodns.net;::ffff:74.6.34.27;</Data><Data Name='Image'>C:\Windows\SystemApps\Microsoft.MicrosoftEdge_8wekyb3d8bbwe\microsoftedgecp.exe</Data></EventData></Event>
<Event xmlns='http://schemas.microsoft.com/win/2004/08/events/event'><System><Provider Name='Microsoft-Windows-Sysmon' Guid='{5770385F-C22A-43E0-BF4C-06F5698FFBD9}'/><EventID>22</EventID><Version>5</Version><Level>4</Level><Task>22</Task><Opcode>0</Opcode><Keywords>0x8000000000000000</Keywords><TimeCreated SystemTime='2019-07-24T18:03:59.271851100Z'/><EventRecordID>429</EventRecordID><Correlation/><Execution ProcessID='3324' ThreadID='3620'/><Channel>Microsoft-Windows-Sysmon/Operational</Channel><Computer>DESKTOP-FVSHABR</Computer><Security UserID='S-1-5-18'/></System><EventData><Data Name='RuleName'></Data><Data Name='UtcTime'>2019-07-24 18:03:54.449</Data><Data Name='ProcessGuid'>{87E8D3BD-9D8C-5D38-0000-0010BB701A00}</Data><Data Name='ProcessId'>5380</Data><Data Name='QueryName'>img.s-msn.com</Data><Data Name='QueryStatus'>0</Data><Data Name='QueryResults'>type:  5 wildcard.s-msn.com.edgekey.net;type:  5 e7341.g.akamaiedge.net;::ffff:184.27.37.51;</Data><Data Name='Image'>C:\Windows\SystemApps\Microsoft.MicrosoftEdge_8wekyb3d8bbwe\microsoftedgecp.exe</Data></EventData></Event>
<Event xmlns='http://schemas.microsoft.com/win/2004/08/events/event'><System><Provider Name='Microsoft-Windows-Sysmon' Guid='{5770385F-C22A-43E0-BF4C-06F5698FFBD9}'/><EventID>22</EventID><Version>5</Version><Level>4</Level><Task>22</Task><Opcode>0</Opcode><Keywords>0x8000000000000000</Keywords><TimeCreated SystemTime='2019-07-24T18:04:06.548872600Z'/><EventRecordID>430</EventRecordID><Correlation/><Execution ProcessID='3324' ThreadID='3620'/><Channel>Microsoft-Windows-Sysmon/Operational</Channel><Computer>DESKTOP-FVSHABR</Computer><Security UserID='S-1-5-18'/></System><EventData><Data Name='RuleName'></Data><Data Name='UtcTime'>2019-07-24 18:04:02.478</Data><Data Name='ProcessGuid'>{87E8D3BD-9D68-5D38-0000-001022791800}</Data><Data Name='ProcessId'>4900</Data><Data Name='QueryName'>wpad</Data><Data Name='QueryStatus'>9003</Data><Data Name='QueryResults'></Data><Data Name='Image'>C:\Program Files (x86)\Google\Chrome\Application\chrome.exe</Data></EventData></Event>
<Event xmlns='http://schemas.microsoft.com/win/2004/08/events/event'><System><Provider Name='Microsoft-Windows-Sysmon' Guid='{5770385F-C22A-43E0-BF4C-06F5698FFBD9}'/><EventID>22</EventID><Version>5</Version><Level>4</Level><Task>22</Task><Opcode>0</Opcode><Keywords>0x8000000000000000</Keywords><TimeCreated SystemTime='2019-07-24T18:04:08.828883600Z'/><EventRecordID>431</EventRecordID><Correlation/><Execution ProcessID='3324' ThreadID='3620'/><Channel>Microsoft-Windows-Sysmon/Operational</Channel><Computer>DESKTOP-FVSHABR</Computer><Security UserID='S-1-5-18'/></System><EventData><Data Name='RuleName'></Data><Data Name='UtcTime'>2019-07-24 18:04:05.628</Data><Data Name='ProcessGuid'>{87E8D3BD-9D8C-5D38-0000-0010EE6D1A00}</Data><Data Name='ProcessId'>5528</Data><Data Name='QueryName'>answersstaticfilecdn.azureedge.net</Data><Data Name='QueryStatus'>0</Data><Data Name='QueryResults'>type:  5 answersstaticfilecdn.akstd.azureedge.net;type:  5 azureedge.mdc.akamaized.net;type:  5 a1879.dscw14.akamai.net;::ffff:23.223.57.161;::ffff:23.223.57.144;</Data><Data Name='Image'>C:\Windows\SystemApps\Microsoft.MicrosoftEdge_8wekyb3d8bbwe\MicrosoftEdgeCP.exe</Data></EventData></Event>
