<Event xmlns='http://schemas.microsoft.com/win/2004/08/events/event'><System><Provider Name='Microsoft-Windows-Sysmon' Guid='{5770385F-C22A-43E0-BF4C-06F5698FFBD9}'/><EventID>13</EventID><Version>2</Version><Level>4</Level><Task>13</Task><Opcode>0</Opcode><Keywords>0x8000000000000000</Keywords><TimeCreated SystemTime='2019-07-24T17:54:58.321879200Z'/><EventRecordID>46</EventRecordID><Correlation/><Execution ProcessID='3324' ThreadID='3220'/><Channel>Microsoft-Windows-Sysmon/Operational</Channel><Computer>DESKTOP-FVSHABR</Computer><Security UserID='S-1-5-18'/></System><EventData><Data Name='RuleName'>Suspicious,ImageBeginWithBackslash</Data><Data Name='EventType'>SetValue</Data><Data Name='UtcTime'>2019-07-24 17:54:58.318</Data><Data Name='ProcessGuid'>{87E8D3BD-9A7F-5D38-0000-001099690800}</Data><Data Name='ProcessId'>4740</Data><Data Name='Image'>\\?\C:\Windows\system32\wbem\WMIADAP.EXE</Data><Data Name='TargetObject'>HKLM\SOFTWARE\Microsoft\WBEM\WDM\DREDGE\C:\Windows\System32\drivers\intelppm.sys[PROCESSORWMI]</Data><Data Name='Details'>LowDateTime:-673244000,HighDateTime:30456516***Binary mof compiled successfully</Data></EventData></Event>
<Event xmlns='http://schemas.microsoft.com/win/2004/08/events/event'><System><Provider Name='Microsoft-Windows-Sysmon' Guid='{5770385F-C22A-43E0-BF4C-06F5698FFBD9}'/><EventID>13</EventID><Version>2</Version><Level>4</Level><Task>13</Task><Opcode>0</Opcode><Keywords>0x8000000000000000</Keywords><TimeCreated SystemTime='2019-07-24T17:54:58.321904200Z'/><EventRecordID>47</EventRecordID><Correlation/><Execution ProcessID='3324' ThreadID='3220'/><Channel>Microsoft-Windows-Sysmon/Operational</Channel><Computer>DESKTOP-FVSHABR</Computer><Security UserID='S-1-5-18'/></System><EventData><Data Name='RuleName'>Suspicious,ImageBeginWithBackslash</Data><Data Name='EventType'>SetValue</Data><Data Name='UtcTime'>2019-07-24 17:54:58.318</Data><Data Name='ProcessGuid'>{87E8D3BD-9A7F-5D38-0000-001099690800}</Data><Data Name='ProcessId'>4740</Data><Data Name='Image'>\\?\C:\Windows\system32\wbem\WMIADAP.EXE</Data><Data Name='TargetObject'>HKLM\SOFTWARE\Microsoft\WBEM\WDM\DREDGE\C:\Windows\System32\drivers\en-US\intelppm.sys.mui[PROCESSORWMI]</Data><Data Name='Details'>LowDateTime:206928669,HighDateTime:30456536***Binary mof compiled successfully</Data></EventData></Event>
<Event xmlns='http://schemas.microsoft.com/win/2004/08/events/event'><System><Provider Name='Microsoft-Windows-Sysmon' Guid='{5770385F-C22A-43E0-BF4C-06F5698FFBD9}'/><EventID>13</EventID><Version>2</Version><Level>4</Level><Task>13</Task><Opcode>0</Opcode><Keywords>0x8000000000000000</Keywords><TimeCreated SystemTime='2019-07-24T17:54:58.321962400Z'/><EventRecordID>48</EventRecordID><Correlation/><Execution ProcessID='3324' ThreadID='3220'/><Channel>Microsoft-Windows-Sysmon/Operational</Channel><Computer>DESKTOP-FVSHABR</Computer><Security UserID='S-1-5-18'/></System><EventData><Data Name='RuleName'>Suspicious,ImageBeginWithBackslash</Data><Data Name='EventType'>SetValue</Data><Data Name='UtcTime'>2019-07-24 17:54:58.318</Data><Data Name='ProcessGuid'>{87E8D3BD-9A7F-5D38-0000-001099690800}</Data><Data Name='ProcessId'>4740</Data><Data Name='Image'>\\?\C:\Windows\system32\wbem\WMIADAP.EXE</Data><Data Name='TargetObject'>HKLM\SOFTWARE\Microsoft\WBEM\WDM\DREDGE\SCSI\Disk&amp;Ven_VBOX&amp;Prod_HARDDISK\4&amp;3554261f&amp;0&amp;000000_0-{05901221-D566-11d1-B2F0-00A0C9062910}</Data><Data Name='Details'>LowDateTime:803713417,HighDateTime:0***Binary mof compiled successfully</Data></EventData></Event>
<Event xmlns='http://schemas.microsoft.com/win/2004/08/events/event'><System><Provider Name='Microsoft-Windows-Sysmon' Guid='{5770385F-C22A-43E0-BF4C-06F5698FFBD9}'/><EventID>13</EventID><Version>2</Version><Level>4</Level><Task>13</Task><Opcode>0</Opcode><Keywords>0x8000000000000000</Keywords><TimeCreated SystemTime='2019-07-24T17:54:58.322061800Z'/><EventRecordID>49</EventRecordID><Correlation/><Execution ProcessID='3324' ThreadID='3220'/><Channel>Microsoft-Windows-Sysmon/Operational</Channel><Computer>DESKTOP-FVSHABR</Computer><Security UserID='S-1-5-18'/></System><EventData><Data Name='RuleName'>Suspicious,ImageBeginWithBackslash</Data><Data Name='EventType'>SetValue</Data><Data Name='UtcTime'>2019-07-24 17:54:58.318</Data><Data Name='ProcessGuid'>{87E8D3BD-9A7F-5D38-0000-001099690800}</Data><Data Name='ProcessId'>4740</Data><Data Name='Image'>\\?\C:\Windows\system32\wbem\WMIADAP.EXE</Data><Data Name='TargetObject'>HKLM\SOFTWARE\Microsoft\WBEM\WDM\DREDGE\C:\Windows\system32\drivers\battc.sys[BATTCWMI]</Data><Data Name='Details'>LowDateTime:-679494534,HighDateTime:30456516***Binary mof compiled successfully</Data></EventData></Event>
<Event xmlns='http://schemas.microsoft.com/win/2004/08/events/event'><System><Provider Name='Microsoft-Windows-Sysmon' Guid='{5770385F-C22A-43E0-BF4C-06F5698FFBD9}'/><EventID>13</EventID><Version>2</Version><Level>4</Level><Task>13</Task><Opcode>0</Opcode><Keywords>0x8000000000000000</Keywords><TimeCreated SystemTime='2019-07-24T17:54:58.322122500Z'/><EventRecordID>50</EventRecordID><Correlation/><Execution ProcessID='3324' ThreadID='3220'/><Channel>Microsoft-Windows-Sysmon/Operational</Channel><Computer>DESKTOP-FVSHABR</Computer><Security UserID='S-1-5-18'/></System><EventData><Data Name='RuleName'>Suspicious,ImageBeginWithBackslash</Data><Data Name='EventType'>SetValue</Data><Data Name='UtcTime'>2019-07-24 17:54:58.318</Data><Data Name='ProcessGuid'>{87E8D3BD-9A7F-5D38-0000-001099690800}</Data><Data Name='ProcessId'>4740</Data><Data Name='Image'>\\?\C:\Windows\system32\wbem\WMIADAP.EXE</Data><Data Name='TargetObject'>HKLM\SOFTWARE\Microsoft\WBEM\WDM\DREDGE\C:\Windows\system32\drivers\en-US\battc.sys.mui[BATTCWMI]</Data><Data Name='Details'>LowDateTime:194741122,HighDateTime:30456536***Binary mof compiled successfully</Data></EventData></Event>
<Event xmlns='http://schemas.microsoft.com/win/2004/08/events/event'><System><Provider Name='Microsoft-Windows-Sysmon' Guid='{5770385F-C22A-43E0-BF4C-06F5698FFBD9}'/><EventID>13</EventID><Version>2</Version><Level>4</Level><Task>13</Task><Opcode>0</Opcode><Keywords>0x8000000000000000</Keywords><TimeCreated SystemTime='2019-07-24T17:54:58.322205000Z'/><EventRecordID>51</EventRecordID><Correlation/><Execution ProcessID='3324' ThreadID='3220'/><Channel>Microsoft-Windows-Sysmon/Operational</Channel><Computer>DESKTOP-FVSHABR</Computer><Security UserID='S-1-5-18'/></System><EventData><Data Name='RuleName'>Suspicious,ImageBeginWithBackslash</Data><Data Name='EventType'>SetValue</Data><Data Name='UtcTime'>2019-07-24 17:54:58.318</Data><Data Name='ProcessGuid'>{87E8D3BD-9A7F-5D38-0000-001099690800}</Data><Data Name='ProcessId'>4740</Data><Data Name='Image'>\\?\C:\Windows\system32\wbem\WMIADAP.EXE</Data><Data Name='TargetObject'>HKLM\SOFTWARE\Microsoft\WBEM\WDM\DREDGE\C:\Windows\System32\drivers\HDAudBus.sys[HDAudioMofName]</Data><Data Name='Details'>LowDateTime:-703246564,HighDateTime:30456516***Binary mof compiled successfully</Data></EventData></Event>
<Event xmlns='http://schemas.microsoft.com/win/2004/08/events/event'><System><Provider Name='Microsoft-Windows-Sysmon' Guid='{5770385F-C22A-43E0-BF4C-06F5698FFBD9}'/><EventID>13</EventID><Version>2</Version><Level>4</Level><Task>13</Task><Opcode>0</Opcode><Keywords>0x8000000000000000</Keywords><TimeCreated SystemTime='2019-07-24T17:54:58.322375000Z'/><EventRecordID>52</EventRecordID><Correlation/><Execution ProcessID='3324' ThreadID='3220'/><Channel>Microsoft-Windows-Sysmon/Operational</Channel><Computer>DESKTOP-FVSHABR</Computer><Security UserID='S-1-5-18'/></System><EventData><Data Name='RuleName'>Suspicious,ImageBeginWithBackslash</Data><Data Name='EventType'>SetValue</Data><Data Name='UtcTime'>2019-07-24 17:54:58.318</Data><Data Name='ProcessGuid'>{87E8D3BD-9A7F-5D38-0000-001099690800}</Data><Data Name='ProcessId'>4740</Data><Data Name='Image'>\\?\C:\Windows\system32\wbem\WMIADAP.EXE</Data><Data Name='TargetObject'>HKLM\SOFTWARE\Microsoft\WBEM\WDM\DREDGE\C:\Windows\System32\drivers\en-US\HDAudBus.sys.mui[HDAudioMofName]</Data><Data Name='Details'>LowDateTime:179705999,HighDateTime:30456536***Binary mof compiled successfully</Data></EventData></Event>
<Event xmlns='http://schemas.microsoft.com/win/2004/08/events/event'><System><Provider Name='Microsoft-Windows-Sysmon' Guid='{5770385F-C22A-43E0-BF4C-06F5698FFBD9}'/><EventID>13</EventID><Version>2</Version><Level>4</Level><Task>13</Task><Opcode>0</Opcode><Keywords>0x8000000000000000</Keywords><TimeCreated SystemTime='2019-07-24T17:54:58.322463100Z'/><EventRecordID>53</EventRecordID><Correlation/><Execution ProcessID='3324' ThreadID='3220'/><Channel>Microsoft-Windows-Sysmon/Operational</Channel><Computer>DESKTOP-FVSHABR</Computer><Security UserID='S-1-5-18'/></System><EventData><Data Name='RuleName'>Suspicious,ImageBeginWithBackslash</Data><Data Name='EventType'>SetValue</Data><Data Name='UtcTime'>2019-07-24 17:54:58.318</Data><Data Name='ProcessGuid'>{87E8D3BD-9A7F-5D38-0000-001099690800}</Data><Data Name='ProcessId'>4740</Data><Data Name='Image'>\\?\C:\Windows\system32\wbem\WMIADAP.EXE</Data><Data Name='TargetObject'>HKLM\SOFTWARE\Microsoft\WBEM\WDM\DREDGE\C:\Windows\System32\Drivers\portcls.SYS[PortclsMof]</Data><Data Name='Details'>LowDateTime:-700433823,HighDateTime:30456516***Binary mof compiled successfully</Data></EventData></Event>
<Event xmlns='http://schemas.microsoft.com/win/2004/08/events/event'><System><Provider Name='Microsoft-Windows-Sysmon' Guid='{5770385F-C22A-43E0-BF4C-06F5698FFBD9}'/><EventID>13</EventID><Version>2</Version><Level>4</Level><Task>13</Task><Opcode>0</Opcode><Keywords>0x8000000000000000</Keywords><TimeCreated SystemTime='2019-07-24T17:54:58.322598900Z'/><EventRecordID>54</EventRecordID><Correlation/><Execution ProcessID='3324' ThreadID='3220'/><Channel>Microsoft-Windows-Sysmon/Operational</Channel><Computer>DESKTOP-FVSHABR</Computer><Security UserID='S-1-5-18'/></System><EventData><Data Name='RuleName'>Suspicious,ImageBeginWithBackslash</Data><Data Name='EventType'>SetValue</Data><Data Name='UtcTime'>2019-07-24 17:54:58.318</Data><Data Name='ProcessGuid'>{87E8D3BD-9A7F-5D38-0000-001099690800}</Data><Data Name='ProcessId'>4740</Data><Data Name='Image'>\\?\C:\Windows\system32\wbem\WMIADAP.EXE</Data><Data Name='TargetObject'>HKLM\SOFTWARE\Microsoft\WBEM\WDM\DREDGE\C:\Windows\System32\Drivers\en-US\portcls.SYS.mui[PortclsMof]</Data><Data Name='Details'>LowDateTime:193491118,HighDateTime:30456536***Binary mof compiled successfully</Data></EventData></Event>
<Event xmlns='http://schemas.microsoft.com/win/2004/08/events/event'><System><Provider Name='Microsoft-Windows-Sysmon' Guid='{5770385F-C22A-43E0-BF4C-06F5698FFBD9}'/><EventID>13</EventID><Version>2</Version><Level>4</Level><Task>13</Task><Opcode>0</Opcode><Keywords>0x8000000000000000</Keywords><TimeCreated SystemTime='2019-07-24T17:54:58.322689500Z'/><EventRecordID>55</EventRecordID><Correlation/><Execution ProcessID='3324' ThreadID='3220'/><Channel>Microsoft-Windows-Sysmon/Operational</Channel><Computer>DESKTOP-FVSHABR</Computer><Security UserID='S-1-5-18'/></System><EventData><Data Name='RuleName'>Suspicious,ImageBeginWithBackslash</Data><Data Name='EventType'>SetValue</Data><Data Name='UtcTime'>2019-07-24 17:54:58.318</Data><Data Name='ProcessGuid'>{87E8D3BD-9A7F-5D38-0000-001099690800}</Data><Data Name='ProcessId'>4740</Data><Data Name='Image'>\\?\C:\Windows\system32\wbem\WMIADAP.EXE</Data><Data Name='TargetObject'>HKLM\SOFTWARE\Microsoft\WBEM\WDM\DREDGE\C:\Windows\System32\drivers\monitor.sys[MonitorWMI]</Data><Data Name='Details'>LowDateTime:-703715354,HighDateTime:30456516***Binary mof failed, see WMIPROV.LOG</Data></EventData></Event>
<Event xmlns='http://schemas.microsoft.com/win/2004/08/events/event'><System><Provider Name='Microsoft-Windows-Sysmon' Guid='{5770385F-C22A-43E0-BF4C-06F5698FFBD9}'/><EventID>13</EventID><Version>2</Version><Level>4</Level><Task>13</Task><Opcode>0</Opcode><Keywords>0x8000000000000000</Keywords><TimeCreated SystemTime='2019-07-24T17:54:58.322851300Z'/><EventRecordID>56</EventRecordID><Correlation/><Execution ProcessID='3324' ThreadID='3220'/><Channel>Microsoft-Windows-Sysmon/Operational</Channel><Computer>DESKTOP-FVSHABR</Computer><Security UserID='S-1-5-18'/></System><EventData><Data Name='RuleName'>Suspicious,ImageBeginWithBackslash</Data><Data Name='EventType'>SetValue</Data><Data Name='UtcTime'>2019-07-24 17:54:58.318</Data><Data Name='ProcessGuid'>{87E8D3BD-9A7F-5D38-0000-001099690800}</Data><Data Name='ProcessId'>4740</Data><Data Name='Image'>\\?\C:\Windows\system32\wbem\WMIADAP.EXE</Data><Data Name='TargetObject'>HKLM\SOFTWARE\Microsoft\WBEM\PROVIDERS\Performance\Performance Refresh</Data><Data Name='Details'>DWORD (0x00000000)</Data></EventData></Event>
<Event xmlns='http://schemas.microsoft.com/win/2004/08/events/event'><System><Provider Name='Microsoft-Windows-Sysmon' Guid='{5770385F-C22A-43E0-BF4C-06F5698FFBD9}'/><EventID>13</EventID><Version>2</Version><Level>4</Level><Task>13</Task><Opcode>0</Opcode><Keywords>0x8000000000000000</Keywords><TimeCreated SystemTime='2019-07-24T17:54:58.322901400Z'/><EventRecordID>57</EventRecordID><Correlation/><Execution ProcessID='3324' ThreadID='3220'/><Channel>Microsoft-Windows-Sysmon/Operational</Channel><Computer>DESKTOP-FVSHABR</Computer><Security UserID='S-1-5-18'/></System><EventData><Data Name='RuleName'>Suspicious,ImageBeginWithBackslash</Data><Data Name='EventType'>SetValue</Data><Data Name='UtcTime'>2019-07-24 17:54:58.318</Data><Data Name='ProcessGuid'>{87E8D3BD-9A7F-5D38-0000-001099690800}</Data><Data Name='ProcessId'>4740</Data><Data Name='Image'>\\?\C:\Windows\system32\wbem\WMIADAP.EXE</Data><Data Name='TargetObject'>HKLM\SOFTWARE\Microsoft\WBEM\PROVIDERS\Performance\Performance Refreshed</Data><Data Name='Details'>DWORD (0x00000001)</Data></EventData></Event>
<Event xmlns='http://schemas.microsoft.com/win/2004/08/events/event'><System><Provider Name='Microsoft-Windows-Sysmon' Guid='{5770385F-C22A-43E0-BF4C-06F5698FFBD9}'/><EventID>11</EventID><Version>2</Version><Level>4</Level><Task>11</Task><Opcode>0</Opcode><Keywords>0x8000000000000000</Keywords><TimeCreated SystemTime='2019-07-24T17:57:01.008128500Z'/><EventRecordID>58</EventRecordID><Correlation/><Execution ProcessID='3324' ThreadID='3220'/><Channel>Microsoft-Windows-Sysmon/Operational</Channel><Computer>DESKTOP-FVSHABR</Computer><Security UserID='S-1-5-18'/></System><EventData><Data Name='RuleName'></Data><Data Name='UtcTime'>2019-07-24 17:57:01.004</Data><Data Name='ProcessGuid'>{87E8D3BD-99EC-5D38-0000-001029460500}</Data><Data Name='ProcessId'>2832</Data><Data Name='Image'>C:\Windows\SystemApps\Microsoft.MicrosoftEdge_8wekyb3d8bbwe\microsoftedgecp.exe</Data><Data Name='TargetFilename'>C:\Users\grapltest\AppData\Local\Packages\Microsoft.MicrosoftEdge_8wekyb3d8bbwe\AC\#!001\MicrosoftEdge\Cache\HGWLQY3E\ChromeSetup[1].exe</Data><Data Name='CreationUtcTime'>2019-07-24 17:57:01.004</Data></EventData></Event>
<Event xmlns='http://schemas.microsoft.com/win/2004/08/events/event'><System><Provider Name='Microsoft-Windows-Sysmon' Guid='{5770385F-C22A-43E0-BF4C-06F5698FFBD9}'/><EventID>11</EventID><Version>2</Version><Level>4</Level><Task>11</Task><Opcode>0</Opcode><Keywords>0x8000000000000000</Keywords><TimeCreated SystemTime='2019-07-24T17:57:01.321074500Z'/><EventRecordID>59</EventRecordID><Correlation/><Execution ProcessID='3324' ThreadID='3220'/><Channel>Microsoft-Windows-Sysmon/Operational</Channel><Computer>DESKTOP-FVSHABR</Computer><Security UserID='S-1-5-18'/></System><EventData><Data Name='RuleName'>FileCreate-Downloads</Data><Data Name='UtcTime'>2019-07-24 17:57:01.317</Data><Data Name='ProcessGuid'>{87E8D3BD-99EC-5D38-0000-00103C3A0500}</Data><Data Name='ProcessId'>3460</Data><Data Name='Image'>C:\Windows\system32\browser_broker.exe</Data><Data Name='TargetFilename'>C:\Users\grapltest\Downloads\ChromeSetup.exe.hi3alp5.partial</Data><Data Name='CreationUtcTime'>2019-07-24 17:57:01.317</Data></EventData></Event>
<Event xmlns='http://schemas.microsoft.com/win/2004/08/events/event'><System><Provider Name='Microsoft-Windows-Sysmon' Guid='{5770385F-C22A-43E0-BF4C-06F5698FFBD9}'/><EventID>11</EventID><Version>2</Version><Level>4</Level><Task>11</Task><Opcode>0</Opcode><Keywords>0x8000000000000000</Keywords><TimeCreated SystemTime='2019-07-24T17:57:01.750425800Z'/><EventRecordID>60</EventRecordID><Correlation/><Execution ProcessID='3324' ThreadID='3220'/><Channel>Microsoft-Windows-Sysmon/Operational</Channel><Computer>DESKTOP-FVSHABR</Computer><Security UserID='S-1-5-18'/></System><EventData><Data Name='RuleName'>FileCreate-Downloads</Data><Data Name='UtcTime'>2019-07-24 17:57:01.739</Data><Data Name='ProcessGuid'>{87E8D3BD-99EC-5D38-0000-001029460500}</Data><Data Name='ProcessId'>2832</Data><Data Name='Image'>C:\Windows\SystemApps\Microsoft.MicrosoftEdge_8wekyb3d8bbwe\microsoftedgecp.exe</Data><Data Name='TargetFilename'>C:\Users\grapltest\Downloads\ChromeSetup.exe.hi3alp5.partial</Data><Data Name='CreationUtcTime'>2019-07-24 17:57:01.317</Data></EventData></Event>
<Event xmlns='http://schemas.microsoft.com/win/2004/08/events/event'><System><Provider Name='Microsoft-Windows-Sysmon' Guid='{5770385F-C22A-43E0-BF4C-06F5698FFBD9}'/><EventID>15</EventID><Version>2</Version><Level>4</Level><Task>15</Task><Opcode>0</Opcode><Keywords>0x8000000000000000</Keywords><TimeCreated SystemTime='2019-07-24T17:57:02.236988800Z'/><EventRecordID>61</EventRecordID><Correlation/><Execution ProcessID='3324' ThreadID='3220'/><Channel>Microsoft-Windows-Sysmon/Operational</Channel><Computer>DESKTOP-FVSHABR</Computer><Security UserID='S-1-5-18'/></System><EventData><Data Name='RuleName'>FileStream-Downloads</Data><Data Name='UtcTime'>2019-07-24 17:57:02.223</Data><Data Name='ProcessGuid'>{87E8D3BD-99EC-5D38-0000-00103C3A0500}</Data><Data Name='ProcessId'>3460</Data><Data Name='Image'>C:\Windows\system32\browser_broker.exe</Data><Data Name='TargetFilename'>C:\Users\grapltest\Downloads\ChromeSetup.exe.hi3alp5.partial</Data><Data Name='CreationUtcTime'>2019-07-24 17:57:01.317</Data><Data Name='Hash'>MD5=EB6A90426D5004ECABC515F2DA60019A,SHA256=958850CE9C18AB8BF03D73DE75B3A4C8F8D74F27C7C2CD2B8318731C1C757326</Data></EventData></Event>
<Event xmlns='http://schemas.microsoft.com/win/2004/08/events/event'><System><Provider Name='Microsoft-Windows-Sysmon' Guid='{5770385F-C22A-43E0-BF4C-06F5698FFBD9}'/><EventID>11</EventID><Version>2</Version><Level>4</Level><Task>11</Task><Opcode>0</Opcode><Keywords>0x8000000000000000</Keywords><TimeCreated SystemTime='2019-07-24T17:57:02.237064200Z'/><EventRecordID>62</EventRecordID><Correlation/><Execution ProcessID='3324' ThreadID='3220'/><Channel>Microsoft-Windows-Sysmon/Operational</Channel><Computer>DESKTOP-FVSHABR</Computer><Security UserID='S-1-5-18'/></System><EventData><Data Name='RuleName'>FileCreate-Downloads</Data><Data Name='UtcTime'>2019-07-24 17:57:02.223</Data><Data Name='ProcessGuid'>{87E8D3BD-99EC-5D38-0000-00103C3A0500}</Data><Data Name='ProcessId'>3460</Data><Data Name='Image'>C:\Windows\system32\browser_broker.exe</Data><Data Name='TargetFilename'>C:\Users\grapltest\Downloads\ChromeSetup.exe.hi3alp5.partial:Zone.Identifier</Data><Data Name='CreationUtcTime'>2019-07-24 17:57:01.317</Data></EventData></Event>
<Event xmlns='http://schemas.microsoft.com/win/2004/08/events/event'><System><Provider Name='Microsoft-Windows-Sysmon' Guid='{5770385F-C22A-43E0-BF4C-06F5698FFBD9}'/><EventID>15</EventID><Version>2</Version><Level>4</Level><Task>15</Task><Opcode>0</Opcode><Keywords>0x8000000000000000</Keywords><TimeCreated SystemTime='2019-07-24T17:57:02.237263400Z'/><EventRecordID>63</EventRecordID><Correlation/><Execution ProcessID='3324' ThreadID='3220'/><Channel>Microsoft-Windows-Sysmon/Operational</Channel><Computer>DESKTOP-FVSHABR</Computer><Security UserID='S-1-5-18'/></System><EventData><Data Name='RuleName'>FileStream-Downloads</Data><Data Name='UtcTime'>2019-07-24 17:57:02.223</Data><Data Name='ProcessGuid'>{87E8D3BD-99EC-5D38-0000-00103C3A0500}</Data><Data Name='ProcessId'>3460</Data><Data Name='Image'>C:\Windows\system32\browser_broker.exe</Data><Data Name='TargetFilename'>C:\Users\grapltest\Downloads\ChromeSetup.exe.hi3alp5.partial:Zone.Identifier</Data><Data Name='CreationUtcTime'>2019-07-24 17:57:01.317</Data><Data Name='Hash'>MD5=FBCCF14D504B7B2DBCB5A5BDA75BD93B,SHA256=EACD09517CE90D34BA562171D15AC40D302F0E691B439F91BE1B6406E25F5913</Data></EventData></Event>
<Event xmlns='http://schemas.microsoft.com/win/2004/08/events/event'><System><Provider Name='Microsoft-Windows-Sysmon' Guid='{5770385F-C22A-43E0-BF4C-06F5698FFBD9}'/><EventID>22</EventID><Version>5</Version><Level>4</Level><Task>22</Task><Opcode>0</Opcode><Keywords>0x8000000000000000</Keywords><TimeCreated SystemTime='2019-07-24T17:57:02.896163800Z'/><EventRecordID>64</EventRecordID><Correlation/><Execution ProcessID='3324' ThreadID='3620'/><Channel>Microsoft-Windows-Sysmon/Operational</Channel><Computer>DESKTOP-FVSHABR</Computer><Security UserID='S-1-5-18'/></System><EventData><Data Name='RuleName'></Data><Data Name='UtcTime'>2019-07-24 17:57:00.932</Data><Data Name='ProcessGuid'>{87E8D3BD-99EC-5D38-0000-001029460500}</Data><Data Name='ProcessId'>2832</Data><Data Name='QueryName'>dl.google.com</Data><Data Name='QueryStatus'>0</Data><Data Name='QueryResults'>::ffff:172.217.0.46;</Data><Data Name='Image'>C:\Windows\SystemApps\Microsoft.MicrosoftEdge_8wekyb3d8bbwe\MicrosoftEdgeCP.exe</Data></EventData></Event>
<Event xmlns='http://schemas.microsoft.com/win/2004/08/events/event'><System><Provider Name='Microsoft-Windows-Sysmon' Guid='{5770385F-C22A-43E0-BF4C-06F5698FFBD9}'/><EventID>22</EventID><Version>5</Version><Level>4</Level><Task>22</Task><Opcode>0</Opcode><Keywords>0x8000000000000000</Keywords><TimeCreated SystemTime='2019-07-24T17:57:02.896278000Z'/><EventRecordID>65</EventRecordID><Correlation/><Execution ProcessID='3324' ThreadID='3620'/><Channel>Microsoft-Windows-Sysmon/Operational</Channel><Computer>DESKTOP-FVSHABR</Computer><Security UserID='S-1-5-18'/></System><EventData><Data Name='RuleName'></Data><Data Name='UtcTime'>2019-07-24 17:57:02.312</Data><Data Name='ProcessGuid'>{87E8D3BD-99EC-5D38-0000-00106D300500}</Data><Data Name='ProcessId'>3140</Data><Data Name='QueryName'>ocsp.thawte.com</Data><Data Name='QueryStatus'>0</Data><Data Name='QueryResults'>type:  5 ocsp-ds.ws.symantec.com.edgekey.net;type:  5 e8218.dscb1.akamaiedge.net;::ffff:23.65.11.27;</Data><Data Name='Image'>C:\Windows\SystemApps\Microsoft.MicrosoftEdge_8wekyb3d8bbwe\MicrosoftEdge.exe</Data></EventData></Event>
<Event xmlns='http://schemas.microsoft.com/win/2004/08/events/event'><System><Provider Name='Microsoft-Windows-Sysmon' Guid='{5770385F-C22A-43E0-BF4C-06F5698FFBD9}'/><EventID>22</EventID><Version>5</Version><Level>4</Level><Task>22</Task><Opcode>0</Opcode><Keywords>0x8000000000000000</Keywords><TimeCreated SystemTime='2019-07-24T17:57:02.896382100Z'/><EventRecordID>66</EventRecordID><Correlation/><Execution ProcessID='3324' ThreadID='3620'/><Channel>Microsoft-Windows-Sysmon/Operational</Channel><Computer>DESKTOP-FVSHABR</Computer><Security UserID='S-1-5-18'/></System><EventData><Data Name='RuleName'></Data><Data Name='UtcTime'>2019-07-24 17:57:02.482</Data><Data Name='ProcessGuid'>{87E8D3BD-99EC-5D38-0000-00106D300500}</Data><Data Name='ProcessId'>3140</Data><Data Name='QueryName'>th.symcd.com</Data><Data Name='QueryStatus'>0</Data><Data Name='QueryResults'>type:  5 ocsp-ds.ws.symantec.com.edgekey.net;type:  5 e8218.dscb1.akamaiedge.net;::ffff:23.65.11.27;</Data><Data Name='Image'>C:\Windows\SystemApps\Microsoft.MicrosoftEdge_8wekyb3d8bbwe\MicrosoftEdge.exe</Data></EventData></Event>
<Event xmlns='http://schemas.microsoft.com/win/2004/08/events/event'><System><Provider Name='Microsoft-Windows-Sysmon' Guid='{5770385F-C22A-43E0-BF4C-06F5698FFBD9}'/><EventID>15</EventID><Version>2</Version><Level>4</Level><Task>15</Task><Opcode>0</Opcode><Keywords>0x8000000000000000</Keywords><TimeCreated SystemTime='2019-07-24T17:57:04.653427100Z'/><EventRecordID>67</EventRecordID><Correlation/><Execution ProcessID='3324' ThreadID='3220'/><Channel>Microsoft-Windows-Sysmon/Operational</Channel><Computer>DESKTOP-FVSHABR</Computer><Security UserID='S-1-5-18'/></System><EventData><Data Name='RuleName'>FileStream-Downloads</Data><Data Name='UtcTime'>2019-07-24 17:57:04.630</Data><Data Name='ProcessGuid'>{87E8D3BD-99EC-5D38-0000-00103C3A0500}</Data><Data Name='ProcessId'>3460</Data><Data Name='Image'>C:\Windows\system32\browser_broker.exe</Data><Data Name='TargetFilename'>C:\Users\grapltest\Downloads\ChromeSetup.exe</Data><Data Name='CreationUtcTime'>2019-07-24 17:57:01.317</Data><Data Name='Hash'>MD5=EB6A90426D5004ECABC515F2DA60019A,SHA256=958850CE9C18AB8BF03D73DE75B3A4C8F8D74F27C7C2CD2B8318731C1C757326</Data></EventData></Event>
<Event xmlns='http://schemas.microsoft.com/win/2004/08/events/event'><System><Provider Name='Microsoft-Windows-Sysmon' Guid='{5770385F-C22A-43E0-BF4C-06F5698FFBD9}'/><EventID>15</EventID><Version>2</Version><Level>4</Level><Task>15</Task><Opcode>0</Opcode><Keywords>0x8000000000000000</Keywords><TimeCreated SystemTime='2019-07-24T17:57:04.653832900Z'/><EventRecordID>68</EventRecordID><Correlation/><Execution ProcessID='3324' ThreadID='3220'/><Channel>Microsoft-Windows-Sysmon/Operational</Channel><Computer>DESKTOP-FVSHABR</Computer><Security UserID='S-1-5-18'/></System><EventData><Data Name='RuleName'>FileStream-Downloads</Data><Data Name='UtcTime'>2019-07-24 17:57:04.645</Data><Data Name='ProcessGuid'>{87E8D3BD-99EC-5D38-0000-00103C3A0500}</Data><Data Name='ProcessId'>3460</Data><Data Name='Image'>C:\Windows\system32\browser_broker.exe</Data><Data Name='TargetFilename'>C:\Users\grapltest\Downloads\ChromeSetup.exe:Zone.Identifier</Data><Data Name='CreationUtcTime'>2019-07-24 17:57:01.317</Data><Data Name='Hash'>MD5=FBCCF14D504B7B2DBCB5A5BDA75BD93B,SHA256=EACD09517CE90D34BA562171D15AC40D302F0E691B439F91BE1B6406E25F5913</Data></EventData></Event>
<Event xmlns='http://schemas.microsoft.com/win/2004/08/events/event'><System><Provider Name='Microsoft-Windows-Sysmon' Guid='{5770385F-C22A-43E0-BF4C-06F5698FFBD9}'/><EventID>1</EventID><Version>5</Version><Level>4</Level><Task>1</Task><Opcode>0</Opcode><Keywords>0x8000000000000000</Keywords><TimeCreated SystemTime='2019-07-24T17:57:04.672565300Z'/><EventRecordID>69</EventRecordID><Correlation/><Execution ProcessID='3324' ThreadID='3220'/><Channel>Microsoft-Windows-Sysmon/Operational</Channel><Computer>DESKTOP-FVSHABR</Computer><Security UserID='S-1-5-18'/></System><EventData><Data Name='RuleName'></Data><Data Name='UtcTime'>2019-07-24 17:57:04.660</Data><Data Name='ProcessGuid'>{87E8D3BD-9BF0-5D38-0000-0010C48E0E00}</Data><Data Name='ProcessId'>3696</Data><Data Name='Image'>C:\Users\grapltest\Downloads\ChromeSetup.exe</Data><Data Name='FileVersion'>1.3.34.11</Data><Data Name='Description'>Google Update Setup</Data><Data Name='Product'>Google Update</Data><Data Name='Company'>Google LLC</Data><Data Name='OriginalFileName'>GoogleUpdateSetup.exe</Data><Data Name='CommandLine'>"C:\Users\grapltest\Downloads\ChromeSetup.exe" </Data><Data Name='CurrentDirectory'>C:\Windows\system32\</Data><Data Name='User'>DESKTOP-FVSHABR\grapltest</Data><Data Name='LogonGuid'>{87E8D3BD-99C8-5D38-0000-002088140200}</Data><Data Name='LogonId'>0x21488</Data><Data Name='TerminalSessionId'>1</Data><Data Name='IntegrityLevel'>Medium</Data><Data Name='Hashes'>MD5=EB6A90426D5004ECABC515F2DA60019A,SHA256=958850CE9C18AB8BF03D73DE75B3A4C8F8D74F27C7C2CD2B8318731C1C757326</Data><Data Name='ParentProcessGuid'>{87E8D3BD-99EC-5D38-0000-00103C3A0500}</Data><Data Name='ParentProcessId'>3460</Data><Data Name='ParentImage'>C:\Windows\System32\browser_broker.exe</Data><Data Name='ParentCommandLine'>C:\Windows\system32\browser_broker.exe -Embedding</Data></EventData></Event>
<Event xmlns='http://schemas.microsoft.com/win/2004/08/events/event'><System><Provider Name='Microsoft-Windows-Sysmon' Guid='{5770385F-C22A-43E0-BF4C-06F5698FFBD9}'/><EventID>13</EventID><Version>2</Version><Level>4</Level><Task>13</Task><Opcode>0</Opcode><Keywords>0x8000000000000000</Keywords><TimeCreated SystemTime='2019-07-24T17:57:04.688765000Z'/><EventRecordID>70</EventRecordID><Correlation/><Execution ProcessID='3324' ThreadID='3220'/><Channel>Microsoft-Windows-Sysmon/Operational</Channel><Computer>DESKTOP-FVSHABR</Computer><Security UserID='S-1-5-18'/></System><EventData><Data Name='RuleName'>InvDB</Data><Data Name='EventType'>SetValue</Data><Data Name='UtcTime'>2019-07-24 17:57:04.676</Data><Data Name='ProcessGuid'>{87E8D3BD-998D-5D38-0000-001039DC0000}</Data><Data Name='ProcessId'>300</Data><Data Name='Image'>C:\Windows\system32\svchost.exe</Data><Data Name='TargetObject'>HKU\S-1-5-21-475214889-3710252578-4288414562-1001\SOFTWARE\Microsoft\Windows NT\CurrentVersion\AppCompatFlags\Compatibility Assistant\Store\C:\Users\grapltest\Downloads\ChromeSetup.exe</Data><Data Name='Details'>Binary Data</Data></EventData></Event>
<Event xmlns='http://schemas.microsoft.com/win/2004/08/events/event'><System><Provider Name='Microsoft-Windows-Sysmon' Guid='{5770385F-C22A-43E0-BF4C-06F5698FFBD9}'/><EventID>11</EventID><Version>2</Version><Level>4</Level><Task>11</Task><Opcode>0</Opcode><Keywords>0x8000000000000000</Keywords><TimeCreated SystemTime='2019-07-24T17:57:04.815196900Z'/><EventRecordID>71</EventRecordID><Correlation/><Execution ProcessID='3324' ThreadID='3220'/><Channel>Microsoft-Windows-Sysmon/Operational</Channel><Computer>DESKTOP-FVSHABR</Computer><Security UserID='S-1-5-18'/></System><EventData><Data Name='RuleName'></Data><Data Name='UtcTime'>2019-07-24 17:57:04.802</Data><Data Name='ProcessGuid'>{87E8D3BD-9BF0-5D38-0000-0010C48E0E00}</Data><Data Name='ProcessId'>3696</Data><Data Name='Image'>C:\Users\grapltest\Downloads\ChromeSetup.exe</Data><Data Name='TargetFilename'>C:\Users\GRAPLT~1\AppData\Local\Temp\GUM5F89.tmp\GoogleUpdate.exe</Data><Data Name='CreationUtcTime'>2019-07-24 17:57:04.802</Data></EventData></Event>
<Event xmlns='http://schemas.microsoft.com/win/2004/08/events/event'><System><Provider Name='Microsoft-Windows-Sysmon' Guid='{5770385F-C22A-43E0-BF4C-06F5698FFBD9}'/><EventID>11</EventID><Version>2</Version><Level>4</Level><Task>11</Task><Opcode>0</Opcode><Keywords>0x8000000000000000</Keywords><TimeCreated SystemTime='2019-07-24T17:57:04.847836500Z'/><EventRecordID>72</EventRecordID><Correlation/><Execution ProcessID='3324' ThreadID='3220'/><Channel>Microsoft-Windows-Sysmon/Operational</Channel><Computer>DESKTOP-FVSHABR</Computer><Security UserID='S-1-5-18'/></System><EventData><Data Name='RuleName'></Data><Data Name='UtcTime'>2019-07-24 17:57:04.833</Data><Data Name='ProcessGuid'>{87E8D3BD-9BF0-5D38-0000-0010C48E0E00}</Data><Data Name='ProcessId'>3696</Data><Data Name='Image'>C:\Users\grapltest\Downloads\ChromeSetup.exe</Data><Data Name='TargetFilename'>C:\Users\GRAPLT~1\AppData\Local\Temp\GUM5F89.tmp\GoogleCrashHandler.exe</Data><Data Name='CreationUtcTime'>2019-07-24 17:57:04.833</Data></EventData></Event>
<Event xmlns='http://schemas.microsoft.com/win/2004/08/events/event'><System><Provider Name='Microsoft-Windows-Sysmon' Guid='{5770385F-C22A-43E0-BF4C-06F5698FFBD9}'/><EventID>11</EventID><Version>2</Version><Level>4</Level><Task>11</Task><Opcode>0</Opcode><Keywords>0x8000000000000000</Keywords><TimeCreated SystemTime='2019-07-24T17:57:04.886328300Z'/><EventRecordID>73</EventRecordID><Correlation/><Execution ProcessID='3324' ThreadID='3220'/><Channel>Microsoft-Windows-Sysmon/Operational</Channel><Computer>DESKTOP-FVSHABR</Computer><Security UserID='S-1-5-18'/></System><EventData><Data Name='RuleName'></Data><Data Name='UtcTime'>2019-07-24 17:57:04.880</Data><Data Name='ProcessGuid'>{87E8D3BD-9BF0-5D38-0000-0010C48E0E00}</Data><Data Name='ProcessId'>3696</Data><Data Name='Image'>C:\Users\grapltest\Downloads\ChromeSetup.exe</Data><Data Name='TargetFilename'>C:\Users\GRAPLT~1\AppData\Local\Temp\GUM5F89.tmp\goopdate.dll</Data><Data Name='CreationUtcTime'>2019-07-24 17:57:04.880</Data></EventData></Event>
<Event xmlns='http://schemas.microsoft.com/win/2004/08/events/event'><System><Provider Name='Microsoft-Windows-Sysmon' Guid='{5770385F-C22A-43E0-BF4C-06F5698FFBD9}'/><EventID>11</EventID><Version>2</Version><Level>4</Level><Task>11</Task><Opcode>0</Opcode><Keywords>0x8000000000000000</Keywords><TimeCreated SystemTime='2019-07-24T17:57:04.940798100Z'/><EventRecordID>74</EventRecordID><Correlation/><Execution ProcessID='3324' ThreadID='3220'/><Channel>Microsoft-Windows-Sysmon/Operational</Channel><Computer>DESKTOP-FVSHABR</Computer><Security UserID='S-1-5-18'/></System><EventData><Data Name='RuleName'></Data><Data Name='UtcTime'>2019-07-24 17:57:04.926</Data><Data Name='ProcessGuid'>{87E8D3BD-9BF0-5D38-0000-0010C48E0E00}</Data><Data Name='ProcessId'>3696</Data><Data Name='Image'>C:\Users\grapltest\Downloads\ChromeSetup.exe</Data><Data Name='TargetFilename'>C:\Users\GRAPLT~1\AppData\Local\Temp\GUM5F89.tmp\npGoogleUpdate3.dll</Data><Data Name='CreationUtcTime'>2019-07-24 17:57:04.926</Data></EventData></Event>
<Event xmlns='http://schemas.microsoft.com/win/2004/08/events/event'><System><Provider Name='Microsoft-Windows-Sysmon' Guid='{5770385F-C22A-43E0-BF4C-06F5698FFBD9}'/><EventID>11</EventID><Version>2</Version><Level>4</Level><Task>11</Task><Opcode>0</Opcode><Keywords>0x8000000000000000</Keywords><TimeCreated SystemTime='2019-07-24T17:57:04.980897000Z'/><EventRecordID>75</EventRecordID><Correlation/><Execution ProcessID='3324' ThreadID='3220'/><Channel>Microsoft-Windows-Sysmon/Operational</Channel><Computer>DESKTOP-FVSHABR</Computer><Security UserID='S-1-5-18'/></System><EventData><Data Name='RuleName'></Data><Data Name='UtcTime'>2019-07-24 17:57:04.973</Data><Data Name='ProcessGuid'>{87E8D3BD-9BF0-5D38-0000-0010C48E0E00}</Data><Data Name='ProcessId'>3696</Data><Data Name='Image'>C:\Users\grapltest\Downloads\ChromeSetup.exe</Data><Data Name='TargetFilename'>C:\Users\GRAPLT~1\AppData\Local\Temp\GUM5F89.tmp\GoogleUpdateBroker.exe</Data><Data Name='CreationUtcTime'>2019-07-24 17:57:04.973</Data></EventData></Event>
<Event xmlns='http://schemas.microsoft.com/win/2004/08/events/event'><System><Provider Name='Microsoft-Windows-Sysmon' Guid='{5770385F-C22A-43E0-BF4C-06F5698FFBD9}'/><EventID>11</EventID><Version>2</Version><Level>4</Level><Task>11</Task><Opcode>0</Opcode><Keywords>0x8000000000000000</Keywords><TimeCreated SystemTime='2019-07-24T17:57:05.018988100Z'/><EventRecordID>76</EventRecordID><Correlation/><Execution ProcessID='3324' ThreadID='3220'/><Channel>Microsoft-Windows-Sysmon/Operational</Channel><Computer>DESKTOP-FVSHABR</Computer><Security UserID='S-1-5-18'/></System><EventData><Data Name='RuleName'></Data><Data Name='UtcTime'>2019-07-24 17:57:05.004</Data><Data Name='ProcessGuid'>{87E8D3BD-9BF0-5D38-0000-0010C48E0E00}</Data><Data Name='ProcessId'>3696</Data><Data Name='Image'>C:\Users\grapltest\Downloads\ChromeSetup.exe</Data><Data Name='TargetFilename'>C:\Users\GRAPLT~1\AppData\Local\Temp\GUM5F89.tmp\GoogleUpdateOnDemand.exe</Data><Data Name='CreationUtcTime'>2019-07-24 17:57:05.004</Data></EventData></Event>
<Event xmlns='http://schemas.microsoft.com/win/2004/08/events/event'><System><Provider Name='Microsoft-Windows-Sysmon' Guid='{5770385F-C22A-43E0-BF4C-06F5698FFBD9}'/><EventID>11</EventID><Version>2</Version><Level>4</Level><Task>11</Task><Opcode>0</Opcode><Keywords>0x8000000000000000</Keywords><TimeCreated SystemTime='2019-07-24T17:57:05.051230000Z'/><EventRecordID>77</EventRecordID><Correlation/><Execution ProcessID='3324' ThreadID='3220'/><Channel>Microsoft-Windows-Sysmon/Operational</Channel><Computer>DESKTOP-FVSHABR</Computer><Security UserID='S-1-5-18'/></System><EventData><Data Name='RuleName'></Data><Data Name='UtcTime'>2019-07-24 17:57:05.036</Data><Data Name='ProcessGuid'>{87E8D3BD-9BF0-5D38-0000-0010C48E0E00}</Data><Data Name='ProcessId'>3696</Data><Data Name='Image'>C:\Users\grapltest\Downloads\ChromeSetup.exe</Data><Data Name='TargetFilename'>C:\Users\GRAPLT~1\AppData\Local\Temp\GUM5F89.tmp\GoogleUpdateComRegisterShell64.exe</Data><Data Name='CreationUtcTime'>2019-07-24 17:57:05.036</Data></EventData></Event>
<Event xmlns='http://schemas.microsoft.com/win/2004/08/events/event'><System><Provider Name='Microsoft-Windows-Sysmon' Guid='{5770385F-C22A-43E0-BF4C-06F5698FFBD9}'/><EventID>11</EventID><Version>2</Version><Level>4</Level><Task>11</Task><Opcode>0</Opcode><Keywords>0x8000000000000000</Keywords><TimeCreated SystemTime='2019-07-24T17:57:05.090308100Z'/><EventRecordID>78</EventRecordID><Correlation/><Execution ProcessID='3324' ThreadID='3220'/><Channel>Microsoft-Windows-Sysmon/Operational</Channel><Computer>DESKTOP-FVSHABR</Computer><Security UserID='S-1-5-18'/></System><EventData><Data Name='RuleName'></Data><Data Name='UtcTime'>2019-07-24 17:57:05.083</Data><Data Name='ProcessGuid'>{87E8D3BD-9BF0-5D38-0000-0010C48E0E00}</Data><Data Name='ProcessId'>3696</Data><Data Name='Image'>C:\Users\grapltest\Downloads\ChromeSetup.exe</Data><Data Name='TargetFilename'>C:\Users\GRAPLT~1\AppData\Local\Temp\GUM5F89.tmp\GoogleUpdateWebPlugin.exe</Data><Data Name='CreationUtcTime'>2019-07-24 17:57:05.083</Data></EventData></Event>
<Event xmlns='http://schemas.microsoft.com/win/2004/08/events/event'><System><Provider Name='Microsoft-Windows-Sysmon' Guid='{5770385F-C22A-43E0-BF4C-06F5698FFBD9}'/><EventID>11</EventID><Version>2</Version><Level>4</Level><Task>11</Task><Opcode>0</Opcode><Keywords>0x8000000000000000</Keywords><TimeCreated SystemTime='2019-07-24T17:57:05.124012300Z'/><EventRecordID>79</EventRecordID><Correlation/><Execution ProcessID='3324' ThreadID='3220'/><Channel>Microsoft-Windows-Sysmon/Operational</Channel><Computer>DESKTOP-FVSHABR</Computer><Security UserID='S-1-5-18'/></System><EventData><Data Name='RuleName'></Data><Data Name='UtcTime'>2019-07-24 17:57:05.114</Data><Data Name='ProcessGuid'>{87E8D3BD-9BF0-5D38-0000-0010C48E0E00}</Data><Data Name='ProcessId'>3696</Data><Data Name='Image'>C:\Users\grapltest\Downloads\ChromeSetup.exe</Data><Data Name='TargetFilename'>C:\Users\GRAPLT~1\AppData\Local\Temp\GUM5F89.tmp\psmachine.dll</Data><Data Name='CreationUtcTime'>2019-07-24 17:57:05.114</Data></EventData></Event>
<Event xmlns='http://schemas.microsoft.com/win/2004/08/events/event'><System><Provider Name='Microsoft-Windows-Sysmon' Guid='{5770385F-C22A-43E0-BF4C-06F5698FFBD9}'/><EventID>11</EventID><Version>2</Version><Level>4</Level><Task>11</Task><Opcode>0</Opcode><Keywords>0x8000000000000000</Keywords><TimeCreated SystemTime='2019-07-24T17:57:05.149284000Z'/><EventRecordID>80</EventRecordID><Correlation/><Execution ProcessID='3324' ThreadID='3220'/><Channel>Microsoft-Windows-Sysmon/Operational</Channel><Computer>DESKTOP-FVSHABR</Computer><Security UserID='S-1-5-18'/></System><EventData><Data Name='RuleName'></Data><Data Name='UtcTime'>2019-07-24 17:57:05.145</Data><Data Name='ProcessGuid'>{87E8D3BD-9BF0-5D38-0000-0010C48E0E00}</Data><Data Name='ProcessId'>3696</Data><Data Name='Image'>C:\Users\grapltest\Downloads\ChromeSetup.exe</Data><Data Name='TargetFilename'>C:\Users\GRAPLT~1\AppData\Local\Temp\GUM5F89.tmp\psmachine_64.dll</Data><Data Name='CreationUtcTime'>2019-07-24 17:57:05.145</Data></EventData></Event>
<Event xmlns='http://schemas.microsoft.com/win/2004/08/events/event'><System><Provider Name='Microsoft-Windows-Sysmon' Guid='{5770385F-C22A-43E0-BF4C-06F5698FFBD9}'/><EventID>11</EventID><Version>2</Version><Level>4</Level><Task>11</Task><Opcode>0</Opcode><Keywords>0x8000000000000000</Keywords><TimeCreated SystemTime='2019-07-24T17:57:05.176285400Z'/><EventRecordID>81</EventRecordID><Correlation/><Execution ProcessID='3324' ThreadID='3220'/><Channel>Microsoft-Windows-Sysmon/Operational</Channel><Computer>DESKTOP-FVSHABR</Computer><Security UserID='S-1-5-18'/></System><EventData><Data Name='RuleName'></Data><Data Name='UtcTime'>2019-07-24 17:57:05.161</Data><Data Name='ProcessGuid'>{87E8D3BD-9BF0-5D38-0000-0010C48E0E00}</Data><Data Name='ProcessId'>3696</Data><Data Name='Image'>C:\Users\grapltest\Downloads\ChromeSetup.exe</Data><Data Name='TargetFilename'>C:\Users\GRAPLT~1\AppData\Local\Temp\GUM5F89.tmp\psuser.dll</Data><Data Name='CreationUtcTime'>2019-07-24 17:57:05.161</Data></EventData></Event>
<Event xmlns='http://schemas.microsoft.com/win/2004/08/events/event'><System><Provider Name='Microsoft-Windows-Sysmon' Guid='{5770385F-C22A-43E0-BF4C-06F5698FFBD9}'/><EventID>11</EventID><Version>2</Version><Level>4</Level><Task>11</Task><Opcode>0</Opcode><Keywords>0x8000000000000000</Keywords><TimeCreated SystemTime='2019-07-24T17:57:05.208466300Z'/><EventRecordID>82</EventRecordID><Correlation/><Execution ProcessID='3324' ThreadID='3220'/><Channel>Microsoft-Windows-Sysmon/Operational</Channel><Computer>DESKTOP-FVSHABR</Computer><Security UserID='S-1-5-18'/></System><EventData><Data Name='RuleName'></Data><Data Name='UtcTime'>2019-07-24 17:57:05.208</Data><Data Name='ProcessGuid'>{87E8D3BD-9BF0-5D38-0000-0010C48E0E00}</Data><Data Name='ProcessId'>3696</Data><Data Name='Image'>C:\Users\grapltest\Downloads\ChromeSetup.exe</Data><Data Name='TargetFilename'>C:\Users\GRAPLT~1\AppData\Local\Temp\GUM5F89.tmp\psuser_64.dll</Data><Data Name='CreationUtcTime'>2019-07-24 17:57:05.192</Data></EventData></Event>
<Event xmlns='http://schemas.microsoft.com/win/2004/08/events/event'><System><Provider Name='Microsoft-Windows-Sysmon' Guid='{5770385F-C22A-43E0-BF4C-06F5698FFBD9}'/><EventID>11</EventID><Version>2</Version><Level>4</Level><Task>11</Task><Opcode>0</Opcode><Keywords>0x8000000000000000</Keywords><TimeCreated SystemTime='2019-07-24T17:57:05.237406600Z'/><EventRecordID>83</EventRecordID><Correlation/><Execution ProcessID='3324' ThreadID='3220'/><Channel>Microsoft-Windows-Sysmon/Operational</Channel><Computer>DESKTOP-FVSHABR</Computer><Security UserID='S-1-5-18'/></System><EventData><Data Name='RuleName'></Data><Data Name='UtcTime'>2019-07-24 17:57:05.223</Data><Data Name='ProcessGuid'>{87E8D3BD-9BF0-5D38-0000-0010C48E0E00}</Data><Data Name='ProcessId'>3696</Data><Data Name='Image'>C:\Users\grapltest\Downloads\ChromeSetup.exe</Data><Data Name='TargetFilename'>C:\Users\GRAPLT~1\AppData\Local\Temp\GUM5F89.tmp\GoogleCrashHandler64.exe</Data><Data Name='CreationUtcTime'>2019-07-24 17:57:05.223</Data></EventData></Event>
<Event xmlns='http://schemas.microsoft.com/win/2004/08/events/event'><System><Provider Name='Microsoft-Windows-Sysmon' Guid='{5770385F-C22A-43E0-BF4C-06F5698FFBD9}'/><EventID>11</EventID><Version>2</Version><Level>4</Level><Task>11</Task><Opcode>0</Opcode><Keywords>0x8000000000000000</Keywords><TimeCreated SystemTime='2019-07-24T17:57:05.271067400Z'/><EventRecordID>84</EventRecordID><Correlation/><Execution ProcessID='3324' ThreadID='3220'/><Channel>Microsoft-Windows-Sysmon/Operational</Channel><Computer>DESKTOP-FVSHABR</Computer><Security UserID='S-1-5-18'/></System><EventData><Data Name='RuleName'></Data><Data Name='UtcTime'>2019-07-24 17:57:05.270</Data><Data Name='ProcessGuid'>{87E8D3BD-9BF0-5D38-0000-0010C48E0E00}</Data><Data Name='ProcessId'>3696</Data><Data Name='Image'>C:\Users\grapltest\Downloads\ChromeSetup.exe</Data><Data Name='TargetFilename'>C:\Users\GRAPLT~1\AppData\Local\Temp\GUM5F89.tmp\GoogleUpdateCore.exe</Data><Data Name='CreationUtcTime'>2019-07-24 17:57:05.255</Data></EventData></Event>
<Event xmlns='http://schemas.microsoft.com/win/2004/08/events/event'><System><Provider Name='Microsoft-Windows-Sysmon' Guid='{5770385F-C22A-43E0-BF4C-06F5698FFBD9}'/><EventID>11</EventID><Version>2</Version><Level>4</Level><Task>11</Task><Opcode>0</Opcode><Keywords>0x8000000000000000</Keywords><TimeCreated SystemTime='2019-07-24T17:57:05.309786900Z'/><EventRecordID>85</EventRecordID><Correlation/><Execution ProcessID='3324' ThreadID='3220'/><Channel>Microsoft-Windows-Sysmon/Operational</Channel><Computer>DESKTOP-FVSHABR</Computer><Security UserID='S-1-5-18'/></System><EventData><Data Name='RuleName'></Data><Data Name='UtcTime'>2019-07-24 17:57:05.302</Data><Data Name='ProcessGuid'>{87E8D3BD-9BF0-5D38-0000-0010C48E0E00}</Data><Data Name='ProcessId'>3696</Data><Data Name='Image'>C:\Users\grapltest\Downloads\ChromeSetup.exe</Data><Data Name='TargetFilename'>C:\Users\GRAPLT~1\AppData\Local\Temp\GUM5F89.tmp\goopdateres_am.dll</Data><Data Name='CreationUtcTime'>2019-07-24 17:57:05.302</Data></EventData></Event>
<Event xmlns='http://schemas.microsoft.com/win/2004/08/events/event'><System><Provider Name='Microsoft-Windows-Sysmon' Guid='{5770385F-C22A-43E0-BF4C-06F5698FFBD9}'/><EventID>11</EventID><Version>2</Version><Level>4</Level><Task>11</Task><Opcode>0</Opcode><Keywords>0x8000000000000000</Keywords><TimeCreated SystemTime='2019-07-24T17:57:05.316841000Z'/><EventRecordID>86</EventRecordID><Correlation/><Execution ProcessID='3324' ThreadID='3220'/><Channel>Microsoft-Windows-Sysmon/Operational</Channel><Computer>DESKTOP-FVSHABR</Computer><Security UserID='S-1-5-18'/></System><EventData><Data Name='RuleName'></Data><Data Name='UtcTime'>2019-07-24 17:57:05.302</Data><Data Name='ProcessGuid'>{87E8D3BD-9BF0-5D38-0000-0010C48E0E00}</Data><Data Name='ProcessId'>3696</Data><Data Name='Image'>C:\Users\grapltest\Downloads\ChromeSetup.exe</Data><Data Name='TargetFilename'>C:\Users\GRAPLT~1\AppData\Local\Temp\GUM5F89.tmp\goopdateres_ar.dll</Data><Data Name='CreationUtcTime'>2019-07-24 17:57:05.302</Data></EventData></Event>
<Event xmlns='http://schemas.microsoft.com/win/2004/08/events/event'><System><Provider Name='Microsoft-Windows-Sysmon' Guid='{5770385F-C22A-43E0-BF4C-06F5698FFBD9}'/><EventID>11</EventID><Version>2</Version><Level>4</Level><Task>11</Task><Opcode>0</Opcode><Keywords>0x8000000000000000</Keywords><TimeCreated SystemTime='2019-07-24T17:57:05.323610500Z'/><EventRecordID>87</EventRecordID><Correlation/><Execution ProcessID='3324' ThreadID='3220'/><Channel>Microsoft-Windows-Sysmon/Operational</Channel><Computer>DESKTOP-FVSHABR</Computer><Security UserID='S-1-5-18'/></System><EventData><Data Name='RuleName'></Data><Data Name='UtcTime'>2019-07-24 17:57:05.317</Data><Data Name='ProcessGuid'>{87E8D3BD-9BF0-5D38-0000-0010C48E0E00}</Data><Data Name='ProcessId'>3696</Data><Data Name='Image'>C:\Users\grapltest\Downloads\ChromeSetup.exe</Data><Data Name='TargetFilename'>C:\Users\GRAPLT~1\AppData\Local\Temp\GUM5F89.tmp\goopdateres_bg.dll</Data><Data Name='CreationUtcTime'>2019-07-24 17:57:05.317</Data></EventData></Event>
<Event xmlns='http://schemas.microsoft.com/win/2004/08/events/event'><System><Provider Name='Microsoft-Windows-Sysmon' Guid='{5770385F-C22A-43E0-BF4C-06F5698FFBD9}'/><EventID>11</EventID><Version>2</Version><Level>4</Level><Task>11</Task><Opcode>0</Opcode><Keywords>0x8000000000000000</Keywords><TimeCreated SystemTime='2019-07-24T17:57:05.329704500Z'/><EventRecordID>88</EventRecordID><Correlation/><Execution ProcessID='3324' ThreadID='3220'/><Channel>Microsoft-Windows-Sysmon/Operational</Channel><Computer>DESKTOP-FVSHABR</Computer><Security UserID='S-1-5-18'/></System><EventData><Data Name='RuleName'></Data><Data Name='UtcTime'>2019-07-24 17:57:05.317</Data><Data Name='ProcessGuid'>{87E8D3BD-9BF0-5D38-0000-0010C48E0E00}</Data><Data Name='ProcessId'>3696</Data><Data Name='Image'>C:\Users\grapltest\Downloads\ChromeSetup.exe</Data><Data Name='TargetFilename'>C:\Users\GRAPLT~1\AppData\Local\Temp\GUM5F89.tmp\goopdateres_bn.dll</Data><Data Name='CreationUtcTime'>2019-07-24 17:57:05.317</Data></EventData></Event>
<Event xmlns='http://schemas.microsoft.com/win/2004/08/events/event'><System><Provider Name='Microsoft-Windows-Sysmon' Guid='{5770385F-C22A-43E0-BF4C-06F5698FFBD9}'/><EventID>11</EventID><Version>2</Version><Level>4</Level><Task>11</Task><Opcode>0</Opcode><Keywords>0x8000000000000000</Keywords><TimeCreated SystemTime='2019-07-24T17:57:05.337073400Z'/><EventRecordID>89</EventRecordID><Correlation/><Execution ProcessID='3324' ThreadID='3220'/><Channel>Microsoft-Windows-Sysmon/Operational</Channel><Computer>DESKTOP-FVSHABR</Computer><Security UserID='S-1-5-18'/></System><EventData><Data Name='RuleName'></Data><Data Name='UtcTime'>2019-07-24 17:57:05.332</Data><Data Name='ProcessGuid'>{87E8D3BD-9BF0-5D38-0000-0010C48E0E00}</Data><Data Name='ProcessId'>3696</Data><Data Name='Image'>C:\Users\grapltest\Downloads\ChromeSetup.exe</Data><Data Name='TargetFilename'>C:\Users\GRAPLT~1\AppData\Local\Temp\GUM5F89.tmp\goopdateres_ca.dll</Data><Data Name='CreationUtcTime'>2019-07-24 17:57:05.332</Data></EventData></Event>
<Event xmlns='http://schemas.microsoft.com/win/2004/08/events/event'><System><Provider Name='Microsoft-Windows-Sysmon' Guid='{5770385F-C22A-43E0-BF4C-06F5698FFBD9}'/><EventID>11</EventID><Version>2</Version><Level>4</Level><Task>11</Task><Opcode>0</Opcode><Keywords>0x8000000000000000</Keywords><TimeCreated SystemTime='2019-07-24T17:57:05.344246400Z'/><EventRecordID>90</EventRecordID><Correlation/><Execution ProcessID='3324' ThreadID='3220'/><Channel>Microsoft-Windows-Sysmon/Operational</Channel><Computer>DESKTOP-FVSHABR</Computer><Security UserID='S-1-5-18'/></System><EventData><Data Name='RuleName'></Data><Data Name='UtcTime'>2019-07-24 17:57:05.332</Data><Data Name='ProcessGuid'>{87E8D3BD-9BF0-5D38-0000-0010C48E0E00}</Data><Data Name='ProcessId'>3696</Data><Data Name='Image'>C:\Users\grapltest\Downloads\ChromeSetup.exe</Data><Data Name='TargetFilename'>C:\Users\GRAPLT~1\AppData\Local\Temp\GUM5F89.tmp\goopdateres_cs.dll</Data><Data Name='CreationUtcTime'>2019-07-24 17:57:05.332</Data></EventData></Event>
