<Event xmlns='http://schemas.microsoft.com/win/2004/08/events/event'><System><Provider Name='Microsoft-Windows-Sysmon' Guid='{5770385F-C22A-43E0-BF4C-06F5698FFBD9}'/><EventID>11</EventID><Version>2</Version><Level>4</Level><Task>11</Task><Opcode>0</Opcode><Keywords>0x8000000000000000</Keywords><TimeCreated SystemTime='2019-07-24T17:57:21.024458900Z'/><EventRecordID>315</EventRecordID><Correlation/><Execution ProcessID='3324' ThreadID='3220'/><Channel>Microsoft-Windows-Sysmon/Operational</Channel><Computer>DESKTOP-FVSHABR</Computer><Security UserID='S-1-5-18'/></System><EventData><Data Name='RuleName'></Data><Data Name='UtcTime'>2019-07-24 17:57:21.020</Data><Data Name='ProcessGuid'>{87E8D3BD-9BF8-5D38-0000-0010173C0F00}</Data><Data Name='ProcessId'>4820</Data><Data Name='Image'>C:\Program Files (x86)\Google\Update\GoogleUpdate.exe</Data><Data Name='TargetFilename'>C:\Program Files (x86)\Google\Update\Download\{8A69D345-D564-463C-AFF1-A69D9E530F96}\75.0.3770.142\75.0.3770.142_chrome_installer.exe</Data><Data Name='CreationUtcTime'>2019-07-24 17:57:21.020</Data></EventData></Event>
<Event xmlns='http://schemas.microsoft.com/win/2004/08/events/event'><System><Provider Name='Microsoft-Windows-Sysmon' Guid='{5770385F-C22A-43E0-BF4C-06F5698FFBD9}'/><EventID>11</EventID><Version>2</Version><Level>4</Level><Task>11</Task><Opcode>0</Opcode><Keywords>0x8000000000000000</Keywords><TimeCreated SystemTime='2019-07-24T17:57:21.997735900Z'/><EventRecordID>316</EventRecordID><Correlation/><Execution ProcessID='3324' ThreadID='3220'/><Channel>Microsoft-Windows-Sysmon/Operational</Channel><Computer>DESKTOP-FVSHABR</Computer><Security UserID='S-1-5-18'/></System><EventData><Data Name='RuleName'></Data><Data Name='UtcTime'>2019-07-24 17:57:21.989</Data><Data Name='ProcessGuid'>{87E8D3BD-9BF8-5D38-0000-0010173C0F00}</Data><Data Name='ProcessId'>4820</Data><Data Name='Image'>C:\Program Files (x86)\Google\Update\GoogleUpdate.exe</Data><Data Name='TargetFilename'>C:\Program Files (x86)\Google\Update\Install\{6FC06909-417E-47A7-B1EA-7F3A1A4F88E4}\75.0.3770.142_chrome_installer.exe</Data><Data Name='CreationUtcTime'>2019-07-24 17:57:21.989</Data></EventData></Event>
<Event xmlns='http://schemas.microsoft.com/win/2004/08/events/event'><System><Provider Name='Microsoft-Windows-Sysmon' Guid='{5770385F-C22A-43E0-BF4C-06F5698FFBD9}'/><EventID>1</EventID><Version>5</Version><Level>4</Level><Task>1</Task><Opcode>0</Opcode><Keywords>0x8000000000000000</Keywords><TimeCreated SystemTime='2019-07-24T17:57:22.657407100Z'/><EventRecordID>317</EventRecordID><Correlation/><Execution ProcessID='3324' ThreadID='3220'/><Channel>Microsoft-Windows-Sysmon/Operational</Channel><Computer>DESKTOP-FVSHABR</Computer><Security UserID='S-1-5-18'/></System><EventData><Data Name='RuleName'></Data><Data Name='UtcTime'>2019-07-24 17:57:22.211</Data><Data Name='ProcessGuid'>{87E8D3BD-9C02-5D38-0000-0010F3A80F00}</Data><Data Name='ProcessId'>4712</Data><Data Name='Image'>C:\Program Files (x86)\Google\Update\Install\{6FC06909-417E-47A7-B1EA-7F3A1A4F88E4}\75.0.3770.142_chrome_installer.exe</Data><Data Name='FileVersion'>75.0.3770.142</Data><Data Name='Description'>Google Chrome Installer</Data><Data Name='Product'>Google Chrome Installer</Data><Data Name='Company'>Google LLC</Data><Data Name='OriginalFileName'>?</Data><Data Name='CommandLine'>"C:\Program Files (x86)\Google\Update\Install\{6FC06909-417E-47A7-B1EA-7F3A1A4F88E4}\75.0.3770.142_chrome_installer.exe" --verbose-logging --do-not-launch-chrome --system-level /installerdata="C:\Windows\TEMP\guiA339.tmp"</Data><Data Name='CurrentDirectory'>C:\Program Files (x86)\Google\Update\1.3.34.11\</Data><Data Name='User'>DESKTOP-FVSHABR\grapltest</Data><Data Name='LogonGuid'>{87E8D3BD-99C8-5D38-0000-002061140200}</Data><Data Name='LogonId'>0x21461</Data><Data Name='TerminalSessionId'>1</Data><Data Name='IntegrityLevel'>High</Data><Data Name='Hashes'>MD5=5C4486AA9E64717543EF48452F714BF1,SHA256=331E919FAA4AAFA68ACDE93C296734B6C2F590B07DDDAA2944B2AD7469A44BAA</Data><Data Name='ParentProcessGuid'>{87E8D3BD-9BF8-5D38-0000-0010173C0F00}</Data><Data Name='ParentProcessId'>4820</Data><Data Name='ParentImage'>C:\Program Files (x86)\Google\Update\GoogleUpdate.exe</Data><Data Name='ParentCommandLine'>"C:\Program Files (x86)\Google\Update\GoogleUpdate.exe" /svc</Data></EventData></Event>
<Event xmlns='http://schemas.microsoft.com/win/2004/08/events/event'><System><Provider Name='Microsoft-Windows-Sysmon' Guid='{5770385F-C22A-43E0-BF4C-06F5698FFBD9}'/><EventID>11</EventID><Version>2</Version><Level>4</Level><Task>11</Task><Opcode>0</Opcode><Keywords>0x8000000000000000</Keywords><TimeCreated SystemTime='2019-07-24T17:57:22.793576200Z'/><EventRecordID>318</EventRecordID><Correlation/><Execution ProcessID='3324' ThreadID='3220'/><Channel>Microsoft-Windows-Sysmon/Operational</Channel><Computer>DESKTOP-FVSHABR</Computer><Security UserID='S-1-5-18'/></System><EventData><Data Name='RuleName'></Data><Data Name='UtcTime'>2019-07-24 17:57:22.785</Data><Data Name='ProcessGuid'>{87E8D3BD-9C02-5D38-0000-0010F3A80F00}</Data><Data Name='ProcessId'>4712</Data><Data Name='Image'>C:\Program Files (x86)\Google\Update\Install\{6FC06909-417E-47A7-B1EA-7F3A1A4F88E4}\75.0.3770.142_chrome_installer.exe</Data><Data Name='TargetFilename'>C:\Users\GRAPLT~1\AppData\Local\Temp\CR_9D6CA.tmp\setup.exe</Data><Data Name='CreationUtcTime'>2019-07-24 17:57:22.785</Data></EventData></Event>
<Event xmlns='http://schemas.microsoft.com/win/2004/08/events/event'><System><Provider Name='Microsoft-Windows-Sysmon' Guid='{5770385F-C22A-43E0-BF4C-06F5698FFBD9}'/><EventID>2</EventID><Version>4</Version><Level>4</Level><Task>2</Task><Opcode>0</Opcode><Keywords>0x8000000000000000</Keywords><TimeCreated SystemTime='2019-07-24T17:57:22.809055000Z'/><EventRecordID>319</EventRecordID><Correlation/><Execution ProcessID='3324' ThreadID='3220'/><Channel>Microsoft-Windows-Sysmon/Operational</Channel><Computer>DESKTOP-FVSHABR</Computer><Security UserID='S-1-5-18'/></System><EventData><Data Name='RuleName'>T1099</Data><Data Name='UtcTime'>2019-07-24 17:57:22.801</Data><Data Name='ProcessGuid'>{87E8D3BD-9C02-5D38-0000-0010F3A80F00}</Data><Data Name='ProcessId'>4712</Data><Data Name='Image'>C:\Program Files (x86)\Google\Update\Install\{6FC06909-417E-47A7-B1EA-7F3A1A4F88E4}\75.0.3770.142_chrome_installer.exe</Data><Data Name='TargetFilename'>C:\Users\GRAPLT~1\AppData\Local\Temp\CR_9D6CA.tmp\setup.exe</Data><Data Name='CreationUtcTime'>2019-07-12 23:11:34.000</Data><Data Name='PreviousCreationUtcTime'>2019-07-24 17:57:22.785</Data></EventData></Event>
<Event xmlns='http://schemas.microsoft.com/win/2004/08/events/event'><System><Provider Name='Microsoft-Windows-Sysmon' Guid='{5770385F-C22A-43E0-BF4C-06F5698FFBD9}'/><EventID>1</EventID><Version>5</Version><Level>4</Level><Task>1</Task><Opcode>0</Opcode><Keywords>0x8000000000000000</Keywords><TimeCreated SystemTime='2019-07-24T17:57:22.883296400Z'/><EventRecordID>320</EventRecordID><Correlation/><Execution ProcessID='3324' ThreadID='3220'/><Channel>Microsoft-Windows-Sysmon/Operational</Channel><Computer>DESKTOP-FVSHABR</Computer><Security UserID='S-1-5-18'/></System><EventData><Data Name='RuleName'></Data><Data Name='UtcTime'>2019-07-24 17:57:22.863</Data><Data Name='ProcessGuid'>{87E8D3BD-9C02-5D38-0000-001072AC0F00}</Data><Data Name='ProcessId'>3720</Data><Data Name='Image'>C:\Users\GRAPLT~1\AppData\Local\Temp\CR_9D6CA.tmp\setup.exe</Data><Data Name='FileVersion'>75.0.3770.142</Data><Data Name='Description'>Google Chrome Installer</Data><Data Name='Product'>Google Chrome Installer</Data><Data Name='Company'>Google LLC</Data><Data Name='OriginalFileName'>?</Data><Data Name='CommandLine'>"C:\Users\GRAPLT~1\AppData\Local\Temp\CR_9D6CA.tmp\setup.exe" --install-archive="C:\Users\GRAPLT~1\AppData\Local\Temp\CR_9D6CA.tmp\CHROME.PACKED.7Z" --verbose-logging --do-not-launch-chrome --system-level /installerdata="C:\Windows\TEMP\guiA339.tmp"</Data><Data Name='CurrentDirectory'>C:\Program Files (x86)\Google\Update\1.3.34.11\</Data><Data Name='User'>DESKTOP-FVSHABR\grapltest</Data><Data Name='LogonGuid'>{87E8D3BD-99C8-5D38-0000-002061140200}</Data><Data Name='LogonId'>0x21461</Data><Data Name='TerminalSessionId'>1</Data><Data Name='IntegrityLevel'>High</Data><Data Name='Hashes'>MD5=02A4273B6188E1D66715912CC7B37650,SHA256=0060A4CD5CDE611F08A7A32DE9DB8E7DE00B1114B06D9A778FADBD23905F5A4D</Data><Data Name='ParentProcessGuid'>{87E8D3BD-9C02-5D38-0000-0010F3A80F00}</Data><Data Name='ParentProcessId'>4712</Data><Data Name='ParentImage'>C:\Program Files (x86)\Google\Update\Install\{6FC06909-417E-47A7-B1EA-7F3A1A4F88E4}\75.0.3770.142_chrome_installer.exe</Data><Data Name='ParentCommandLine'>"C:\Program Files (x86)\Google\Update\Install\{6FC06909-417E-47A7-B1EA-7F3A1A4F88E4}\75.0.3770.142_chrome_installer.exe" --verbose-logging --do-not-launch-chrome --system-level /installerdata="C:\Windows\TEMP\guiA339.tmp"</Data></EventData></Event>
<Event xmlns='http://schemas.microsoft.com/win/2004/08/events/event'><System><Provider Name='Microsoft-Windows-Sysmon' Guid='{5770385F-C22A-43E0-BF4C-06F5698FFBD9}'/><EventID>1</EventID><Version>5</Version><Level>4</Level><Task>1</Task><Opcode>0</Opcode><Keywords>0x8000000000000000</Keywords><TimeCreated SystemTime='2019-07-24T17:57:22.908506500Z'/><EventRecordID>321</EventRecordID><Correlation/><Execution ProcessID='3324' ThreadID='3220'/><Channel>Microsoft-Windows-Sysmon/Operational</Channel><Computer>DESKTOP-FVSHABR</Computer><Security UserID='S-1-5-18'/></System><EventData><Data Name='RuleName'></Data><Data Name='UtcTime'>2019-07-24 17:57:22.906</Data><Data Name='ProcessGuid'>{87E8D3BD-9C02-5D38-0000-0010CDAE0F00}</Data><Data Name='ProcessId'>2820</Data><Data Name='Image'>C:\Users\GRAPLT~1\AppData\Local\Temp\CR_9D6CA.tmp\setup.exe</Data><Data Name='FileVersion'>75.0.3770.142</Data><Data Name='Description'>Google Chrome Installer</Data><Data Name='Product'>Google Chrome Installer</Data><Data Name='Company'>Google LLC</Data><Data Name='OriginalFileName'>?</Data><Data Name='CommandLine'>C:\Users\GRAPLT~1\AppData\Local\Temp\CR_9D6CA.tmp\setup.exe --type=crashpad-handler /prefetch:7 --monitor-self-annotation=ptype=crashpad-handler --database=C:\Windows\TEMP\Crashpad --url=https://clients2.google.com/cr/report --annotation=channel= --annotation=plat=Win64 --annotation=prod=Chrome --annotation=ver=75.0.3770.142 --initial-client-data=0x1d8,0x1dc,0x1e0,0x1d4,0x1e4,0x7ff74de54b80,0x7ff74de54b90,0x7ff74de54ba0</Data><Data Name='CurrentDirectory'>C:\Program Files (x86)\Google\Update\1.3.34.11\</Data><Data Name='User'>DESKTOP-FVSHABR\grapltest</Data><Data Name='LogonGuid'>{87E8D3BD-99C8-5D38-0000-002061140200}</Data><Data Name='LogonId'>0x21461</Data><Data Name='TerminalSessionId'>1</Data><Data Name='IntegrityLevel'>High</Data><Data Name='Hashes'>MD5=02A4273B6188E1D66715912CC7B37650,SHA256=0060A4CD5CDE611F08A7A32DE9DB8E7DE00B1114B06D9A778FADBD23905F5A4D</Data><Data Name='ParentProcessGuid'>{87E8D3BD-9C02-5D38-0000-001072AC0F00}</Data><Data Name='ParentProcessId'>3720</Data><Data Name='ParentImage'>C:\Users\GRAPLT~1\AppData\Local\Temp\CR_9D6CA.tmp\setup.exe</Data><Data Name='ParentCommandLine'>"C:\Users\GRAPLT~1\AppData\Local\Temp\CR_9D6CA.tmp\setup.exe" --install-archive="C:\Users\GRAPLT~1\AppData\Local\Temp\CR_9D6CA.tmp\CHROME.PACKED.7Z" --verbose-logging --do-not-launch-chrome --system-level /installerdata="C:\Windows\TEMP\guiA339.tmp"</Data></EventData></Event>
<Event xmlns='http://schemas.microsoft.com/win/2004/08/events/event'><System><Provider Name='Microsoft-Windows-Sysmon' Guid='{5770385F-C22A-43E0-BF4C-06F5698FFBD9}'/><EventID>11</EventID><Version>2</Version><Level>4</Level><Task>11</Task><Opcode>0</Opcode><Keywords>0x8000000000000000</Keywords><TimeCreated SystemTime='2019-07-24T17:57:28.687209500Z'/><EventRecordID>322</EventRecordID><Correlation/><Execution ProcessID='3324' ThreadID='3220'/><Channel>Microsoft-Windows-Sysmon/Operational</Channel><Computer>DESKTOP-FVSHABR</Computer><Security UserID='S-1-5-18'/></System><EventData><Data Name='RuleName'></Data><Data Name='UtcTime'>2019-07-24 17:57:28.676</Data><Data Name='ProcessGuid'>{87E8D3BD-9C02-5D38-0000-001072AC0F00}</Data><Data Name='ProcessId'>3720</Data><Data Name='Image'>C:\Users\GRAPLT~1\AppData\Local\Temp\CR_9D6CA.tmp\setup.exe</Data><Data Name='TargetFilename'>C:\Program Files (x86)\Google\Chrome\Temp\source3720_15323\Chrome-bin\75.0.3770.142\d3dcompiler_47.dll</Data><Data Name='CreationUtcTime'>2019-07-24 17:57:28.676</Data></EventData></Event>
<Event xmlns='http://schemas.microsoft.com/win/2004/08/events/event'><System><Provider Name='Microsoft-Windows-Sysmon' Guid='{5770385F-C22A-43E0-BF4C-06F5698FFBD9}'/><EventID>11</EventID><Version>2</Version><Level>4</Level><Task>11</Task><Opcode>0</Opcode><Keywords>0x8000000000000000</Keywords><TimeCreated SystemTime='2019-07-24T17:57:28.800968100Z'/><EventRecordID>323</EventRecordID><Correlation/><Execution ProcessID='3324' ThreadID='3220'/><Channel>Microsoft-Windows-Sysmon/Operational</Channel><Computer>DESKTOP-FVSHABR</Computer><Security UserID='S-1-5-18'/></System><EventData><Data Name='RuleName'>T1176</Data><Data Name='UtcTime'>2019-07-24 17:57:28.786</Data><Data Name='ProcessGuid'>{87E8D3BD-9C02-5D38-0000-001072AC0F00}</Data><Data Name='ProcessId'>3720</Data><Data Name='Image'>C:\Users\GRAPLT~1\AppData\Local\Temp\CR_9D6CA.tmp\setup.exe</Data><Data Name='TargetFilename'>C:\Program Files (x86)\Google\Chrome\Temp\source3720_15323\Chrome-bin\75.0.3770.142\default_apps\docs.crx</Data><Data Name='CreationUtcTime'>2019-07-24 17:57:28.786</Data></EventData></Event>
<Event xmlns='http://schemas.microsoft.com/win/2004/08/events/event'><System><Provider Name='Microsoft-Windows-Sysmon' Guid='{5770385F-C22A-43E0-BF4C-06F5698FFBD9}'/><EventID>11</EventID><Version>2</Version><Level>4</Level><Task>11</Task><Opcode>0</Opcode><Keywords>0x8000000000000000</Keywords><TimeCreated SystemTime='2019-07-24T17:57:28.808124200Z'/><EventRecordID>324</EventRecordID><Correlation/><Execution ProcessID='3324' ThreadID='3220'/><Channel>Microsoft-Windows-Sysmon/Operational</Channel><Computer>DESKTOP-FVSHABR</Computer><Security UserID='S-1-5-18'/></System><EventData><Data Name='RuleName'>T1176</Data><Data Name='UtcTime'>2019-07-24 17:57:28.801</Data><Data Name='ProcessGuid'>{87E8D3BD-9C02-5D38-0000-001072AC0F00}</Data><Data Name='ProcessId'>3720</Data><Data Name='Image'>C:\Users\GRAPLT~1\AppData\Local\Temp\CR_9D6CA.tmp\setup.exe</Data><Data Name='TargetFilename'>C:\Program Files (x86)\Google\Chrome\Temp\source3720_15323\Chrome-bin\75.0.3770.142\default_apps\drive.crx</Data><Data Name='CreationUtcTime'>2019-07-24 17:57:28.801</Data></EventData></Event>
<Event xmlns='http://schemas.microsoft.com/win/2004/08/events/event'><System><Provider Name='Microsoft-Windows-Sysmon' Guid='{5770385F-C22A-43E0-BF4C-06F5698FFBD9}'/><EventID>11</EventID><Version>2</Version><Level>4</Level><Task>11</Task><Opcode>0</Opcode><Keywords>0x8000000000000000</Keywords><TimeCreated SystemTime='2019-07-24T17:57:28.871972800Z'/><EventRecordID>325</EventRecordID><Correlation/><Execution ProcessID='3324' ThreadID='3220'/><Channel>Microsoft-Windows-Sysmon/Operational</Channel><Computer>DESKTOP-FVSHABR</Computer><Security UserID='S-1-5-18'/></System><EventData><Data Name='RuleName'>T1176</Data><Data Name='UtcTime'>2019-07-24 17:57:28.864</Data><Data Name='ProcessGuid'>{87E8D3BD-9C02-5D38-0000-001072AC0F00}</Data><Data Name='ProcessId'>3720</Data><Data Name='Image'>C:\Users\GRAPLT~1\AppData\Local\Temp\CR_9D6CA.tmp\setup.exe</Data><Data Name='TargetFilename'>C:\Program Files (x86)\Google\Chrome\Temp\source3720_15323\Chrome-bin\75.0.3770.142\default_apps\gmail.crx</Data><Data Name='CreationUtcTime'>2019-07-24 17:57:28.864</Data></EventData></Event>
<Event xmlns='http://schemas.microsoft.com/win/2004/08/events/event'><System><Provider Name='Microsoft-Windows-Sysmon' Guid='{5770385F-C22A-43E0-BF4C-06F5698FFBD9}'/><EventID>11</EventID><Version>2</Version><Level>4</Level><Task>11</Task><Opcode>0</Opcode><Keywords>0x8000000000000000</Keywords><TimeCreated SystemTime='2019-07-24T17:57:28.925528700Z'/><EventRecordID>326</EventRecordID><Correlation/><Execution ProcessID='3324' ThreadID='3220'/><Channel>Microsoft-Windows-Sysmon/Operational</Channel><Computer>DESKTOP-FVSHABR</Computer><Security UserID='S-1-5-18'/></System><EventData><Data Name='RuleName'>T1176</Data><Data Name='UtcTime'>2019-07-24 17:57:28.911</Data><Data Name='ProcessGuid'>{87E8D3BD-9C02-5D38-0000-001072AC0F00}</Data><Data Name='ProcessId'>3720</Data><Data Name='Image'>C:\Users\GRAPLT~1\AppData\Local\Temp\CR_9D6CA.tmp\setup.exe</Data><Data Name='TargetFilename'>C:\Program Files (x86)\Google\Chrome\Temp\source3720_15323\Chrome-bin\75.0.3770.142\default_apps\youtube.crx</Data><Data Name='CreationUtcTime'>2019-07-24 17:57:28.911</Data></EventData></Event>
<Event xmlns='http://schemas.microsoft.com/win/2004/08/events/event'><System><Provider Name='Microsoft-Windows-Sysmon' Guid='{5770385F-C22A-43E0-BF4C-06F5698FFBD9}'/><EventID>11</EventID><Version>2</Version><Level>4</Level><Task>11</Task><Opcode>0</Opcode><Keywords>0x8000000000000000</Keywords><TimeCreated SystemTime='2019-07-24T17:57:29.278973100Z'/><EventRecordID>327</EventRecordID><Correlation/><Execution ProcessID='3324' ThreadID='3220'/><Channel>Microsoft-Windows-Sysmon/Operational</Channel><Computer>DESKTOP-FVSHABR</Computer><Security UserID='S-1-5-18'/></System><EventData><Data Name='RuleName'></Data><Data Name='UtcTime'>2019-07-24 17:57:29.270</Data><Data Name='ProcessGuid'>{87E8D3BD-9C02-5D38-0000-001072AC0F00}</Data><Data Name='ProcessId'>3720</Data><Data Name='Image'>C:\Users\GRAPLT~1\AppData\Local\Temp\CR_9D6CA.tmp\setup.exe</Data><Data Name='TargetFilename'>C:\Program Files (x86)\Google\Chrome\Temp\source3720_15323\Chrome-bin\75.0.3770.142\WidevineCdm\_platform_specific\win_x64\widevinecdm.dll</Data><Data Name='CreationUtcTime'>2019-07-24 17:57:29.270</Data></EventData></Event>
<Event xmlns='http://schemas.microsoft.com/win/2004/08/events/event'><System><Provider Name='Microsoft-Windows-Sysmon' Guid='{5770385F-C22A-43E0-BF4C-06F5698FFBD9}'/><EventID>11</EventID><Version>2</Version><Level>4</Level><Task>11</Task><Opcode>0</Opcode><Keywords>0x8000000000000000</Keywords><TimeCreated SystemTime='2019-07-24T17:57:29.331075400Z'/><EventRecordID>328</EventRecordID><Correlation/><Execution ProcessID='3324' ThreadID='3220'/><Channel>Microsoft-Windows-Sysmon/Operational</Channel><Computer>DESKTOP-FVSHABR</Computer><Security UserID='S-1-5-18'/></System><EventData><Data Name='RuleName'></Data><Data Name='UtcTime'>2019-07-24 17:57:29.317</Data><Data Name='ProcessGuid'>{87E8D3BD-9C02-5D38-0000-001072AC0F00}</Data><Data Name='ProcessId'>3720</Data><Data Name='Image'>C:\Users\GRAPLT~1\AppData\Local\Temp\CR_9D6CA.tmp\setup.exe</Data><Data Name='TargetFilename'>C:\Program Files (x86)\Google\Chrome\Temp\source3720_15323\Chrome-bin\chrome.exe</Data><Data Name='CreationUtcTime'>2019-07-24 17:57:29.317</Data></EventData></Event>
<Event xmlns='http://schemas.microsoft.com/win/2004/08/events/event'><System><Provider Name='Microsoft-Windows-Sysmon' Guid='{5770385F-C22A-43E0-BF4C-06F5698FFBD9}'/><EventID>11</EventID><Version>2</Version><Level>4</Level><Task>11</Task><Opcode>0</Opcode><Keywords>0x8000000000000000</Keywords><TimeCreated SystemTime='2019-07-24T17:57:29.365721100Z'/><EventRecordID>329</EventRecordID><Correlation/><Execution ProcessID='3324' ThreadID='3220'/><Channel>Microsoft-Windows-Sysmon/Operational</Channel><Computer>DESKTOP-FVSHABR</Computer><Security UserID='S-1-5-18'/></System><EventData><Data Name='RuleName'></Data><Data Name='UtcTime'>2019-07-24 17:57:29.364</Data><Data Name='ProcessGuid'>{87E8D3BD-9C02-5D38-0000-001072AC0F00}</Data><Data Name='ProcessId'>3720</Data><Data Name='Image'>C:\Users\GRAPLT~1\AppData\Local\Temp\CR_9D6CA.tmp\setup.exe</Data><Data Name='TargetFilename'>C:\Program Files (x86)\Google\Chrome\Temp\source3720_15323\Chrome-bin\chrome_proxy.exe</Data><Data Name='CreationUtcTime'>2019-07-24 17:57:29.364</Data></EventData></Event>
<Event xmlns='http://schemas.microsoft.com/win/2004/08/events/event'><System><Provider Name='Microsoft-Windows-Sysmon' Guid='{5770385F-C22A-43E0-BF4C-06F5698FFBD9}'/><EventID>11</EventID><Version>2</Version><Level>4</Level><Task>11</Task><Opcode>0</Opcode><Keywords>0x8000000000000000</Keywords><TimeCreated SystemTime='2019-07-24T17:57:29.482303700Z'/><EventRecordID>330</EventRecordID><Correlation/><Execution ProcessID='3324' ThreadID='3220'/><Channel>Microsoft-Windows-Sysmon/Operational</Channel><Computer>DESKTOP-FVSHABR</Computer><Security UserID='S-1-5-18'/></System><EventData><Data Name='RuleName'></Data><Data Name='UtcTime'>2019-07-24 17:57:29.474</Data><Data Name='ProcessGuid'>{87E8D3BD-9C02-5D38-0000-001072AC0F00}</Data><Data Name='ProcessId'>3720</Data><Data Name='Image'>C:\Users\GRAPLT~1\AppData\Local\Temp\CR_9D6CA.tmp\setup.exe</Data><Data Name='TargetFilename'>C:\Program Files (x86)\Google\Chrome\Temp\source3720_15323\Chrome-bin\75.0.3770.142\chrome.dll</Data><Data Name='CreationUtcTime'>2019-07-24 17:57:29.474</Data></EventData></Event>
<Event xmlns='http://schemas.microsoft.com/win/2004/08/events/event'><System><Provider Name='Microsoft-Windows-Sysmon' Guid='{5770385F-C22A-43E0-BF4C-06F5698FFBD9}'/><EventID>11</EventID><Version>2</Version><Level>4</Level><Task>11</Task><Opcode>0</Opcode><Keywords>0x8000000000000000</Keywords><TimeCreated SystemTime='2019-07-24T17:57:30.093940400Z'/><EventRecordID>331</EventRecordID><Correlation/><Execution ProcessID='3324' ThreadID='3220'/><Channel>Microsoft-Windows-Sysmon/Operational</Channel><Computer>DESKTOP-FVSHABR</Computer><Security UserID='S-1-5-18'/></System><EventData><Data Name='RuleName'></Data><Data Name='UtcTime'>2019-07-24 17:57:30.082</Data><Data Name='ProcessGuid'>{87E8D3BD-9C02-5D38-0000-001072AC0F00}</Data><Data Name='ProcessId'>3720</Data><Data Name='Image'>C:\Users\GRAPLT~1\AppData\Local\Temp\CR_9D6CA.tmp\setup.exe</Data><Data Name='TargetFilename'>C:\Program Files (x86)\Google\Chrome\Temp\source3720_15323\Chrome-bin\75.0.3770.142\chrome_child.dll</Data><Data Name='CreationUtcTime'>2019-07-24 17:57:30.082</Data></EventData></Event>
<Event xmlns='http://schemas.microsoft.com/win/2004/08/events/event'><System><Provider Name='Microsoft-Windows-Sysmon' Guid='{5770385F-C22A-43E0-BF4C-06F5698FFBD9}'/><EventID>11</EventID><Version>2</Version><Level>4</Level><Task>11</Task><Opcode>0</Opcode><Keywords>0x8000000000000000</Keywords><TimeCreated SystemTime='2019-07-24T17:57:30.752916300Z'/><EventRecordID>332</EventRecordID><Correlation/><Execution ProcessID='3324' ThreadID='3220'/><Channel>Microsoft-Windows-Sysmon/Operational</Channel><Computer>DESKTOP-FVSHABR</Computer><Security UserID='S-1-5-18'/></System><EventData><Data Name='RuleName'></Data><Data Name='UtcTime'>2019-07-24 17:57:30.739</Data><Data Name='ProcessGuid'>{87E8D3BD-9C02-5D38-0000-001072AC0F00}</Data><Data Name='ProcessId'>3720</Data><Data Name='Image'>C:\Users\GRAPLT~1\AppData\Local\Temp\CR_9D6CA.tmp\setup.exe</Data><Data Name='TargetFilename'>C:\Program Files (x86)\Google\Chrome\Temp\source3720_15323\Chrome-bin\75.0.3770.142\chrome_elf.dll</Data><Data Name='CreationUtcTime'>2019-07-24 17:57:30.739</Data></EventData></Event>
<Event xmlns='http://schemas.microsoft.com/win/2004/08/events/event'><System><Provider Name='Microsoft-Windows-Sysmon' Guid='{5770385F-C22A-43E0-BF4C-06F5698FFBD9}'/><EventID>11</EventID><Version>2</Version><Level>4</Level><Task>11</Task><Opcode>0</Opcode><Keywords>0x8000000000000000</Keywords><TimeCreated SystemTime='2019-07-24T17:57:30.805520000Z'/><EventRecordID>333</EventRecordID><Correlation/><Execution ProcessID='3324' ThreadID='3220'/><Channel>Microsoft-Windows-Sysmon/Operational</Channel><Computer>DESKTOP-FVSHABR</Computer><Security UserID='S-1-5-18'/></System><EventData><Data Name='RuleName'></Data><Data Name='UtcTime'>2019-07-24 17:57:30.802</Data><Data Name='ProcessGuid'>{87E8D3BD-9C02-5D38-0000-001072AC0F00}</Data><Data Name='ProcessId'>3720</Data><Data Name='Image'>C:\Users\GRAPLT~1\AppData\Local\Temp\CR_9D6CA.tmp\setup.exe</Data><Data Name='TargetFilename'>C:\Program Files (x86)\Google\Chrome\Temp\source3720_15323\Chrome-bin\75.0.3770.142\chrome_watcher.dll</Data><Data Name='CreationUtcTime'>2019-07-24 17:57:30.802</Data></EventData></Event>
<Event xmlns='http://schemas.microsoft.com/win/2004/08/events/event'><System><Provider Name='Microsoft-Windows-Sysmon' Guid='{5770385F-C22A-43E0-BF4C-06F5698FFBD9}'/><EventID>11</EventID><Version>2</Version><Level>4</Level><Task>11</Task><Opcode>0</Opcode><Keywords>0x8000000000000000</Keywords><TimeCreated SystemTime='2019-07-24T17:57:30.877696600Z'/><EventRecordID>334</EventRecordID><Correlation/><Execution ProcessID='3324' ThreadID='3220'/><Channel>Microsoft-Windows-Sysmon/Operational</Channel><Computer>DESKTOP-FVSHABR</Computer><Security UserID='S-1-5-18'/></System><EventData><Data Name='RuleName'></Data><Data Name='UtcTime'>2019-07-24 17:57:30.864</Data><Data Name='ProcessGuid'>{87E8D3BD-9C02-5D38-0000-001072AC0F00}</Data><Data Name='ProcessId'>3720</Data><Data Name='Image'>C:\Users\GRAPLT~1\AppData\Local\Temp\CR_9D6CA.tmp\setup.exe</Data><Data Name='TargetFilename'>C:\Program Files (x86)\Google\Chrome\Temp\source3720_15323\Chrome-bin\75.0.3770.142\elevation_service.exe</Data><Data Name='CreationUtcTime'>2019-07-24 17:57:30.864</Data></EventData></Event>
<Event xmlns='http://schemas.microsoft.com/win/2004/08/events/event'><System><Provider Name='Microsoft-Windows-Sysmon' Guid='{5770385F-C22A-43E0-BF4C-06F5698FFBD9}'/><EventID>11</EventID><Version>2</Version><Level>4</Level><Task>11</Task><Opcode>0</Opcode><Keywords>0x8000000000000000</Keywords><TimeCreated SystemTime='2019-07-24T17:57:31.015724700Z'/><EventRecordID>335</EventRecordID><Correlation/><Execution ProcessID='3324' ThreadID='3220'/><Channel>Microsoft-Windows-Sysmon/Operational</Channel><Computer>DESKTOP-FVSHABR</Computer><Security UserID='S-1-5-18'/></System><EventData><Data Name='RuleName'></Data><Data Name='UtcTime'>2019-07-24 17:57:31.004</Data><Data Name='ProcessGuid'>{87E8D3BD-9C02-5D38-0000-001072AC0F00}</Data><Data Name='ProcessId'>3720</Data><Data Name='Image'>C:\Users\GRAPLT~1\AppData\Local\Temp\CR_9D6CA.tmp\setup.exe</Data><Data Name='TargetFilename'>C:\Program Files (x86)\Google\Chrome\Temp\source3720_15323\Chrome-bin\75.0.3770.142\eventlog_provider.dll</Data><Data Name='CreationUtcTime'>2019-07-24 17:57:31.004</Data></EventData></Event>
<Event xmlns='http://schemas.microsoft.com/win/2004/08/events/event'><System><Provider Name='Microsoft-Windows-Sysmon' Guid='{5770385F-C22A-43E0-BF4C-06F5698FFBD9}'/><EventID>11</EventID><Version>2</Version><Level>4</Level><Task>11</Task><Opcode>0</Opcode><Keywords>0x8000000000000000</Keywords><TimeCreated SystemTime='2019-07-24T17:57:31.023627100Z'/><EventRecordID>336</EventRecordID><Correlation/><Execution ProcessID='3324' ThreadID='3220'/><Channel>Microsoft-Windows-Sysmon/Operational</Channel><Computer>DESKTOP-FVSHABR</Computer><Security UserID='S-1-5-18'/></System><EventData><Data Name='RuleName'></Data><Data Name='UtcTime'>2019-07-24 17:57:31.020</Data><Data Name='ProcessGuid'>{87E8D3BD-9C02-5D38-0000-001072AC0F00}</Data><Data Name='ProcessId'>3720</Data><Data Name='Image'>C:\Users\GRAPLT~1\AppData\Local\Temp\CR_9D6CA.tmp\setup.exe</Data><Data Name='TargetFilename'>C:\Program Files (x86)\Google\Chrome\Temp\source3720_15323\Chrome-bin\75.0.3770.142\libegl.dll</Data><Data Name='CreationUtcTime'>2019-07-24 17:57:31.020</Data></EventData></Event>
<Event xmlns='http://schemas.microsoft.com/win/2004/08/events/event'><System><Provider Name='Microsoft-Windows-Sysmon' Guid='{5770385F-C22A-43E0-BF4C-06F5698FFBD9}'/><EventID>11</EventID><Version>2</Version><Level>4</Level><Task>11</Task><Opcode>0</Opcode><Keywords>0x8000000000000000</Keywords><TimeCreated SystemTime='2019-07-24T17:57:31.061742600Z'/><EventRecordID>337</EventRecordID><Correlation/><Execution ProcessID='3324' ThreadID='3220'/><Channel>Microsoft-Windows-Sysmon/Operational</Channel><Computer>DESKTOP-FVSHABR</Computer><Security UserID='S-1-5-18'/></System><EventData><Data Name='RuleName'></Data><Data Name='UtcTime'>2019-07-24 17:57:31.051</Data><Data Name='ProcessGuid'>{87E8D3BD-9C02-5D38-0000-001072AC0F00}</Data><Data Name='ProcessId'>3720</Data><Data Name='Image'>C:\Users\GRAPLT~1\AppData\Local\Temp\CR_9D6CA.tmp\setup.exe</Data><Data Name='TargetFilename'>C:\Program Files (x86)\Google\Chrome\Temp\source3720_15323\Chrome-bin\75.0.3770.142\libglesv2.dll</Data><Data Name='CreationUtcTime'>2019-07-24 17:57:31.051</Data></EventData></Event>
<Event xmlns='http://schemas.microsoft.com/win/2004/08/events/event'><System><Provider Name='Microsoft-Windows-Sysmon' Guid='{5770385F-C22A-43E0-BF4C-06F5698FFBD9}'/><EventID>11</EventID><Version>2</Version><Level>4</Level><Task>11</Task><Opcode>0</Opcode><Keywords>0x8000000000000000</Keywords><TimeCreated SystemTime='2019-07-24T17:57:31.351661900Z'/><EventRecordID>338</EventRecordID><Correlation/><Execution ProcessID='3324' ThreadID='3220'/><Channel>Microsoft-Windows-Sysmon/Operational</Channel><Computer>DESKTOP-FVSHABR</Computer><Security UserID='S-1-5-18'/></System><EventData><Data Name='RuleName'></Data><Data Name='UtcTime'>2019-07-24 17:57:31.349</Data><Data Name='ProcessGuid'>{87E8D3BD-9C02-5D38-0000-001072AC0F00}</Data><Data Name='ProcessId'>3720</Data><Data Name='Image'>C:\Users\GRAPLT~1\AppData\Local\Temp\CR_9D6CA.tmp\setup.exe</Data><Data Name='TargetFilename'>C:\Program Files (x86)\Google\Chrome\Temp\source3720_15323\Chrome-bin\75.0.3770.142\notification_helper.exe</Data><Data Name='CreationUtcTime'>2019-07-24 17:57:31.349</Data></EventData></Event>
<Event xmlns='http://schemas.microsoft.com/win/2004/08/events/event'><System><Provider Name='Microsoft-Windows-Sysmon' Guid='{5770385F-C22A-43E0-BF4C-06F5698FFBD9}'/><EventID>11</EventID><Version>2</Version><Level>4</Level><Task>11</Task><Opcode>0</Opcode><Keywords>0x8000000000000000</Keywords><TimeCreated SystemTime='2019-07-24T17:57:31.409517600Z'/><EventRecordID>339</EventRecordID><Correlation/><Execution ProcessID='3324' ThreadID='3220'/><Channel>Microsoft-Windows-Sysmon/Operational</Channel><Computer>DESKTOP-FVSHABR</Computer><Security UserID='S-1-5-18'/></System><EventData><Data Name='RuleName'></Data><Data Name='UtcTime'>2019-07-24 17:57:31.395</Data><Data Name='ProcessGuid'>{87E8D3BD-9C02-5D38-0000-001072AC0F00}</Data><Data Name='ProcessId'>3720</Data><Data Name='Image'>C:\Users\GRAPLT~1\AppData\Local\Temp\CR_9D6CA.tmp\setup.exe</Data><Data Name='TargetFilename'>C:\Program Files (x86)\Google\Chrome\Temp\source3720_15323\Chrome-bin\75.0.3770.142\swiftshader\libegl.dll</Data><Data Name='CreationUtcTime'>2019-07-24 17:57:31.395</Data></EventData></Event>
<Event xmlns='http://schemas.microsoft.com/win/2004/08/events/event'><System><Provider Name='Microsoft-Windows-Sysmon' Guid='{5770385F-C22A-43E0-BF4C-06F5698FFBD9}'/><EventID>11</EventID><Version>2</Version><Level>4</Level><Task>11</Task><Opcode>0</Opcode><Keywords>0x8000000000000000</Keywords><TimeCreated SystemTime='2019-07-24T17:57:31.444430600Z'/><EventRecordID>340</EventRecordID><Correlation/><Execution ProcessID='3324' ThreadID='3220'/><Channel>Microsoft-Windows-Sysmon/Operational</Channel><Computer>DESKTOP-FVSHABR</Computer><Security UserID='S-1-5-18'/></System><EventData><Data Name='RuleName'></Data><Data Name='UtcTime'>2019-07-24 17:57:31.442</Data><Data Name='ProcessGuid'>{87E8D3BD-9C02-5D38-0000-001072AC0F00}</Data><Data Name='ProcessId'>3720</Data><Data Name='Image'>C:\Users\GRAPLT~1\AppData\Local\Temp\CR_9D6CA.tmp\setup.exe</Data><Data Name='TargetFilename'>C:\Program Files (x86)\Google\Chrome\Temp\source3720_15323\Chrome-bin\75.0.3770.142\swiftshader\libglesv2.dll</Data><Data Name='CreationUtcTime'>2019-07-24 17:57:31.442</Data></EventData></Event>
<Event xmlns='http://schemas.microsoft.com/win/2004/08/events/event'><System><Provider Name='Microsoft-Windows-Sysmon' Guid='{5770385F-C22A-43E0-BF4C-06F5698FFBD9}'/><EventID>11</EventID><Version>2</Version><Level>4</Level><Task>11</Task><Opcode>0</Opcode><Keywords>0x8000000000000000</Keywords><TimeCreated SystemTime='2019-07-24T17:57:31.528013200Z'/><EventRecordID>341</EventRecordID><Correlation/><Execution ProcessID='3324' ThreadID='3220'/><Channel>Microsoft-Windows-Sysmon/Operational</Channel><Computer>DESKTOP-FVSHABR</Computer><Security UserID='S-1-5-18'/></System><EventData><Data Name='RuleName'></Data><Data Name='UtcTime'>2019-07-24 17:57:31.521</Data><Data Name='ProcessGuid'>{87E8D3BD-9C02-5D38-0000-001072AC0F00}</Data><Data Name='ProcessId'>3720</Data><Data Name='Image'>C:\Users\GRAPLT~1\AppData\Local\Temp\CR_9D6CA.tmp\setup.exe</Data><Data Name='TargetFilename'>C:\Program Files (x86)\Google\Chrome\Application\chrome.exe</Data><Data Name='CreationUtcTime'>2019-07-24 17:57:31.521</Data></EventData></Event>
<Event xmlns='http://schemas.microsoft.com/win/2004/08/events/event'><System><Provider Name='Microsoft-Windows-Sysmon' Guid='{5770385F-C22A-43E0-BF4C-06F5698FFBD9}'/><EventID>11</EventID><Version>2</Version><Level>4</Level><Task>11</Task><Opcode>0</Opcode><Keywords>0x8000000000000000</Keywords><TimeCreated SystemTime='2019-07-24T17:57:31.532725900Z'/><EventRecordID>342</EventRecordID><Correlation/><Execution ProcessID='3324' ThreadID='3220'/><Channel>Microsoft-Windows-Sysmon/Operational</Channel><Computer>DESKTOP-FVSHABR</Computer><Security UserID='S-1-5-18'/></System><EventData><Data Name='RuleName'></Data><Data Name='UtcTime'>2019-07-24 17:57:31.521</Data><Data Name='ProcessGuid'>{87E8D3BD-9C02-5D38-0000-001072AC0F00}</Data><Data Name='ProcessId'>3720</Data><Data Name='Image'>C:\Users\GRAPLT~1\AppData\Local\Temp\CR_9D6CA.tmp\setup.exe</Data><Data Name='TargetFilename'>C:\Program Files (x86)\Google\Chrome\Application\75.0.3770.142\Installer\setup.exe</Data><Data Name='CreationUtcTime'>2019-07-24 17:57:31.521</Data></EventData></Event>
<Event xmlns='http://schemas.microsoft.com/win/2004/08/events/event'><System><Provider Name='Microsoft-Windows-Sysmon' Guid='{5770385F-C22A-43E0-BF4C-06F5698FFBD9}'/><EventID>11</EventID><Version>2</Version><Level>4</Level><Task>11</Task><Opcode>0</Opcode><Keywords>0x8000000000000000</Keywords><TimeCreated SystemTime='2019-07-24T17:57:31.547565500Z'/><EventRecordID>343</EventRecordID><Correlation/><Execution ProcessID='3324' ThreadID='3220'/><Channel>Microsoft-Windows-Sysmon/Operational</Channel><Computer>DESKTOP-FVSHABR</Computer><Security UserID='S-1-5-18'/></System><EventData><Data Name='RuleName'></Data><Data Name='UtcTime'>2019-07-24 17:57:31.536</Data><Data Name='ProcessGuid'>{87E8D3BD-9C02-5D38-0000-001072AC0F00}</Data><Data Name='ProcessId'>3720</Data><Data Name='Image'>C:\Users\GRAPLT~1\AppData\Local\Temp\CR_9D6CA.tmp\setup.exe</Data><Data Name='TargetFilename'>C:\Program Files (x86)\Google\Chrome\Application\75.0.3770.142\Installer\chrmstp.exe</Data><Data Name='CreationUtcTime'>2019-07-24 17:57:31.536</Data></EventData></Event>
<Event xmlns='http://schemas.microsoft.com/win/2004/08/events/event'><System><Provider Name='Microsoft-Windows-Sysmon' Guid='{5770385F-C22A-43E0-BF4C-06F5698FFBD9}'/><EventID>13</EventID><Version>2</Version><Level>4</Level><Task>13</Task><Opcode>0</Opcode><Keywords>0x8000000000000000</Keywords><TimeCreated SystemTime='2019-07-24T17:57:31.558502900Z'/><EventRecordID>344</EventRecordID><Correlation/><Execution ProcessID='3324' ThreadID='3220'/><Channel>Microsoft-Windows-Sysmon/Operational</Channel><Computer>DESKTOP-FVSHABR</Computer><Security UserID='S-1-5-18'/></System><EventData><Data Name='RuleName'>InvDB-Pub</Data><Data Name='EventType'>SetValue</Data><Data Name='UtcTime'>2019-07-24 17:57:31.551</Data><Data Name='ProcessGuid'>{87E8D3BD-9C02-5D38-0000-001072AC0F00}</Data><Data Name='ProcessId'>3720</Data><Data Name='Image'>C:\Users\GRAPLT~1\AppData\Local\Temp\CR_9D6CA.tmp\setup.exe</Data><Data Name='TargetObject'>HKLM\SOFTWARE\Wow6432Node\Microsoft\Windows\CurrentVersion\Uninstall\Google Chrome\Publisher</Data><Data Name='Details'>Google LLC</Data></EventData></Event>
<Event xmlns='http://schemas.microsoft.com/win/2004/08/events/event'><System><Provider Name='Microsoft-Windows-Sysmon' Guid='{5770385F-C22A-43E0-BF4C-06F5698FFBD9}'/><EventID>13</EventID><Version>2</Version><Level>4</Level><Task>13</Task><Opcode>0</Opcode><Keywords>0x8000000000000000</Keywords><TimeCreated SystemTime='2019-07-24T17:57:31.592047400Z'/><EventRecordID>345</EventRecordID><Correlation/><Execution ProcessID='3324' ThreadID='3220'/><Channel>Microsoft-Windows-Sysmon/Operational</Channel><Computer>DESKTOP-FVSHABR</Computer><Security UserID='S-1-5-18'/></System><EventData><Data Name='RuleName'>T1031,T1050</Data><Data Name='EventType'>SetValue</Data><Data Name='UtcTime'>2019-07-24 17:57:31.583</Data><Data Name='ProcessGuid'>{87E8D3BD-998D-5D38-0000-001030400000}</Data><Data Name='ProcessId'>568</Data><Data Name='Image'>C:\Windows\system32\services.exe</Data><Data Name='TargetObject'>HKLM\System\CurrentControlSet\Services\GoogleChromeElevationService\Start</Data><Data Name='Details'>DWORD (0x00000003)</Data></EventData></Event>
<Event xmlns='http://schemas.microsoft.com/win/2004/08/events/event'><System><Provider Name='Microsoft-Windows-Sysmon' Guid='{5770385F-C22A-43E0-BF4C-06F5698FFBD9}'/><EventID>13</EventID><Version>2</Version><Level>4</Level><Task>13</Task><Opcode>0</Opcode><Keywords>0x8000000000000000</Keywords><TimeCreated SystemTime='2019-07-24T17:57:31.593041400Z'/><EventRecordID>346</EventRecordID><Correlation/><Execution ProcessID='3324' ThreadID='3220'/><Channel>Microsoft-Windows-Sysmon/Operational</Channel><Computer>DESKTOP-FVSHABR</Computer><Security UserID='S-1-5-18'/></System><EventData><Data Name='RuleName'>T1031,T1050</Data><Data Name='EventType'>SetValue</Data><Data Name='UtcTime'>2019-07-24 17:57:31.583</Data><Data Name='ProcessGuid'>{87E8D3BD-998D-5D38-0000-001030400000}</Data><Data Name='ProcessId'>568</Data><Data Name='Image'>C:\Windows\system32\services.exe</Data><Data Name='TargetObject'>HKLM\System\CurrentControlSet\Services\GoogleChromeElevationService\ImagePath</Data><Data Name='Details'>"C:\Program Files (x86)\Google\Chrome\Application\75.0.3770.142\elevation_service.exe"</Data></EventData></Event>
<Event xmlns='http://schemas.microsoft.com/win/2004/08/events/event'><System><Provider Name='Microsoft-Windows-Sysmon' Guid='{5770385F-C22A-43E0-BF4C-06F5698FFBD9}'/><EventID>11</EventID><Version>2</Version><Level>4</Level><Task>11</Task><Opcode>0</Opcode><Keywords>0x8000000000000000</Keywords><TimeCreated SystemTime='2019-07-24T17:57:31.612571900Z'/><EventRecordID>347</EventRecordID><Correlation/><Execution ProcessID='3324' ThreadID='3220'/><Channel>Microsoft-Windows-Sysmon/Operational</Channel><Computer>DESKTOP-FVSHABR</Computer><Security UserID='S-1-5-18'/></System><EventData><Data Name='RuleName'></Data><Data Name='UtcTime'>2019-07-24 17:57:31.583</Data><Data Name='ProcessGuid'>{87E8D3BD-9C02-5D38-0000-001072AC0F00}</Data><Data Name='ProcessId'>3720</Data><Data Name='Image'>C:\Users\GRAPLT~1\AppData\Local\Temp\CR_9D6CA.tmp\setup.exe</Data><Data Name='TargetFilename'>C:\Program Files (x86)\Google\Chrome\Application\chrome_proxy.exe</Data><Data Name='CreationUtcTime'>2019-07-24 17:57:31.583</Data></EventData></Event>
<Event xmlns='http://schemas.microsoft.com/win/2004/08/events/event'><System><Provider Name='Microsoft-Windows-Sysmon' Guid='{5770385F-C22A-43E0-BF4C-06F5698FFBD9}'/><EventID>11</EventID><Version>2</Version><Level>4</Level><Task>11</Task><Opcode>0</Opcode><Keywords>0x8000000000000000</Keywords><TimeCreated SystemTime='2019-07-24T17:57:31.664914300Z'/><EventRecordID>348</EventRecordID><Correlation/><Execution ProcessID='3324' ThreadID='3220'/><Channel>Microsoft-Windows-Sysmon/Operational</Channel><Computer>DESKTOP-FVSHABR</Computer><Security UserID='S-1-5-18'/></System><EventData><Data Name='RuleName'>T1023</Data><Data Name='UtcTime'>2019-07-24 17:57:31.661</Data><Data Name='ProcessGuid'>{87E8D3BD-9C02-5D38-0000-001072AC0F00}</Data><Data Name='ProcessId'>3720</Data><Data Name='Image'>C:\Users\GRAPLT~1\AppData\Local\Temp\CR_9D6CA.tmp\setup.exe</Data><Data Name='TargetFilename'>C:\ProgramData\Microsoft\Windows\Start Menu\Programs\Google Chrome.lnk</Data><Data Name='CreationUtcTime'>2019-07-24 17:57:31.661</Data></EventData></Event>
<Event xmlns='http://schemas.microsoft.com/win/2004/08/events/event'><System><Provider Name='Microsoft-Windows-Sysmon' Guid='{5770385F-C22A-43E0-BF4C-06F5698FFBD9}'/><EventID>13</EventID><Version>2</Version><Level>4</Level><Task>13</Task><Opcode>0</Opcode><Keywords>0x8000000000000000</Keywords><TimeCreated SystemTime='2019-07-24T17:57:31.676676900Z'/><EventRecordID>349</EventRecordID><Correlation/><Execution ProcessID='3324' ThreadID='3220'/><Channel>Microsoft-Windows-Sysmon/Operational</Channel><Computer>DESKTOP-FVSHABR</Computer><Security UserID='S-1-5-18'/></System><EventData><Data Name='RuleName'>T1031,T1050</Data><Data Name='EventType'>SetValue</Data><Data Name='UtcTime'>2019-07-24 17:57:31.661</Data><Data Name='ProcessGuid'>{87E8D3BD-998D-5D38-0000-001098B80000}</Data><Data Name='ProcessId'>896</Data><Data Name='Image'>C:\Windows\System32\svchost.exe</Data><Data Name='TargetObject'>HKLM\System\CurrentControlSet\Control\WMI\AutoLogger\EventLog-Application\Start</Data><Data Name='Details'>DWORD (0x00000001)</Data></EventData></Event>
<Event xmlns='http://schemas.microsoft.com/win/2004/08/events/event'><System><Provider Name='Microsoft-Windows-Sysmon' Guid='{5770385F-C22A-43E0-BF4C-06F5698FFBD9}'/><EventID>13</EventID><Version>2</Version><Level>4</Level><Task>13</Task><Opcode>0</Opcode><Keywords>0x8000000000000000</Keywords><TimeCreated SystemTime='2019-07-24T17:57:31.682312400Z'/><EventRecordID>350</EventRecordID><Correlation/><Execution ProcessID='3324' ThreadID='3220'/><Channel>Microsoft-Windows-Sysmon/Operational</Channel><Computer>DESKTOP-FVSHABR</Computer><Security UserID='S-1-5-18'/></System><EventData><Data Name='RuleName'>T1042</Data><Data Name='EventType'>SetValue</Data><Data Name='UtcTime'>2019-07-24 17:57:31.661</Data><Data Name='ProcessGuid'>{87E8D3BD-9C02-5D38-0000-001072AC0F00}</Data><Data Name='ProcessId'>3720</Data><Data Name='Image'>C:\Users\GRAPLT~1\AppData\Local\Temp\CR_9D6CA.tmp\setup.exe</Data><Data Name='TargetObject'>HKCR\ChromeHTML\shell\open\command\(Default)</Data><Data Name='Details'>"C:\Program Files (x86)\Google\Chrome\Application\chrome.exe" -- "%%1"</Data></EventData></Event>
<Event xmlns='http://schemas.microsoft.com/win/2004/08/events/event'><System><Provider Name='Microsoft-Windows-Sysmon' Guid='{5770385F-C22A-43E0-BF4C-06F5698FFBD9}'/><EventID>12</EventID><Version>2</Version><Level>4</Level><Task>12</Task><Opcode>0</Opcode><Keywords>0x8000000000000000</Keywords><TimeCreated SystemTime='2019-07-24T17:57:31.689923700Z'/><EventRecordID>351</EventRecordID><Correlation/><Execution ProcessID='3324' ThreadID='3220'/><Channel>Microsoft-Windows-Sysmon/Operational</Channel><Computer>DESKTOP-FVSHABR</Computer><Security UserID='S-1-5-18'/></System><EventData><Data Name='RuleName'></Data><Data Name='EventType'>CreateKey</Data><Data Name='UtcTime'>2019-07-24 17:57:31.661</Data><Data Name='ProcessGuid'>{87E8D3BD-9C02-5D38-0000-001072AC0F00}</Data><Data Name='ProcessId'>3720</Data><Data Name='Image'>C:\Users\GRAPLT~1\AppData\Local\Temp\CR_9D6CA.tmp\setup.exe</Data><Data Name='TargetObject'>HKLM\SOFTWARE\Microsoft\Windows\CurrentVersion\App Paths\chrome.exe</Data></EventData></Event>
<Event xmlns='http://schemas.microsoft.com/win/2004/08/events/event'><System><Provider Name='Microsoft-Windows-Sysmon' Guid='{5770385F-C22A-43E0-BF4C-06F5698FFBD9}'/><EventID>13</EventID><Version>2</Version><Level>4</Level><Task>13</Task><Opcode>0</Opcode><Keywords>0x8000000000000000</Keywords><TimeCreated SystemTime='2019-07-24T17:57:31.690083100Z'/><EventRecordID>352</EventRecordID><Correlation/><Execution ProcessID='3324' ThreadID='3220'/><Channel>Microsoft-Windows-Sysmon/Operational</Channel><Computer>DESKTOP-FVSHABR</Computer><Security UserID='S-1-5-18'/></System><EventData><Data Name='RuleName'></Data><Data Name='EventType'>SetValue</Data><Data Name='UtcTime'>2019-07-24 17:57:31.661</Data><Data Name='ProcessGuid'>{87E8D3BD-9C02-5D38-0000-001072AC0F00}</Data><Data Name='ProcessId'>3720</Data><Data Name='Image'>C:\Users\GRAPLT~1\AppData\Local\Temp\CR_9D6CA.tmp\setup.exe</Data><Data Name='TargetObject'>HKLM\SOFTWARE\Microsoft\Windows\CurrentVersion\App Paths\chrome.exe\(Default)</Data><Data Name='Details'>C:\Program Files (x86)\Google\Chrome\Application\chrome.exe</Data></EventData></Event>
<Event xmlns='http://schemas.microsoft.com/win/2004/08/events/event'><System><Provider Name='Microsoft-Windows-Sysmon' Guid='{5770385F-C22A-43E0-BF4C-06F5698FFBD9}'/><EventID>12</EventID><Version>2</Version><Level>4</Level><Task>12</Task><Opcode>0</Opcode><Keywords>0x8000000000000000</Keywords><TimeCreated SystemTime='2019-07-24T17:57:31.691335900Z'/><EventRecordID>353</EventRecordID><Correlation/><Execution ProcessID='3324' ThreadID='3220'/><Channel>Microsoft-Windows-Sysmon/Operational</Channel><Computer>DESKTOP-FVSHABR</Computer><Security UserID='S-1-5-18'/></System><EventData><Data Name='RuleName'></Data><Data Name='EventType'>CreateKey</Data><Data Name='UtcTime'>2019-07-24 17:57:31.661</Data><Data Name='ProcessGuid'>{87E8D3BD-9C02-5D38-0000-001072AC0F00}</Data><Data Name='ProcessId'>3720</Data><Data Name='Image'>C:\Users\GRAPLT~1\AppData\Local\Temp\CR_9D6CA.tmp\setup.exe</Data><Data Name='TargetObject'>HKLM\SOFTWARE\Microsoft\Windows\CurrentVersion\App Paths\chrome.exe</Data></EventData></Event>
<Event xmlns='http://schemas.microsoft.com/win/2004/08/events/event'><System><Provider Name='Microsoft-Windows-Sysmon' Guid='{5770385F-C22A-43E0-BF4C-06F5698FFBD9}'/><EventID>13</EventID><Version>2</Version><Level>4</Level><Task>13</Task><Opcode>0</Opcode><Keywords>0x8000000000000000</Keywords><TimeCreated SystemTime='2019-07-24T17:57:31.691484000Z'/><EventRecordID>354</EventRecordID><Correlation/><Execution ProcessID='3324' ThreadID='3220'/><Channel>Microsoft-Windows-Sysmon/Operational</Channel><Computer>DESKTOP-FVSHABR</Computer><Security UserID='S-1-5-18'/></System><EventData><Data Name='RuleName'></Data><Data Name='EventType'>SetValue</Data><Data Name='UtcTime'>2019-07-24 17:57:31.661</Data><Data Name='ProcessGuid'>{87E8D3BD-9C02-5D38-0000-001072AC0F00}</Data><Data Name='ProcessId'>3720</Data><Data Name='Image'>C:\Users\GRAPLT~1\AppData\Local\Temp\CR_9D6CA.tmp\setup.exe</Data><Data Name='TargetObject'>HKLM\SOFTWARE\Microsoft\Windows\CurrentVersion\App Paths\chrome.exe\Path</Data><Data Name='Details'>C:\Program Files (x86)\Google\Chrome\Application</Data></EventData></Event>
<Event xmlns='http://schemas.microsoft.com/win/2004/08/events/event'><System><Provider Name='Microsoft-Windows-Sysmon' Guid='{5770385F-C22A-43E0-BF4C-06F5698FFBD9}'/><EventID>13</EventID><Version>2</Version><Level>4</Level><Task>13</Task><Opcode>0</Opcode><Keywords>0x8000000000000000</Keywords><TimeCreated SystemTime='2019-07-24T17:57:31.717057300Z'/><EventRecordID>355</EventRecordID><Correlation/><Execution ProcessID='3324' ThreadID='3220'/><Channel>Microsoft-Windows-Sysmon/Operational</Channel><Computer>DESKTOP-FVSHABR</Computer><Security UserID='S-1-5-18'/></System><EventData><Data Name='RuleName'>T1042</Data><Data Name='EventType'>SetValue</Data><Data Name='UtcTime'>2019-07-24 17:57:31.661</Data><Data Name='ProcessGuid'>{87E8D3BD-9C02-5D38-0000-001072AC0F00}</Data><Data Name='ProcessId'>3720</Data><Data Name='Image'>C:\Users\GRAPLT~1\AppData\Local\Temp\CR_9D6CA.tmp\setup.exe</Data><Data Name='TargetObject'>HKLM\SOFTWARE\Clients\StartMenuInternet\Google Chrome\shell\open\command\(Default)</Data><Data Name='Details'>"C:\Program Files (x86)\Google\Chrome\Application\chrome.exe"</Data></EventData></Event>
<Event xmlns='http://schemas.microsoft.com/win/2004/08/events/event'><System><Provider Name='Microsoft-Windows-Sysmon' Guid='{5770385F-C22A-43E0-BF4C-06F5698FFBD9}'/><EventID>13</EventID><Version>2</Version><Level>4</Level><Task>13</Task><Opcode>0</Opcode><Keywords>0x8000000000000000</Keywords><TimeCreated SystemTime='2019-07-24T17:57:31.802129300Z'/><EventRecordID>356</EventRecordID><Correlation/><Execution ProcessID='3324' ThreadID='3220'/><Channel>Microsoft-Windows-Sysmon/Operational</Channel><Computer>DESKTOP-FVSHABR</Computer><Security UserID='S-1-5-18'/></System><EventData><Data Name='RuleName'>T1031,T1050</Data><Data Name='EventType'>SetValue</Data><Data Name='UtcTime'>2019-07-24 17:57:31.692</Data><Data Name='ProcessGuid'>{87E8D3BD-998D-5D38-0000-001098B80000}</Data><Data Name='ProcessId'>896</Data><Data Name='Image'>C:\Windows\System32\svchost.exe</Data><Data Name='TargetObject'>HKLM\System\CurrentControlSet\Control\WMI\AutoLogger\EventLog-Security\Start</Data><Data Name='Details'>DWORD (0x00000001)</Data></EventData></Event>
<Event xmlns='http://schemas.microsoft.com/win/2004/08/events/event'><System><Provider Name='Microsoft-Windows-Sysmon' Guid='{5770385F-C22A-43E0-BF4C-06F5698FFBD9}'/><EventID>13</EventID><Version>2</Version><Level>4</Level><Task>13</Task><Opcode>0</Opcode><Keywords>0x8000000000000000</Keywords><TimeCreated SystemTime='2019-07-24T17:57:31.804681600Z'/><EventRecordID>357</EventRecordID><Correlation/><Execution ProcessID='3324' ThreadID='3220'/><Channel>Microsoft-Windows-Sysmon/Operational</Channel><Computer>DESKTOP-FVSHABR</Computer><Security UserID='S-1-5-18'/></System><EventData><Data Name='RuleName'>T1031,T1050</Data><Data Name='EventType'>SetValue</Data><Data Name='UtcTime'>2019-07-24 17:57:31.692</Data><Data Name='ProcessGuid'>{87E8D3BD-998D-5D38-0000-001098B80000}</Data><Data Name='ProcessId'>896</Data><Data Name='Image'>C:\Windows\System32\svchost.exe</Data><Data Name='TargetObject'>HKLM\System\CurrentControlSet\Control\WMI\AutoLogger\EventLog-System\Start</Data><Data Name='Details'>DWORD (0x00000001)</Data></EventData></Event>
