<Event xmlns='http://schemas.microsoft.com/win/2004/08/events/event'><System><Provider Name='Microsoft-Windows-Sysmon' Guid='{5770385F-C22A-43E0-BF4C-06F5698FFBD9}'/><EventID>11</EventID><Version>2</Version><Level>4</Level><Task>11</Task><Opcode>0</Opcode><Keywords>0x8000000000000000</Keywords><TimeCreated SystemTime='2019-07-24T17:57:10.112335400Z'/><EventRecordID>230</EventRecordID><Correlation/><Execution ProcessID='3324' ThreadID='3220'/><Channel>Microsoft-Windows-Sysmon/Operational</Channel><Computer>DESKTOP-FVSHABR</Computer><Security UserID='S-1-5-18'/></System><EventData><Data Name='RuleName'></Data><Data Name='UtcTime'>2019-07-24 17:57:10.098</Data><Data Name='ProcessGuid'>{87E8D3BD-9BF5-5D38-0000-0010D8ED0E00}</Data><Data Name='ProcessId'>588</Data><Data Name='Image'>C:\Program Files (x86)\GUM6D35.tmp\GoogleUpdate.exe</Data><Data Name='TargetFilename'>C:\Program Files (x86)\Google\Update\1.3.34.11\goopdateres_en-GB.dll</Data><Data Name='CreationUtcTime'>2019-07-24 17:57:10.098</Data></EventData></Event>
<Event xmlns='http://schemas.microsoft.com/win/2004/08/events/event'><System><Provider Name='Microsoft-Windows-Sysmon' Guid='{5770385F-C22A-43E0-BF4C-06F5698FFBD9}'/><EventID>11</EventID><Version>2</Version><Level>4</Level><Task>11</Task><Opcode>0</Opcode><Keywords>0x8000000000000000</Keywords><TimeCreated SystemTime='2019-07-24T17:57:10.122731300Z'/><EventRecordID>231</EventRecordID><Correlation/><Execution ProcessID='3324' ThreadID='3220'/><Channel>Microsoft-Windows-Sysmon/Operational</Channel><Computer>DESKTOP-FVSHABR</Computer><Security UserID='S-1-5-18'/></System><EventData><Data Name='RuleName'></Data><Data Name='UtcTime'>2019-07-24 17:57:10.114</Data><Data Name='ProcessGuid'>{87E8D3BD-9BF5-5D38-0000-0010D8ED0E00}</Data><Data Name='ProcessId'>588</Data><Data Name='Image'>C:\Program Files (x86)\GUM6D35.tmp\GoogleUpdate.exe</Data><Data Name='TargetFilename'>C:\Program Files (x86)\Google\Update\1.3.34.11\goopdateres_es.dll</Data><Data Name='CreationUtcTime'>2019-07-24 17:57:10.114</Data></EventData></Event>
<Event xmlns='http://schemas.microsoft.com/win/2004/08/events/event'><System><Provider Name='Microsoft-Windows-Sysmon' Guid='{5770385F-C22A-43E0-BF4C-06F5698FFBD9}'/><EventID>11</EventID><Version>2</Version><Level>4</Level><Task>11</Task><Opcode>0</Opcode><Keywords>0x8000000000000000</Keywords><TimeCreated SystemTime='2019-07-24T17:57:10.136663100Z'/><EventRecordID>232</EventRecordID><Correlation/><Execution ProcessID='3324' ThreadID='3220'/><Channel>Microsoft-Windows-Sysmon/Operational</Channel><Computer>DESKTOP-FVSHABR</Computer><Security UserID='S-1-5-18'/></System><EventData><Data Name='RuleName'></Data><Data Name='UtcTime'>2019-07-24 17:57:10.130</Data><Data Name='ProcessGuid'>{87E8D3BD-9BF5-5D38-0000-0010D8ED0E00}</Data><Data Name='ProcessId'>588</Data><Data Name='Image'>C:\Program Files (x86)\GUM6D35.tmp\GoogleUpdate.exe</Data><Data Name='TargetFilename'>C:\Program Files (x86)\Google\Update\1.3.34.11\goopdateres_es-419.dll</Data><Data Name='CreationUtcTime'>2019-07-24 17:57:10.130</Data></EventData></Event>
<Event xmlns='http://schemas.microsoft.com/win/2004/08/events/event'><System><Provider Name='Microsoft-Windows-Sysmon' Guid='{5770385F-C22A-43E0-BF4C-06F5698FFBD9}'/><EventID>11</EventID><Version>2</Version><Level>4</Level><Task>11</Task><Opcode>0</Opcode><Keywords>0x8000000000000000</Keywords><TimeCreated SystemTime='2019-07-24T17:57:10.147493100Z'/><EventRecordID>233</EventRecordID><Correlation/><Execution ProcessID='3324' ThreadID='3220'/><Channel>Microsoft-Windows-Sysmon/Operational</Channel><Computer>DESKTOP-FVSHABR</Computer><Security UserID='S-1-5-18'/></System><EventData><Data Name='RuleName'></Data><Data Name='UtcTime'>2019-07-24 17:57:10.146</Data><Data Name='ProcessGuid'>{87E8D3BD-9BF5-5D38-0000-0010D8ED0E00}</Data><Data Name='ProcessId'>588</Data><Data Name='Image'>C:\Program Files (x86)\GUM6D35.tmp\GoogleUpdate.exe</Data><Data Name='TargetFilename'>C:\Program Files (x86)\Google\Update\1.3.34.11\goopdateres_et.dll</Data><Data Name='CreationUtcTime'>2019-07-24 17:57:10.146</Data></EventData></Event>
<Event xmlns='http://schemas.microsoft.com/win/2004/08/events/event'><System><Provider Name='Microsoft-Windows-Sysmon' Guid='{5770385F-C22A-43E0-BF4C-06F5698FFBD9}'/><EventID>11</EventID><Version>2</Version><Level>4</Level><Task>11</Task><Opcode>0</Opcode><Keywords>0x8000000000000000</Keywords><TimeCreated SystemTime='2019-07-24T17:57:10.156899200Z'/><EventRecordID>234</EventRecordID><Correlation/><Execution ProcessID='3324' ThreadID='3220'/><Channel>Microsoft-Windows-Sysmon/Operational</Channel><Computer>DESKTOP-FVSHABR</Computer><Security UserID='S-1-5-18'/></System><EventData><Data Name='RuleName'></Data><Data Name='UtcTime'>2019-07-24 17:57:10.146</Data><Data Name='ProcessGuid'>{87E8D3BD-9BF5-5D38-0000-0010D8ED0E00}</Data><Data Name='ProcessId'>588</Data><Data Name='Image'>C:\Program Files (x86)\GUM6D35.tmp\GoogleUpdate.exe</Data><Data Name='TargetFilename'>C:\Program Files (x86)\Google\Update\1.3.34.11\goopdateres_fa.dll</Data><Data Name='CreationUtcTime'>2019-07-24 17:57:10.146</Data></EventData></Event>
<Event xmlns='http://schemas.microsoft.com/win/2004/08/events/event'><System><Provider Name='Microsoft-Windows-Sysmon' Guid='{5770385F-C22A-43E0-BF4C-06F5698FFBD9}'/><EventID>11</EventID><Version>2</Version><Level>4</Level><Task>11</Task><Opcode>0</Opcode><Keywords>0x8000000000000000</Keywords><TimeCreated SystemTime='2019-07-24T17:57:10.166548500Z'/><EventRecordID>235</EventRecordID><Correlation/><Execution ProcessID='3324' ThreadID='3220'/><Channel>Microsoft-Windows-Sysmon/Operational</Channel><Computer>DESKTOP-FVSHABR</Computer><Security UserID='S-1-5-18'/></System><EventData><Data Name='RuleName'></Data><Data Name='UtcTime'>2019-07-24 17:57:10.161</Data><Data Name='ProcessGuid'>{87E8D3BD-9BF5-5D38-0000-0010D8ED0E00}</Data><Data Name='ProcessId'>588</Data><Data Name='Image'>C:\Program Files (x86)\GUM6D35.tmp\GoogleUpdate.exe</Data><Data Name='TargetFilename'>C:\Program Files (x86)\Google\Update\1.3.34.11\goopdateres_fi.dll</Data><Data Name='CreationUtcTime'>2019-07-24 17:57:10.161</Data></EventData></Event>
<Event xmlns='http://schemas.microsoft.com/win/2004/08/events/event'><System><Provider Name='Microsoft-Windows-Sysmon' Guid='{5770385F-C22A-43E0-BF4C-06F5698FFBD9}'/><EventID>11</EventID><Version>2</Version><Level>4</Level><Task>11</Task><Opcode>0</Opcode><Keywords>0x8000000000000000</Keywords><TimeCreated SystemTime='2019-07-24T17:57:10.179059800Z'/><EventRecordID>236</EventRecordID><Correlation/><Execution ProcessID='3324' ThreadID='3220'/><Channel>Microsoft-Windows-Sysmon/Operational</Channel><Computer>DESKTOP-FVSHABR</Computer><Security UserID='S-1-5-18'/></System><EventData><Data Name='RuleName'></Data><Data Name='UtcTime'>2019-07-24 17:57:10.177</Data><Data Name='ProcessGuid'>{87E8D3BD-9BF5-5D38-0000-0010D8ED0E00}</Data><Data Name='ProcessId'>588</Data><Data Name='Image'>C:\Program Files (x86)\GUM6D35.tmp\GoogleUpdate.exe</Data><Data Name='TargetFilename'>C:\Program Files (x86)\Google\Update\1.3.34.11\goopdateres_fil.dll</Data><Data Name='CreationUtcTime'>2019-07-24 17:57:10.161</Data></EventData></Event>
<Event xmlns='http://schemas.microsoft.com/win/2004/08/events/event'><System><Provider Name='Microsoft-Windows-Sysmon' Guid='{5770385F-C22A-43E0-BF4C-06F5698FFBD9}'/><EventID>11</EventID><Version>2</Version><Level>4</Level><Task>11</Task><Opcode>0</Opcode><Keywords>0x8000000000000000</Keywords><TimeCreated SystemTime='2019-07-24T17:57:10.186863900Z'/><EventRecordID>237</EventRecordID><Correlation/><Execution ProcessID='3324' ThreadID='3220'/><Channel>Microsoft-Windows-Sysmon/Operational</Channel><Computer>DESKTOP-FVSHABR</Computer><Security UserID='S-1-5-18'/></System><EventData><Data Name='RuleName'></Data><Data Name='UtcTime'>2019-07-24 17:57:10.177</Data><Data Name='ProcessGuid'>{87E8D3BD-9BF5-5D38-0000-0010D8ED0E00}</Data><Data Name='ProcessId'>588</Data><Data Name='Image'>C:\Program Files (x86)\GUM6D35.tmp\GoogleUpdate.exe</Data><Data Name='TargetFilename'>C:\Program Files (x86)\Google\Update\1.3.34.11\goopdateres_fr.dll</Data><Data Name='CreationUtcTime'>2019-07-24 17:57:10.177</Data></EventData></Event>
<Event xmlns='http://schemas.microsoft.com/win/2004/08/events/event'><System><Provider Name='Microsoft-Windows-Sysmon' Guid='{5770385F-C22A-43E0-BF4C-06F5698FFBD9}'/><EventID>11</EventID><Version>2</Version><Level>4</Level><Task>11</Task><Opcode>0</Opcode><Keywords>0x8000000000000000</Keywords><TimeCreated SystemTime='2019-07-24T17:57:10.198270000Z'/><EventRecordID>238</EventRecordID><Correlation/><Execution ProcessID='3324' ThreadID='3220'/><Channel>Microsoft-Windows-Sysmon/Operational</Channel><Computer>DESKTOP-FVSHABR</Computer><Security UserID='S-1-5-18'/></System><EventData><Data Name='RuleName'></Data><Data Name='UtcTime'>2019-07-24 17:57:10.192</Data><Data Name='ProcessGuid'>{87E8D3BD-9BF5-5D38-0000-0010D8ED0E00}</Data><Data Name='ProcessId'>588</Data><Data Name='Image'>C:\Program Files (x86)\GUM6D35.tmp\GoogleUpdate.exe</Data><Data Name='TargetFilename'>C:\Program Files (x86)\Google\Update\1.3.34.11\goopdateres_gu.dll</Data><Data Name='CreationUtcTime'>2019-07-24 17:57:10.192</Data></EventData></Event>
<Event xmlns='http://schemas.microsoft.com/win/2004/08/events/event'><System><Provider Name='Microsoft-Windows-Sysmon' Guid='{5770385F-C22A-43E0-BF4C-06F5698FFBD9}'/><EventID>11</EventID><Version>2</Version><Level>4</Level><Task>11</Task><Opcode>0</Opcode><Keywords>0x8000000000000000</Keywords><TimeCreated SystemTime='2019-07-24T17:57:10.212020600Z'/><EventRecordID>239</EventRecordID><Correlation/><Execution ProcessID='3324' ThreadID='3220'/><Channel>Microsoft-Windows-Sysmon/Operational</Channel><Computer>DESKTOP-FVSHABR</Computer><Security UserID='S-1-5-18'/></System><EventData><Data Name='RuleName'></Data><Data Name='UtcTime'>2019-07-24 17:57:10.207</Data><Data Name='ProcessGuid'>{87E8D3BD-9BF5-5D38-0000-0010D8ED0E00}</Data><Data Name='ProcessId'>588</Data><Data Name='Image'>C:\Program Files (x86)\GUM6D35.tmp\GoogleUpdate.exe</Data><Data Name='TargetFilename'>C:\Program Files (x86)\Google\Update\1.3.34.11\goopdateres_hi.dll</Data><Data Name='CreationUtcTime'>2019-07-24 17:57:10.207</Data></EventData></Event>
<Event xmlns='http://schemas.microsoft.com/win/2004/08/events/event'><System><Provider Name='Microsoft-Windows-Sysmon' Guid='{5770385F-C22A-43E0-BF4C-06F5698FFBD9}'/><EventID>11</EventID><Version>2</Version><Level>4</Level><Task>11</Task><Opcode>0</Opcode><Keywords>0x8000000000000000</Keywords><TimeCreated SystemTime='2019-07-24T17:57:10.231461100Z'/><EventRecordID>240</EventRecordID><Correlation/><Execution ProcessID='3324' ThreadID='3220'/><Channel>Microsoft-Windows-Sysmon/Operational</Channel><Computer>DESKTOP-FVSHABR</Computer><Security UserID='S-1-5-18'/></System><EventData><Data Name='RuleName'></Data><Data Name='UtcTime'>2019-07-24 17:57:10.223</Data><Data Name='ProcessGuid'>{87E8D3BD-9BF5-5D38-0000-0010D8ED0E00}</Data><Data Name='ProcessId'>588</Data><Data Name='Image'>C:\Program Files (x86)\GUM6D35.tmp\GoogleUpdate.exe</Data><Data Name='TargetFilename'>C:\Program Files (x86)\Google\Update\1.3.34.11\goopdateres_hr.dll</Data><Data Name='CreationUtcTime'>2019-07-24 17:57:10.223</Data></EventData></Event>
<Event xmlns='http://schemas.microsoft.com/win/2004/08/events/event'><System><Provider Name='Microsoft-Windows-Sysmon' Guid='{5770385F-C22A-43E0-BF4C-06F5698FFBD9}'/><EventID>11</EventID><Version>2</Version><Level>4</Level><Task>11</Task><Opcode>0</Opcode><Keywords>0x8000000000000000</Keywords><TimeCreated SystemTime='2019-07-24T17:57:10.240328800Z'/><EventRecordID>241</EventRecordID><Correlation/><Execution ProcessID='3324' ThreadID='3220'/><Channel>Microsoft-Windows-Sysmon/Operational</Channel><Computer>DESKTOP-FVSHABR</Computer><Security UserID='S-1-5-18'/></System><EventData><Data Name='RuleName'></Data><Data Name='UtcTime'>2019-07-24 17:57:10.239</Data><Data Name='ProcessGuid'>{87E8D3BD-9BF5-5D38-0000-0010D8ED0E00}</Data><Data Name='ProcessId'>588</Data><Data Name='Image'>C:\Program Files (x86)\GUM6D35.tmp\GoogleUpdate.exe</Data><Data Name='TargetFilename'>C:\Program Files (x86)\Google\Update\1.3.34.11\goopdateres_hu.dll</Data><Data Name='CreationUtcTime'>2019-07-24 17:57:10.223</Data></EventData></Event>
<Event xmlns='http://schemas.microsoft.com/win/2004/08/events/event'><System><Provider Name='Microsoft-Windows-Sysmon' Guid='{5770385F-C22A-43E0-BF4C-06F5698FFBD9}'/><EventID>11</EventID><Version>2</Version><Level>4</Level><Task>11</Task><Opcode>0</Opcode><Keywords>0x8000000000000000</Keywords><TimeCreated SystemTime='2019-07-24T17:57:10.249258400Z'/><EventRecordID>242</EventRecordID><Correlation/><Execution ProcessID='3324' ThreadID='3220'/><Channel>Microsoft-Windows-Sysmon/Operational</Channel><Computer>DESKTOP-FVSHABR</Computer><Security UserID='S-1-5-18'/></System><EventData><Data Name='RuleName'></Data><Data Name='UtcTime'>2019-07-24 17:57:10.239</Data><Data Name='ProcessGuid'>{87E8D3BD-9BF5-5D38-0000-0010D8ED0E00}</Data><Data Name='ProcessId'>588</Data><Data Name='Image'>C:\Program Files (x86)\GUM6D35.tmp\GoogleUpdate.exe</Data><Data Name='TargetFilename'>C:\Program Files (x86)\Google\Update\1.3.34.11\goopdateres_id.dll</Data><Data Name='CreationUtcTime'>2019-07-24 17:57:10.239</Data></EventData></Event>
<Event xmlns='http://schemas.microsoft.com/win/2004/08/events/event'><System><Provider Name='Microsoft-Windows-Sysmon' Guid='{5770385F-C22A-43E0-BF4C-06F5698FFBD9}'/><EventID>11</EventID><Version>2</Version><Level>4</Level><Task>11</Task><Opcode>0</Opcode><Keywords>0x8000000000000000</Keywords><TimeCreated SystemTime='2019-07-24T17:57:10.260438100Z'/><EventRecordID>243</EventRecordID><Correlation/><Execution ProcessID='3324' ThreadID='3220'/><Channel>Microsoft-Windows-Sysmon/Operational</Channel><Computer>DESKTOP-FVSHABR</Computer><Security UserID='S-1-5-18'/></System><EventData><Data Name='RuleName'></Data><Data Name='UtcTime'>2019-07-24 17:57:10.255</Data><Data Name='ProcessGuid'>{87E8D3BD-9BF5-5D38-0000-0010D8ED0E00}</Data><Data Name='ProcessId'>588</Data><Data Name='Image'>C:\Program Files (x86)\GUM6D35.tmp\GoogleUpdate.exe</Data><Data Name='TargetFilename'>C:\Program Files (x86)\Google\Update\1.3.34.11\goopdateres_is.dll</Data><Data Name='CreationUtcTime'>2019-07-24 17:57:10.255</Data></EventData></Event>
<Event xmlns='http://schemas.microsoft.com/win/2004/08/events/event'><System><Provider Name='Microsoft-Windows-Sysmon' Guid='{5770385F-C22A-43E0-BF4C-06F5698FFBD9}'/><EventID>11</EventID><Version>2</Version><Level>4</Level><Task>11</Task><Opcode>0</Opcode><Keywords>0x8000000000000000</Keywords><TimeCreated SystemTime='2019-07-24T17:57:10.273003300Z'/><EventRecordID>244</EventRecordID><Correlation/><Execution ProcessID='3324' ThreadID='3220'/><Channel>Microsoft-Windows-Sysmon/Operational</Channel><Computer>DESKTOP-FVSHABR</Computer><Security UserID='S-1-5-18'/></System><EventData><Data Name='RuleName'></Data><Data Name='UtcTime'>2019-07-24 17:57:10.271</Data><Data Name='ProcessGuid'>{87E8D3BD-9BF5-5D38-0000-0010D8ED0E00}</Data><Data Name='ProcessId'>588</Data><Data Name='Image'>C:\Program Files (x86)\GUM6D35.tmp\GoogleUpdate.exe</Data><Data Name='TargetFilename'>C:\Program Files (x86)\Google\Update\1.3.34.11\goopdateres_it.dll</Data><Data Name='CreationUtcTime'>2019-07-24 17:57:10.271</Data></EventData></Event>
<Event xmlns='http://schemas.microsoft.com/win/2004/08/events/event'><System><Provider Name='Microsoft-Windows-Sysmon' Guid='{5770385F-C22A-43E0-BF4C-06F5698FFBD9}'/><EventID>11</EventID><Version>2</Version><Level>4</Level><Task>11</Task><Opcode>0</Opcode><Keywords>0x8000000000000000</Keywords><TimeCreated SystemTime='2019-07-24T17:57:10.281752400Z'/><EventRecordID>245</EventRecordID><Correlation/><Execution ProcessID='3324' ThreadID='3220'/><Channel>Microsoft-Windows-Sysmon/Operational</Channel><Computer>DESKTOP-FVSHABR</Computer><Security UserID='S-1-5-18'/></System><EventData><Data Name='RuleName'></Data><Data Name='UtcTime'>2019-07-24 17:57:10.271</Data><Data Name='ProcessGuid'>{87E8D3BD-9BF5-5D38-0000-0010D8ED0E00}</Data><Data Name='ProcessId'>588</Data><Data Name='Image'>C:\Program Files (x86)\GUM6D35.tmp\GoogleUpdate.exe</Data><Data Name='TargetFilename'>C:\Program Files (x86)\Google\Update\1.3.34.11\goopdateres_iw.dll</Data><Data Name='CreationUtcTime'>2019-07-24 17:57:10.271</Data></EventData></Event>
<Event xmlns='http://schemas.microsoft.com/win/2004/08/events/event'><System><Provider Name='Microsoft-Windows-Sysmon' Guid='{5770385F-C22A-43E0-BF4C-06F5698FFBD9}'/><EventID>11</EventID><Version>2</Version><Level>4</Level><Task>11</Task><Opcode>0</Opcode><Keywords>0x8000000000000000</Keywords><TimeCreated SystemTime='2019-07-24T17:57:10.293814400Z'/><EventRecordID>246</EventRecordID><Correlation/><Execution ProcessID='3324' ThreadID='3220'/><Channel>Microsoft-Windows-Sysmon/Operational</Channel><Computer>DESKTOP-FVSHABR</Computer><Security UserID='S-1-5-18'/></System><EventData><Data Name='RuleName'></Data><Data Name='UtcTime'>2019-07-24 17:57:10.286</Data><Data Name='ProcessGuid'>{87E8D3BD-9BF5-5D38-0000-0010D8ED0E00}</Data><Data Name='ProcessId'>588</Data><Data Name='Image'>C:\Program Files (x86)\GUM6D35.tmp\GoogleUpdate.exe</Data><Data Name='TargetFilename'>C:\Program Files (x86)\Google\Update\1.3.34.11\goopdateres_ja.dll</Data><Data Name='CreationUtcTime'>2019-07-24 17:57:10.286</Data></EventData></Event>
<Event xmlns='http://schemas.microsoft.com/win/2004/08/events/event'><System><Provider Name='Microsoft-Windows-Sysmon' Guid='{5770385F-C22A-43E0-BF4C-06F5698FFBD9}'/><EventID>11</EventID><Version>2</Version><Level>4</Level><Task>11</Task><Opcode>0</Opcode><Keywords>0x8000000000000000</Keywords><TimeCreated SystemTime='2019-07-24T17:57:10.308667700Z'/><EventRecordID>247</EventRecordID><Correlation/><Execution ProcessID='3324' ThreadID='3220'/><Channel>Microsoft-Windows-Sysmon/Operational</Channel><Computer>DESKTOP-FVSHABR</Computer><Security UserID='S-1-5-18'/></System><EventData><Data Name='RuleName'></Data><Data Name='UtcTime'>2019-07-24 17:57:10.301</Data><Data Name='ProcessGuid'>{87E8D3BD-9BF5-5D38-0000-0010D8ED0E00}</Data><Data Name='ProcessId'>588</Data><Data Name='Image'>C:\Program Files (x86)\GUM6D35.tmp\GoogleUpdate.exe</Data><Data Name='TargetFilename'>C:\Program Files (x86)\Google\Update\1.3.34.11\goopdateres_kn.dll</Data><Data Name='CreationUtcTime'>2019-07-24 17:57:10.301</Data></EventData></Event>
<Event xmlns='http://schemas.microsoft.com/win/2004/08/events/event'><System><Provider Name='Microsoft-Windows-Sysmon' Guid='{5770385F-C22A-43E0-BF4C-06F5698FFBD9}'/><EventID>11</EventID><Version>2</Version><Level>4</Level><Task>11</Task><Opcode>0</Opcode><Keywords>0x8000000000000000</Keywords><TimeCreated SystemTime='2019-07-24T17:57:10.317587500Z'/><EventRecordID>248</EventRecordID><Correlation/><Execution ProcessID='3324' ThreadID='3220'/><Channel>Microsoft-Windows-Sysmon/Operational</Channel><Computer>DESKTOP-FVSHABR</Computer><Security UserID='S-1-5-18'/></System><EventData><Data Name='RuleName'></Data><Data Name='UtcTime'>2019-07-24 17:57:10.301</Data><Data Name='ProcessGuid'>{87E8D3BD-9BF5-5D38-0000-0010D8ED0E00}</Data><Data Name='ProcessId'>588</Data><Data Name='Image'>C:\Program Files (x86)\GUM6D35.tmp\GoogleUpdate.exe</Data><Data Name='TargetFilename'>C:\Program Files (x86)\Google\Update\1.3.34.11\goopdateres_ko.dll</Data><Data Name='CreationUtcTime'>2019-07-24 17:57:10.301</Data></EventData></Event>
<Event xmlns='http://schemas.microsoft.com/win/2004/08/events/event'><System><Provider Name='Microsoft-Windows-Sysmon' Guid='{5770385F-C22A-43E0-BF4C-06F5698FFBD9}'/><EventID>11</EventID><Version>2</Version><Level>4</Level><Task>11</Task><Opcode>0</Opcode><Keywords>0x8000000000000000</Keywords><TimeCreated SystemTime='2019-07-24T17:57:10.329071500Z'/><EventRecordID>249</EventRecordID><Correlation/><Execution ProcessID='3324' ThreadID='3220'/><Channel>Microsoft-Windows-Sysmon/Operational</Channel><Computer>DESKTOP-FVSHABR</Computer><Security UserID='S-1-5-18'/></System><EventData><Data Name='RuleName'></Data><Data Name='UtcTime'>2019-07-24 17:57:10.317</Data><Data Name='ProcessGuid'>{87E8D3BD-9BF5-5D38-0000-0010D8ED0E00}</Data><Data Name='ProcessId'>588</Data><Data Name='Image'>C:\Program Files (x86)\GUM6D35.tmp\GoogleUpdate.exe</Data><Data Name='TargetFilename'>C:\Program Files (x86)\Google\Update\1.3.34.11\goopdateres_lt.dll</Data><Data Name='CreationUtcTime'>2019-07-24 17:57:10.317</Data></EventData></Event>
<Event xmlns='http://schemas.microsoft.com/win/2004/08/events/event'><System><Provider Name='Microsoft-Windows-Sysmon' Guid='{5770385F-C22A-43E0-BF4C-06F5698FFBD9}'/><EventID>11</EventID><Version>2</Version><Level>4</Level><Task>11</Task><Opcode>0</Opcode><Keywords>0x8000000000000000</Keywords><TimeCreated SystemTime='2019-07-24T17:57:10.341577800Z'/><EventRecordID>250</EventRecordID><Correlation/><Execution ProcessID='3324' ThreadID='3220'/><Channel>Microsoft-Windows-Sysmon/Operational</Channel><Computer>DESKTOP-FVSHABR</Computer><Security UserID='S-1-5-18'/></System><EventData><Data Name='RuleName'></Data><Data Name='UtcTime'>2019-07-24 17:57:10.333</Data><Data Name='ProcessGuid'>{87E8D3BD-9BF5-5D38-0000-0010D8ED0E00}</Data><Data Name='ProcessId'>588</Data><Data Name='Image'>C:\Program Files (x86)\GUM6D35.tmp\GoogleUpdate.exe</Data><Data Name='TargetFilename'>C:\Program Files (x86)\Google\Update\1.3.34.11\goopdateres_lv.dll</Data><Data Name='CreationUtcTime'>2019-07-24 17:57:10.333</Data></EventData></Event>
<Event xmlns='http://schemas.microsoft.com/win/2004/08/events/event'><System><Provider Name='Microsoft-Windows-Sysmon' Guid='{5770385F-C22A-43E0-BF4C-06F5698FFBD9}'/><EventID>11</EventID><Version>2</Version><Level>4</Level><Task>11</Task><Opcode>0</Opcode><Keywords>0x8000000000000000</Keywords><TimeCreated SystemTime='2019-07-24T17:57:10.353293100Z'/><EventRecordID>251</EventRecordID><Correlation/><Execution ProcessID='3324' ThreadID='3220'/><Channel>Microsoft-Windows-Sysmon/Operational</Channel><Computer>DESKTOP-FVSHABR</Computer><Security UserID='S-1-5-18'/></System><EventData><Data Name='RuleName'></Data><Data Name='UtcTime'>2019-07-24 17:57:10.349</Data><Data Name='ProcessGuid'>{87E8D3BD-9BF5-5D38-0000-0010D8ED0E00}</Data><Data Name='ProcessId'>588</Data><Data Name='Image'>C:\Program Files (x86)\GUM6D35.tmp\GoogleUpdate.exe</Data><Data Name='TargetFilename'>C:\Program Files (x86)\Google\Update\1.3.34.11\goopdateres_ml.dll</Data><Data Name='CreationUtcTime'>2019-07-24 17:57:10.349</Data></EventData></Event>
<Event xmlns='http://schemas.microsoft.com/win/2004/08/events/event'><System><Provider Name='Microsoft-Windows-Sysmon' Guid='{5770385F-C22A-43E0-BF4C-06F5698FFBD9}'/><EventID>11</EventID><Version>2</Version><Level>4</Level><Task>11</Task><Opcode>0</Opcode><Keywords>0x8000000000000000</Keywords><TimeCreated SystemTime='2019-07-24T17:57:10.366759900Z'/><EventRecordID>252</EventRecordID><Correlation/><Execution ProcessID='3324' ThreadID='3220'/><Channel>Microsoft-Windows-Sysmon/Operational</Channel><Computer>DESKTOP-FVSHABR</Computer><Security UserID='S-1-5-18'/></System><EventData><Data Name='RuleName'></Data><Data Name='UtcTime'>2019-07-24 17:57:10.364</Data><Data Name='ProcessGuid'>{87E8D3BD-9BF5-5D38-0000-0010D8ED0E00}</Data><Data Name='ProcessId'>588</Data><Data Name='Image'>C:\Program Files (x86)\GUM6D35.tmp\GoogleUpdate.exe</Data><Data Name='TargetFilename'>C:\Program Files (x86)\Google\Update\1.3.34.11\goopdateres_mr.dll</Data><Data Name='CreationUtcTime'>2019-07-24 17:57:10.364</Data></EventData></Event>
<Event xmlns='http://schemas.microsoft.com/win/2004/08/events/event'><System><Provider Name='Microsoft-Windows-Sysmon' Guid='{5770385F-C22A-43E0-BF4C-06F5698FFBD9}'/><EventID>11</EventID><Version>2</Version><Level>4</Level><Task>11</Task><Opcode>0</Opcode><Keywords>0x8000000000000000</Keywords><TimeCreated SystemTime='2019-07-24T17:57:10.383454900Z'/><EventRecordID>253</EventRecordID><Correlation/><Execution ProcessID='3324' ThreadID='3220'/><Channel>Microsoft-Windows-Sysmon/Operational</Channel><Computer>DESKTOP-FVSHABR</Computer><Security UserID='S-1-5-18'/></System><EventData><Data Name='RuleName'></Data><Data Name='UtcTime'>2019-07-24 17:57:10.364</Data><Data Name='ProcessGuid'>{87E8D3BD-9BF5-5D38-0000-0010D8ED0E00}</Data><Data Name='ProcessId'>588</Data><Data Name='Image'>C:\Program Files (x86)\GUM6D35.tmp\GoogleUpdate.exe</Data><Data Name='TargetFilename'>C:\Program Files (x86)\Google\Update\1.3.34.11\goopdateres_ms.dll</Data><Data Name='CreationUtcTime'>2019-07-24 17:57:10.364</Data></EventData></Event>
<Event xmlns='http://schemas.microsoft.com/win/2004/08/events/event'><System><Provider Name='Microsoft-Windows-Sysmon' Guid='{5770385F-C22A-43E0-BF4C-06F5698FFBD9}'/><EventID>11</EventID><Version>2</Version><Level>4</Level><Task>11</Task><Opcode>0</Opcode><Keywords>0x8000000000000000</Keywords><TimeCreated SystemTime='2019-07-24T17:57:10.398044900Z'/><EventRecordID>254</EventRecordID><Correlation/><Execution ProcessID='3324' ThreadID='3220'/><Channel>Microsoft-Windows-Sysmon/Operational</Channel><Computer>DESKTOP-FVSHABR</Computer><Security UserID='S-1-5-18'/></System><EventData><Data Name='RuleName'></Data><Data Name='UtcTime'>2019-07-24 17:57:10.395</Data><Data Name='ProcessGuid'>{87E8D3BD-9BF5-5D38-0000-0010D8ED0E00}</Data><Data Name='ProcessId'>588</Data><Data Name='Image'>C:\Program Files (x86)\GUM6D35.tmp\GoogleUpdate.exe</Data><Data Name='TargetFilename'>C:\Program Files (x86)\Google\Update\1.3.34.11\goopdateres_nl.dll</Data><Data Name='CreationUtcTime'>2019-07-24 17:57:10.379</Data></EventData></Event>
<Event xmlns='http://schemas.microsoft.com/win/2004/08/events/event'><System><Provider Name='Microsoft-Windows-Sysmon' Guid='{5770385F-C22A-43E0-BF4C-06F5698FFBD9}'/><EventID>11</EventID><Version>2</Version><Level>4</Level><Task>11</Task><Opcode>0</Opcode><Keywords>0x8000000000000000</Keywords><TimeCreated SystemTime='2019-07-24T17:57:10.415049100Z'/><EventRecordID>255</EventRecordID><Correlation/><Execution ProcessID='3324' ThreadID='3220'/><Channel>Microsoft-Windows-Sysmon/Operational</Channel><Computer>DESKTOP-FVSHABR</Computer><Security UserID='S-1-5-18'/></System><EventData><Data Name='RuleName'></Data><Data Name='UtcTime'>2019-07-24 17:57:10.411</Data><Data Name='ProcessGuid'>{87E8D3BD-9BF5-5D38-0000-0010D8ED0E00}</Data><Data Name='ProcessId'>588</Data><Data Name='Image'>C:\Program Files (x86)\GUM6D35.tmp\GoogleUpdate.exe</Data><Data Name='TargetFilename'>C:\Program Files (x86)\Google\Update\1.3.34.11\goopdateres_no.dll</Data><Data Name='CreationUtcTime'>2019-07-24 17:57:10.411</Data></EventData></Event>
<Event xmlns='http://schemas.microsoft.com/win/2004/08/events/event'><System><Provider Name='Microsoft-Windows-Sysmon' Guid='{5770385F-C22A-43E0-BF4C-06F5698FFBD9}'/><EventID>11</EventID><Version>2</Version><Level>4</Level><Task>11</Task><Opcode>0</Opcode><Keywords>0x8000000000000000</Keywords><TimeCreated SystemTime='2019-07-24T17:57:10.435202200Z'/><EventRecordID>256</EventRecordID><Correlation/><Execution ProcessID='3324' ThreadID='3220'/><Channel>Microsoft-Windows-Sysmon/Operational</Channel><Computer>DESKTOP-FVSHABR</Computer><Security UserID='S-1-5-18'/></System><EventData><Data Name='RuleName'></Data><Data Name='UtcTime'>2019-07-24 17:57:10.427</Data><Data Name='ProcessGuid'>{87E8D3BD-9BF5-5D38-0000-0010D8ED0E00}</Data><Data Name='ProcessId'>588</Data><Data Name='Image'>C:\Program Files (x86)\GUM6D35.tmp\GoogleUpdate.exe</Data><Data Name='TargetFilename'>C:\Program Files (x86)\Google\Update\1.3.34.11\goopdateres_pl.dll</Data><Data Name='CreationUtcTime'>2019-07-24 17:57:10.427</Data></EventData></Event>
<Event xmlns='http://schemas.microsoft.com/win/2004/08/events/event'><System><Provider Name='Microsoft-Windows-Sysmon' Guid='{5770385F-C22A-43E0-BF4C-06F5698FFBD9}'/><EventID>11</EventID><Version>2</Version><Level>4</Level><Task>11</Task><Opcode>0</Opcode><Keywords>0x8000000000000000</Keywords><TimeCreated SystemTime='2019-07-24T17:57:10.441828900Z'/><EventRecordID>257</EventRecordID><Correlation/><Execution ProcessID='3324' ThreadID='3220'/><Channel>Microsoft-Windows-Sysmon/Operational</Channel><Computer>DESKTOP-FVSHABR</Computer><Security UserID='S-1-5-18'/></System><EventData><Data Name='RuleName'></Data><Data Name='UtcTime'>2019-07-24 17:57:10.427</Data><Data Name='ProcessGuid'>{87E8D3BD-9BF5-5D38-0000-0010D8ED0E00}</Data><Data Name='ProcessId'>588</Data><Data Name='Image'>C:\Program Files (x86)\GUM6D35.tmp\GoogleUpdate.exe</Data><Data Name='TargetFilename'>C:\Program Files (x86)\Google\Update\1.3.34.11\goopdateres_pt-BR.dll</Data><Data Name='CreationUtcTime'>2019-07-24 17:57:10.427</Data></EventData></Event>
<Event xmlns='http://schemas.microsoft.com/win/2004/08/events/event'><System><Provider Name='Microsoft-Windows-Sysmon' Guid='{5770385F-C22A-43E0-BF4C-06F5698FFBD9}'/><EventID>11</EventID><Version>2</Version><Level>4</Level><Task>11</Task><Opcode>0</Opcode><Keywords>0x8000000000000000</Keywords><TimeCreated SystemTime='2019-07-24T17:57:10.452961700Z'/><EventRecordID>258</EventRecordID><Correlation/><Execution ProcessID='3324' ThreadID='3220'/><Channel>Microsoft-Windows-Sysmon/Operational</Channel><Computer>DESKTOP-FVSHABR</Computer><Security UserID='S-1-5-18'/></System><EventData><Data Name='RuleName'></Data><Data Name='UtcTime'>2019-07-24 17:57:10.442</Data><Data Name='ProcessGuid'>{87E8D3BD-9BF5-5D38-0000-0010D8ED0E00}</Data><Data Name='ProcessId'>588</Data><Data Name='Image'>C:\Program Files (x86)\GUM6D35.tmp\GoogleUpdate.exe</Data><Data Name='TargetFilename'>C:\Program Files (x86)\Google\Update\1.3.34.11\goopdateres_pt-PT.dll</Data><Data Name='CreationUtcTime'>2019-07-24 17:57:10.442</Data></EventData></Event>
<Event xmlns='http://schemas.microsoft.com/win/2004/08/events/event'><System><Provider Name='Microsoft-Windows-Sysmon' Guid='{5770385F-C22A-43E0-BF4C-06F5698FFBD9}'/><EventID>11</EventID><Version>2</Version><Level>4</Level><Task>11</Task><Opcode>0</Opcode><Keywords>0x8000000000000000</Keywords><TimeCreated SystemTime='2019-07-24T17:57:10.465885200Z'/><EventRecordID>259</EventRecordID><Correlation/><Execution ProcessID='3324' ThreadID='3220'/><Channel>Microsoft-Windows-Sysmon/Operational</Channel><Computer>DESKTOP-FVSHABR</Computer><Security UserID='S-1-5-18'/></System><EventData><Data Name='RuleName'></Data><Data Name='UtcTime'>2019-07-24 17:57:10.457</Data><Data Name='ProcessGuid'>{87E8D3BD-9BF5-5D38-0000-0010D8ED0E00}</Data><Data Name='ProcessId'>588</Data><Data Name='Image'>C:\Program Files (x86)\GUM6D35.tmp\GoogleUpdate.exe</Data><Data Name='TargetFilename'>C:\Program Files (x86)\Google\Update\1.3.34.11\goopdateres_ro.dll</Data><Data Name='CreationUtcTime'>2019-07-24 17:57:10.457</Data></EventData></Event>
<Event xmlns='http://schemas.microsoft.com/win/2004/08/events/event'><System><Provider Name='Microsoft-Windows-Sysmon' Guid='{5770385F-C22A-43E0-BF4C-06F5698FFBD9}'/><EventID>11</EventID><Version>2</Version><Level>4</Level><Task>11</Task><Opcode>0</Opcode><Keywords>0x8000000000000000</Keywords><TimeCreated SystemTime='2019-07-24T17:57:10.479178800Z'/><EventRecordID>260</EventRecordID><Correlation/><Execution ProcessID='3324' ThreadID='3220'/><Channel>Microsoft-Windows-Sysmon/Operational</Channel><Computer>DESKTOP-FVSHABR</Computer><Security UserID='S-1-5-18'/></System><EventData><Data Name='RuleName'></Data><Data Name='UtcTime'>2019-07-24 17:57:10.473</Data><Data Name='ProcessGuid'>{87E8D3BD-9BF5-5D38-0000-0010D8ED0E00}</Data><Data Name='ProcessId'>588</Data><Data Name='Image'>C:\Program Files (x86)\GUM6D35.tmp\GoogleUpdate.exe</Data><Data Name='TargetFilename'>C:\Program Files (x86)\Google\Update\1.3.34.11\goopdateres_ru.dll</Data><Data Name='CreationUtcTime'>2019-07-24 17:57:10.473</Data></EventData></Event>
<Event xmlns='http://schemas.microsoft.com/win/2004/08/events/event'><System><Provider Name='Microsoft-Windows-Sysmon' Guid='{5770385F-C22A-43E0-BF4C-06F5698FFBD9}'/><EventID>11</EventID><Version>2</Version><Level>4</Level><Task>11</Task><Opcode>0</Opcode><Keywords>0x8000000000000000</Keywords><TimeCreated SystemTime='2019-07-24T17:57:10.488614500Z'/><EventRecordID>261</EventRecordID><Correlation/><Execution ProcessID='3324' ThreadID='3220'/><Channel>Microsoft-Windows-Sysmon/Operational</Channel><Computer>DESKTOP-FVSHABR</Computer><Security UserID='S-1-5-18'/></System><EventData><Data Name='RuleName'></Data><Data Name='UtcTime'>2019-07-24 17:57:10.473</Data><Data Name='ProcessGuid'>{87E8D3BD-9BF5-5D38-0000-0010D8ED0E00}</Data><Data Name='ProcessId'>588</Data><Data Name='Image'>C:\Program Files (x86)\GUM6D35.tmp\GoogleUpdate.exe</Data><Data Name='TargetFilename'>C:\Program Files (x86)\Google\Update\1.3.34.11\goopdateres_sk.dll</Data><Data Name='CreationUtcTime'>2019-07-24 17:57:10.473</Data></EventData></Event>
<Event xmlns='http://schemas.microsoft.com/win/2004/08/events/event'><System><Provider Name='Microsoft-Windows-Sysmon' Guid='{5770385F-C22A-43E0-BF4C-06F5698FFBD9}'/><EventID>11</EventID><Version>2</Version><Level>4</Level><Task>11</Task><Opcode>0</Opcode><Keywords>0x8000000000000000</Keywords><TimeCreated SystemTime='2019-07-24T17:57:10.501199100Z'/><EventRecordID>262</EventRecordID><Correlation/><Execution ProcessID='3324' ThreadID='3220'/><Channel>Microsoft-Windows-Sysmon/Operational</Channel><Computer>DESKTOP-FVSHABR</Computer><Security UserID='S-1-5-18'/></System><EventData><Data Name='RuleName'></Data><Data Name='UtcTime'>2019-07-24 17:57:10.489</Data><Data Name='ProcessGuid'>{87E8D3BD-9BF5-5D38-0000-0010D8ED0E00}</Data><Data Name='ProcessId'>588</Data><Data Name='Image'>C:\Program Files (x86)\GUM6D35.tmp\GoogleUpdate.exe</Data><Data Name='TargetFilename'>C:\Program Files (x86)\Google\Update\1.3.34.11\goopdateres_sl.dll</Data><Data Name='CreationUtcTime'>2019-07-24 17:57:10.489</Data></EventData></Event>
<Event xmlns='http://schemas.microsoft.com/win/2004/08/events/event'><System><Provider Name='Microsoft-Windows-Sysmon' Guid='{5770385F-C22A-43E0-BF4C-06F5698FFBD9}'/><EventID>11</EventID><Version>2</Version><Level>4</Level><Task>11</Task><Opcode>0</Opcode><Keywords>0x8000000000000000</Keywords><TimeCreated SystemTime='2019-07-24T17:57:10.510549100Z'/><EventRecordID>263</EventRecordID><Correlation/><Execution ProcessID='3324' ThreadID='3220'/><Channel>Microsoft-Windows-Sysmon/Operational</Channel><Computer>DESKTOP-FVSHABR</Computer><Security UserID='S-1-5-18'/></System><EventData><Data Name='RuleName'></Data><Data Name='UtcTime'>2019-07-24 17:57:10.505</Data><Data Name='ProcessGuid'>{87E8D3BD-9BF5-5D38-0000-0010D8ED0E00}</Data><Data Name='ProcessId'>588</Data><Data Name='Image'>C:\Program Files (x86)\GUM6D35.tmp\GoogleUpdate.exe</Data><Data Name='TargetFilename'>C:\Program Files (x86)\Google\Update\1.3.34.11\goopdateres_sr.dll</Data><Data Name='CreationUtcTime'>2019-07-24 17:57:10.505</Data></EventData></Event>
<Event xmlns='http://schemas.microsoft.com/win/2004/08/events/event'><System><Provider Name='Microsoft-Windows-Sysmon' Guid='{5770385F-C22A-43E0-BF4C-06F5698FFBD9}'/><EventID>11</EventID><Version>2</Version><Level>4</Level><Task>11</Task><Opcode>0</Opcode><Keywords>0x8000000000000000</Keywords><TimeCreated SystemTime='2019-07-24T17:57:10.518996000Z'/><EventRecordID>264</EventRecordID><Correlation/><Execution ProcessID='3324' ThreadID='3220'/><Channel>Microsoft-Windows-Sysmon/Operational</Channel><Computer>DESKTOP-FVSHABR</Computer><Security UserID='S-1-5-18'/></System><EventData><Data Name='RuleName'></Data><Data Name='UtcTime'>2019-07-24 17:57:10.505</Data><Data Name='ProcessGuid'>{87E8D3BD-9BF5-5D38-0000-0010D8ED0E00}</Data><Data Name='ProcessId'>588</Data><Data Name='Image'>C:\Program Files (x86)\GUM6D35.tmp\GoogleUpdate.exe</Data><Data Name='TargetFilename'>C:\Program Files (x86)\Google\Update\1.3.34.11\goopdateres_sv.dll</Data><Data Name='CreationUtcTime'>2019-07-24 17:57:10.505</Data></EventData></Event>
<Event xmlns='http://schemas.microsoft.com/win/2004/08/events/event'><System><Provider Name='Microsoft-Windows-Sysmon' Guid='{5770385F-C22A-43E0-BF4C-06F5698FFBD9}'/><EventID>11</EventID><Version>2</Version><Level>4</Level><Task>11</Task><Opcode>0</Opcode><Keywords>0x8000000000000000</Keywords><TimeCreated SystemTime='2019-07-24T17:57:10.530694100Z'/><EventRecordID>265</EventRecordID><Correlation/><Execution ProcessID='3324' ThreadID='3220'/><Channel>Microsoft-Windows-Sysmon/Operational</Channel><Computer>DESKTOP-FVSHABR</Computer><Security UserID='S-1-5-18'/></System><EventData><Data Name='RuleName'></Data><Data Name='UtcTime'>2019-07-24 17:57:10.521</Data><Data Name='ProcessGuid'>{87E8D3BD-9BF5-5D38-0000-0010D8ED0E00}</Data><Data Name='ProcessId'>588</Data><Data Name='Image'>C:\Program Files (x86)\GUM6D35.tmp\GoogleUpdate.exe</Data><Data Name='TargetFilename'>C:\Program Files (x86)\Google\Update\1.3.34.11\goopdateres_sw.dll</Data><Data Name='CreationUtcTime'>2019-07-24 17:57:10.521</Data></EventData></Event>
<Event xmlns='http://schemas.microsoft.com/win/2004/08/events/event'><System><Provider Name='Microsoft-Windows-Sysmon' Guid='{5770385F-C22A-43E0-BF4C-06F5698FFBD9}'/><EventID>11</EventID><Version>2</Version><Level>4</Level><Task>11</Task><Opcode>0</Opcode><Keywords>0x8000000000000000</Keywords><TimeCreated SystemTime='2019-07-24T17:57:10.540934100Z'/><EventRecordID>266</EventRecordID><Correlation/><Execution ProcessID='3324' ThreadID='3220'/><Channel>Microsoft-Windows-Sysmon/Operational</Channel><Computer>DESKTOP-FVSHABR</Computer><Security UserID='S-1-5-18'/></System><EventData><Data Name='RuleName'></Data><Data Name='UtcTime'>2019-07-24 17:57:10.536</Data><Data Name='ProcessGuid'>{87E8D3BD-9BF5-5D38-0000-0010D8ED0E00}</Data><Data Name='ProcessId'>588</Data><Data Name='Image'>C:\Program Files (x86)\GUM6D35.tmp\GoogleUpdate.exe</Data><Data Name='TargetFilename'>C:\Program Files (x86)\Google\Update\1.3.34.11\goopdateres_ta.dll</Data><Data Name='CreationUtcTime'>2019-07-24 17:57:10.536</Data></EventData></Event>
<Event xmlns='http://schemas.microsoft.com/win/2004/08/events/event'><System><Provider Name='Microsoft-Windows-Sysmon' Guid='{5770385F-C22A-43E0-BF4C-06F5698FFBD9}'/><EventID>11</EventID><Version>2</Version><Level>4</Level><Task>11</Task><Opcode>0</Opcode><Keywords>0x8000000000000000</Keywords><TimeCreated SystemTime='2019-07-24T17:57:10.555746500Z'/><EventRecordID>267</EventRecordID><Correlation/><Execution ProcessID='3324' ThreadID='3220'/><Channel>Microsoft-Windows-Sysmon/Operational</Channel><Computer>DESKTOP-FVSHABR</Computer><Security UserID='S-1-5-18'/></System><EventData><Data Name='RuleName'></Data><Data Name='UtcTime'>2019-07-24 17:57:10.551</Data><Data Name='ProcessGuid'>{87E8D3BD-9BF5-5D38-0000-0010D8ED0E00}</Data><Data Name='ProcessId'>588</Data><Data Name='Image'>C:\Program Files (x86)\GUM6D35.tmp\GoogleUpdate.exe</Data><Data Name='TargetFilename'>C:\Program Files (x86)\Google\Update\1.3.34.11\goopdateres_te.dll</Data><Data Name='CreationUtcTime'>2019-07-24 17:57:10.551</Data></EventData></Event>
<Event xmlns='http://schemas.microsoft.com/win/2004/08/events/event'><System><Provider Name='Microsoft-Windows-Sysmon' Guid='{5770385F-C22A-43E0-BF4C-06F5698FFBD9}'/><EventID>11</EventID><Version>2</Version><Level>4</Level><Task>11</Task><Opcode>0</Opcode><Keywords>0x8000000000000000</Keywords><TimeCreated SystemTime='2019-07-24T17:57:10.565636400Z'/><EventRecordID>268</EventRecordID><Correlation/><Execution ProcessID='3324' ThreadID='3220'/><Channel>Microsoft-Windows-Sysmon/Operational</Channel><Computer>DESKTOP-FVSHABR</Computer><Security UserID='S-1-5-18'/></System><EventData><Data Name='RuleName'></Data><Data Name='UtcTime'>2019-07-24 17:57:10.551</Data><Data Name='ProcessGuid'>{87E8D3BD-9BF5-5D38-0000-0010D8ED0E00}</Data><Data Name='ProcessId'>588</Data><Data Name='Image'>C:\Program Files (x86)\GUM6D35.tmp\GoogleUpdate.exe</Data><Data Name='TargetFilename'>C:\Program Files (x86)\Google\Update\1.3.34.11\goopdateres_th.dll</Data><Data Name='CreationUtcTime'>2019-07-24 17:57:10.551</Data></EventData></Event>
<Event xmlns='http://schemas.microsoft.com/win/2004/08/events/event'><System><Provider Name='Microsoft-Windows-Sysmon' Guid='{5770385F-C22A-43E0-BF4C-06F5698FFBD9}'/><EventID>11</EventID><Version>2</Version><Level>4</Level><Task>11</Task><Opcode>0</Opcode><Keywords>0x8000000000000000</Keywords><TimeCreated SystemTime='2019-07-24T17:57:10.575946100Z'/><EventRecordID>269</EventRecordID><Correlation/><Execution ProcessID='3324' ThreadID='3220'/><Channel>Microsoft-Windows-Sysmon/Operational</Channel><Computer>DESKTOP-FVSHABR</Computer><Security UserID='S-1-5-18'/></System><EventData><Data Name='RuleName'></Data><Data Name='UtcTime'>2019-07-24 17:57:10.567</Data><Data Name='ProcessGuid'>{87E8D3BD-9BF5-5D38-0000-0010D8ED0E00}</Data><Data Name='ProcessId'>588</Data><Data Name='Image'>C:\Program Files (x86)\GUM6D35.tmp\GoogleUpdate.exe</Data><Data Name='TargetFilename'>C:\Program Files (x86)\Google\Update\1.3.34.11\goopdateres_tr.dll</Data><Data Name='CreationUtcTime'>2019-07-24 17:57:10.567</Data></EventData></Event>
<Event xmlns='http://schemas.microsoft.com/win/2004/08/events/event'><System><Provider Name='Microsoft-Windows-Sysmon' Guid='{5770385F-C22A-43E0-BF4C-06F5698FFBD9}'/><EventID>11</EventID><Version>2</Version><Level>4</Level><Task>11</Task><Opcode>0</Opcode><Keywords>0x8000000000000000</Keywords><TimeCreated SystemTime='2019-07-24T17:57:10.582817900Z'/><EventRecordID>270</EventRecordID><Correlation/><Execution ProcessID='3324' ThreadID='3220'/><Channel>Microsoft-Windows-Sysmon/Operational</Channel><Computer>DESKTOP-FVSHABR</Computer><Security UserID='S-1-5-18'/></System><EventData><Data Name='RuleName'></Data><Data Name='UtcTime'>2019-07-24 17:57:10.567</Data><Data Name='ProcessGuid'>{87E8D3BD-9BF5-5D38-0000-0010D8ED0E00}</Data><Data Name='ProcessId'>588</Data><Data Name='Image'>C:\Program Files (x86)\GUM6D35.tmp\GoogleUpdate.exe</Data><Data Name='TargetFilename'>C:\Program Files (x86)\Google\Update\1.3.34.11\goopdateres_uk.dll</Data><Data Name='CreationUtcTime'>2019-07-24 17:57:10.567</Data></EventData></Event>
<Event xmlns='http://schemas.microsoft.com/win/2004/08/events/event'><System><Provider Name='Microsoft-Windows-Sysmon' Guid='{5770385F-C22A-43E0-BF4C-06F5698FFBD9}'/><EventID>11</EventID><Version>2</Version><Level>4</Level><Task>11</Task><Opcode>0</Opcode><Keywords>0x8000000000000000</Keywords><TimeCreated SystemTime='2019-07-24T17:57:10.596103200Z'/><EventRecordID>271</EventRecordID><Correlation/><Execution ProcessID='3324' ThreadID='3220'/><Channel>Microsoft-Windows-Sysmon/Operational</Channel><Computer>DESKTOP-FVSHABR</Computer><Security UserID='S-1-5-18'/></System><EventData><Data Name='RuleName'></Data><Data Name='UtcTime'>2019-07-24 17:57:10.583</Data><Data Name='ProcessGuid'>{87E8D3BD-9BF5-5D38-0000-0010D8ED0E00}</Data><Data Name='ProcessId'>588</Data><Data Name='Image'>C:\Program Files (x86)\GUM6D35.tmp\GoogleUpdate.exe</Data><Data Name='TargetFilename'>C:\Program Files (x86)\Google\Update\1.3.34.11\goopdateres_ur.dll</Data><Data Name='CreationUtcTime'>2019-07-24 17:57:10.583</Data></EventData></Event>
<Event xmlns='http://schemas.microsoft.com/win/2004/08/events/event'><System><Provider Name='Microsoft-Windows-Sysmon' Guid='{5770385F-C22A-43E0-BF4C-06F5698FFBD9}'/><EventID>11</EventID><Version>2</Version><Level>4</Level><Task>11</Task><Opcode>0</Opcode><Keywords>0x8000000000000000</Keywords><TimeCreated SystemTime='2019-07-24T17:57:10.606408400Z'/><EventRecordID>272</EventRecordID><Correlation/><Execution ProcessID='3324' ThreadID='3220'/><Channel>Microsoft-Windows-Sysmon/Operational</Channel><Computer>DESKTOP-FVSHABR</Computer><Security UserID='S-1-5-18'/></System><EventData><Data Name='RuleName'></Data><Data Name='UtcTime'>2019-07-24 17:57:10.598</Data><Data Name='ProcessGuid'>{87E8D3BD-9BF5-5D38-0000-0010D8ED0E00}</Data><Data Name='ProcessId'>588</Data><Data Name='Image'>C:\Program Files (x86)\GUM6D35.tmp\GoogleUpdate.exe</Data><Data Name='TargetFilename'>C:\Program Files (x86)\Google\Update\1.3.34.11\goopdateres_vi.dll</Data><Data Name='CreationUtcTime'>2019-07-24 17:57:10.598</Data></EventData></Event>
<Event xmlns='http://schemas.microsoft.com/win/2004/08/events/event'><System><Provider Name='Microsoft-Windows-Sysmon' Guid='{5770385F-C22A-43E0-BF4C-06F5698FFBD9}'/><EventID>11</EventID><Version>2</Version><Level>4</Level><Task>11</Task><Opcode>0</Opcode><Keywords>0x8000000000000000</Keywords><TimeCreated SystemTime='2019-07-24T17:57:10.614263300Z'/><EventRecordID>273</EventRecordID><Correlation/><Execution ProcessID='3324' ThreadID='3220'/><Channel>Microsoft-Windows-Sysmon/Operational</Channel><Computer>DESKTOP-FVSHABR</Computer><Security UserID='S-1-5-18'/></System><EventData><Data Name='RuleName'></Data><Data Name='UtcTime'>2019-07-24 17:57:10.598</Data><Data Name='ProcessGuid'>{87E8D3BD-9BF5-5D38-0000-0010D8ED0E00}</Data><Data Name='ProcessId'>588</Data><Data Name='Image'>C:\Program Files (x86)\GUM6D35.tmp\GoogleUpdate.exe</Data><Data Name='TargetFilename'>C:\Program Files (x86)\Google\Update\1.3.34.11\goopdateres_zh-CN.dll</Data><Data Name='CreationUtcTime'>2019-07-24 17:57:10.598</Data></EventData></Event>
<Event xmlns='http://schemas.microsoft.com/win/2004/08/events/event'><System><Provider Name='Microsoft-Windows-Sysmon' Guid='{5770385F-C22A-43E0-BF4C-06F5698FFBD9}'/><EventID>11</EventID><Version>2</Version><Level>4</Level><Task>11</Task><Opcode>0</Opcode><Keywords>0x8000000000000000</Keywords><TimeCreated SystemTime='2019-07-24T17:57:10.624939200Z'/><EventRecordID>274</EventRecordID><Correlation/><Execution ProcessID='3324' ThreadID='3220'/><Channel>Microsoft-Windows-Sysmon/Operational</Channel><Computer>DESKTOP-FVSHABR</Computer><Security UserID='S-1-5-18'/></System><EventData><Data Name='RuleName'></Data><Data Name='UtcTime'>2019-07-24 17:57:10.614</Data><Data Name='ProcessGuid'>{87E8D3BD-9BF5-5D38-0000-0010D8ED0E00}</Data><Data Name='ProcessId'>588</Data><Data Name='Image'>C:\Program Files (x86)\GUM6D35.tmp\GoogleUpdate.exe</Data><Data Name='TargetFilename'>C:\Program Files (x86)\Google\Update\1.3.34.11\goopdateres_zh-TW.dll</Data><Data Name='CreationUtcTime'>2019-07-24 17:57:10.614</Data></EventData></Event>
<Event xmlns='http://schemas.microsoft.com/win/2004/08/events/event'><System><Provider Name='Microsoft-Windows-Sysmon' Guid='{5770385F-C22A-43E0-BF4C-06F5698FFBD9}'/><EventID>11</EventID><Version>2</Version><Level>4</Level><Task>11</Task><Opcode>0</Opcode><Keywords>0x8000000000000000</Keywords><TimeCreated SystemTime='2019-07-24T17:57:10.638627700Z'/><EventRecordID>275</EventRecordID><Correlation/><Execution ProcessID='3324' ThreadID='3220'/><Channel>Microsoft-Windows-Sysmon/Operational</Channel><Computer>DESKTOP-FVSHABR</Computer><Security UserID='S-1-5-18'/></System><EventData><Data Name='RuleName'></Data><Data Name='UtcTime'>2019-07-24 17:57:10.630</Data><Data Name='ProcessGuid'>{87E8D3BD-9BF5-5D38-0000-0010D8ED0E00}</Data><Data Name='ProcessId'>588</Data><Data Name='Image'>C:\Program Files (x86)\GUM6D35.tmp\GoogleUpdate.exe</Data><Data Name='TargetFilename'>C:\Program Files (x86)\Google\Update\1.3.34.11\psuser.dll</Data><Data Name='CreationUtcTime'>2019-07-24 17:57:10.630</Data></EventData></Event>
<Event xmlns='http://schemas.microsoft.com/win/2004/08/events/event'><System><Provider Name='Microsoft-Windows-Sysmon' Guid='{5770385F-C22A-43E0-BF4C-06F5698FFBD9}'/><EventID>11</EventID><Version>2</Version><Level>4</Level><Task>11</Task><Opcode>0</Opcode><Keywords>0x8000000000000000</Keywords><TimeCreated SystemTime='2019-07-24T17:57:10.683776200Z'/><EventRecordID>276</EventRecordID><Correlation/><Execution ProcessID='3324' ThreadID='3220'/><Channel>Microsoft-Windows-Sysmon/Operational</Channel><Computer>DESKTOP-FVSHABR</Computer><Security UserID='S-1-5-18'/></System><EventData><Data Name='RuleName'></Data><Data Name='UtcTime'>2019-07-24 17:57:10.677</Data><Data Name='ProcessGuid'>{87E8D3BD-9BF5-5D38-0000-0010D8ED0E00}</Data><Data Name='ProcessId'>588</Data><Data Name='Image'>C:\Program Files (x86)\GUM6D35.tmp\GoogleUpdate.exe</Data><Data Name='TargetFilename'>C:\Program Files (x86)\Google\Update\1.3.34.11\psuser_64.dll</Data><Data Name='CreationUtcTime'>2019-07-24 17:57:10.677</Data></EventData></Event>
<Event xmlns='http://schemas.microsoft.com/win/2004/08/events/event'><System><Provider Name='Microsoft-Windows-Sysmon' Guid='{5770385F-C22A-43E0-BF4C-06F5698FFBD9}'/><EventID>11</EventID><Version>2</Version><Level>4</Level><Task>11</Task><Opcode>0</Opcode><Keywords>0x8000000000000000</Keywords><TimeCreated SystemTime='2019-07-24T17:57:10.727501300Z'/><EventRecordID>277</EventRecordID><Correlation/><Execution ProcessID='3324' ThreadID='3220'/><Channel>Microsoft-Windows-Sysmon/Operational</Channel><Computer>DESKTOP-FVSHABR</Computer><Security UserID='S-1-5-18'/></System><EventData><Data Name='RuleName'></Data><Data Name='UtcTime'>2019-07-24 17:57:10.723</Data><Data Name='ProcessGuid'>{87E8D3BD-9BF5-5D38-0000-0010D8ED0E00}</Data><Data Name='ProcessId'>588</Data><Data Name='Image'>C:\Program Files (x86)\GUM6D35.tmp\GoogleUpdate.exe</Data><Data Name='TargetFilename'>C:\Program Files (x86)\Google\Update\1.3.34.11\psmachine.dll</Data><Data Name='CreationUtcTime'>2019-07-24 17:57:10.723</Data></EventData></Event>
