<Event xmlns='http://schemas.microsoft.com/win/2004/08/events/event'><System><Provider Name='Microsoft-Windows-Sysmon' Guid='{5770385F-C22A-43E0-BF4C-06F5698FFBD9}'/><EventID>22</EventID><Version>5</Version><Level>4</Level><Task>22</Task><Opcode>0</Opcode><Keywords>0x8000000000000000</Keywords><TimeCreated SystemTime='2019-07-24T18:04:08.828992800Z'/><EventRecordID>432</EventRecordID><Correlation/><Execution ProcessID='3324' ThreadID='3620'/><Channel>Microsoft-Windows-Sysmon/Operational</Channel><Computer>DESKTOP-FVSHABR</Computer><Security UserID='S-1-5-18'/></System><EventData><Data Name='RuleName'></Data><Data Name='UtcTime'>2019-07-24 18:04:05.736</Data><Data Name='ProcessGuid'>{87E8D3BD-9D8C-5D38-0000-0010EE6D1A00}</Data><Data Name='ProcessId'>5528</Data><Data Name='QueryName'>az725175.vo.msecnd.net</Data><Data Name='QueryStatus'>0</Data><Data Name='QueryResults'>type:  5 cs22.wpc.v0cdn.net;::ffff:152.199.4.33;</Data><Data Name='Image'>C:\Windows\SystemApps\Microsoft.MicrosoftEdge_8wekyb3d8bbwe\MicrosoftEdgeCP.exe</Data></EventData></Event>
<Event xmlns='http://schemas.microsoft.com/win/2004/08/events/event'><System><Provider Name='Microsoft-Windows-Sysmon' Guid='{5770385F-C22A-43E0-BF4C-06F5698FFBD9}'/><EventID>22</EventID><Version>5</Version><Level>4</Level><Task>22</Task><Opcode>0</Opcode><Keywords>0x8000000000000000</Keywords><TimeCreated SystemTime='2019-07-24T18:04:08.829107600Z'/><EventRecordID>433</EventRecordID><Correlation/><Execution ProcessID='3324' ThreadID='3620'/><Channel>Microsoft-Windows-Sysmon/Operational</Channel><Computer>DESKTOP-FVSHABR</Computer><Security UserID='S-1-5-18'/></System><EventData><Data Name='RuleName'></Data><Data Name='UtcTime'>2019-07-24 18:04:05.779</Data><Data Name='ProcessGuid'>{87E8D3BD-9D8C-5D38-0000-0010EE6D1A00}</Data><Data Name='ProcessId'>5528</Data><Data Name='QueryName'>mem.gfx.ms</Data><Data Name='QueryStatus'>0</Data><Data Name='QueryResults'>type:  5 cdn.account.microsoft.com.akadns.net;type:  5 mem.gfx.ms.edgekey.net;type:  5 e55.dspb.akamaiedge.net;::ffff:172.231.38.81;</Data><Data Name='Image'>C:\Windows\SystemApps\Microsoft.MicrosoftEdge_8wekyb3d8bbwe\MicrosoftEdgeCP.exe</Data></EventData></Event>
<Event xmlns='http://schemas.microsoft.com/win/2004/08/events/event'><System><Provider Name='Microsoft-Windows-Sysmon' Guid='{5770385F-C22A-43E0-BF4C-06F5698FFBD9}'/><EventID>22</EventID><Version>5</Version><Level>4</Level><Task>22</Task><Opcode>0</Opcode><Keywords>0x8000000000000000</Keywords><TimeCreated SystemTime='2019-07-24T18:04:09.866697900Z'/><EventRecordID>434</EventRecordID><Correlation/><Execution ProcessID='3324' ThreadID='3620'/><Channel>Microsoft-Windows-Sysmon/Operational</Channel><Computer>DESKTOP-FVSHABR</Computer><Security UserID='S-1-5-18'/></System><EventData><Data Name='RuleName'></Data><Data Name='UtcTime'>2019-07-24 18:04:06.418</Data><Data Name='ProcessGuid'>{87E8D3BD-9D8C-5D38-0000-0010EE6D1A00}</Data><Data Name='ProcessId'>5528</Data><Data Name='QueryName'>cdnssl.clicktale.net</Data><Data Name='QueryStatus'>0</Data><Data Name='QueryResults'>type:  5 cdn.clicktale.net.edgekey.net;type:  5 e11696.dscg.akamaiedge.net;::ffff:104.81.189.191;</Data><Data Name='Image'>C:\Windows\SystemApps\Microsoft.MicrosoftEdge_8wekyb3d8bbwe\MicrosoftEdgeCP.exe</Data></EventData></Event>
<Event xmlns='http://schemas.microsoft.com/win/2004/08/events/event'><System><Provider Name='Microsoft-Windows-Sysmon' Guid='{5770385F-C22A-43E0-BF4C-06F5698FFBD9}'/><EventID>22</EventID><Version>5</Version><Level>4</Level><Task>22</Task><Opcode>0</Opcode><Keywords>0x8000000000000000</Keywords><TimeCreated SystemTime='2019-07-24T18:04:09.867434900Z'/><EventRecordID>435</EventRecordID><Correlation/><Execution ProcessID='3324' ThreadID='3620'/><Channel>Microsoft-Windows-Sysmon/Operational</Channel><Computer>DESKTOP-FVSHABR</Computer><Security UserID='S-1-5-18'/></System><EventData><Data Name='RuleName'></Data><Data Name='UtcTime'>2019-07-24 18:04:06.759</Data><Data Name='ProcessGuid'>{87E8D3BD-9D8C-5D38-0000-0010EE6D1A00}</Data><Data Name='ProcessId'>5528</Data><Data Name='QueryName'>conductor.clicktale.net</Data><Data Name='QueryStatus'>0</Data><Data Name='QueryResults'>type:  5 nv-p2-elb-ext-spray-01-308118214.us-east-1.elb.amazonaws.com;::ffff:52.206.98.166;::ffff:52.206.206.119;::ffff:52.0.205.25;::ffff:52.200.89.180;::ffff:52.200.215.239;::ffff:52.201.33.187;::ffff:52.204.99.153;::ffff:52.205.85.60;</Data><Data Name='Image'>C:\Windows\SystemApps\Microsoft.MicrosoftEdge_8wekyb3d8bbwe\MicrosoftEdgeCP.exe</Data></EventData></Event>
<Event xmlns='http://schemas.microsoft.com/win/2004/08/events/event'><System><Provider Name='Microsoft-Windows-Sysmon' Guid='{5770385F-C22A-43E0-BF4C-06F5698FFBD9}'/><EventID>22</EventID><Version>5</Version><Level>4</Level><Task>22</Task><Opcode>0</Opcode><Keywords>0x8000000000000000</Keywords><TimeCreated SystemTime='2019-07-24T18:04:14.371378000Z'/><EventRecordID>436</EventRecordID><Correlation/><Execution ProcessID='3324' ThreadID='3620'/><Channel>Microsoft-Windows-Sysmon/Operational</Channel><Computer>DESKTOP-FVSHABR</Computer><Security UserID='S-1-5-18'/></System><EventData><Data Name='RuleName'></Data><Data Name='UtcTime'>2019-07-24 18:04:11.163</Data><Data Name='ProcessGuid'>{87E8D3BD-9D8C-5D38-0000-0010EE6D1A00}</Data><Data Name='ProcessId'>5528</Data><Data Name='QueryName'>assets.onestore.ms</Data><Data Name='QueryStatus'>0</Data><Data Name='QueryResults'>type:  5 assets.onestore.ms.akadns.net;type:  5 assets.onestore.ms.edgekey.net;type:  5 e10583.dspg.akamaiedge.net;type:  5 user-att-99-0-80-0.e10583.dspg.akamaiedge.net;::ffff:23.64.184.128;</Data><Data Name='Image'>C:\Windows\SystemApps\Microsoft.MicrosoftEdge_8wekyb3d8bbwe\MicrosoftEdgeCP.exe</Data></EventData></Event>
<Event xmlns='http://schemas.microsoft.com/win/2004/08/events/event'><System><Provider Name='Microsoft-Windows-Sysmon' Guid='{5770385F-C22A-43E0-BF4C-06F5698FFBD9}'/><EventID>22</EventID><Version>5</Version><Level>4</Level><Task>22</Task><Opcode>0</Opcode><Keywords>0x8000000000000000</Keywords><TimeCreated SystemTime='2019-07-24T18:04:15.404583700Z'/><EventRecordID>437</EventRecordID><Correlation/><Execution ProcessID='3324' ThreadID='3620'/><Channel>Microsoft-Windows-Sysmon/Operational</Channel><Computer>DESKTOP-FVSHABR</Computer><Security UserID='S-1-5-18'/></System><EventData><Data Name='RuleName'></Data><Data Name='UtcTime'>2019-07-24 18:04:11.167</Data><Data Name='ProcessGuid'>{87E8D3BD-9D8C-5D38-0000-0010EE6D1A00}</Data><Data Name='ProcessId'>5528</Data><Data Name='QueryName'>statics-marketingsites-eus-ms-com.akamaized.net</Data><Data Name='QueryStatus'>0</Data><Data Name='QueryResults'>type:  5 a1945.g2.akamai.net;type:  5 user-att-99-0-80-0.a1945.g2.akamai.net;::ffff:23.215.102.10;::ffff:23.215.102.25;</Data><Data Name='Image'>C:\Windows\SystemApps\Microsoft.MicrosoftEdge_8wekyb3d8bbwe\MicrosoftEdgeCP.exe</Data></EventData></Event>
<Event xmlns='http://schemas.microsoft.com/win/2004/08/events/event'><System><Provider Name='Microsoft-Windows-Sysmon' Guid='{5770385F-C22A-43E0-BF4C-06F5698FFBD9}'/><EventID>22</EventID><Version>5</Version><Level>4</Level><Task>22</Task><Opcode>0</Opcode><Keywords>0x8000000000000000</Keywords><TimeCreated SystemTime='2019-07-24T18:04:15.405086100Z'/><EventRecordID>438</EventRecordID><Correlation/><Execution ProcessID='3324' ThreadID='3620'/><Channel>Microsoft-Windows-Sysmon/Operational</Channel><Computer>DESKTOP-FVSHABR</Computer><Security UserID='S-1-5-18'/></System><EventData><Data Name='RuleName'></Data><Data Name='UtcTime'>2019-07-24 18:04:11.170</Data><Data Name='ProcessGuid'>{87E8D3BD-9D8C-5D38-0000-0010EE6D1A00}</Data><Data Name='ProcessId'>5528</Data><Data Name='QueryName'>img-prod-cms-rt-microsoft-com.akamaized.net</Data><Data Name='QueryStatus'>0</Data><Data Name='QueryResults'>type:  5 a1449.dscg2.akamai.net;type:  5 user-att-99-0-80-0.a1449.dscg2.akamai.net;::ffff:23.215.102.24;::ffff:23.215.102.41;</Data><Data Name='Image'>C:\Windows\SystemApps\Microsoft.MicrosoftEdge_8wekyb3d8bbwe\MicrosoftEdgeCP.exe</Data></EventData></Event>
<Event xmlns='http://schemas.microsoft.com/win/2004/08/events/event'><System><Provider Name='Microsoft-Windows-Sysmon' Guid='{5770385F-C22A-43E0-BF4C-06F5698FFBD9}'/><EventID>5</EventID><Version>3</Version><Level>4</Level><Task>5</Task><Opcode>0</Opcode><Keywords>0x8000000000000000</Keywords><TimeCreated SystemTime='2019-07-24T18:04:16.543784900Z'/><EventRecordID>439</EventRecordID><Correlation/><Execution ProcessID='3324' ThreadID='3220'/><Channel>Microsoft-Windows-Sysmon/Operational</Channel><Computer>DESKTOP-FVSHABR</Computer><Security UserID='S-1-5-18'/></System><EventData><Data Name='RuleName'></Data><Data Name='UtcTime'>2019-07-24 18:04:16.541</Data><Data Name='ProcessGuid'>{87E8D3BD-9D84-5D38-0000-00104B0C1A00}</Data><Data Name='ProcessId'>4404</Data><Data Name='Image'>C:\Users\grapltest\Downloads\dropper.exe</Data></EventData></Event>
<Event xmlns='http://schemas.microsoft.com/win/2004/08/events/event'><System><Provider Name='Microsoft-Windows-Sysmon' Guid='{5770385F-C22A-43E0-BF4C-06F5698FFBD9}'/><EventID>11</EventID><Version>2</Version><Level>4</Level><Task>11</Task><Opcode>0</Opcode><Keywords>0x8000000000000000</Keywords><TimeCreated SystemTime='2019-07-24T18:04:31.892680100Z'/><EventRecordID>440</EventRecordID><Correlation/><Execution ProcessID='3324' ThreadID='3220'/><Channel>Microsoft-Windows-Sysmon/Operational</Channel><Computer>DESKTOP-FVSHABR</Computer><Security UserID='S-1-5-18'/></System><EventData><Data Name='RuleName'></Data><Data Name='UtcTime'>2019-07-24 18:04:31.892</Data><Data Name='ProcessGuid'>{87E8D3BD-9D8C-5D38-0000-0010EE6D1A00}</Data><Data Name='ProcessId'>5528</Data><Data Name='Image'>C:\Windows\SystemApps\Microsoft.MicrosoftEdge_8wekyb3d8bbwe\microsoftedgecp.exe</Data><Data Name='TargetFilename'>C:\Users\grapltest\AppData\Local\Packages\Microsoft.MicrosoftEdge_8wekyb3d8bbwe\AC\#!001\MicrosoftEdge\Cache\5JZMQ4NA\vc_redist.x64[1].exe</Data><Data Name='CreationUtcTime'>2019-07-24 18:04:31.892</Data></EventData></Event>
<Event xmlns='http://schemas.microsoft.com/win/2004/08/events/event'><System><Provider Name='Microsoft-Windows-Sysmon' Guid='{5770385F-C22A-43E0-BF4C-06F5698FFBD9}'/><EventID>11</EventID><Version>2</Version><Level>4</Level><Task>11</Task><Opcode>0</Opcode><Keywords>0x8000000000000000</Keywords><TimeCreated SystemTime='2019-07-24T18:04:32.298414400Z'/><EventRecordID>441</EventRecordID><Correlation/><Execution ProcessID='3324' ThreadID='3220'/><Channel>Microsoft-Windows-Sysmon/Operational</Channel><Computer>DESKTOP-FVSHABR</Computer><Security UserID='S-1-5-18'/></System><EventData><Data Name='RuleName'>FileCreate-Downloads</Data><Data Name='UtcTime'>2019-07-24 18:04:32.297</Data><Data Name='ProcessGuid'>{87E8D3BD-9D8C-5D38-0000-0010EC5D1A00}</Data><Data Name='ProcessId'>1584</Data><Data Name='Image'>C:\Windows\system32\browser_broker.exe</Data><Data Name='TargetFilename'>C:\Users\grapltest\Downloads\vc_redist.x64.exe.ke8qixz.partial</Data><Data Name='CreationUtcTime'>2019-07-24 18:04:32.297</Data></EventData></Event>
<Event xmlns='http://schemas.microsoft.com/win/2004/08/events/event'><System><Provider Name='Microsoft-Windows-Sysmon' Guid='{5770385F-C22A-43E0-BF4C-06F5698FFBD9}'/><EventID>15</EventID><Version>2</Version><Level>4</Level><Task>15</Task><Opcode>0</Opcode><Keywords>0x8000000000000000</Keywords><TimeCreated SystemTime='2019-07-24T18:04:34.678371400Z'/><EventRecordID>442</EventRecordID><Correlation/><Execution ProcessID='3324' ThreadID='3220'/><Channel>Microsoft-Windows-Sysmon/Operational</Channel><Computer>DESKTOP-FVSHABR</Computer><Security UserID='S-1-5-18'/></System><EventData><Data Name='RuleName'>FileStream-Downloads</Data><Data Name='UtcTime'>2019-07-24 18:04:34.540</Data><Data Name='ProcessGuid'>{87E8D3BD-9D8C-5D38-0000-0010EC5D1A00}</Data><Data Name='ProcessId'>1584</Data><Data Name='Image'>C:\Windows\system32\browser_broker.exe</Data><Data Name='TargetFilename'>C:\Users\grapltest\Downloads\vc_redist.x64.exe.ke8qixz.partial</Data><Data Name='CreationUtcTime'>2019-07-24 18:04:32.297</Data><Data Name='Hash'>MD5=528538419A5A6F889650B2721813F228,SHA256=DD479820F34498C706BD61C4E7BDAFC18A739E397762D7E16D7AD0B9A4CBD79F</Data></EventData></Event>
<Event xmlns='http://schemas.microsoft.com/win/2004/08/events/event'><System><Provider Name='Microsoft-Windows-Sysmon' Guid='{5770385F-C22A-43E0-BF4C-06F5698FFBD9}'/><EventID>11</EventID><Version>2</Version><Level>4</Level><Task>11</Task><Opcode>0</Opcode><Keywords>0x8000000000000000</Keywords><TimeCreated SystemTime='2019-07-24T18:04:34.678435500Z'/><EventRecordID>443</EventRecordID><Correlation/><Execution ProcessID='3324' ThreadID='3220'/><Channel>Microsoft-Windows-Sysmon/Operational</Channel><Computer>DESKTOP-FVSHABR</Computer><Security UserID='S-1-5-18'/></System><EventData><Data Name='RuleName'>FileCreate-Downloads</Data><Data Name='UtcTime'>2019-07-24 18:04:34.678</Data><Data Name='ProcessGuid'>{87E8D3BD-9D8C-5D38-0000-0010EC5D1A00}</Data><Data Name='ProcessId'>1584</Data><Data Name='Image'>C:\Windows\system32\browser_broker.exe</Data><Data Name='TargetFilename'>C:\Users\grapltest\Downloads\vc_redist.x64.exe.ke8qixz.partial:Zone.Identifier</Data><Data Name='CreationUtcTime'>2019-07-24 18:04:32.297</Data></EventData></Event>
<Event xmlns='http://schemas.microsoft.com/win/2004/08/events/event'><System><Provider Name='Microsoft-Windows-Sysmon' Guid='{5770385F-C22A-43E0-BF4C-06F5698FFBD9}'/><EventID>15</EventID><Version>2</Version><Level>4</Level><Task>15</Task><Opcode>0</Opcode><Keywords>0x8000000000000000</Keywords><TimeCreated SystemTime='2019-07-24T18:04:34.678656900Z'/><EventRecordID>444</EventRecordID><Correlation/><Execution ProcessID='3324' ThreadID='3220'/><Channel>Microsoft-Windows-Sysmon/Operational</Channel><Computer>DESKTOP-FVSHABR</Computer><Security UserID='S-1-5-18'/></System><EventData><Data Name='RuleName'>FileStream-Downloads</Data><Data Name='UtcTime'>2019-07-24 18:04:34.678</Data><Data Name='ProcessGuid'>{87E8D3BD-9D8C-5D38-0000-0010EC5D1A00}</Data><Data Name='ProcessId'>1584</Data><Data Name='Image'>C:\Windows\system32\browser_broker.exe</Data><Data Name='TargetFilename'>C:\Users\grapltest\Downloads\vc_redist.x64.exe.ke8qixz.partial:Zone.Identifier</Data><Data Name='CreationUtcTime'>2019-07-24 18:04:32.297</Data><Data Name='Hash'>MD5=FBCCF14D504B7B2DBCB5A5BDA75BD93B,SHA256=EACD09517CE90D34BA562171D15AC40D302F0E691B439F91BE1B6406E25F5913</Data></EventData></Event>
<Event xmlns='http://schemas.microsoft.com/win/2004/08/events/event'><System><Provider Name='Microsoft-Windows-Sysmon' Guid='{5770385F-C22A-43E0-BF4C-06F5698FFBD9}'/><EventID>15</EventID><Version>2</Version><Level>4</Level><Task>15</Task><Opcode>0</Opcode><Keywords>0x8000000000000000</Keywords><TimeCreated SystemTime='2019-07-24T18:04:39.312806500Z'/><EventRecordID>445</EventRecordID><Correlation/><Execution ProcessID='3324' ThreadID='3220'/><Channel>Microsoft-Windows-Sysmon/Operational</Channel><Computer>DESKTOP-FVSHABR</Computer><Security UserID='S-1-5-18'/></System><EventData><Data Name='RuleName'>FileStream-Downloads</Data><Data Name='UtcTime'>2019-07-24 18:04:39.163</Data><Data Name='ProcessGuid'>{87E8D3BD-9D8C-5D38-0000-0010EC5D1A00}</Data><Data Name='ProcessId'>1584</Data><Data Name='Image'>C:\Windows\system32\browser_broker.exe</Data><Data Name='TargetFilename'>C:\Users\grapltest\Downloads\vc_redist.x64.exe</Data><Data Name='CreationUtcTime'>2019-07-24 18:04:32.297</Data><Data Name='Hash'>MD5=528538419A5A6F889650B2721813F228,SHA256=DD479820F34498C706BD61C4E7BDAFC18A739E397762D7E16D7AD0B9A4CBD79F</Data></EventData></Event>
<Event xmlns='http://schemas.microsoft.com/win/2004/08/events/event'><System><Provider Name='Microsoft-Windows-Sysmon' Guid='{5770385F-C22A-43E0-BF4C-06F5698FFBD9}'/><EventID>15</EventID><Version>2</Version><Level>4</Level><Task>15</Task><Opcode>0</Opcode><Keywords>0x8000000000000000</Keywords><TimeCreated SystemTime='2019-07-24T18:04:39.313149500Z'/><EventRecordID>446</EventRecordID><Correlation/><Execution ProcessID='3324' ThreadID='3220'/><Channel>Microsoft-Windows-Sysmon/Operational</Channel><Computer>DESKTOP-FVSHABR</Computer><Security UserID='S-1-5-18'/></System><EventData><Data Name='RuleName'>FileStream-Downloads</Data><Data Name='UtcTime'>2019-07-24 18:04:39.311</Data><Data Name='ProcessGuid'>{87E8D3BD-9D8C-5D38-0000-0010EC5D1A00}</Data><Data Name='ProcessId'>1584</Data><Data Name='Image'>C:\Windows\system32\browser_broker.exe</Data><Data Name='TargetFilename'>C:\Users\grapltest\Downloads\vc_redist.x64.exe:Zone.Identifier</Data><Data Name='CreationUtcTime'>2019-07-24 18:04:32.297</Data><Data Name='Hash'>MD5=FBCCF14D504B7B2DBCB5A5BDA75BD93B,SHA256=EACD09517CE90D34BA562171D15AC40D302F0E691B439F91BE1B6406E25F5913</Data></EventData></Event>
<Event xmlns='http://schemas.microsoft.com/win/2004/08/events/event'><System><Provider Name='Microsoft-Windows-Sysmon' Guid='{5770385F-C22A-43E0-BF4C-06F5698FFBD9}'/><EventID>1</EventID><Version>5</Version><Level>4</Level><Task>1</Task><Opcode>0</Opcode><Keywords>0x8000000000000000</Keywords><TimeCreated SystemTime='2019-07-24T18:04:39.467080400Z'/><EventRecordID>447</EventRecordID><Correlation/><Execution ProcessID='3324' ThreadID='3220'/><Channel>Microsoft-Windows-Sysmon/Operational</Channel><Computer>DESKTOP-FVSHABR</Computer><Security UserID='S-1-5-18'/></System><EventData><Data Name='RuleName'></Data><Data Name='UtcTime'>2019-07-24 18:04:39.321</Data><Data Name='ProcessGuid'>{87E8D3BD-9DB7-5D38-0000-001005841C00}</Data><Data Name='ProcessId'>3968</Data><Data Name='Image'>C:\Users\grapltest\Downloads\vc_redist.x64.exe</Data><Data Name='FileVersion'>14.0.24123.0</Data><Data Name='Description'>Microsoft Visual C++ 2015 Redistributable (x64) - 14.0.24123</Data><Data Name='Product'>Microsoft Visual C++ 2015 Redistributable (x64) - 14.0.24123</Data><Data Name='Company'>Microsoft Corporation</Data><Data Name='OriginalFileName'>VC_redist.x64.exe</Data><Data Name='CommandLine'>"C:\Users\grapltest\Downloads\vc_redist.x64.exe" </Data><Data Name='CurrentDirectory'>C:\Windows\system32\</Data><Data Name='User'>DESKTOP-FVSHABR\grapltest</Data><Data Name='LogonGuid'>{87E8D3BD-99C8-5D38-0000-002088140200}</Data><Data Name='LogonId'>0x21488</Data><Data Name='TerminalSessionId'>1</Data><Data Name='IntegrityLevel'>Medium</Data><Data Name='Hashes'>MD5=528538419A5A6F889650B2721813F228,SHA256=DD479820F34498C706BD61C4E7BDAFC18A739E397762D7E16D7AD0B9A4CBD79F</Data><Data Name='ParentProcessGuid'>{87E8D3BD-9D8C-5D38-0000-0010EC5D1A00}</Data><Data Name='ParentProcessId'>1584</Data><Data Name='ParentImage'>C:\Windows\System32\browser_broker.exe</Data><Data Name='ParentCommandLine'>C:\Windows\system32\browser_broker.exe -Embedding</Data></EventData></Event>
<Event xmlns='http://schemas.microsoft.com/win/2004/08/events/event'><System><Provider Name='Microsoft-Windows-Sysmon' Guid='{5770385F-C22A-43E0-BF4C-06F5698FFBD9}'/><EventID>13</EventID><Version>2</Version><Level>4</Level><Task>13</Task><Opcode>0</Opcode><Keywords>0x8000000000000000</Keywords><TimeCreated SystemTime='2019-07-24T18:04:39.482974400Z'/><EventRecordID>448</EventRecordID><Correlation/><Execution ProcessID='3324' ThreadID='3220'/><Channel>Microsoft-Windows-Sysmon/Operational</Channel><Computer>DESKTOP-FVSHABR</Computer><Security UserID='S-1-5-18'/></System><EventData><Data Name='RuleName'>InvDB</Data><Data Name='EventType'>SetValue</Data><Data Name='UtcTime'>2019-07-24 18:04:39.481</Data><Data Name='ProcessGuid'>{87E8D3BD-998D-5D38-0000-001039DC0000}</Data><Data Name='ProcessId'>300</Data><Data Name='Image'>C:\Windows\system32\svchost.exe</Data><Data Name='TargetObject'>HKU\S-1-5-21-475214889-3710252578-4288414562-1001\SOFTWARE\Microsoft\Windows NT\CurrentVersion\AppCompatFlags\Compatibility Assistant\Store\C:\Users\grapltest\Downloads\vc_redist.x64.exe</Data><Data Name='Details'>Binary Data</Data></EventData></Event>
<Event xmlns='http://schemas.microsoft.com/win/2004/08/events/event'><System><Provider Name='Microsoft-Windows-Sysmon' Guid='{5770385F-C22A-43E0-BF4C-06F5698FFBD9}'/><EventID>11</EventID><Version>2</Version><Level>4</Level><Task>11</Task><Opcode>0</Opcode><Keywords>0x8000000000000000</Keywords><TimeCreated SystemTime='2019-07-24T18:04:39.511115900Z'/><EventRecordID>449</EventRecordID><Correlation/><Execution ProcessID='3324' ThreadID='3220'/><Channel>Microsoft-Windows-Sysmon/Operational</Channel><Computer>DESKTOP-FVSHABR</Computer><Security UserID='S-1-5-18'/></System><EventData><Data Name='RuleName'></Data><Data Name='UtcTime'>2019-07-24 18:04:39.510</Data><Data Name='ProcessGuid'>{87E8D3BD-9DB7-5D38-0000-001005841C00}</Data><Data Name='ProcessId'>3968</Data><Data Name='Image'>C:\Users\grapltest\Downloads\vc_redist.x64.exe</Data><Data Name='TargetFilename'>C:\Users\GRAPLT~1\AppData\Local\Temp\{2cbcedbb-f38c-48a3-a3e1-6c6fd821a7f4}\.ba1\wixstdba.dll</Data><Data Name='CreationUtcTime'>2019-07-24 18:04:39.510</Data></EventData></Event>
<Event xmlns='http://schemas.microsoft.com/win/2004/08/events/event'><System><Provider Name='Microsoft-Windows-Sysmon' Guid='{5770385F-C22A-43E0-BF4C-06F5698FFBD9}'/><EventID>2</EventID><Version>4</Version><Level>4</Level><Task>2</Task><Opcode>0</Opcode><Keywords>0x8000000000000000</Keywords><TimeCreated SystemTime='2019-07-24T18:04:39.512609800Z'/><EventRecordID>450</EventRecordID><Correlation/><Execution ProcessID='3324' ThreadID='3220'/><Channel>Microsoft-Windows-Sysmon/Operational</Channel><Computer>DESKTOP-FVSHABR</Computer><Security UserID='S-1-5-18'/></System><EventData><Data Name='RuleName'>T1099</Data><Data Name='UtcTime'>2019-07-24 18:04:39.511</Data><Data Name='ProcessGuid'>{87E8D3BD-9DB7-5D38-0000-001005841C00}</Data><Data Name='ProcessId'>3968</Data><Data Name='Image'>C:\Users\grapltest\Downloads\vc_redist.x64.exe</Data><Data Name='TargetFilename'>C:\Users\GRAPLT~1\AppData\Local\Temp\{2cbcedbb-f38c-48a3-a3e1-6c6fd821a7f4}\.ba1\wixstdba.dll</Data><Data Name='CreationUtcTime'>2014-11-17 18:38:12.000</Data><Data Name='PreviousCreationUtcTime'>2019-07-24 18:04:39.510</Data></EventData></Event>
<Event xmlns='http://schemas.microsoft.com/win/2004/08/events/event'><System><Provider Name='Microsoft-Windows-Sysmon' Guid='{5770385F-C22A-43E0-BF4C-06F5698FFBD9}'/><EventID>11</EventID><Version>2</Version><Level>4</Level><Task>11</Task><Opcode>0</Opcode><Keywords>0x8000000000000000</Keywords><TimeCreated SystemTime='2019-07-24T18:04:39.532444400Z'/><EventRecordID>451</EventRecordID><Correlation/><Execution ProcessID='3324' ThreadID='3220'/><Channel>Microsoft-Windows-Sysmon/Operational</Channel><Computer>DESKTOP-FVSHABR</Computer><Security UserID='S-1-5-18'/></System><EventData><Data Name='RuleName'></Data><Data Name='UtcTime'>2019-07-24 18:04:39.531</Data><Data Name='ProcessGuid'>{87E8D3BD-9DB7-5D38-0000-001005841C00}</Data><Data Name='ProcessId'>3968</Data><Data Name='Image'>C:\Users\grapltest\Downloads\vc_redist.x64.exe</Data><Data Name='TargetFilename'>C:\Users\GRAPLT~1\AppData\Local\Temp\{2cbcedbb-f38c-48a3-a3e1-6c6fd821a7f4}\.ba1\1028\license.rtf</Data><Data Name='CreationUtcTime'>2019-07-24 18:04:39.531</Data></EventData></Event>
<Event xmlns='http://schemas.microsoft.com/win/2004/08/events/event'><System><Provider Name='Microsoft-Windows-Sysmon' Guid='{5770385F-C22A-43E0-BF4C-06F5698FFBD9}'/><EventID>2</EventID><Version>4</Version><Level>4</Level><Task>2</Task><Opcode>0</Opcode><Keywords>0x8000000000000000</Keywords><TimeCreated SystemTime='2019-07-24T18:04:39.532645200Z'/><EventRecordID>452</EventRecordID><Correlation/><Execution ProcessID='3324' ThreadID='3220'/><Channel>Microsoft-Windows-Sysmon/Operational</Channel><Computer>DESKTOP-FVSHABR</Computer><Security UserID='S-1-5-18'/></System><EventData><Data Name='RuleName'>T1099</Data><Data Name='UtcTime'>2019-07-24 18:04:39.531</Data><Data Name='ProcessGuid'>{87E8D3BD-9DB7-5D38-0000-001005841C00}</Data><Data Name='ProcessId'>3968</Data><Data Name='Image'>C:\Users\grapltest\Downloads\vc_redist.x64.exe</Data><Data Name='TargetFilename'>C:\Users\GRAPLT~1\AppData\Local\Temp\{2cbcedbb-f38c-48a3-a3e1-6c6fd821a7f4}\.ba1\1028\license.rtf</Data><Data Name='CreationUtcTime'>2016-04-27 20:28:06.000</Data><Data Name='PreviousCreationUtcTime'>2019-07-24 18:04:39.531</Data></EventData></Event>
<Event xmlns='http://schemas.microsoft.com/win/2004/08/events/event'><System><Provider Name='Microsoft-Windows-Sysmon' Guid='{5770385F-C22A-43E0-BF4C-06F5698FFBD9}'/><EventID>11</EventID><Version>2</Version><Level>4</Level><Task>11</Task><Opcode>0</Opcode><Keywords>0x8000000000000000</Keywords><TimeCreated SystemTime='2019-07-24T18:04:39.541419100Z'/><EventRecordID>453</EventRecordID><Correlation/><Execution ProcessID='3324' ThreadID='3220'/><Channel>Microsoft-Windows-Sysmon/Operational</Channel><Computer>DESKTOP-FVSHABR</Computer><Security UserID='S-1-5-18'/></System><EventData><Data Name='RuleName'></Data><Data Name='UtcTime'>2019-07-24 18:04:39.540</Data><Data Name='ProcessGuid'>{87E8D3BD-9DB7-5D38-0000-001005841C00}</Data><Data Name='ProcessId'>3968</Data><Data Name='Image'>C:\Users\grapltest\Downloads\vc_redist.x64.exe</Data><Data Name='TargetFilename'>C:\Users\GRAPLT~1\AppData\Local\Temp\{2cbcedbb-f38c-48a3-a3e1-6c6fd821a7f4}\.ba1\1029\license.rtf</Data><Data Name='CreationUtcTime'>2019-07-24 18:04:39.540</Data></EventData></Event>
<Event xmlns='http://schemas.microsoft.com/win/2004/08/events/event'><System><Provider Name='Microsoft-Windows-Sysmon' Guid='{5770385F-C22A-43E0-BF4C-06F5698FFBD9}'/><EventID>2</EventID><Version>4</Version><Level>4</Level><Task>2</Task><Opcode>0</Opcode><Keywords>0x8000000000000000</Keywords><TimeCreated SystemTime='2019-07-24T18:04:39.541947900Z'/><EventRecordID>454</EventRecordID><Correlation/><Execution ProcessID='3324' ThreadID='3220'/><Channel>Microsoft-Windows-Sysmon/Operational</Channel><Computer>DESKTOP-FVSHABR</Computer><Security UserID='S-1-5-18'/></System><EventData><Data Name='RuleName'>T1099</Data><Data Name='UtcTime'>2019-07-24 18:04:39.541</Data><Data Name='ProcessGuid'>{87E8D3BD-9DB7-5D38-0000-001005841C00}</Data><Data Name='ProcessId'>3968</Data><Data Name='Image'>C:\Users\grapltest\Downloads\vc_redist.x64.exe</Data><Data Name='TargetFilename'>C:\Users\GRAPLT~1\AppData\Local\Temp\{2cbcedbb-f38c-48a3-a3e1-6c6fd821a7f4}\.ba1\1029\license.rtf</Data><Data Name='CreationUtcTime'>2016-04-27 20:28:06.000</Data><Data Name='PreviousCreationUtcTime'>2019-07-24 18:04:39.540</Data></EventData></Event>
<Event xmlns='http://schemas.microsoft.com/win/2004/08/events/event'><System><Provider Name='Microsoft-Windows-Sysmon' Guid='{5770385F-C22A-43E0-BF4C-06F5698FFBD9}'/><EventID>11</EventID><Version>2</Version><Level>4</Level><Task>11</Task><Opcode>0</Opcode><Keywords>0x8000000000000000</Keywords><TimeCreated SystemTime='2019-07-24T18:04:39.553694700Z'/><EventRecordID>455</EventRecordID><Correlation/><Execution ProcessID='3324' ThreadID='3220'/><Channel>Microsoft-Windows-Sysmon/Operational</Channel><Computer>DESKTOP-FVSHABR</Computer><Security UserID='S-1-5-18'/></System><EventData><Data Name='RuleName'></Data><Data Name='UtcTime'>2019-07-24 18:04:39.552</Data><Data Name='ProcessGuid'>{87E8D3BD-9DB7-5D38-0000-001005841C00}</Data><Data Name='ProcessId'>3968</Data><Data Name='Image'>C:\Users\grapltest\Downloads\vc_redist.x64.exe</Data><Data Name='TargetFilename'>C:\Users\GRAPLT~1\AppData\Local\Temp\{2cbcedbb-f38c-48a3-a3e1-6c6fd821a7f4}\.ba1\1031\license.rtf</Data><Data Name='CreationUtcTime'>2019-07-24 18:04:39.552</Data></EventData></Event>
<Event xmlns='http://schemas.microsoft.com/win/2004/08/events/event'><System><Provider Name='Microsoft-Windows-Sysmon' Guid='{5770385F-C22A-43E0-BF4C-06F5698FFBD9}'/><EventID>2</EventID><Version>4</Version><Level>4</Level><Task>2</Task><Opcode>0</Opcode><Keywords>0x8000000000000000</Keywords><TimeCreated SystemTime='2019-07-24T18:04:39.553909500Z'/><EventRecordID>456</EventRecordID><Correlation/><Execution ProcessID='3324' ThreadID='3220'/><Channel>Microsoft-Windows-Sysmon/Operational</Channel><Computer>DESKTOP-FVSHABR</Computer><Security UserID='S-1-5-18'/></System><EventData><Data Name='RuleName'>T1099</Data><Data Name='UtcTime'>2019-07-24 18:04:39.552</Data><Data Name='ProcessGuid'>{87E8D3BD-9DB7-5D38-0000-001005841C00}</Data><Data Name='ProcessId'>3968</Data><Data Name='Image'>C:\Users\grapltest\Downloads\vc_redist.x64.exe</Data><Data Name='TargetFilename'>C:\Users\GRAPLT~1\AppData\Local\Temp\{2cbcedbb-f38c-48a3-a3e1-6c6fd821a7f4}\.ba1\1031\license.rtf</Data><Data Name='CreationUtcTime'>2016-04-27 20:28:06.000</Data><Data Name='PreviousCreationUtcTime'>2019-07-24 18:04:39.552</Data></EventData></Event>
<Event xmlns='http://schemas.microsoft.com/win/2004/08/events/event'><System><Provider Name='Microsoft-Windows-Sysmon' Guid='{5770385F-C22A-43E0-BF4C-06F5698FFBD9}'/><EventID>11</EventID><Version>2</Version><Level>4</Level><Task>11</Task><Opcode>0</Opcode><Keywords>0x8000000000000000</Keywords><TimeCreated SystemTime='2019-07-24T18:04:39.563970500Z'/><EventRecordID>457</EventRecordID><Correlation/><Execution ProcessID='3324' ThreadID='3220'/><Channel>Microsoft-Windows-Sysmon/Operational</Channel><Computer>DESKTOP-FVSHABR</Computer><Security UserID='S-1-5-18'/></System><EventData><Data Name='RuleName'></Data><Data Name='UtcTime'>2019-07-24 18:04:39.562</Data><Data Name='ProcessGuid'>{87E8D3BD-9DB7-5D38-0000-001005841C00}</Data><Data Name='ProcessId'>3968</Data><Data Name='Image'>C:\Users\grapltest\Downloads\vc_redist.x64.exe</Data><Data Name='TargetFilename'>C:\Users\GRAPLT~1\AppData\Local\Temp\{2cbcedbb-f38c-48a3-a3e1-6c6fd821a7f4}\.ba1\1036\license.rtf</Data><Data Name='CreationUtcTime'>2019-07-24 18:04:39.562</Data></EventData></Event>
<Event xmlns='http://schemas.microsoft.com/win/2004/08/events/event'><System><Provider Name='Microsoft-Windows-Sysmon' Guid='{5770385F-C22A-43E0-BF4C-06F5698FFBD9}'/><EventID>2</EventID><Version>4</Version><Level>4</Level><Task>2</Task><Opcode>0</Opcode><Keywords>0x8000000000000000</Keywords><TimeCreated SystemTime='2019-07-24T18:04:39.564237100Z'/><EventRecordID>458</EventRecordID><Correlation/><Execution ProcessID='3324' ThreadID='3220'/><Channel>Microsoft-Windows-Sysmon/Operational</Channel><Computer>DESKTOP-FVSHABR</Computer><Security UserID='S-1-5-18'/></System><EventData><Data Name='RuleName'>T1099</Data><Data Name='UtcTime'>2019-07-24 18:04:39.563</Data><Data Name='ProcessGuid'>{87E8D3BD-9DB7-5D38-0000-001005841C00}</Data><Data Name='ProcessId'>3968</Data><Data Name='Image'>C:\Users\grapltest\Downloads\vc_redist.x64.exe</Data><Data Name='TargetFilename'>C:\Users\GRAPLT~1\AppData\Local\Temp\{2cbcedbb-f38c-48a3-a3e1-6c6fd821a7f4}\.ba1\1036\license.rtf</Data><Data Name='CreationUtcTime'>2016-04-27 20:28:06.000</Data><Data Name='PreviousCreationUtcTime'>2019-07-24 18:04:39.562</Data></EventData></Event>
<Event xmlns='http://schemas.microsoft.com/win/2004/08/events/event'><System><Provider Name='Microsoft-Windows-Sysmon' Guid='{5770385F-C22A-43E0-BF4C-06F5698FFBD9}'/><EventID>11</EventID><Version>2</Version><Level>4</Level><Task>11</Task><Opcode>0</Opcode><Keywords>0x8000000000000000</Keywords><TimeCreated SystemTime='2019-07-24T18:04:39.574388500Z'/><EventRecordID>459</EventRecordID><Correlation/><Execution ProcessID='3324' ThreadID='3220'/><Channel>Microsoft-Windows-Sysmon/Operational</Channel><Computer>DESKTOP-FVSHABR</Computer><Security UserID='S-1-5-18'/></System><EventData><Data Name='RuleName'></Data><Data Name='UtcTime'>2019-07-24 18:04:39.573</Data><Data Name='ProcessGuid'>{87E8D3BD-9DB7-5D38-0000-001005841C00}</Data><Data Name='ProcessId'>3968</Data><Data Name='Image'>C:\Users\grapltest\Downloads\vc_redist.x64.exe</Data><Data Name='TargetFilename'>C:\Users\GRAPLT~1\AppData\Local\Temp\{2cbcedbb-f38c-48a3-a3e1-6c6fd821a7f4}\.ba1\1040\license.rtf</Data><Data Name='CreationUtcTime'>2019-07-24 18:04:39.573</Data></EventData></Event>
<Event xmlns='http://schemas.microsoft.com/win/2004/08/events/event'><System><Provider Name='Microsoft-Windows-Sysmon' Guid='{5770385F-C22A-43E0-BF4C-06F5698FFBD9}'/><EventID>2</EventID><Version>4</Version><Level>4</Level><Task>2</Task><Opcode>0</Opcode><Keywords>0x8000000000000000</Keywords><TimeCreated SystemTime='2019-07-24T18:04:39.574790800Z'/><EventRecordID>460</EventRecordID><Correlation/><Execution ProcessID='3324' ThreadID='3220'/><Channel>Microsoft-Windows-Sysmon/Operational</Channel><Computer>DESKTOP-FVSHABR</Computer><Security UserID='S-1-5-18'/></System><EventData><Data Name='RuleName'>T1099</Data><Data Name='UtcTime'>2019-07-24 18:04:39.573</Data><Data Name='ProcessGuid'>{87E8D3BD-9DB7-5D38-0000-001005841C00}</Data><Data Name='ProcessId'>3968</Data><Data Name='Image'>C:\Users\grapltest\Downloads\vc_redist.x64.exe</Data><Data Name='TargetFilename'>C:\Users\GRAPLT~1\AppData\Local\Temp\{2cbcedbb-f38c-48a3-a3e1-6c6fd821a7f4}\.ba1\1040\license.rtf</Data><Data Name='CreationUtcTime'>2016-04-27 20:28:06.000</Data><Data Name='PreviousCreationUtcTime'>2019-07-24 18:04:39.573</Data></EventData></Event>
<Event xmlns='http://schemas.microsoft.com/win/2004/08/events/event'><System><Provider Name='Microsoft-Windows-Sysmon' Guid='{5770385F-C22A-43E0-BF4C-06F5698FFBD9}'/><EventID>11</EventID><Version>2</Version><Level>4</Level><Task>11</Task><Opcode>0</Opcode><Keywords>0x8000000000000000</Keywords><TimeCreated SystemTime='2019-07-24T18:04:39.583995300Z'/><EventRecordID>461</EventRecordID><Correlation/><Execution ProcessID='3324' ThreadID='3220'/><Channel>Microsoft-Windows-Sysmon/Operational</Channel><Computer>DESKTOP-FVSHABR</Computer><Security UserID='S-1-5-18'/></System><EventData><Data Name='RuleName'></Data><Data Name='UtcTime'>2019-07-24 18:04:39.583</Data><Data Name='ProcessGuid'>{87E8D3BD-9DB7-5D38-0000-001005841C00}</Data><Data Name='ProcessId'>3968</Data><Data Name='Image'>C:\Users\grapltest\Downloads\vc_redist.x64.exe</Data><Data Name='TargetFilename'>C:\Users\GRAPLT~1\AppData\Local\Temp\{2cbcedbb-f38c-48a3-a3e1-6c6fd821a7f4}\.ba1\1041\license.rtf</Data><Data Name='CreationUtcTime'>2019-07-24 18:04:39.582</Data></EventData></Event>
<Event xmlns='http://schemas.microsoft.com/win/2004/08/events/event'><System><Provider Name='Microsoft-Windows-Sysmon' Guid='{5770385F-C22A-43E0-BF4C-06F5698FFBD9}'/><EventID>2</EventID><Version>4</Version><Level>4</Level><Task>2</Task><Opcode>0</Opcode><Keywords>0x8000000000000000</Keywords><TimeCreated SystemTime='2019-07-24T18:04:39.584419600Z'/><EventRecordID>462</EventRecordID><Correlation/><Execution ProcessID='3324' ThreadID='3220'/><Channel>Microsoft-Windows-Sysmon/Operational</Channel><Computer>DESKTOP-FVSHABR</Computer><Security UserID='S-1-5-18'/></System><EventData><Data Name='RuleName'>T1099</Data><Data Name='UtcTime'>2019-07-24 18:04:39.583</Data><Data Name='ProcessGuid'>{87E8D3BD-9DB7-5D38-0000-001005841C00}</Data><Data Name='ProcessId'>3968</Data><Data Name='Image'>C:\Users\grapltest\Downloads\vc_redist.x64.exe</Data><Data Name='TargetFilename'>C:\Users\GRAPLT~1\AppData\Local\Temp\{2cbcedbb-f38c-48a3-a3e1-6c6fd821a7f4}\.ba1\1041\license.rtf</Data><Data Name='CreationUtcTime'>2016-04-27 20:28:06.000</Data><Data Name='PreviousCreationUtcTime'>2019-07-24 18:04:39.582</Data></EventData></Event>
<Event xmlns='http://schemas.microsoft.com/win/2004/08/events/event'><System><Provider Name='Microsoft-Windows-Sysmon' Guid='{5770385F-C22A-43E0-BF4C-06F5698FFBD9}'/><EventID>11</EventID><Version>2</Version><Level>4</Level><Task>11</Task><Opcode>0</Opcode><Keywords>0x8000000000000000</Keywords><TimeCreated SystemTime='2019-07-24T18:04:39.602249800Z'/><EventRecordID>463</EventRecordID><Correlation/><Execution ProcessID='3324' ThreadID='3220'/><Channel>Microsoft-Windows-Sysmon/Operational</Channel><Computer>DESKTOP-FVSHABR</Computer><Security UserID='S-1-5-18'/></System><EventData><Data Name='RuleName'></Data><Data Name='UtcTime'>2019-07-24 18:04:39.601</Data><Data Name='ProcessGuid'>{87E8D3BD-9DB7-5D38-0000-001005841C00}</Data><Data Name='ProcessId'>3968</Data><Data Name='Image'>C:\Users\grapltest\Downloads\vc_redist.x64.exe</Data><Data Name='TargetFilename'>C:\Users\GRAPLT~1\AppData\Local\Temp\{2cbcedbb-f38c-48a3-a3e1-6c6fd821a7f4}\.ba1\1042\license.rtf</Data><Data Name='CreationUtcTime'>2019-07-24 18:04:39.601</Data></EventData></Event>
<Event xmlns='http://schemas.microsoft.com/win/2004/08/events/event'><System><Provider Name='Microsoft-Windows-Sysmon' Guid='{5770385F-C22A-43E0-BF4C-06F5698FFBD9}'/><EventID>2</EventID><Version>4</Version><Level>4</Level><Task>2</Task><Opcode>0</Opcode><Keywords>0x8000000000000000</Keywords><TimeCreated SystemTime='2019-07-24T18:04:39.602702300Z'/><EventRecordID>464</EventRecordID><Correlation/><Execution ProcessID='3324' ThreadID='3220'/><Channel>Microsoft-Windows-Sysmon/Operational</Channel><Computer>DESKTOP-FVSHABR</Computer><Security UserID='S-1-5-18'/></System><EventData><Data Name='RuleName'>T1099</Data><Data Name='UtcTime'>2019-07-24 18:04:39.602</Data><Data Name='ProcessGuid'>{87E8D3BD-9DB7-5D38-0000-001005841C00}</Data><Data Name='ProcessId'>3968</Data><Data Name='Image'>C:\Users\grapltest\Downloads\vc_redist.x64.exe</Data><Data Name='TargetFilename'>C:\Users\GRAPLT~1\AppData\Local\Temp\{2cbcedbb-f38c-48a3-a3e1-6c6fd821a7f4}\.ba1\1042\license.rtf</Data><Data Name='CreationUtcTime'>2016-04-27 20:28:06.000</Data><Data Name='PreviousCreationUtcTime'>2019-07-24 18:04:39.601</Data></EventData></Event>
<Event xmlns='http://schemas.microsoft.com/win/2004/08/events/event'><System><Provider Name='Microsoft-Windows-Sysmon' Guid='{5770385F-C22A-43E0-BF4C-06F5698FFBD9}'/><EventID>11</EventID><Version>2</Version><Level>4</Level><Task>11</Task><Opcode>0</Opcode><Keywords>0x8000000000000000</Keywords><TimeCreated SystemTime='2019-07-24T18:04:39.615926300Z'/><EventRecordID>465</EventRecordID><Correlation/><Execution ProcessID='3324' ThreadID='3220'/><Channel>Microsoft-Windows-Sysmon/Operational</Channel><Computer>DESKTOP-FVSHABR</Computer><Security UserID='S-1-5-18'/></System><EventData><Data Name='RuleName'></Data><Data Name='UtcTime'>2019-07-24 18:04:39.614</Data><Data Name='ProcessGuid'>{87E8D3BD-9DB7-5D38-0000-001005841C00}</Data><Data Name='ProcessId'>3968</Data><Data Name='Image'>C:\Users\grapltest\Downloads\vc_redist.x64.exe</Data><Data Name='TargetFilename'>C:\Users\GRAPLT~1\AppData\Local\Temp\{2cbcedbb-f38c-48a3-a3e1-6c6fd821a7f4}\.ba1\1045\license.rtf</Data><Data Name='CreationUtcTime'>2019-07-24 18:04:39.614</Data></EventData></Event>
<Event xmlns='http://schemas.microsoft.com/win/2004/08/events/event'><System><Provider Name='Microsoft-Windows-Sysmon' Guid='{5770385F-C22A-43E0-BF4C-06F5698FFBD9}'/><EventID>2</EventID><Version>4</Version><Level>4</Level><Task>2</Task><Opcode>0</Opcode><Keywords>0x8000000000000000</Keywords><TimeCreated SystemTime='2019-07-24T18:04:39.616220100Z'/><EventRecordID>466</EventRecordID><Correlation/><Execution ProcessID='3324' ThreadID='3220'/><Channel>Microsoft-Windows-Sysmon/Operational</Channel><Computer>DESKTOP-FVSHABR</Computer><Security UserID='S-1-5-18'/></System><EventData><Data Name='RuleName'>T1099</Data><Data Name='UtcTime'>2019-07-24 18:04:39.615</Data><Data Name='ProcessGuid'>{87E8D3BD-9DB7-5D38-0000-001005841C00}</Data><Data Name='ProcessId'>3968</Data><Data Name='Image'>C:\Users\grapltest\Downloads\vc_redist.x64.exe</Data><Data Name='TargetFilename'>C:\Users\GRAPLT~1\AppData\Local\Temp\{2cbcedbb-f38c-48a3-a3e1-6c6fd821a7f4}\.ba1\1045\license.rtf</Data><Data Name='CreationUtcTime'>2016-04-27 20:28:06.000</Data><Data Name='PreviousCreationUtcTime'>2019-07-24 18:04:39.614</Data></EventData></Event>
<Event xmlns='http://schemas.microsoft.com/win/2004/08/events/event'><System><Provider Name='Microsoft-Windows-Sysmon' Guid='{5770385F-C22A-43E0-BF4C-06F5698FFBD9}'/><EventID>11</EventID><Version>2</Version><Level>4</Level><Task>11</Task><Opcode>0</Opcode><Keywords>0x8000000000000000</Keywords><TimeCreated SystemTime='2019-07-24T18:04:39.628712000Z'/><EventRecordID>467</EventRecordID><Correlation/><Execution ProcessID='3324' ThreadID='3220'/><Channel>Microsoft-Windows-Sysmon/Operational</Channel><Computer>DESKTOP-FVSHABR</Computer><Security UserID='S-1-5-18'/></System><EventData><Data Name='RuleName'></Data><Data Name='UtcTime'>2019-07-24 18:04:39.628</Data><Data Name='ProcessGuid'>{87E8D3BD-9DB7-5D38-0000-001005841C00}</Data><Data Name='ProcessId'>3968</Data><Data Name='Image'>C:\Users\grapltest\Downloads\vc_redist.x64.exe</Data><Data Name='TargetFilename'>C:\Users\GRAPLT~1\AppData\Local\Temp\{2cbcedbb-f38c-48a3-a3e1-6c6fd821a7f4}\.ba1\1046\license.rtf</Data><Data Name='CreationUtcTime'>2019-07-24 18:04:39.628</Data></EventData></Event>
<Event xmlns='http://schemas.microsoft.com/win/2004/08/events/event'><System><Provider Name='Microsoft-Windows-Sysmon' Guid='{5770385F-C22A-43E0-BF4C-06F5698FFBD9}'/><EventID>2</EventID><Version>4</Version><Level>4</Level><Task>2</Task><Opcode>0</Opcode><Keywords>0x8000000000000000</Keywords><TimeCreated SystemTime='2019-07-24T18:04:39.629256700Z'/><EventRecordID>468</EventRecordID><Correlation/><Execution ProcessID='3324' ThreadID='3220'/><Channel>Microsoft-Windows-Sysmon/Operational</Channel><Computer>DESKTOP-FVSHABR</Computer><Security UserID='S-1-5-18'/></System><EventData><Data Name='RuleName'>T1099</Data><Data Name='UtcTime'>2019-07-24 18:04:39.628</Data><Data Name='ProcessGuid'>{87E8D3BD-9DB7-5D38-0000-001005841C00}</Data><Data Name='ProcessId'>3968</Data><Data Name='Image'>C:\Users\grapltest\Downloads\vc_redist.x64.exe</Data><Data Name='TargetFilename'>C:\Users\GRAPLT~1\AppData\Local\Temp\{2cbcedbb-f38c-48a3-a3e1-6c6fd821a7f4}\.ba1\1046\license.rtf</Data><Data Name='CreationUtcTime'>2016-04-27 20:28:06.000</Data><Data Name='PreviousCreationUtcTime'>2019-07-24 18:04:39.628</Data></EventData></Event>
<Event xmlns='http://schemas.microsoft.com/win/2004/08/events/event'><System><Provider Name='Microsoft-Windows-Sysmon' Guid='{5770385F-C22A-43E0-BF4C-06F5698FFBD9}'/><EventID>11</EventID><Version>2</Version><Level>4</Level><Task>11</Task><Opcode>0</Opcode><Keywords>0x8000000000000000</Keywords><TimeCreated SystemTime='2019-07-24T18:04:39.642693400Z'/><EventRecordID>469</EventRecordID><Correlation/><Execution ProcessID='3324' ThreadID='3220'/><Channel>Microsoft-Windows-Sysmon/Operational</Channel><Computer>DESKTOP-FVSHABR</Computer><Security UserID='S-1-5-18'/></System><EventData><Data Name='RuleName'></Data><Data Name='UtcTime'>2019-07-24 18:04:39.642</Data><Data Name='ProcessGuid'>{87E8D3BD-9DB7-5D38-0000-001005841C00}</Data><Data Name='ProcessId'>3968</Data><Data Name='Image'>C:\Users\grapltest\Downloads\vc_redist.x64.exe</Data><Data Name='TargetFilename'>C:\Users\GRAPLT~1\AppData\Local\Temp\{2cbcedbb-f38c-48a3-a3e1-6c6fd821a7f4}\.ba1\1049\license.rtf</Data><Data Name='CreationUtcTime'>2019-07-24 18:04:39.641</Data></EventData></Event>
<Event xmlns='http://schemas.microsoft.com/win/2004/08/events/event'><System><Provider Name='Microsoft-Windows-Sysmon' Guid='{5770385F-C22A-43E0-BF4C-06F5698FFBD9}'/><EventID>2</EventID><Version>4</Version><Level>4</Level><Task>2</Task><Opcode>0</Opcode><Keywords>0x8000000000000000</Keywords><TimeCreated SystemTime='2019-07-24T18:04:39.643275900Z'/><EventRecordID>470</EventRecordID><Correlation/><Execution ProcessID='3324' ThreadID='3220'/><Channel>Microsoft-Windows-Sysmon/Operational</Channel><Computer>DESKTOP-FVSHABR</Computer><Security UserID='S-1-5-18'/></System><EventData><Data Name='RuleName'>T1099</Data><Data Name='UtcTime'>2019-07-24 18:04:39.642</Data><Data Name='ProcessGuid'>{87E8D3BD-9DB7-5D38-0000-001005841C00}</Data><Data Name='ProcessId'>3968</Data><Data Name='Image'>C:\Users\grapltest\Downloads\vc_redist.x64.exe</Data><Data Name='TargetFilename'>C:\Users\GRAPLT~1\AppData\Local\Temp\{2cbcedbb-f38c-48a3-a3e1-6c6fd821a7f4}\.ba1\1049\license.rtf</Data><Data Name='CreationUtcTime'>2016-05-04 04:25:04.000</Data><Data Name='PreviousCreationUtcTime'>2019-07-24 18:04:39.641</Data></EventData></Event>
<Event xmlns='http://schemas.microsoft.com/win/2004/08/events/event'><System><Provider Name='Microsoft-Windows-Sysmon' Guid='{5770385F-C22A-43E0-BF4C-06F5698FFBD9}'/><EventID>11</EventID><Version>2</Version><Level>4</Level><Task>11</Task><Opcode>0</Opcode><Keywords>0x8000000000000000</Keywords><TimeCreated SystemTime='2019-07-24T18:04:39.659463200Z'/><EventRecordID>471</EventRecordID><Correlation/><Execution ProcessID='3324' ThreadID='3220'/><Channel>Microsoft-Windows-Sysmon/Operational</Channel><Computer>DESKTOP-FVSHABR</Computer><Security UserID='S-1-5-18'/></System><EventData><Data Name='RuleName'></Data><Data Name='UtcTime'>2019-07-24 18:04:39.658</Data><Data Name='ProcessGuid'>{87E8D3BD-9DB7-5D38-0000-001005841C00}</Data><Data Name='ProcessId'>3968</Data><Data Name='Image'>C:\Users\grapltest\Downloads\vc_redist.x64.exe</Data><Data Name='TargetFilename'>C:\Users\GRAPLT~1\AppData\Local\Temp\{2cbcedbb-f38c-48a3-a3e1-6c6fd821a7f4}\.ba1\1055\license.rtf</Data><Data Name='CreationUtcTime'>2019-07-24 18:04:39.658</Data></EventData></Event>
<Event xmlns='http://schemas.microsoft.com/win/2004/08/events/event'><System><Provider Name='Microsoft-Windows-Sysmon' Guid='{5770385F-C22A-43E0-BF4C-06F5698FFBD9}'/><EventID>2</EventID><Version>4</Version><Level>4</Level><Task>2</Task><Opcode>0</Opcode><Keywords>0x8000000000000000</Keywords><TimeCreated SystemTime='2019-07-24T18:04:39.659721500Z'/><EventRecordID>472</EventRecordID><Correlation/><Execution ProcessID='3324' ThreadID='3220'/><Channel>Microsoft-Windows-Sysmon/Operational</Channel><Computer>DESKTOP-FVSHABR</Computer><Security UserID='S-1-5-18'/></System><EventData><Data Name='RuleName'>T1099</Data><Data Name='UtcTime'>2019-07-24 18:04:39.658</Data><Data Name='ProcessGuid'>{87E8D3BD-9DB7-5D38-0000-001005841C00}</Data><Data Name='ProcessId'>3968</Data><Data Name='Image'>C:\Users\grapltest\Downloads\vc_redist.x64.exe</Data><Data Name='TargetFilename'>C:\Users\GRAPLT~1\AppData\Local\Temp\{2cbcedbb-f38c-48a3-a3e1-6c6fd821a7f4}\.ba1\1055\license.rtf</Data><Data Name='CreationUtcTime'>2016-04-27 20:28:06.000</Data><Data Name='PreviousCreationUtcTime'>2019-07-24 18:04:39.658</Data></EventData></Event>
<Event xmlns='http://schemas.microsoft.com/win/2004/08/events/event'><System><Provider Name='Microsoft-Windows-Sysmon' Guid='{5770385F-C22A-43E0-BF4C-06F5698FFBD9}'/><EventID>11</EventID><Version>2</Version><Level>4</Level><Task>11</Task><Opcode>0</Opcode><Keywords>0x8000000000000000</Keywords><TimeCreated SystemTime='2019-07-24T18:04:39.673130500Z'/><EventRecordID>473</EventRecordID><Correlation/><Execution ProcessID='3324' ThreadID='3220'/><Channel>Microsoft-Windows-Sysmon/Operational</Channel><Computer>DESKTOP-FVSHABR</Computer><Security UserID='S-1-5-18'/></System><EventData><Data Name='RuleName'></Data><Data Name='UtcTime'>2019-07-24 18:04:39.672</Data><Data Name='ProcessGuid'>{87E8D3BD-9DB7-5D38-0000-001005841C00}</Data><Data Name='ProcessId'>3968</Data><Data Name='Image'>C:\Users\grapltest\Downloads\vc_redist.x64.exe</Data><Data Name='TargetFilename'>C:\Users\GRAPLT~1\AppData\Local\Temp\{2cbcedbb-f38c-48a3-a3e1-6c6fd821a7f4}\.ba1\2052\license.rtf</Data><Data Name='CreationUtcTime'>2019-07-24 18:04:39.671</Data></EventData></Event>
<Event xmlns='http://schemas.microsoft.com/win/2004/08/events/event'><System><Provider Name='Microsoft-Windows-Sysmon' Guid='{5770385F-C22A-43E0-BF4C-06F5698FFBD9}'/><EventID>2</EventID><Version>4</Version><Level>4</Level><Task>2</Task><Opcode>0</Opcode><Keywords>0x8000000000000000</Keywords><TimeCreated SystemTime='2019-07-24T18:04:39.673806900Z'/><EventRecordID>474</EventRecordID><Correlation/><Execution ProcessID='3324' ThreadID='3220'/><Channel>Microsoft-Windows-Sysmon/Operational</Channel><Computer>DESKTOP-FVSHABR</Computer><Security UserID='S-1-5-18'/></System><EventData><Data Name='RuleName'>T1099</Data><Data Name='UtcTime'>2019-07-24 18:04:39.672</Data><Data Name='ProcessGuid'>{87E8D3BD-9DB7-5D38-0000-001005841C00}</Data><Data Name='ProcessId'>3968</Data><Data Name='Image'>C:\Users\grapltest\Downloads\vc_redist.x64.exe</Data><Data Name='TargetFilename'>C:\Users\GRAPLT~1\AppData\Local\Temp\{2cbcedbb-f38c-48a3-a3e1-6c6fd821a7f4}\.ba1\2052\license.rtf</Data><Data Name='CreationUtcTime'>2016-04-27 20:28:06.000</Data><Data Name='PreviousCreationUtcTime'>2019-07-24 18:04:39.671</Data></EventData></Event>
<Event xmlns='http://schemas.microsoft.com/win/2004/08/events/event'><System><Provider Name='Microsoft-Windows-Sysmon' Guid='{5770385F-C22A-43E0-BF4C-06F5698FFBD9}'/><EventID>11</EventID><Version>2</Version><Level>4</Level><Task>11</Task><Opcode>0</Opcode><Keywords>0x8000000000000000</Keywords><TimeCreated SystemTime='2019-07-24T18:04:39.684985300Z'/><EventRecordID>475</EventRecordID><Correlation/><Execution ProcessID='3324' ThreadID='3220'/><Channel>Microsoft-Windows-Sysmon/Operational</Channel><Computer>DESKTOP-FVSHABR</Computer><Security UserID='S-1-5-18'/></System><EventData><Data Name='RuleName'></Data><Data Name='UtcTime'>2019-07-24 18:04:39.683</Data><Data Name='ProcessGuid'>{87E8D3BD-9DB7-5D38-0000-001005841C00}</Data><Data Name='ProcessId'>3968</Data><Data Name='Image'>C:\Users\grapltest\Downloads\vc_redist.x64.exe</Data><Data Name='TargetFilename'>C:\Users\GRAPLT~1\AppData\Local\Temp\{2cbcedbb-f38c-48a3-a3e1-6c6fd821a7f4}\.ba1\3082\license.rtf</Data><Data Name='CreationUtcTime'>2019-07-24 18:04:39.683</Data></EventData></Event>
