<Event xmlns='http://schemas.microsoft.com/win/2004/08/events/event'><System><Provider Name='Microsoft-Windows-Sysmon' Guid='{5770385F-C22A-43E0-BF4C-06F5698FFBD9}'/><EventID>13</EventID><Version>2</Version><Level>4</Level><Task>13</Task><Opcode>0</Opcode><Keywords>0x8000000000000000</Keywords><TimeCreated SystemTime='2019-07-24T17:57:31.809160200Z'/><EventRecordID>358</EventRecordID><Correlation/><Execution ProcessID='3324' ThreadID='3220'/><Channel>Microsoft-Windows-Sysmon/Operational</Channel><Computer>DESKTOP-FVSHABR</Computer><Security UserID='S-1-5-18'/></System><EventData><Data Name='RuleName'>T1031,T1050</Data><Data Name='EventType'>SetValue</Data><Data Name='UtcTime'>2019-07-24 17:57:31.707</Data><Data Name='ProcessGuid'>{87E8D3BD-998D-5D38-0000-001098B80000}</Data><Data Name='ProcessId'>896</Data><Data Name='Image'>C:\Windows\System32\svchost.exe</Data><Data Name='TargetObject'>HKLM\System\CurrentControlSet\Control\WMI\AutoLogger\EventLog-Application\Start</Data><Data Name='Details'>DWORD (0x00000001)</Data></EventData></Event>
<Event xmlns='http://schemas.microsoft.com/win/2004/08/events/event'><System><Provider Name='Microsoft-Windows-Sysmon' Guid='{5770385F-C22A-43E0-BF4C-06F5698FFBD9}'/><EventID>13</EventID><Version>2</Version><Level>4</Level><Task>13</Task><Opcode>0</Opcode><Keywords>0x8000000000000000</Keywords><TimeCreated SystemTime='2019-07-24T17:57:31.817371500Z'/><EventRecordID>359</EventRecordID><Correlation/><Execution ProcessID='3324' ThreadID='3220'/><Channel>Microsoft-Windows-Sysmon/Operational</Channel><Computer>DESKTOP-FVSHABR</Computer><Security UserID='S-1-5-18'/></System><EventData><Data Name='RuleName'>T1031,T1050</Data><Data Name='EventType'>SetValue</Data><Data Name='UtcTime'>2019-07-24 17:57:31.723</Data><Data Name='ProcessGuid'>{87E8D3BD-998D-5D38-0000-001098B80000}</Data><Data Name='ProcessId'>896</Data><Data Name='Image'>C:\Windows\System32\svchost.exe</Data><Data Name='TargetObject'>HKLM\System\CurrentControlSet\Control\WMI\AutoLogger\EventLog-Security\Start</Data><Data Name='Details'>DWORD (0x00000001)</Data></EventData></Event>
<Event xmlns='http://schemas.microsoft.com/win/2004/08/events/event'><System><Provider Name='Microsoft-Windows-Sysmon' Guid='{5770385F-C22A-43E0-BF4C-06F5698FFBD9}'/><EventID>13</EventID><Version>2</Version><Level>4</Level><Task>13</Task><Opcode>0</Opcode><Keywords>0x8000000000000000</Keywords><TimeCreated SystemTime='2019-07-24T17:57:31.826143900Z'/><EventRecordID>360</EventRecordID><Correlation/><Execution ProcessID='3324' ThreadID='3220'/><Channel>Microsoft-Windows-Sysmon/Operational</Channel><Computer>DESKTOP-FVSHABR</Computer><Security UserID='S-1-5-18'/></System><EventData><Data Name='RuleName'>T1031,T1050</Data><Data Name='EventType'>SetValue</Data><Data Name='UtcTime'>2019-07-24 17:57:31.739</Data><Data Name='ProcessGuid'>{87E8D3BD-998D-5D38-0000-001098B80000}</Data><Data Name='ProcessId'>896</Data><Data Name='Image'>C:\Windows\System32\svchost.exe</Data><Data Name='TargetObject'>HKLM\System\CurrentControlSet\Control\WMI\AutoLogger\EventLog-System\Start</Data><Data Name='Details'>DWORD (0x00000001)</Data></EventData></Event>
<Event xmlns='http://schemas.microsoft.com/win/2004/08/events/event'><System><Provider Name='Microsoft-Windows-Sysmon' Guid='{5770385F-C22A-43E0-BF4C-06F5698FFBD9}'/><EventID>5</EventID><Version>3</Version><Level>4</Level><Task>5</Task><Opcode>0</Opcode><Keywords>0x8000000000000000</Keywords><TimeCreated SystemTime='2019-07-24T17:57:31.828677800Z'/><EventRecordID>361</EventRecordID><Correlation/><Execution ProcessID='3324' ThreadID='3220'/><Channel>Microsoft-Windows-Sysmon/Operational</Channel><Computer>DESKTOP-FVSHABR</Computer><Security UserID='S-1-5-18'/></System><EventData><Data Name='RuleName'></Data><Data Name='UtcTime'>2019-07-24 17:57:31.739</Data><Data Name='ProcessGuid'>{87E8D3BD-9C02-5D38-0000-001072AC0F00}</Data><Data Name='ProcessId'>3720</Data><Data Name='Image'>C:\Users\GRAPLT~1\AppData\Local\Temp\CR_9D6CA.tmp\setup.exe</Data></EventData></Event>
<Event xmlns='http://schemas.microsoft.com/win/2004/08/events/event'><System><Provider Name='Microsoft-Windows-Sysmon' Guid='{5770385F-C22A-43E0-BF4C-06F5698FFBD9}'/><EventID>5</EventID><Version>3</Version><Level>4</Level><Task>5</Task><Opcode>0</Opcode><Keywords>0x8000000000000000</Keywords><TimeCreated SystemTime='2019-07-24T17:57:31.828931000Z'/><EventRecordID>362</EventRecordID><Correlation/><Execution ProcessID='3324' ThreadID='3220'/><Channel>Microsoft-Windows-Sysmon/Operational</Channel><Computer>DESKTOP-FVSHABR</Computer><Security UserID='S-1-5-18'/></System><EventData><Data Name='RuleName'></Data><Data Name='UtcTime'>2019-07-24 17:57:31.754</Data><Data Name='ProcessGuid'>{87E8D3BD-9C02-5D38-0000-0010CDAE0F00}</Data><Data Name='ProcessId'>2820</Data><Data Name='Image'>C:\Users\GRAPLT~1\AppData\Local\Temp\CR_9D6CA.tmp\setup.exe</Data></EventData></Event>
<Event xmlns='http://schemas.microsoft.com/win/2004/08/events/event'><System><Provider Name='Microsoft-Windows-Sysmon' Guid='{5770385F-C22A-43E0-BF4C-06F5698FFBD9}'/><EventID>1</EventID><Version>5</Version><Level>4</Level><Task>1</Task><Opcode>0</Opcode><Keywords>0x8000000000000000</Keywords><TimeCreated SystemTime='2019-07-24T17:57:31.838575000Z'/><EventRecordID>363</EventRecordID><Correlation/><Execution ProcessID='3324' ThreadID='3220'/><Channel>Microsoft-Windows-Sysmon/Operational</Channel><Computer>DESKTOP-FVSHABR</Computer><Security UserID='S-1-5-18'/></System><EventData><Data Name='RuleName'></Data><Data Name='UtcTime'>2019-07-24 17:57:31.761</Data><Data Name='ProcessGuid'>{87E8D3BD-9C0B-5D38-0000-0010FEFF0F00}</Data><Data Name='ProcessId'>1104</Data><Data Name='Image'>C:\Program Files (x86)\Google\Update\1.3.34.11\GoogleCrashHandler.exe</Data><Data Name='FileVersion'>1.3.34.11</Data><Data Name='Description'>Google Crash Handler</Data><Data Name='Product'>Google Update</Data><Data Name='Company'>Google LLC</Data><Data Name='OriginalFileName'>GoogleUpdate.exe</Data><Data Name='CommandLine'>"C:\Program Files (x86)\Google\Update\1.3.34.11\GoogleCrashHandler.exe"</Data><Data Name='CurrentDirectory'>C:\Program Files (x86)\Google\Update\1.3.34.11\</Data><Data Name='User'>NT AUTHORITY\SYSTEM</Data><Data Name='LogonGuid'>{87E8D3BD-998D-5D38-0000-0020E7030000}</Data><Data Name='LogonId'>0x3e7</Data><Data Name='TerminalSessionId'>0</Data><Data Name='IntegrityLevel'>System</Data><Data Name='Hashes'>MD5=A2D8BEF0CCA959E4BEB16DE982E3771C,SHA256=AFF4F2D3049B10893265524F4F1EEB297A60A9414F80EA3695BF1C58DE2BC43D</Data><Data Name='ParentProcessGuid'>{87E8D3BD-9BF8-5D38-0000-0010173C0F00}</Data><Data Name='ParentProcessId'>4820</Data><Data Name='ParentImage'>C:\Program Files (x86)\Google\Update\GoogleUpdate.exe</Data><Data Name='ParentCommandLine'>"C:\Program Files (x86)\Google\Update\GoogleUpdate.exe" /svc</Data></EventData></Event>
<Event xmlns='http://schemas.microsoft.com/win/2004/08/events/event'><System><Provider Name='Microsoft-Windows-Sysmon' Guid='{5770385F-C22A-43E0-BF4C-06F5698FFBD9}'/><EventID>1</EventID><Version>5</Version><Level>4</Level><Task>1</Task><Opcode>0</Opcode><Keywords>0x8000000000000000</Keywords><TimeCreated SystemTime='2019-07-24T17:57:31.840015500Z'/><EventRecordID>364</EventRecordID><Correlation/><Execution ProcessID='3324' ThreadID='3220'/><Channel>Microsoft-Windows-Sysmon/Operational</Channel><Computer>DESKTOP-FVSHABR</Computer><Security UserID='S-1-5-18'/></System><EventData><Data Name='RuleName'></Data><Data Name='UtcTime'>2019-07-24 17:57:31.775</Data><Data Name='ProcessGuid'>{87E8D3BD-9C0B-5D38-0000-0010CB001000}</Data><Data Name='ProcessId'>4208</Data><Data Name='Image'>C:\Program Files (x86)\Google\Update\1.3.34.11\GoogleCrashHandler64.exe</Data><Data Name='FileVersion'>1.3.34.11</Data><Data Name='Description'>Google Crash Handler</Data><Data Name='Product'>Google Update</Data><Data Name='Company'>Google LLC</Data><Data Name='OriginalFileName'>GoogleUpdate.exe</Data><Data Name='CommandLine'>"C:\Program Files (x86)\Google\Update\1.3.34.11\GoogleCrashHandler64.exe"</Data><Data Name='CurrentDirectory'>C:\Program Files (x86)\Google\Update\1.3.34.11\</Data><Data Name='User'>NT AUTHORITY\SYSTEM</Data><Data Name='LogonGuid'>{87E8D3BD-998D-5D38-0000-0020E7030000}</Data><Data Name='LogonId'>0x3e7</Data><Data Name='TerminalSessionId'>0</Data><Data Name='IntegrityLevel'>System</Data><Data Name='Hashes'>MD5=30C7CBCED8E3689E30299CABAD4B9AC7,SHA256=296F1BC3A9E0210ADA077895DEAFB9969AA8073189F1F3EB0736E9E87D17BB05</Data><Data Name='ParentProcessGuid'>{87E8D3BD-9BF8-5D38-0000-0010173C0F00}</Data><Data Name='ParentProcessId'>4820</Data><Data Name='ParentImage'>C:\Program Files (x86)\Google\Update\GoogleUpdate.exe</Data><Data Name='ParentCommandLine'>"C:\Program Files (x86)\Google\Update\GoogleUpdate.exe" /svc</Data></EventData></Event>
<Event xmlns='http://schemas.microsoft.com/win/2004/08/events/event'><System><Provider Name='Microsoft-Windows-Sysmon' Guid='{5770385F-C22A-43E0-BF4C-06F5698FFBD9}'/><EventID>1</EventID><Version>5</Version><Level>4</Level><Task>1</Task><Opcode>0</Opcode><Keywords>0x8000000000000000</Keywords><TimeCreated SystemTime='2019-07-24T17:57:31.859960600Z'/><EventRecordID>365</EventRecordID><Correlation/><Execution ProcessID='3324' ThreadID='3220'/><Channel>Microsoft-Windows-Sysmon/Operational</Channel><Computer>DESKTOP-FVSHABR</Computer><Security UserID='S-1-5-18'/></System><EventData><Data Name='RuleName'></Data><Data Name='UtcTime'>2019-07-24 17:57:31.828</Data><Data Name='ProcessGuid'>{87E8D3BD-9C0B-5D38-0000-001062071000}</Data><Data Name='ProcessId'>2996</Data><Data Name='Image'>C:\Program Files (x86)\Google\Update\1.3.34.11\GoogleUpdateOnDemand.exe</Data><Data Name='FileVersion'>1.3.34.11</Data><Data Name='Description'>Google Update</Data><Data Name='Product'>Google Update</Data><Data Name='Company'>Google LLC</Data><Data Name='OriginalFileName'>goopdate.dll</Data><Data Name='CommandLine'>"C:\Program Files (x86)\Google\Update\1.3.34.11\GoogleUpdateOnDemand.exe" -Embedding</Data><Data Name='CurrentDirectory'>C:\Windows\system32\</Data><Data Name='User'>DESKTOP-FVSHABR\grapltest</Data><Data Name='LogonGuid'>{87E8D3BD-99C8-5D38-0000-002088140200}</Data><Data Name='LogonId'>0x21488</Data><Data Name='TerminalSessionId'>1</Data><Data Name='IntegrityLevel'>Medium</Data><Data Name='Hashes'>MD5=597CB67524C8E93909696845D60A1647,SHA256=68F5E571FA04F07B33B82C2F7E4354DEC80F037CCF419722C26FE091F649AD39</Data><Data Name='ParentProcessGuid'>{87E8D3BD-998D-5D38-0000-00100D560000}</Data><Data Name='ParentProcessId'>668</Data><Data Name='ParentImage'>C:\Windows\System32\svchost.exe</Data><Data Name='ParentCommandLine'>C:\Windows\system32\svchost.exe -k DcomLaunch</Data></EventData></Event>
<Event xmlns='http://schemas.microsoft.com/win/2004/08/events/event'><System><Provider Name='Microsoft-Windows-Sysmon' Guid='{5770385F-C22A-43E0-BF4C-06F5698FFBD9}'/><EventID>1</EventID><Version>5</Version><Level>4</Level><Task>1</Task><Opcode>0</Opcode><Keywords>0x8000000000000000</Keywords><TimeCreated SystemTime='2019-07-24T17:57:31.862765300Z'/><EventRecordID>366</EventRecordID><Correlation/><Execution ProcessID='3324' ThreadID='3220'/><Channel>Microsoft-Windows-Sysmon/Operational</Channel><Computer>DESKTOP-FVSHABR</Computer><Security UserID='S-1-5-18'/></System><EventData><Data Name='RuleName'></Data><Data Name='UtcTime'>2019-07-24 17:57:31.845</Data><Data Name='ProcessGuid'>{87E8D3BD-9C0B-5D38-0000-0010630B1000}</Data><Data Name='ProcessId'>3596</Data><Data Name='Image'>C:\Program Files (x86)\Google\Update\GoogleUpdate.exe</Data><Data Name='FileVersion'>1.3.34.11</Data><Data Name='Description'>Google Installer</Data><Data Name='Product'>Google Update</Data><Data Name='Company'>Google LLC</Data><Data Name='OriginalFileName'>GoogleUpdate.exe</Data><Data Name='CommandLine'>"C:\Program Files (x86)\Google\Update\GoogleUpdate.exe" /ondemand </Data><Data Name='CurrentDirectory'>C:\Windows\system32\</Data><Data Name='User'>DESKTOP-FVSHABR\grapltest</Data><Data Name='LogonGuid'>{87E8D3BD-99C8-5D38-0000-002088140200}</Data><Data Name='LogonId'>0x21488</Data><Data Name='TerminalSessionId'>1</Data><Data Name='IntegrityLevel'>Medium</Data><Data Name='Hashes'>MD5=82F657B0AEE67A6A560321CF0927F9F7,SHA256=794CF7644115198DB451431BCA7C89FF9A97550482B1E3F7F13EB7ACA6120A11</Data><Data Name='ParentProcessGuid'>{87E8D3BD-9C0B-5D38-0000-001062071000}</Data><Data Name='ParentProcessId'>2996</Data><Data Name='ParentImage'>C:\Program Files (x86)\Google\Update\1.3.34.11\GoogleUpdateOnDemand.exe</Data><Data Name='ParentCommandLine'>"C:\Program Files (x86)\Google\Update\1.3.34.11\GoogleUpdateOnDemand.exe" -Embedding</Data></EventData></Event>
<Event xmlns='http://schemas.microsoft.com/win/2004/08/events/event'><System><Provider Name='Microsoft-Windows-Sysmon' Guid='{5770385F-C22A-43E0-BF4C-06F5698FFBD9}'/><EventID>1</EventID><Version>5</Version><Level>4</Level><Task>1</Task><Opcode>0</Opcode><Keywords>0x8000000000000000</Keywords><TimeCreated SystemTime='2019-07-24T17:57:31.864950200Z'/><EventRecordID>367</EventRecordID><Correlation/><Execution ProcessID='3324' ThreadID='3220'/><Channel>Microsoft-Windows-Sysmon/Operational</Channel><Computer>DESKTOP-FVSHABR</Computer><Security UserID='S-1-5-18'/></System><EventData><Data Name='RuleName'></Data><Data Name='UtcTime'>2019-07-24 17:57:31.853</Data><Data Name='ProcessGuid'>{87E8D3BD-9C0B-5D38-0000-0010730D1000}</Data><Data Name='ProcessId'>1672</Data><Data Name='Image'>C:\Program Files (x86)\Google\Update\GoogleUpdate.exe</Data><Data Name='FileVersion'>1.3.34.11</Data><Data Name='Description'>Google Installer</Data><Data Name='Product'>Google Update</Data><Data Name='Company'>Google LLC</Data><Data Name='OriginalFileName'>GoogleUpdate.exe</Data><Data Name='CommandLine'>"C:\Program Files (x86)\Google\Update\GoogleUpdate.exe" /ping PD94bWwgdmVyc2lvbj0iMS4wIiBlbmNvZGluZz0iVVRGLTgiPz48cmVxdWVzdCBwcm90b2NvbD0iMy4wIiB1cGRhdGVyPSJPbWFoYSIgdXBkYXRlcnZlcnNpb249IjEuMy4zNC4xMSIgc2hlbGxfdmVyc2lvbj0iMS4zLjM0LjExIiBpc21hY2hpbmU9IjEiIHNlc3Npb25pZD0ie0FENkI2REFGLUNGNjItNEQ2OC1CQkZELTk0N0JDRUM2NDM0MH0iIHVzZXJpZD0iezg4OUZFMkM2LUE3ODYtNDk5QS1BMDNELTNEQjUyMjA0OURDRX0iIGluc3RhbGxzb3VyY2U9InRhZ2dlZG1pIiByZXF1ZXN0aWQ9IntCMTc1OEJGNC1CNEQyLTQ0N0EtOTI4Qi1GQzRBRDYxRDA3OTd9IiBkZWR1cD0iY3IiIGRvbWFpbmpvaW5lZD0iMCI-PGh3IHBoeXNtZW1vcnk9IjQiIHNzZT0iMSIgc3NlMj0iMSIgc3NlMz0iMSIgc3NzZTM9IjEiIHNzZTQxPSIxIiBzc2U0Mj0iMSIgYXZ4PSIxIi8-PG9zIHBsYXRmb3JtPSJ3aW4iIHZlcnNpb249IjEwLjAuMTAyNDAuMTYzODQiIHNwPSIiIGFyY2g9Ing2NCIvPjxhcHAgYXBwaWQ9Ins4QTY5RDM0NS1ENTY0LTQ2M0MtQUZGMS1BNjlEOUU1MzBGOTZ9IiB2ZXJzaW9uPSIiIG5leHR2ZXJzaW9uPSI3NS4wLjM3NzAuMTQyIiBhcD0ieDY0LXN0YWJsZS1zdGF0c2RlZl8xIiBsYW5nPSJlbiIgYnJhbmQ9IkNIQkYiIGNsaWVudD0iIiBpbnN0YWxsYWdlPSItMSIgaW5zdGFsbGRhdGU9Ii0xIiBpaWQ9IntGMjc4MjI3Ni03MDg1LTlFQzktQjgyQy00QjkxREYyMjdGOEZ9IiBjb2hvcnQ9IjE6Z3UvaTE5OiIgY29ob3J0bmFtZT0iU3RhYmxlIEluc3RhbGxzIE9ubHkiPjxldmVudCBldmVudHR5cGU9IjkiIGV2ZW50cmVzdWx0PSIxIiBlcnJvcmNvZGU9IjAiIGV4dHJhY29kZTE9IjAiLz48ZXZlbnQgZXZlbnR0eXBlPSI1IiBldmVudHJlc3VsdD0iMSIgZXJyb3Jjb2RlPSIwIiBleHRyYWNvZGUxPSIwIi8-PGV2ZW50IGV2ZW50dHlwZT0iMSIgZXZlbnRyZXN1bHQ9IjEiIGVycm9yY29kZT0iMCIgZXh0cmFjb2RlMT0iMCIgZG93bmxvYWRlcj0iYml0cyIgdXJsPSJodHRwOi8vcmVkaXJlY3Rvci5ndnQxLmNvbS9lZGdlZGwvcmVsZWFzZTIvY2hyb21lL0FKNmlXV0ljeWg5WV83NS4wLjM3NzAuMTQyLzc1LjAuMzc3MC4xNDJfY2hyb21lX2luc3RhbGxlci5leGUiIGRvd25sb2FkZWQ9IjU2OTg5NDQwIiB0b3RhbD0iNTY5ODk0NDAiIGRvd25sb2FkX3RpbWVfbXM9Ijc4NzUiLz48ZXZlbnQgZXZlbnR0eXBlPSIxIiBldmVudHJlc3VsdD0iMSIgZXJyb3Jjb2RlPSIwIiBleHRyYWNvZGUxPSIwIi8-PGV2ZW50IGV2ZW50dHlwZT0iNiIgZXZlbnRyZXN1bHQ9IjEiIGVycm9yY29kZT0iMCIgZXh0cmFjb2RlMT0iMCIvPjxldmVudCBldmVudHR5cGU9IjIiIGV2ZW50cmVzdWx0PSIxIiBlcnJvcmNvZGU9IjAiIGV4dHJhY29kZTE9IjAiIHNvdXJjZV91cmxfaW5kZXg9IjAiIHVwZGF0ZV9jaGVja190aW1lX21zPSIyNDkiIGRvd25sb2FkX3RpbWVfbXM9Ijg0MDYiIGRvd25sb2FkZWQ9IjU2OTg5NDQwIiB0b3RhbD0iNTY5ODk0NDAiIGluc3RhbGxfdGltZV9tcz0iOTczMyIvPjxkYXRhIG5hbWU9Imluc3RhbGwiIGluZGV4PSJlbXB0eSIvPjwvYXBwPjwvcmVxdWVzdD4</Data><Data Name='CurrentDirectory'>C:\Program Files (x86)\Google\Update\1.3.34.11\</Data><Data Name='User'>NT AUTHORITY\SYSTEM</Data><Data Name='LogonGuid'>{87E8D3BD-998D-5D38-0000-0020E7030000}</Data><Data Name='LogonId'>0x3e7</Data><Data Name='TerminalSessionId'>0</Data><Data Name='IntegrityLevel'>System</Data><Data Name='Hashes'>MD5=82F657B0AEE67A6A560321CF0927F9F7,SHA256=794CF7644115198DB451431BCA7C89FF9A97550482B1E3F7F13EB7ACA6120A11</Data><Data Name='ParentProcessGuid'>{87E8D3BD-9BF8-5D38-0000-0010173C0F00}</Data><Data Name='ParentProcessId'>4820</Data><Data Name='ParentImage'>C:\Program Files (x86)\Google\Update\GoogleUpdate.exe</Data><Data Name='ParentCommandLine'>"C:\Program Files (x86)\Google\Update\GoogleUpdate.exe" /svc</Data></EventData></Event>
<Event xmlns='http://schemas.microsoft.com/win/2004/08/events/event'><System><Provider Name='Microsoft-Windows-Sysmon' Guid='{5770385F-C22A-43E0-BF4C-06F5698FFBD9}'/><EventID>1</EventID><Version>5</Version><Level>4</Level><Task>1</Task><Opcode>0</Opcode><Keywords>0x8000000000000000</Keywords><TimeCreated SystemTime='2019-07-24T17:57:31.902944600Z'/><EventRecordID>368</EventRecordID><Correlation/><Execution ProcessID='3324' ThreadID='3220'/><Channel>Microsoft-Windows-Sysmon/Operational</Channel><Computer>DESKTOP-FVSHABR</Computer><Security UserID='S-1-5-18'/></System><EventData><Data Name='RuleName'></Data><Data Name='UtcTime'>2019-07-24 17:57:31.889</Data><Data Name='ProcessGuid'>{87E8D3BD-9C0B-5D38-0000-00101E161000}</Data><Data Name='ProcessId'>4760</Data><Data Name='Image'>C:\Program Files (x86)\Google\Chrome\Application\chrome.exe</Data><Data Name='FileVersion'>75.0.3770.142</Data><Data Name='Description'>Google Chrome</Data><Data Name='Product'>Google Chrome</Data><Data Name='Company'>Google LLC</Data><Data Name='OriginalFileName'>chrome.exe</Data><Data Name='CommandLine'>"C:\Program Files (x86)\Google\Chrome\Application\chrome.exe"</Data><Data Name='CurrentDirectory'>C:\Program Files (x86)\Google\Update\1.3.34.11\</Data><Data Name='User'>DESKTOP-FVSHABR\grapltest</Data><Data Name='LogonGuid'>{87E8D3BD-99C8-5D38-0000-002088140200}</Data><Data Name='LogonId'>0x21488</Data><Data Name='TerminalSessionId'>1</Data><Data Name='IntegrityLevel'>Medium</Data><Data Name='Hashes'>MD5=3208EA1BB78CA077A8F9BFF22FE89614,SHA256=2AD6823E4ED4920385A098F4510975B28C24DF80F1A22F677A6067D84657A5F1</Data><Data Name='ParentProcessGuid'>{87E8D3BD-9C0B-5D38-0000-0010630B1000}</Data><Data Name='ParentProcessId'>3596</Data><Data Name='ParentImage'>C:\Program Files (x86)\Google\Update\GoogleUpdate.exe</Data><Data Name='ParentCommandLine'>"C:\Program Files (x86)\Google\Update\GoogleUpdate.exe" /ondemand </Data></EventData></Event>
<Event xmlns='http://schemas.microsoft.com/win/2004/08/events/event'><System><Provider Name='Microsoft-Windows-Sysmon' Guid='{5770385F-C22A-43E0-BF4C-06F5698FFBD9}'/><EventID>5</EventID><Version>3</Version><Level>4</Level><Task>5</Task><Opcode>0</Opcode><Keywords>0x8000000000000000</Keywords><TimeCreated SystemTime='2019-07-24T17:57:31.990478700Z'/><EventRecordID>369</EventRecordID><Correlation/><Execution ProcessID='3324' ThreadID='3220'/><Channel>Microsoft-Windows-Sysmon/Operational</Channel><Computer>DESKTOP-FVSHABR</Computer><Security UserID='S-1-5-18'/></System><EventData><Data Name='RuleName'></Data><Data Name='UtcTime'>2019-07-24 17:57:31.989</Data><Data Name='ProcessGuid'>{87E8D3BD-9BF4-5D38-0000-0010BFC30E00}</Data><Data Name='ProcessId'>4532</Data><Data Name='Image'>C:\Users\GRAPLT~1\AppData\Local\Temp\GUM5F89.tmp\GoogleUpdateSetup.exe</Data></EventData></Event>
<Event xmlns='http://schemas.microsoft.com/win/2004/08/events/event'><System><Provider Name='Microsoft-Windows-Sysmon' Guid='{5770385F-C22A-43E0-BF4C-06F5698FFBD9}'/><EventID>5</EventID><Version>3</Version><Level>4</Level><Task>5</Task><Opcode>0</Opcode><Keywords>0x8000000000000000</Keywords><TimeCreated SystemTime='2019-07-24T17:57:31.997601200Z'/><EventRecordID>370</EventRecordID><Correlation/><Execution ProcessID='3324' ThreadID='3220'/><Channel>Microsoft-Windows-Sysmon/Operational</Channel><Computer>DESKTOP-FVSHABR</Computer><Security UserID='S-1-5-18'/></System><EventData><Data Name='RuleName'></Data><Data Name='UtcTime'>2019-07-24 17:57:31.989</Data><Data Name='ProcessGuid'>{87E8D3BD-9BF1-5D38-0000-0010159E0E00}</Data><Data Name='ProcessId'>4812</Data><Data Name='Image'>C:\Users\GRAPLT~1\AppData\Local\Temp\GUM5F89.tmp\GoogleUpdate.exe</Data></EventData></Event>
<Event xmlns='http://schemas.microsoft.com/win/2004/08/events/event'><System><Provider Name='Microsoft-Windows-Sysmon' Guid='{5770385F-C22A-43E0-BF4C-06F5698FFBD9}'/><EventID>5</EventID><Version>3</Version><Level>4</Level><Task>5</Task><Opcode>0</Opcode><Keywords>0x8000000000000000</Keywords><TimeCreated SystemTime='2019-07-24T17:57:32.079176700Z'/><EventRecordID>371</EventRecordID><Correlation/><Execution ProcessID='3324' ThreadID='3220'/><Channel>Microsoft-Windows-Sysmon/Operational</Channel><Computer>DESKTOP-FVSHABR</Computer><Security UserID='S-1-5-18'/></System><EventData><Data Name='RuleName'></Data><Data Name='UtcTime'>2019-07-24 17:57:32.067</Data><Data Name='ProcessGuid'>{87E8D3BD-9BF0-5D38-0000-0010C48E0E00}</Data><Data Name='ProcessId'>3696</Data><Data Name='Image'>C:\Users\grapltest\Downloads\ChromeSetup.exe</Data></EventData></Event>
<Event xmlns='http://schemas.microsoft.com/win/2004/08/events/event'><System><Provider Name='Microsoft-Windows-Sysmon' Guid='{5770385F-C22A-43E0-BF4C-06F5698FFBD9}'/><EventID>12</EventID><Version>2</Version><Level>4</Level><Task>12</Task><Opcode>0</Opcode><Keywords>0x8000000000000000</Keywords><TimeCreated SystemTime='2019-07-24T17:57:32.354110900Z'/><EventRecordID>372</EventRecordID><Correlation/><Execution ProcessID='3324' ThreadID='3220'/><Channel>Microsoft-Windows-Sysmon/Operational</Channel><Computer>DESKTOP-FVSHABR</Computer><Security UserID='S-1-5-18'/></System><EventData><Data Name='RuleName'></Data><Data Name='EventType'>CreateKey</Data><Data Name='UtcTime'>2019-07-24 17:57:32.333</Data><Data Name='ProcessGuid'>{87E8D3BD-99C8-5D38-0000-0010583C0200}</Data><Data Name='ProcessId'>3064</Data><Data Name='Image'>C:\Windows\Explorer.EXE</Data><Data Name='TargetObject'>HKU\S-1-5-21-475214889-3710252578-4288414562-1001\SOFTWARE\Microsoft\Windows\CurrentVersion\Shell Extensions\Cached</Data></EventData></Event>
<Event xmlns='http://schemas.microsoft.com/win/2004/08/events/event'><System><Provider Name='Microsoft-Windows-Sysmon' Guid='{5770385F-C22A-43E0-BF4C-06F5698FFBD9}'/><EventID>13</EventID><Version>2</Version><Level>4</Level><Task>13</Task><Opcode>0</Opcode><Keywords>0x8000000000000000</Keywords><TimeCreated SystemTime='2019-07-24T17:57:32.354413100Z'/><EventRecordID>373</EventRecordID><Correlation/><Execution ProcessID='3324' ThreadID='3220'/><Channel>Microsoft-Windows-Sysmon/Operational</Channel><Computer>DESKTOP-FVSHABR</Computer><Security UserID='S-1-5-18'/></System><EventData><Data Name='RuleName'></Data><Data Name='EventType'>SetValue</Data><Data Name='UtcTime'>2019-07-24 17:57:32.333</Data><Data Name='ProcessGuid'>{87E8D3BD-99C8-5D38-0000-0010583C0200}</Data><Data Name='ProcessId'>3064</Data><Data Name='Image'>C:\Windows\Explorer.EXE</Data><Data Name='TargetObject'>HKU\S-1-5-21-475214889-3710252578-4288414562-1001\SOFTWARE\Microsoft\Windows\CurrentVersion\Shell Extensions\Cached\{E44E9428-BDBC-4987-A099-40DC8FD255E7} {6A283FE2-ECFA-4599-91C4-E80957137B26} 0xFFFF</Data><Data Name='Details'>Binary Data</Data></EventData></Event>
<Event xmlns='http://schemas.microsoft.com/win/2004/08/events/event'><System><Provider Name='Microsoft-Windows-Sysmon' Guid='{5770385F-C22A-43E0-BF4C-06F5698FFBD9}'/><EventID>1</EventID><Version>5</Version><Level>4</Level><Task>1</Task><Opcode>0</Opcode><Keywords>0x8000000000000000</Keywords><TimeCreated SystemTime='2019-07-24T17:57:32.419746000Z'/><EventRecordID>374</EventRecordID><Correlation/><Execution ProcessID='3324' ThreadID='3220'/><Channel>Microsoft-Windows-Sysmon/Operational</Channel><Computer>DESKTOP-FVSHABR</Computer><Security UserID='S-1-5-18'/></System><EventData><Data Name='RuleName'></Data><Data Name='UtcTime'>2019-07-24 17:57:32.381</Data><Data Name='ProcessGuid'>{87E8D3BD-9C0C-5D38-0000-001002531000}</Data><Data Name='ProcessId'>2824</Data><Data Name='Image'>C:\Windows\System32\OpenWith.exe</Data><Data Name='FileVersion'>10.0.10240.16384 (th1.150709-1700)</Data><Data Name='Description'>Pick an app</Data><Data Name='Product'>Microsoft® Windows® Operating System</Data><Data Name='Company'>Microsoft Corporation</Data><Data Name='OriginalFileName'>OpenWith.exe</Data><Data Name='CommandLine'>C:\Windows\system32\OpenWith.exe -Embedding</Data><Data Name='CurrentDirectory'>C:\Windows\system32\</Data><Data Name='User'>DESKTOP-FVSHABR\grapltest</Data><Data Name='LogonGuid'>{87E8D3BD-99C8-5D38-0000-002088140200}</Data><Data Name='LogonId'>0x21488</Data><Data Name='TerminalSessionId'>1</Data><Data Name='IntegrityLevel'>Medium</Data><Data Name='Hashes'>MD5=48B55F1A04D3B299B384FB8296C6DEF8,SHA256=7BB18DFE888E8D509EA005A5B3F11997F970DA035A40D3F2A73D54E5C03F5E68</Data><Data Name='ParentProcessGuid'>{87E8D3BD-998D-5D38-0000-00100D560000}</Data><Data Name='ParentProcessId'>668</Data><Data Name='ParentImage'>C:\Windows\System32\svchost.exe</Data><Data Name='ParentCommandLine'>C:\Windows\system32\svchost.exe -k DcomLaunch</Data></EventData></Event>
<Event xmlns='http://schemas.microsoft.com/win/2004/08/events/event'><System><Provider Name='Microsoft-Windows-Sysmon' Guid='{5770385F-C22A-43E0-BF4C-06F5698FFBD9}'/><EventID>13</EventID><Version>2</Version><Level>4</Level><Task>13</Task><Opcode>0</Opcode><Keywords>0x8000000000000000</Keywords><TimeCreated SystemTime='2019-07-24T17:57:34.075199800Z'/><EventRecordID>375</EventRecordID><Correlation/><Execution ProcessID='3324' ThreadID='3220'/><Channel>Microsoft-Windows-Sysmon/Operational</Channel><Computer>DESKTOP-FVSHABR</Computer><Security UserID='S-1-5-18'/></System><EventData><Data Name='RuleName'>InvDB</Data><Data Name='EventType'>SetValue</Data><Data Name='UtcTime'>2019-07-24 17:57:34.072</Data><Data Name='ProcessGuid'>{87E8D3BD-998D-5D38-0000-001039DC0000}</Data><Data Name='ProcessId'>300</Data><Data Name='Image'>C:\Windows\system32\svchost.exe</Data><Data Name='TargetObject'>HKU\S-1-5-21-475214889-3710252578-4288414562-1001\SOFTWARE\Microsoft\Windows NT\CurrentVersion\AppCompatFlags\Compatibility Assistant\Store\C:\Users\grapltest\Downloads\ChromeSetup.exe</Data><Data Name='Details'>Binary Data</Data></EventData></Event>
<Event xmlns='http://schemas.microsoft.com/win/2004/08/events/event'><System><Provider Name='Microsoft-Windows-Sysmon' Guid='{5770385F-C22A-43E0-BF4C-06F5698FFBD9}'/><EventID>22</EventID><Version>5</Version><Level>4</Level><Task>22</Task><Opcode>0</Opcode><Keywords>0x8000000000000000</Keywords><TimeCreated SystemTime='2019-07-24T17:57:34.925201500Z'/><EventRecordID>376</EventRecordID><Correlation/><Execution ProcessID='3324' ThreadID='3620'/><Channel>Microsoft-Windows-Sysmon/Operational</Channel><Computer>DESKTOP-FVSHABR</Computer><Security UserID='S-1-5-18'/></System><EventData><Data Name='RuleName'></Data><Data Name='UtcTime'>2019-07-24 17:57:34.356</Data><Data Name='ProcessGuid'>{87E8D3BD-9C0C-5D38-0000-0010DC601000}</Data><Data Name='ProcessId'>2184</Data><Data Name='QueryName'>accounts.google.com</Data><Data Name='QueryStatus'>0</Data><Data Name='QueryResults'>172.217.0.45;</Data><Data Name='Image'>C:\Program Files (x86)\Google\Chrome\Application\chrome.exe</Data></EventData></Event>
<Event xmlns='http://schemas.microsoft.com/win/2004/08/events/event'><System><Provider Name='Microsoft-Windows-Sysmon' Guid='{5770385F-C22A-43E0-BF4C-06F5698FFBD9}'/><EventID>1</EventID><Version>5</Version><Level>4</Level><Task>1</Task><Opcode>0</Opcode><Keywords>0x8000000000000000</Keywords><TimeCreated SystemTime='2019-07-24T17:57:35.424038000Z'/><EventRecordID>377</EventRecordID><Correlation/><Execution ProcessID='3324' ThreadID='3220'/><Channel>Microsoft-Windows-Sysmon/Operational</Channel><Computer>DESKTOP-FVSHABR</Computer><Security UserID='S-1-5-18'/></System><EventData><Data Name='RuleName'></Data><Data Name='UtcTime'>2019-07-24 17:57:35.404</Data><Data Name='ProcessGuid'>{87E8D3BD-9C0F-5D38-0000-0010FFF61000}</Data><Data Name='ProcessId'>5128</Data><Data Name='Image'>C:\Program Files (x86)\Google\Chrome\Application\75.0.3770.142\Installer\chrmstp.exe</Data><Data Name='FileVersion'>75.0.3770.142</Data><Data Name='Description'>Google Chrome Installer</Data><Data Name='Product'>Google Chrome Installer</Data><Data Name='Company'>Google LLC</Data><Data Name='OriginalFileName'>?</Data><Data Name='CommandLine'>"C:\Program Files (x86)\Google\Chrome\Application\75.0.3770.142\Installer\chrmstp.exe" --configure-user-settings --verbose-logging --system-level --force-configure-user-settings</Data><Data Name='CurrentDirectory'>C:\Program Files (x86)\Google\Chrome\Application\75.0.3770.142\</Data><Data Name='User'>DESKTOP-FVSHABR\grapltest</Data><Data Name='LogonGuid'>{87E8D3BD-99C8-5D38-0000-002088140200}</Data><Data Name='LogonId'>0x21488</Data><Data Name='TerminalSessionId'>1</Data><Data Name='IntegrityLevel'>Medium</Data><Data Name='Hashes'>MD5=02A4273B6188E1D66715912CC7B37650,SHA256=0060A4CD5CDE611F08A7A32DE9DB8E7DE00B1114B06D9A778FADBD23905F5A4D</Data><Data Name='ParentProcessGuid'>{87E8D3BD-9C0B-5D38-0000-00101E161000}</Data><Data Name='ParentProcessId'>4760</Data><Data Name='ParentImage'>C:\Program Files (x86)\Google\Chrome\Application\chrome.exe</Data><Data Name='ParentCommandLine'>"C:\Program Files (x86)\Google\Chrome\Application\chrome.exe"</Data></EventData></Event>
<Event xmlns='http://schemas.microsoft.com/win/2004/08/events/event'><System><Provider Name='Microsoft-Windows-Sysmon' Guid='{5770385F-C22A-43E0-BF4C-06F5698FFBD9}'/><EventID>1</EventID><Version>5</Version><Level>4</Level><Task>1</Task><Opcode>0</Opcode><Keywords>0x8000000000000000</Keywords><TimeCreated SystemTime='2019-07-24T17:57:35.444489100Z'/><EventRecordID>378</EventRecordID><Correlation/><Execution ProcessID='3324' ThreadID='3220'/><Channel>Microsoft-Windows-Sysmon/Operational</Channel><Computer>DESKTOP-FVSHABR</Computer><Security UserID='S-1-5-18'/></System><EventData><Data Name='RuleName'></Data><Data Name='UtcTime'>2019-07-24 17:57:35.442</Data><Data Name='ProcessGuid'>{87E8D3BD-9C0F-5D38-0000-0010DAFA1000}</Data><Data Name='ProcessId'>5148</Data><Data Name='Image'>C:\Program Files (x86)\Google\Chrome\Application\75.0.3770.142\Installer\chrmstp.exe</Data><Data Name='FileVersion'>75.0.3770.142</Data><Data Name='Description'>Google Chrome Installer</Data><Data Name='Product'>Google Chrome Installer</Data><Data Name='Company'>Google LLC</Data><Data Name='OriginalFileName'>?</Data><Data Name='CommandLine'>"C:\Program Files (x86)\Google\Chrome\Application\75.0.3770.142\Installer\chrmstp.exe" --type=crashpad-handler /prefetch:7 --monitor-self-annotation=ptype=crashpad-handler "--database=C:\Users\grapltest\AppData\Local\Google\Chrome\User Data\Crashpad" --url=https://clients2.google.com/cr/report --annotation=channel= --annotation=plat=Win64 --annotation=prod=Chrome --annotation=ver=75.0.3770.142 --initial-client-data=0x1d4,0x1e8,0x1ec,0x1e4,0x1f0,0x7ff7d21c4b80,0x7ff7d21c4b90,0x7ff7d21c4ba0</Data><Data Name='CurrentDirectory'>C:\Program Files (x86)\Google\Chrome\Application\75.0.3770.142\</Data><Data Name='User'>DESKTOP-FVSHABR\grapltest</Data><Data Name='LogonGuid'>{87E8D3BD-99C8-5D38-0000-002088140200}</Data><Data Name='LogonId'>0x21488</Data><Data Name='TerminalSessionId'>1</Data><Data Name='IntegrityLevel'>Medium</Data><Data Name='Hashes'>MD5=02A4273B6188E1D66715912CC7B37650,SHA256=0060A4CD5CDE611F08A7A32DE9DB8E7DE00B1114B06D9A778FADBD23905F5A4D</Data><Data Name='ParentProcessGuid'>{87E8D3BD-9C0F-5D38-0000-0010FFF61000}</Data><Data Name='ParentProcessId'>5128</Data><Data Name='ParentImage'>C:\Program Files (x86)\Google\Chrome\Application\75.0.3770.142\Installer\chrmstp.exe</Data><Data Name='ParentCommandLine'>"C:\Program Files (x86)\Google\Chrome\Application\75.0.3770.142\Installer\chrmstp.exe" --configure-user-settings --verbose-logging --system-level --force-configure-user-settings</Data></EventData></Event>
<Event xmlns='http://schemas.microsoft.com/win/2004/08/events/event'><System><Provider Name='Microsoft-Windows-Sysmon' Guid='{5770385F-C22A-43E0-BF4C-06F5698FFBD9}'/><EventID>22</EventID><Version>5</Version><Level>4</Level><Task>22</Task><Opcode>0</Opcode><Keywords>0x8000000000000000</Keywords><TimeCreated SystemTime='2019-07-24T17:57:35.911783700Z'/><EventRecordID>379</EventRecordID><Correlation/><Execution ProcessID='3324' ThreadID='3620'/><Channel>Microsoft-Windows-Sysmon/Operational</Channel><Computer>DESKTOP-FVSHABR</Computer><Security UserID='S-1-5-18'/></System><EventData><Data Name='RuleName'></Data><Data Name='UtcTime'>2019-07-24 17:57:34.786</Data><Data Name='ProcessGuid'>{87E8D3BD-9C0C-5D38-0000-0010DC601000}</Data><Data Name='ProcessId'>2184</Data><Data Name='QueryName'>clients2.googleusercontent.com</Data><Data Name='QueryStatus'>0</Data><Data Name='QueryResults'>type:  5 googlehosted.l.googleusercontent.com;216.58.194.193;</Data><Data Name='Image'>C:\Program Files (x86)\Google\Chrome\Application\chrome.exe</Data></EventData></Event>
<Event xmlns='http://schemas.microsoft.com/win/2004/08/events/event'><System><Provider Name='Microsoft-Windows-Sysmon' Guid='{5770385F-C22A-43E0-BF4C-06F5698FFBD9}'/><EventID>22</EventID><Version>5</Version><Level>4</Level><Task>22</Task><Opcode>0</Opcode><Keywords>0x8000000000000000</Keywords><TimeCreated SystemTime='2019-07-24T17:57:36.928504000Z'/><EventRecordID>380</EventRecordID><Correlation/><Execution ProcessID='3324' ThreadID='3620'/><Channel>Microsoft-Windows-Sysmon/Operational</Channel><Computer>DESKTOP-FVSHABR</Computer><Security UserID='S-1-5-18'/></System><EventData><Data Name='RuleName'></Data><Data Name='UtcTime'>2019-07-24 17:57:35.661</Data><Data Name='ProcessGuid'>{87E8D3BD-9C0C-5D38-0000-0010DC601000}</Data><Data Name='ProcessId'>2184</Data><Data Name='QueryName'>wpad</Data><Data Name='QueryStatus'>9003</Data><Data Name='QueryResults'></Data><Data Name='Image'>C:\Program Files (x86)\Google\Chrome\Application\chrome.exe</Data></EventData></Event>
<Event xmlns='http://schemas.microsoft.com/win/2004/08/events/event'><System><Provider Name='Microsoft-Windows-Sysmon' Guid='{5770385F-C22A-43E0-BF4C-06F5698FFBD9}'/><EventID>22</EventID><Version>5</Version><Level>4</Level><Task>22</Task><Opcode>0</Opcode><Keywords>0x8000000000000000</Keywords><TimeCreated SystemTime='2019-07-24T17:57:36.928658500Z'/><EventRecordID>381</EventRecordID><Correlation/><Execution ProcessID='3324' ThreadID='3620'/><Channel>Microsoft-Windows-Sysmon/Operational</Channel><Computer>DESKTOP-FVSHABR</Computer><Security UserID='S-1-5-18'/></System><EventData><Data Name='RuleName'></Data><Data Name='UtcTime'>2019-07-24 17:57:35.816</Data><Data Name='ProcessGuid'>{87E8D3BD-9C0C-5D38-0000-0010DC601000}</Data><Data Name='ProcessId'>2184</Data><Data Name='QueryName'>www.googleapis.com</Data><Data Name='QueryStatus'>0</Data><Data Name='QueryResults'>type:  5 googleapis.l.google.com;216.58.194.202;172.217.0.42;172.217.6.74;172.217.164.106;216.58.194.170;</Data><Data Name='Image'>C:\Program Files (x86)\Google\Chrome\Application\chrome.exe</Data></EventData></Event>
<Event xmlns='http://schemas.microsoft.com/win/2004/08/events/event'><System><Provider Name='Microsoft-Windows-Sysmon' Guid='{5770385F-C22A-43E0-BF4C-06F5698FFBD9}'/><EventID>22</EventID><Version>5</Version><Level>4</Level><Task>22</Task><Opcode>0</Opcode><Keywords>0x8000000000000000</Keywords><TimeCreated SystemTime='2019-07-24T17:57:38.960592600Z'/><EventRecordID>382</EventRecordID><Correlation/><Execution ProcessID='3324' ThreadID='3620'/><Channel>Microsoft-Windows-Sysmon/Operational</Channel><Computer>DESKTOP-FVSHABR</Computer><Security UserID='S-1-5-18'/></System><EventData><Data Name='RuleName'></Data><Data Name='UtcTime'>2019-07-24 17:57:37.547</Data><Data Name='ProcessGuid'>{87E8D3BD-9C0C-5D38-0000-0010DC601000}</Data><Data Name='ProcessId'>2184</Data><Data Name='QueryName'>docs.google.com</Data><Data Name='QueryStatus'>0</Data><Data Name='QueryResults'>216.58.194.206;</Data><Data Name='Image'>C:\Program Files (x86)\Google\Chrome\Application\chrome.exe</Data></EventData></Event>
<Event xmlns='http://schemas.microsoft.com/win/2004/08/events/event'><System><Provider Name='Microsoft-Windows-Sysmon' Guid='{5770385F-C22A-43E0-BF4C-06F5698FFBD9}'/><EventID>22</EventID><Version>5</Version><Level>4</Level><Task>22</Task><Opcode>0</Opcode><Keywords>0x8000000000000000</Keywords><TimeCreated SystemTime='2019-07-24T17:57:42.990467800Z'/><EventRecordID>383</EventRecordID><Correlation/><Execution ProcessID='3324' ThreadID='3620'/><Channel>Microsoft-Windows-Sysmon/Operational</Channel><Computer>DESKTOP-FVSHABR</Computer><Security UserID='S-1-5-18'/></System><EventData><Data Name='RuleName'></Data><Data Name='UtcTime'>2019-07-24 17:57:41.787</Data><Data Name='ProcessGuid'>{87E8D3BD-9C0C-5D38-0000-0010DC601000}</Data><Data Name='ProcessId'>2184</Data><Data Name='QueryName'>vfzeumyrhlrgtpj</Data><Data Name='QueryStatus'>9003</Data><Data Name='QueryResults'></Data><Data Name='Image'>C:\Program Files (x86)\Google\Chrome\Application\chrome.exe</Data></EventData></Event>
<Event xmlns='http://schemas.microsoft.com/win/2004/08/events/event'><System><Provider Name='Microsoft-Windows-Sysmon' Guid='{5770385F-C22A-43E0-BF4C-06F5698FFBD9}'/><EventID>22</EventID><Version>5</Version><Level>4</Level><Task>22</Task><Opcode>0</Opcode><Keywords>0x8000000000000000</Keywords><TimeCreated SystemTime='2019-07-24T17:57:42.990584800Z'/><EventRecordID>384</EventRecordID><Correlation/><Execution ProcessID='3324' ThreadID='3620'/><Channel>Microsoft-Windows-Sysmon/Operational</Channel><Computer>DESKTOP-FVSHABR</Computer><Security UserID='S-1-5-18'/></System><EventData><Data Name='RuleName'></Data><Data Name='UtcTime'>2019-07-24 17:57:41.787</Data><Data Name='ProcessGuid'>{87E8D3BD-9C0C-5D38-0000-0010DC601000}</Data><Data Name='ProcessId'>2184</Data><Data Name='QueryName'>oksroiomjduzmk</Data><Data Name='QueryStatus'>9003</Data><Data Name='QueryResults'></Data><Data Name='Image'>C:\Program Files (x86)\Google\Chrome\Application\chrome.exe</Data></EventData></Event>
<Event xmlns='http://schemas.microsoft.com/win/2004/08/events/event'><System><Provider Name='Microsoft-Windows-Sysmon' Guid='{5770385F-C22A-43E0-BF4C-06F5698FFBD9}'/><EventID>22</EventID><Version>5</Version><Level>4</Level><Task>22</Task><Opcode>0</Opcode><Keywords>0x8000000000000000</Keywords><TimeCreated SystemTime='2019-07-24T17:57:42.990713200Z'/><EventRecordID>385</EventRecordID><Correlation/><Execution ProcessID='3324' ThreadID='3620'/><Channel>Microsoft-Windows-Sysmon/Operational</Channel><Computer>DESKTOP-FVSHABR</Computer><Security UserID='S-1-5-18'/></System><EventData><Data Name='RuleName'></Data><Data Name='UtcTime'>2019-07-24 17:57:41.787</Data><Data Name='ProcessGuid'>{87E8D3BD-9C0C-5D38-0000-0010DC601000}</Data><Data Name='ProcessId'>2184</Data><Data Name='QueryName'>lvyqdvcbrlav</Data><Data Name='QueryStatus'>9003</Data><Data Name='QueryResults'></Data><Data Name='Image'>C:\Program Files (x86)\Google\Chrome\Application\chrome.exe</Data></EventData></Event>
<Event xmlns='http://schemas.microsoft.com/win/2004/08/events/event'><System><Provider Name='Microsoft-Windows-Sysmon' Guid='{5770385F-C22A-43E0-BF4C-06F5698FFBD9}'/><EventID>22</EventID><Version>5</Version><Level>4</Level><Task>22</Task><Opcode>0</Opcode><Keywords>0x8000000000000000</Keywords><TimeCreated SystemTime='2019-07-24T17:59:53.442527100Z'/><EventRecordID>386</EventRecordID><Correlation/><Execution ProcessID='3324' ThreadID='3620'/><Channel>Microsoft-Windows-Sysmon/Operational</Channel><Computer>DESKTOP-FVSHABR</Computer><Security UserID='S-1-5-18'/></System><EventData><Data Name='RuleName'></Data><Data Name='UtcTime'>2019-07-24 17:59:51.460</Data><Data Name='ProcessGuid'>{87E8D3BD-99C8-5D38-0000-0010583C0200}</Data><Data Name='ProcessId'>3064</Data><Data Name='QueryName'>ocsp.thawte.com</Data><Data Name='QueryStatus'>0</Data><Data Name='QueryResults'>type:  5 ocsp-ds.ws.symantec.com.edgekey.net;type:  5 e8218.dscb1.akamaiedge.net;::ffff:23.35.171.27;</Data><Data Name='Image'>C:\Windows\explorer.exe</Data></EventData></Event>
<Event xmlns='http://schemas.microsoft.com/win/2004/08/events/event'><System><Provider Name='Microsoft-Windows-Sysmon' Guid='{5770385F-C22A-43E0-BF4C-06F5698FFBD9}'/><EventID>22</EventID><Version>5</Version><Level>4</Level><Task>22</Task><Opcode>0</Opcode><Keywords>0x8000000000000000</Keywords><TimeCreated SystemTime='2019-07-24T17:59:53.442858200Z'/><EventRecordID>387</EventRecordID><Correlation/><Execution ProcessID='3324' ThreadID='3620'/><Channel>Microsoft-Windows-Sysmon/Operational</Channel><Computer>DESKTOP-FVSHABR</Computer><Security UserID='S-1-5-18'/></System><EventData><Data Name='RuleName'></Data><Data Name='UtcTime'>2019-07-24 17:59:51.585</Data><Data Name='ProcessGuid'>{87E8D3BD-99C8-5D38-0000-0010583C0200}</Data><Data Name='ProcessId'>3064</Data><Data Name='QueryName'>th.symcd.com</Data><Data Name='QueryStatus'>0</Data><Data Name='QueryResults'>type:  5 ocsp-ds.ws.symantec.com.edgekey.net;type:  5 e8218.dscb1.akamaiedge.net;::ffff:23.35.171.27;</Data><Data Name='Image'>C:\Windows\explorer.exe</Data></EventData></Event>
<Event xmlns='http://schemas.microsoft.com/win/2004/08/events/event'><System><Provider Name='Microsoft-Windows-Sysmon' Guid='{5770385F-C22A-43E0-BF4C-06F5698FFBD9}'/><EventID>11</EventID><Version>2</Version><Level>4</Level><Task>11</Task><Opcode>0</Opcode><Keywords>0x8000000000000000</Keywords><TimeCreated SystemTime='2019-07-24T18:00:05.385433800Z'/><EventRecordID>388</EventRecordID><Correlation/><Execution ProcessID='3324' ThreadID='3220'/><Channel>Microsoft-Windows-Sysmon/Operational</Channel><Computer>DESKTOP-FVSHABR</Computer><Security UserID='S-1-5-18'/></System><EventData><Data Name='RuleName'></Data><Data Name='UtcTime'>2019-07-24 18:00:05.379</Data><Data Name='ProcessGuid'>{87E8D3BD-99C8-5D38-0000-0010583C0200}</Data><Data Name='ProcessId'>3064</Data><Data Name='Image'>C:\Windows\Explorer.EXE</Data><Data Name='TargetFilename'>C:\$Recycle.Bin\S-1-5-21-475214889-3710252578-4288414562-1001\$I4H853V.exe</Data><Data Name='CreationUtcTime'>2019-07-24 18:00:05.379</Data></EventData></Event>
<Event xmlns='http://schemas.microsoft.com/win/2004/08/events/event'><System><Provider Name='Microsoft-Windows-Sysmon' Guid='{5770385F-C22A-43E0-BF4C-06F5698FFBD9}'/><EventID>1</EventID><Version>5</Version><Level>4</Level><Task>1</Task><Opcode>0</Opcode><Keywords>0x8000000000000000</Keywords><TimeCreated SystemTime='2019-07-24T18:02:39.366638300Z'/><EventRecordID>389</EventRecordID><Correlation/><Execution ProcessID='3324' ThreadID='3220'/><Channel>Microsoft-Windows-Sysmon/Operational</Channel><Computer>DESKTOP-FVSHABR</Computer><Security UserID='S-1-5-18'/></System><EventData><Data Name='RuleName'></Data><Data Name='UtcTime'>2019-07-24 18:02:39.363</Data><Data Name='ProcessGuid'>{87E8D3BD-9D3F-5D38-0000-0010E5551700}</Data><Data Name='ProcessId'>5460</Data><Data Name='Image'>C:\Program Files (x86)\Google\Update\GoogleUpdate.exe</Data><Data Name='FileVersion'>1.3.34.11</Data><Data Name='Description'>Google Installer</Data><Data Name='Product'>Google Update</Data><Data Name='Company'>Google LLC</Data><Data Name='OriginalFileName'>GoogleUpdate.exe</Data><Data Name='CommandLine'>"C:\Program Files (x86)\Google\Update\GoogleUpdate.exe" /cr</Data><Data Name='CurrentDirectory'>C:\Program Files (x86)\Google\Update\1.3.34.11\</Data><Data Name='User'>NT AUTHORITY\SYSTEM</Data><Data Name='LogonGuid'>{87E8D3BD-998D-5D38-0000-0020E7030000}</Data><Data Name='LogonId'>0x3e7</Data><Data Name='TerminalSessionId'>0</Data><Data Name='IntegrityLevel'>System</Data><Data Name='Hashes'>MD5=82F657B0AEE67A6A560321CF0927F9F7,SHA256=794CF7644115198DB451431BCA7C89FF9A97550482B1E3F7F13EB7ACA6120A11</Data><Data Name='ParentProcessGuid'>{87E8D3BD-9D3F-5D38-0000-00101B521700}</Data><Data Name='ParentProcessId'>6008</Data><Data Name='ParentImage'>C:\Program Files (x86)\Google\Update\GoogleUpdate.exe</Data><Data Name='ParentCommandLine'>"C:\Program Files (x86)\Google\Update\GoogleUpdate.exe" /c</Data></EventData></Event>
<Event xmlns='http://schemas.microsoft.com/win/2004/08/events/event'><System><Provider Name='Microsoft-Windows-Sysmon' Guid='{5770385F-C22A-43E0-BF4C-06F5698FFBD9}'/><EventID>1</EventID><Version>5</Version><Level>4</Level><Task>1</Task><Opcode>0</Opcode><Keywords>0x8000000000000000</Keywords><TimeCreated SystemTime='2019-07-24T18:02:39.368732400Z'/><EventRecordID>390</EventRecordID><Correlation/><Execution ProcessID='3324' ThreadID='3220'/><Channel>Microsoft-Windows-Sysmon/Operational</Channel><Computer>DESKTOP-FVSHABR</Computer><Security UserID='S-1-5-18'/></System><EventData><Data Name='RuleName'></Data><Data Name='UtcTime'>2019-07-24 18:02:39.365</Data><Data Name='ProcessGuid'>{87E8D3BD-9D3F-5D38-0000-00103C561700}</Data><Data Name='ProcessId'>3328</Data><Data Name='Image'>C:\Program Files (x86)\Google\Update\GoogleUpdate.exe</Data><Data Name='FileVersion'>1.3.34.11</Data><Data Name='Description'>Google Installer</Data><Data Name='Product'>Google Update</Data><Data Name='Company'>Google LLC</Data><Data Name='OriginalFileName'>GoogleUpdate.exe</Data><Data Name='CommandLine'>"C:\Program Files (x86)\Google\Update\GoogleUpdate.exe" /ua /installsource scheduler</Data><Data Name='CurrentDirectory'>C:\Windows\system32\</Data><Data Name='User'>NT AUTHORITY\SYSTEM</Data><Data Name='LogonGuid'>{87E8D3BD-998D-5D38-0000-0020E7030000}</Data><Data Name='LogonId'>0x3e7</Data><Data Name='TerminalSessionId'>0</Data><Data Name='IntegrityLevel'>System</Data><Data Name='Hashes'>MD5=82F657B0AEE67A6A560321CF0927F9F7,SHA256=794CF7644115198DB451431BCA7C89FF9A97550482B1E3F7F13EB7ACA6120A11</Data><Data Name='ParentProcessGuid'>{87E8D3BD-9D3F-5D38-0000-001066521700}</Data><Data Name='ParentProcessId'>5468</Data><Data Name='ParentImage'>C:\Windows\System32\taskeng.exe</Data><Data Name='ParentCommandLine'>taskeng.exe {128FF785-1A68-47E7-9D65-2006961D09D5} S-1-5-18:NT AUTHORITY\System:Service:</Data></EventData></Event>
<Event xmlns='http://schemas.microsoft.com/win/2004/08/events/event'><System><Provider Name='Microsoft-Windows-Sysmon' Guid='{5770385F-C22A-43E0-BF4C-06F5698FFBD9}'/><EventID>1</EventID><Version>5</Version><Level>4</Level><Task>1</Task><Opcode>0</Opcode><Keywords>0x8000000000000000</Keywords><TimeCreated SystemTime='2019-07-24T18:02:39.371417000Z'/><EventRecordID>391</EventRecordID><Correlation/><Execution ProcessID='3324' ThreadID='3220'/><Channel>Microsoft-Windows-Sysmon/Operational</Channel><Computer>DESKTOP-FVSHABR</Computer><Security UserID='S-1-5-18'/></System><EventData><Data Name='RuleName'></Data><Data Name='UtcTime'>2019-07-24 18:02:39.369</Data><Data Name='ProcessGuid'>{87E8D3BD-9D3F-5D38-0000-00100A571700}</Data><Data Name='ProcessId'>3040</Data><Data Name='Image'>C:\Program Files (x86)\Google\Update\1.3.34.11\GoogleCrashHandler.exe</Data><Data Name='FileVersion'>1.3.34.11</Data><Data Name='Description'>Google Crash Handler</Data><Data Name='Product'>Google Update</Data><Data Name='Company'>Google LLC</Data><Data Name='OriginalFileName'>GoogleUpdate.exe</Data><Data Name='CommandLine'>"C:\Program Files (x86)\Google\Update\1.3.34.11\GoogleCrashHandler.exe"</Data><Data Name='CurrentDirectory'>C:\Program Files (x86)\Google\Update\1.3.34.11\</Data><Data Name='User'>NT AUTHORITY\SYSTEM</Data><Data Name='LogonGuid'>{87E8D3BD-998D-5D38-0000-0020E7030000}</Data><Data Name='LogonId'>0x3e7</Data><Data Name='TerminalSessionId'>0</Data><Data Name='IntegrityLevel'>System</Data><Data Name='Hashes'>MD5=A2D8BEF0CCA959E4BEB16DE982E3771C,SHA256=AFF4F2D3049B10893265524F4F1EEB297A60A9414F80EA3695BF1C58DE2BC43D</Data><Data Name='ParentProcessGuid'>{87E8D3BD-9D3F-5D38-0000-00101B521700}</Data><Data Name='ParentProcessId'>6008</Data><Data Name='ParentImage'>C:\Program Files (x86)\Google\Update\GoogleUpdate.exe</Data><Data Name='ParentCommandLine'>"C:\Program Files (x86)\Google\Update\GoogleUpdate.exe" /c</Data></EventData></Event>
