<Event xmlns='http://schemas.microsoft.com/win/2004/08/events/event'><System><Provider Name='Microsoft-Windows-Sysmon' Guid='{5770385F-C22A-43E0-BF4C-06F5698FFBD9}'/><EventID>2</EventID><Version>4</Version><Level>4</Level><Task>2</Task><Opcode>0</Opcode><Keywords>0x8000000000000000</Keywords><TimeCreated SystemTime='2019-07-24T18:04:39.685219500Z'/><EventRecordID>476</EventRecordID><Correlation/><Execution ProcessID='3324' ThreadID='3220'/><Channel>Microsoft-Windows-Sysmon/Operational</Channel><Computer>DESKTOP-FVSHABR</Computer><Security UserID='S-1-5-18'/></System><EventData><Data Name='RuleName'>T1099</Data><Data Name='UtcTime'>2019-07-24 18:04:39.684</Data><Data Name='ProcessGuid'>{87E8D3BD-9DB7-5D38-0000-001005841C00}</Data><Data Name='ProcessId'>3968</Data><Data Name='Image'>C:\Users\grapltest\Downloads\vc_redist.x64.exe</Data><Data Name='TargetFilename'>C:\Users\GRAPLT~1\AppData\Local\Temp\{2cbcedbb-f38c-48a3-a3e1-6c6fd821a7f4}\.ba1\3082\license.rtf</Data><Data Name='CreationUtcTime'>2016-04-27 20:28:06.000</Data><Data Name='PreviousCreationUtcTime'>2019-07-24 18:04:39.683</Data></EventData></Event>
<Event xmlns='http://schemas.microsoft.com/win/2004/08/events/event'><System><Provider Name='Microsoft-Windows-Sysmon' Guid='{5770385F-C22A-43E0-BF4C-06F5698FFBD9}'/><EventID>2</EventID><Version>4</Version><Level>4</Level><Task>2</Task><Opcode>0</Opcode><Keywords>0x8000000000000000</Keywords><TimeCreated SystemTime='2019-07-24T18:04:39.699371800Z'/><EventRecordID>477</EventRecordID><Correlation/><Execution ProcessID='3324' ThreadID='3220'/><Channel>Microsoft-Windows-Sysmon/Operational</Channel><Computer>DESKTOP-FVSHABR</Computer><Security UserID='S-1-5-18'/></System><EventData><Data Name='RuleName'>T1099</Data><Data Name='UtcTime'>2019-07-24 18:04:39.698</Data><Data Name='ProcessGuid'>{87E8D3BD-9DB7-5D38-0000-001005841C00}</Data><Data Name='ProcessId'>3968</Data><Data Name='Image'>C:\Users\grapltest\Downloads\vc_redist.x64.exe</Data><Data Name='TargetFilename'>C:\Users\GRAPLT~1\AppData\Local\Temp\{2cbcedbb-f38c-48a3-a3e1-6c6fd821a7f4}\.ba1\thm.xml</Data><Data Name='CreationUtcTime'>2014-04-09 00:42:38.000</Data><Data Name='PreviousCreationUtcTime'>2019-07-24 18:04:39.697</Data></EventData></Event>
<Event xmlns='http://schemas.microsoft.com/win/2004/08/events/event'><System><Provider Name='Microsoft-Windows-Sysmon' Guid='{5770385F-C22A-43E0-BF4C-06F5698FFBD9}'/><EventID>2</EventID><Version>4</Version><Level>4</Level><Task>2</Task><Opcode>0</Opcode><Keywords>0x8000000000000000</Keywords><TimeCreated SystemTime='2019-07-24T18:04:39.705814900Z'/><EventRecordID>478</EventRecordID><Correlation/><Execution ProcessID='3324' ThreadID='3220'/><Channel>Microsoft-Windows-Sysmon/Operational</Channel><Computer>DESKTOP-FVSHABR</Computer><Security UserID='S-1-5-18'/></System><EventData><Data Name='RuleName'>T1099</Data><Data Name='UtcTime'>2019-07-24 18:04:39.704</Data><Data Name='ProcessGuid'>{87E8D3BD-9DB7-5D38-0000-001005841C00}</Data><Data Name='ProcessId'>3968</Data><Data Name='Image'>C:\Users\grapltest\Downloads\vc_redist.x64.exe</Data><Data Name='TargetFilename'>C:\Users\GRAPLT~1\AppData\Local\Temp\{2cbcedbb-f38c-48a3-a3e1-6c6fd821a7f4}\.ba1\thm.wxl</Data><Data Name='CreationUtcTime'>2016-04-27 20:39:20.000</Data><Data Name='PreviousCreationUtcTime'>2019-07-24 18:04:39.703</Data></EventData></Event>
<Event xmlns='http://schemas.microsoft.com/win/2004/08/events/event'><System><Provider Name='Microsoft-Windows-Sysmon' Guid='{5770385F-C22A-43E0-BF4C-06F5698FFBD9}'/><EventID>2</EventID><Version>4</Version><Level>4</Level><Task>2</Task><Opcode>0</Opcode><Keywords>0x8000000000000000</Keywords><TimeCreated SystemTime='2019-07-24T18:04:39.711348800Z'/><EventRecordID>479</EventRecordID><Correlation/><Execution ProcessID='3324' ThreadID='3220'/><Channel>Microsoft-Windows-Sysmon/Operational</Channel><Computer>DESKTOP-FVSHABR</Computer><Security UserID='S-1-5-18'/></System><EventData><Data Name='RuleName'>T1099</Data><Data Name='UtcTime'>2019-07-24 18:04:39.710</Data><Data Name='ProcessGuid'>{87E8D3BD-9DB7-5D38-0000-001005841C00}</Data><Data Name='ProcessId'>3968</Data><Data Name='Image'>C:\Users\grapltest\Downloads\vc_redist.x64.exe</Data><Data Name='TargetFilename'>C:\Users\GRAPLT~1\AppData\Local\Temp\{2cbcedbb-f38c-48a3-a3e1-6c6fd821a7f4}\.ba1\logo.png</Data><Data Name='CreationUtcTime'>2016-04-27 20:39:14.000</Data><Data Name='PreviousCreationUtcTime'>2019-07-24 18:04:39.710</Data></EventData></Event>
<Event xmlns='http://schemas.microsoft.com/win/2004/08/events/event'><System><Provider Name='Microsoft-Windows-Sysmon' Guid='{5770385F-C22A-43E0-BF4C-06F5698FFBD9}'/><EventID>11</EventID><Version>2</Version><Level>4</Level><Task>11</Task><Opcode>0</Opcode><Keywords>0x8000000000000000</Keywords><TimeCreated SystemTime='2019-07-24T18:04:39.712567800Z'/><EventRecordID>480</EventRecordID><Correlation/><Execution ProcessID='3324' ThreadID='3220'/><Channel>Microsoft-Windows-Sysmon/Operational</Channel><Computer>DESKTOP-FVSHABR</Computer><Security UserID='S-1-5-18'/></System><EventData><Data Name='RuleName'></Data><Data Name='UtcTime'>2019-07-24 18:04:39.712</Data><Data Name='ProcessGuid'>{87E8D3BD-9DB7-5D38-0000-001005841C00}</Data><Data Name='ProcessId'>3968</Data><Data Name='Image'>C:\Users\grapltest\Downloads\vc_redist.x64.exe</Data><Data Name='TargetFilename'>C:\Users\GRAPLT~1\AppData\Local\Temp\{2cbcedbb-f38c-48a3-a3e1-6c6fd821a7f4}\.ba1\license.rtf</Data><Data Name='CreationUtcTime'>2019-07-24 18:04:39.711</Data></EventData></Event>
<Event xmlns='http://schemas.microsoft.com/win/2004/08/events/event'><System><Provider Name='Microsoft-Windows-Sysmon' Guid='{5770385F-C22A-43E0-BF4C-06F5698FFBD9}'/><EventID>2</EventID><Version>4</Version><Level>4</Level><Task>2</Task><Opcode>0</Opcode><Keywords>0x8000000000000000</Keywords><TimeCreated SystemTime='2019-07-24T18:04:39.712809400Z'/><EventRecordID>481</EventRecordID><Correlation/><Execution ProcessID='3324' ThreadID='3220'/><Channel>Microsoft-Windows-Sysmon/Operational</Channel><Computer>DESKTOP-FVSHABR</Computer><Security UserID='S-1-5-18'/></System><EventData><Data Name='RuleName'>T1099</Data><Data Name='UtcTime'>2019-07-24 18:04:39.712</Data><Data Name='ProcessGuid'>{87E8D3BD-9DB7-5D38-0000-001005841C00}</Data><Data Name='ProcessId'>3968</Data><Data Name='Image'>C:\Users\grapltest\Downloads\vc_redist.x64.exe</Data><Data Name='TargetFilename'>C:\Users\GRAPLT~1\AppData\Local\Temp\{2cbcedbb-f38c-48a3-a3e1-6c6fd821a7f4}\.ba1\license.rtf</Data><Data Name='CreationUtcTime'>2016-04-27 20:28:06.000</Data><Data Name='PreviousCreationUtcTime'>2019-07-24 18:04:39.711</Data></EventData></Event>
<Event xmlns='http://schemas.microsoft.com/win/2004/08/events/event'><System><Provider Name='Microsoft-Windows-Sysmon' Guid='{5770385F-C22A-43E0-BF4C-06F5698FFBD9}'/><EventID>2</EventID><Version>4</Version><Level>4</Level><Task>2</Task><Opcode>0</Opcode><Keywords>0x8000000000000000</Keywords><TimeCreated SystemTime='2019-07-24T18:04:39.724480200Z'/><EventRecordID>482</EventRecordID><Correlation/><Execution ProcessID='3324' ThreadID='3220'/><Channel>Microsoft-Windows-Sysmon/Operational</Channel><Computer>DESKTOP-FVSHABR</Computer><Security UserID='S-1-5-18'/></System><EventData><Data Name='RuleName'>T1099</Data><Data Name='UtcTime'>2019-07-24 18:04:39.723</Data><Data Name='ProcessGuid'>{87E8D3BD-9DB7-5D38-0000-001005841C00}</Data><Data Name='ProcessId'>3968</Data><Data Name='Image'>C:\Users\grapltest\Downloads\vc_redist.x64.exe</Data><Data Name='TargetFilename'>C:\Users\GRAPLT~1\AppData\Local\Temp\{2cbcedbb-f38c-48a3-a3e1-6c6fd821a7f4}\.ba1\1028\thm.wxl</Data><Data Name='CreationUtcTime'>2016-04-27 20:39:20.000</Data><Data Name='PreviousCreationUtcTime'>2019-07-24 18:04:39.723</Data></EventData></Event>
<Event xmlns='http://schemas.microsoft.com/win/2004/08/events/event'><System><Provider Name='Microsoft-Windows-Sysmon' Guid='{5770385F-C22A-43E0-BF4C-06F5698FFBD9}'/><EventID>2</EventID><Version>4</Version><Level>4</Level><Task>2</Task><Opcode>0</Opcode><Keywords>0x8000000000000000</Keywords><TimeCreated SystemTime='2019-07-24T18:04:39.729354300Z'/><EventRecordID>483</EventRecordID><Correlation/><Execution ProcessID='3324' ThreadID='3220'/><Channel>Microsoft-Windows-Sysmon/Operational</Channel><Computer>DESKTOP-FVSHABR</Computer><Security UserID='S-1-5-18'/></System><EventData><Data Name='RuleName'>T1099</Data><Data Name='UtcTime'>2019-07-24 18:04:39.728</Data><Data Name='ProcessGuid'>{87E8D3BD-9DB7-5D38-0000-001005841C00}</Data><Data Name='ProcessId'>3968</Data><Data Name='Image'>C:\Users\grapltest\Downloads\vc_redist.x64.exe</Data><Data Name='TargetFilename'>C:\Users\GRAPLT~1\AppData\Local\Temp\{2cbcedbb-f38c-48a3-a3e1-6c6fd821a7f4}\.ba1\1029\thm.wxl</Data><Data Name='CreationUtcTime'>2016-04-27 20:39:20.000</Data><Data Name='PreviousCreationUtcTime'>2019-07-24 18:04:39.728</Data></EventData></Event>
<Event xmlns='http://schemas.microsoft.com/win/2004/08/events/event'><System><Provider Name='Microsoft-Windows-Sysmon' Guid='{5770385F-C22A-43E0-BF4C-06F5698FFBD9}'/><EventID>2</EventID><Version>4</Version><Level>4</Level><Task>2</Task><Opcode>0</Opcode><Keywords>0x8000000000000000</Keywords><TimeCreated SystemTime='2019-07-24T18:04:39.733163600Z'/><EventRecordID>484</EventRecordID><Correlation/><Execution ProcessID='3324' ThreadID='3220'/><Channel>Microsoft-Windows-Sysmon/Operational</Channel><Computer>DESKTOP-FVSHABR</Computer><Security UserID='S-1-5-18'/></System><EventData><Data Name='RuleName'>T1099</Data><Data Name='UtcTime'>2019-07-24 18:04:39.731</Data><Data Name='ProcessGuid'>{87E8D3BD-9DB7-5D38-0000-001005841C00}</Data><Data Name='ProcessId'>3968</Data><Data Name='Image'>C:\Users\grapltest\Downloads\vc_redist.x64.exe</Data><Data Name='TargetFilename'>C:\Users\GRAPLT~1\AppData\Local\Temp\{2cbcedbb-f38c-48a3-a3e1-6c6fd821a7f4}\.ba1\1031\thm.wxl</Data><Data Name='CreationUtcTime'>2016-04-27 20:39:20.000</Data><Data Name='PreviousCreationUtcTime'>2019-07-24 18:04:39.731</Data></EventData></Event>
<Event xmlns='http://schemas.microsoft.com/win/2004/08/events/event'><System><Provider Name='Microsoft-Windows-Sysmon' Guid='{5770385F-C22A-43E0-BF4C-06F5698FFBD9}'/><EventID>2</EventID><Version>4</Version><Level>4</Level><Task>2</Task><Opcode>0</Opcode><Keywords>0x8000000000000000</Keywords><TimeCreated SystemTime='2019-07-24T18:04:39.736586700Z'/><EventRecordID>485</EventRecordID><Correlation/><Execution ProcessID='3324' ThreadID='3220'/><Channel>Microsoft-Windows-Sysmon/Operational</Channel><Computer>DESKTOP-FVSHABR</Computer><Security UserID='S-1-5-18'/></System><EventData><Data Name='RuleName'>T1099</Data><Data Name='UtcTime'>2019-07-24 18:04:39.736</Data><Data Name='ProcessGuid'>{87E8D3BD-9DB7-5D38-0000-001005841C00}</Data><Data Name='ProcessId'>3968</Data><Data Name='Image'>C:\Users\grapltest\Downloads\vc_redist.x64.exe</Data><Data Name='TargetFilename'>C:\Users\GRAPLT~1\AppData\Local\Temp\{2cbcedbb-f38c-48a3-a3e1-6c6fd821a7f4}\.ba1\1036\thm.wxl</Data><Data Name='CreationUtcTime'>2016-04-27 20:39:20.000</Data><Data Name='PreviousCreationUtcTime'>2019-07-24 18:04:39.735</Data></EventData></Event>
<Event xmlns='http://schemas.microsoft.com/win/2004/08/events/event'><System><Provider Name='Microsoft-Windows-Sysmon' Guid='{5770385F-C22A-43E0-BF4C-06F5698FFBD9}'/><EventID>2</EventID><Version>4</Version><Level>4</Level><Task>2</Task><Opcode>0</Opcode><Keywords>0x8000000000000000</Keywords><TimeCreated SystemTime='2019-07-24T18:04:39.739100700Z'/><EventRecordID>486</EventRecordID><Correlation/><Execution ProcessID='3324' ThreadID='3220'/><Channel>Microsoft-Windows-Sysmon/Operational</Channel><Computer>DESKTOP-FVSHABR</Computer><Security UserID='S-1-5-18'/></System><EventData><Data Name='RuleName'>T1099</Data><Data Name='UtcTime'>2019-07-24 18:04:39.738</Data><Data Name='ProcessGuid'>{87E8D3BD-9DB7-5D38-0000-001005841C00}</Data><Data Name='ProcessId'>3968</Data><Data Name='Image'>C:\Users\grapltest\Downloads\vc_redist.x64.exe</Data><Data Name='TargetFilename'>C:\Users\GRAPLT~1\AppData\Local\Temp\{2cbcedbb-f38c-48a3-a3e1-6c6fd821a7f4}\.ba1\1040\thm.wxl</Data><Data Name='CreationUtcTime'>2016-04-27 20:39:20.000</Data><Data Name='PreviousCreationUtcTime'>2019-07-24 18:04:39.737</Data></EventData></Event>
<Event xmlns='http://schemas.microsoft.com/win/2004/08/events/event'><System><Provider Name='Microsoft-Windows-Sysmon' Guid='{5770385F-C22A-43E0-BF4C-06F5698FFBD9}'/><EventID>2</EventID><Version>4</Version><Level>4</Level><Task>2</Task><Opcode>0</Opcode><Keywords>0x8000000000000000</Keywords><TimeCreated SystemTime='2019-07-24T18:04:39.741633500Z'/><EventRecordID>487</EventRecordID><Correlation/><Execution ProcessID='3324' ThreadID='3220'/><Channel>Microsoft-Windows-Sysmon/Operational</Channel><Computer>DESKTOP-FVSHABR</Computer><Security UserID='S-1-5-18'/></System><EventData><Data Name='RuleName'>T1099</Data><Data Name='UtcTime'>2019-07-24 18:04:39.741</Data><Data Name='ProcessGuid'>{87E8D3BD-9DB7-5D38-0000-001005841C00}</Data><Data Name='ProcessId'>3968</Data><Data Name='Image'>C:\Users\grapltest\Downloads\vc_redist.x64.exe</Data><Data Name='TargetFilename'>C:\Users\GRAPLT~1\AppData\Local\Temp\{2cbcedbb-f38c-48a3-a3e1-6c6fd821a7f4}\.ba1\1041\thm.wxl</Data><Data Name='CreationUtcTime'>2016-04-27 20:39:20.000</Data><Data Name='PreviousCreationUtcTime'>2019-07-24 18:04:39.739</Data></EventData></Event>
<Event xmlns='http://schemas.microsoft.com/win/2004/08/events/event'><System><Provider Name='Microsoft-Windows-Sysmon' Guid='{5770385F-C22A-43E0-BF4C-06F5698FFBD9}'/><EventID>2</EventID><Version>4</Version><Level>4</Level><Task>2</Task><Opcode>0</Opcode><Keywords>0x8000000000000000</Keywords><TimeCreated SystemTime='2019-07-24T18:04:39.744844500Z'/><EventRecordID>488</EventRecordID><Correlation/><Execution ProcessID='3324' ThreadID='3220'/><Channel>Microsoft-Windows-Sysmon/Operational</Channel><Computer>DESKTOP-FVSHABR</Computer><Security UserID='S-1-5-18'/></System><EventData><Data Name='RuleName'>T1099</Data><Data Name='UtcTime'>2019-07-24 18:04:39.743</Data><Data Name='ProcessGuid'>{87E8D3BD-9DB7-5D38-0000-001005841C00}</Data><Data Name='ProcessId'>3968</Data><Data Name='Image'>C:\Users\grapltest\Downloads\vc_redist.x64.exe</Data><Data Name='TargetFilename'>C:\Users\GRAPLT~1\AppData\Local\Temp\{2cbcedbb-f38c-48a3-a3e1-6c6fd821a7f4}\.ba1\1042\thm.wxl</Data><Data Name='CreationUtcTime'>2016-04-27 20:39:20.000</Data><Data Name='PreviousCreationUtcTime'>2019-07-24 18:04:39.743</Data></EventData></Event>
<Event xmlns='http://schemas.microsoft.com/win/2004/08/events/event'><System><Provider Name='Microsoft-Windows-Sysmon' Guid='{5770385F-C22A-43E0-BF4C-06F5698FFBD9}'/><EventID>2</EventID><Version>4</Version><Level>4</Level><Task>2</Task><Opcode>0</Opcode><Keywords>0x8000000000000000</Keywords><TimeCreated SystemTime='2019-07-24T18:04:39.748580400Z'/><EventRecordID>489</EventRecordID><Correlation/><Execution ProcessID='3324' ThreadID='3220'/><Channel>Microsoft-Windows-Sysmon/Operational</Channel><Computer>DESKTOP-FVSHABR</Computer><Security UserID='S-1-5-18'/></System><EventData><Data Name='RuleName'>T1099</Data><Data Name='UtcTime'>2019-07-24 18:04:39.748</Data><Data Name='ProcessGuid'>{87E8D3BD-9DB7-5D38-0000-001005841C00}</Data><Data Name='ProcessId'>3968</Data><Data Name='Image'>C:\Users\grapltest\Downloads\vc_redist.x64.exe</Data><Data Name='TargetFilename'>C:\Users\GRAPLT~1\AppData\Local\Temp\{2cbcedbb-f38c-48a3-a3e1-6c6fd821a7f4}\.ba1\1045\thm.wxl</Data><Data Name='CreationUtcTime'>2016-04-27 20:39:20.000</Data><Data Name='PreviousCreationUtcTime'>2019-07-24 18:04:39.747</Data></EventData></Event>
<Event xmlns='http://schemas.microsoft.com/win/2004/08/events/event'><System><Provider Name='Microsoft-Windows-Sysmon' Guid='{5770385F-C22A-43E0-BF4C-06F5698FFBD9}'/><EventID>2</EventID><Version>4</Version><Level>4</Level><Task>2</Task><Opcode>0</Opcode><Keywords>0x8000000000000000</Keywords><TimeCreated SystemTime='2019-07-24T18:04:39.751908300Z'/><EventRecordID>490</EventRecordID><Correlation/><Execution ProcessID='3324' ThreadID='3220'/><Channel>Microsoft-Windows-Sysmon/Operational</Channel><Computer>DESKTOP-FVSHABR</Computer><Security UserID='S-1-5-18'/></System><EventData><Data Name='RuleName'>T1099</Data><Data Name='UtcTime'>2019-07-24 18:04:39.750</Data><Data Name='ProcessGuid'>{87E8D3BD-9DB7-5D38-0000-001005841C00}</Data><Data Name='ProcessId'>3968</Data><Data Name='Image'>C:\Users\grapltest\Downloads\vc_redist.x64.exe</Data><Data Name='TargetFilename'>C:\Users\GRAPLT~1\AppData\Local\Temp\{2cbcedbb-f38c-48a3-a3e1-6c6fd821a7f4}\.ba1\1046\thm.wxl</Data><Data Name='CreationUtcTime'>2016-04-27 20:39:20.000</Data><Data Name='PreviousCreationUtcTime'>2019-07-24 18:04:39.750</Data></EventData></Event>
<Event xmlns='http://schemas.microsoft.com/win/2004/08/events/event'><System><Provider Name='Microsoft-Windows-Sysmon' Guid='{5770385F-C22A-43E0-BF4C-06F5698FFBD9}'/><EventID>2</EventID><Version>4</Version><Level>4</Level><Task>2</Task><Opcode>0</Opcode><Keywords>0x8000000000000000</Keywords><TimeCreated SystemTime='2019-07-24T18:04:39.754414300Z'/><EventRecordID>491</EventRecordID><Correlation/><Execution ProcessID='3324' ThreadID='3220'/><Channel>Microsoft-Windows-Sysmon/Operational</Channel><Computer>DESKTOP-FVSHABR</Computer><Security UserID='S-1-5-18'/></System><EventData><Data Name='RuleName'>T1099</Data><Data Name='UtcTime'>2019-07-24 18:04:39.753</Data><Data Name='ProcessGuid'>{87E8D3BD-9DB7-5D38-0000-001005841C00}</Data><Data Name='ProcessId'>3968</Data><Data Name='Image'>C:\Users\grapltest\Downloads\vc_redist.x64.exe</Data><Data Name='TargetFilename'>C:\Users\GRAPLT~1\AppData\Local\Temp\{2cbcedbb-f38c-48a3-a3e1-6c6fd821a7f4}\.ba1\1049\thm.wxl</Data><Data Name='CreationUtcTime'>2016-04-27 20:39:20.000</Data><Data Name='PreviousCreationUtcTime'>2019-07-24 18:04:39.753</Data></EventData></Event>
<Event xmlns='http://schemas.microsoft.com/win/2004/08/events/event'><System><Provider Name='Microsoft-Windows-Sysmon' Guid='{5770385F-C22A-43E0-BF4C-06F5698FFBD9}'/><EventID>2</EventID><Version>4</Version><Level>4</Level><Task>2</Task><Opcode>0</Opcode><Keywords>0x8000000000000000</Keywords><TimeCreated SystemTime='2019-07-24T18:04:39.757183800Z'/><EventRecordID>492</EventRecordID><Correlation/><Execution ProcessID='3324' ThreadID='3220'/><Channel>Microsoft-Windows-Sysmon/Operational</Channel><Computer>DESKTOP-FVSHABR</Computer><Security UserID='S-1-5-18'/></System><EventData><Data Name='RuleName'>T1099</Data><Data Name='UtcTime'>2019-07-24 18:04:39.756</Data><Data Name='ProcessGuid'>{87E8D3BD-9DB7-5D38-0000-001005841C00}</Data><Data Name='ProcessId'>3968</Data><Data Name='Image'>C:\Users\grapltest\Downloads\vc_redist.x64.exe</Data><Data Name='TargetFilename'>C:\Users\GRAPLT~1\AppData\Local\Temp\{2cbcedbb-f38c-48a3-a3e1-6c6fd821a7f4}\.ba1\1055\thm.wxl</Data><Data Name='CreationUtcTime'>2016-04-27 20:39:20.000</Data><Data Name='PreviousCreationUtcTime'>2019-07-24 18:04:39.755</Data></EventData></Event>
<Event xmlns='http://schemas.microsoft.com/win/2004/08/events/event'><System><Provider Name='Microsoft-Windows-Sysmon' Guid='{5770385F-C22A-43E0-BF4C-06F5698FFBD9}'/><EventID>2</EventID><Version>4</Version><Level>4</Level><Task>2</Task><Opcode>0</Opcode><Keywords>0x8000000000000000</Keywords><TimeCreated SystemTime='2019-07-24T18:04:39.759835700Z'/><EventRecordID>493</EventRecordID><Correlation/><Execution ProcessID='3324' ThreadID='3220'/><Channel>Microsoft-Windows-Sysmon/Operational</Channel><Computer>DESKTOP-FVSHABR</Computer><Security UserID='S-1-5-18'/></System><EventData><Data Name='RuleName'>T1099</Data><Data Name='UtcTime'>2019-07-24 18:04:39.759</Data><Data Name='ProcessGuid'>{87E8D3BD-9DB7-5D38-0000-001005841C00}</Data><Data Name='ProcessId'>3968</Data><Data Name='Image'>C:\Users\grapltest\Downloads\vc_redist.x64.exe</Data><Data Name='TargetFilename'>C:\Users\GRAPLT~1\AppData\Local\Temp\{2cbcedbb-f38c-48a3-a3e1-6c6fd821a7f4}\.ba1\2052\thm.wxl</Data><Data Name='CreationUtcTime'>2016-04-27 20:39:20.000</Data><Data Name='PreviousCreationUtcTime'>2019-07-24 18:04:39.758</Data></EventData></Event>
<Event xmlns='http://schemas.microsoft.com/win/2004/08/events/event'><System><Provider Name='Microsoft-Windows-Sysmon' Guid='{5770385F-C22A-43E0-BF4C-06F5698FFBD9}'/><EventID>2</EventID><Version>4</Version><Level>4</Level><Task>2</Task><Opcode>0</Opcode><Keywords>0x8000000000000000</Keywords><TimeCreated SystemTime='2019-07-24T18:04:39.762209500Z'/><EventRecordID>494</EventRecordID><Correlation/><Execution ProcessID='3324' ThreadID='3220'/><Channel>Microsoft-Windows-Sysmon/Operational</Channel><Computer>DESKTOP-FVSHABR</Computer><Security UserID='S-1-5-18'/></System><EventData><Data Name='RuleName'>T1099</Data><Data Name='UtcTime'>2019-07-24 18:04:39.761</Data><Data Name='ProcessGuid'>{87E8D3BD-9DB7-5D38-0000-001005841C00}</Data><Data Name='ProcessId'>3968</Data><Data Name='Image'>C:\Users\grapltest\Downloads\vc_redist.x64.exe</Data><Data Name='TargetFilename'>C:\Users\GRAPLT~1\AppData\Local\Temp\{2cbcedbb-f38c-48a3-a3e1-6c6fd821a7f4}\.ba1\3082\thm.wxl</Data><Data Name='CreationUtcTime'>2016-04-27 20:39:20.000</Data><Data Name='PreviousCreationUtcTime'>2019-07-24 18:04:39.761</Data></EventData></Event>
<Event xmlns='http://schemas.microsoft.com/win/2004/08/events/event'><System><Provider Name='Microsoft-Windows-Sysmon' Guid='{5770385F-C22A-43E0-BF4C-06F5698FFBD9}'/><EventID>2</EventID><Version>4</Version><Level>4</Level><Task>2</Task><Opcode>0</Opcode><Keywords>0x8000000000000000</Keywords><TimeCreated SystemTime='2019-07-24T18:04:39.765136800Z'/><EventRecordID>495</EventRecordID><Correlation/><Execution ProcessID='3324' ThreadID='3220'/><Channel>Microsoft-Windows-Sysmon/Operational</Channel><Computer>DESKTOP-FVSHABR</Computer><Security UserID='S-1-5-18'/></System><EventData><Data Name='RuleName'>T1099</Data><Data Name='UtcTime'>2019-07-24 18:04:39.763</Data><Data Name='ProcessGuid'>{87E8D3BD-9DB7-5D38-0000-001005841C00}</Data><Data Name='ProcessId'>3968</Data><Data Name='Image'>C:\Users\grapltest\Downloads\vc_redist.x64.exe</Data><Data Name='TargetFilename'>C:\Users\GRAPLT~1\AppData\Local\Temp\{2cbcedbb-f38c-48a3-a3e1-6c6fd821a7f4}\.ba1\BootstrapperApplicationData.xml</Data><Data Name='CreationUtcTime'>2016-05-23 06:35:42.000</Data><Data Name='PreviousCreationUtcTime'>2019-07-24 18:04:39.763</Data></EventData></Event>
<Event xmlns='http://schemas.microsoft.com/win/2004/08/events/event'><System><Provider Name='Microsoft-Windows-Sysmon' Guid='{5770385F-C22A-43E0-BF4C-06F5698FFBD9}'/><EventID>11</EventID><Version>2</Version><Level>4</Level><Task>11</Task><Opcode>0</Opcode><Keywords>0x8000000000000000</Keywords><TimeCreated SystemTime='2019-07-24T18:04:45.049692700Z'/><EventRecordID>496</EventRecordID><Correlation/><Execution ProcessID='3324' ThreadID='3220'/><Channel>Microsoft-Windows-Sysmon/Operational</Channel><Computer>DESKTOP-FVSHABR</Computer><Security UserID='S-1-5-18'/></System><EventData><Data Name='RuleName'></Data><Data Name='UtcTime'>2019-07-24 18:04:45.048</Data><Data Name='ProcessGuid'>{87E8D3BD-9DB7-5D38-0000-001005841C00}</Data><Data Name='ProcessId'>3968</Data><Data Name='Image'>C:\Users\grapltest\Downloads\vc_redist.x64.exe</Data><Data Name='TargetFilename'>C:\Users\GRAPLT~1\AppData\Local\Temp\{2cbcedbb-f38c-48a3-a3e1-6c6fd821a7f4}\.be\VC_redist.x64.exe</Data><Data Name='CreationUtcTime'>2019-07-24 18:04:45.048</Data></EventData></Event>
<Event xmlns='http://schemas.microsoft.com/win/2004/08/events/event'><System><Provider Name='Microsoft-Windows-Sysmon' Guid='{5770385F-C22A-43E0-BF4C-06F5698FFBD9}'/><EventID>1</EventID><Version>5</Version><Level>4</Level><Task>1</Task><Opcode>0</Opcode><Keywords>0x8000000000000000</Keywords><TimeCreated SystemTime='2019-07-24T18:04:47.540954900Z'/><EventRecordID>497</EventRecordID><Correlation/><Execution ProcessID='3324' ThreadID='3220'/><Channel>Microsoft-Windows-Sysmon/Operational</Channel><Computer>DESKTOP-FVSHABR</Computer><Security UserID='S-1-5-18'/></System><EventData><Data Name='RuleName'></Data><Data Name='UtcTime'>2019-07-24 18:04:47.529</Data><Data Name='ProcessGuid'>{87E8D3BD-9DBF-5D38-0000-0010BACB1C00}</Data><Data Name='ProcessId'>464</Data><Data Name='Image'>C:\Users\GRAPLT~1\AppData\Local\Temp\{2cbcedbb-f38c-48a3-a3e1-6c6fd821a7f4}\.be\VC_redist.x64.exe</Data><Data Name='FileVersion'>14.0.24123.0</Data><Data Name='Description'>Microsoft Visual C++ 2015 Redistributable (x64) - 14.0.24123</Data><Data Name='Product'>Microsoft Visual C++ 2015 Redistributable (x64) - 14.0.24123</Data><Data Name='Company'>Microsoft Corporation</Data><Data Name='OriginalFileName'>VC_redist.x64.exe</Data><Data Name='CommandLine'>"C:\Users\GRAPLT~1\AppData\Local\Temp\{2cbcedbb-f38c-48a3-a3e1-6c6fd821a7f4}\.be\VC_redist.x64.exe" -q -burn.elevated BurnPipe.{4D83FEDB-E6B2-4169-8B67-D97C4E080377} {E4FF28A4-2F19-4EEA-AC44-3206FB74C4CC} 3968</Data><Data Name='CurrentDirectory'>C:\Windows\SysWOW64\</Data><Data Name='User'>DESKTOP-FVSHABR\grapltest</Data><Data Name='LogonGuid'>{87E8D3BD-99C8-5D38-0000-002061140200}</Data><Data Name='LogonId'>0x21461</Data><Data Name='TerminalSessionId'>1</Data><Data Name='IntegrityLevel'>High</Data><Data Name='Hashes'>MD5=55A358491757F7BEB50474955BF65560,SHA256=5AD585F795AD22A4A9CBD3A6492BEFEBEF6F96D8FC60D154FCFB75421AFDF976</Data><Data Name='ParentProcessGuid'>{87E8D3BD-9DB7-5D38-0000-001005841C00}</Data><Data Name='ParentProcessId'>3968</Data><Data Name='ParentImage'>C:\Users\grapltest\Downloads\vc_redist.x64.exe</Data><Data Name='ParentCommandLine'>"C:\Users\grapltest\Downloads\vc_redist.x64.exe" </Data></EventData></Event>
<Event xmlns='http://schemas.microsoft.com/win/2004/08/events/event'><System><Provider Name='Microsoft-Windows-Sysmon' Guid='{5770385F-C22A-43E0-BF4C-06F5698FFBD9}'/><EventID>11</EventID><Version>2</Version><Level>4</Level><Task>11</Task><Opcode>0</Opcode><Keywords>0x8000000000000000</Keywords><TimeCreated SystemTime='2019-07-24T18:04:47.924816900Z'/><EventRecordID>498</EventRecordID><Correlation/><Execution ProcessID='3324' ThreadID='3220'/><Channel>Microsoft-Windows-Sysmon/Operational</Channel><Computer>DESKTOP-FVSHABR</Computer><Security UserID='S-1-5-18'/></System><EventData><Data Name='RuleName'></Data><Data Name='UtcTime'>2019-07-24 18:04:47.924</Data><Data Name='ProcessGuid'>{87E8D3BD-9DBF-5D38-0000-0010BACB1C00}</Data><Data Name='ProcessId'>464</Data><Data Name='Image'>C:\Users\GRAPLT~1\AppData\Local\Temp\{2cbcedbb-f38c-48a3-a3e1-6c6fd821a7f4}\.be\VC_redist.x64.exe</Data><Data Name='TargetFilename'>C:\ProgramData\Package Cache\{2cbcedbb-f38c-48a3-a3e1-6c6fd821a7f4}\VC_redist.x64.exe</Data><Data Name='CreationUtcTime'>2019-07-24 18:04:47.923</Data></EventData></Event>
<Event xmlns='http://schemas.microsoft.com/win/2004/08/events/event'><System><Provider Name='Microsoft-Windows-Sysmon' Guid='{5770385F-C22A-43E0-BF4C-06F5698FFBD9}'/><EventID>13</EventID><Version>2</Version><Level>4</Level><Task>13</Task><Opcode>0</Opcode><Keywords>0x8000000000000000</Keywords><TimeCreated SystemTime='2019-07-24T18:04:47.933859300Z'/><EventRecordID>499</EventRecordID><Correlation/><Execution ProcessID='3324' ThreadID='3220'/><Channel>Microsoft-Windows-Sysmon/Operational</Channel><Computer>DESKTOP-FVSHABR</Computer><Security UserID='S-1-5-18'/></System><EventData><Data Name='RuleName'>InvDB-Pub</Data><Data Name='EventType'>SetValue</Data><Data Name='UtcTime'>2019-07-24 18:04:47.927</Data><Data Name='ProcessGuid'>{87E8D3BD-9DBF-5D38-0000-0010BACB1C00}</Data><Data Name='ProcessId'>464</Data><Data Name='Image'>C:\Users\GRAPLT~1\AppData\Local\Temp\{2cbcedbb-f38c-48a3-a3e1-6c6fd821a7f4}\.be\VC_redist.x64.exe</Data><Data Name='TargetObject'>HKLM\SOFTWARE\Wow6432Node\Microsoft\Windows\CurrentVersion\Uninstall\{2cbcedbb-f38c-48a3-a3e1-6c6fd821a7f4}\Publisher</Data><Data Name='Details'>Microsoft Corporation</Data></EventData></Event>
<Event xmlns='http://schemas.microsoft.com/win/2004/08/events/event'><System><Provider Name='Microsoft-Windows-Sysmon' Guid='{5770385F-C22A-43E0-BF4C-06F5698FFBD9}'/><EventID>12</EventID><Version>2</Version><Level>4</Level><Task>12</Task><Opcode>0</Opcode><Keywords>0x8000000000000000</Keywords><TimeCreated SystemTime='2019-07-24T18:04:47.938936200Z'/><EventRecordID>500</EventRecordID><Correlation/><Execution ProcessID='3324' ThreadID='3220'/><Channel>Microsoft-Windows-Sysmon/Operational</Channel><Computer>DESKTOP-FVSHABR</Computer><Security UserID='S-1-5-18'/></System><EventData><Data Name='RuleName'>T1060,RunKey</Data><Data Name='EventType'>CreateKey</Data><Data Name='UtcTime'>2019-07-24 18:04:47.927</Data><Data Name='ProcessGuid'>{87E8D3BD-9DBF-5D38-0000-0010BACB1C00}</Data><Data Name='ProcessId'>464</Data><Data Name='Image'>C:\Users\GRAPLT~1\AppData\Local\Temp\{2cbcedbb-f38c-48a3-a3e1-6c6fd821a7f4}\.be\VC_redist.x64.exe</Data><Data Name='TargetObject'>HKLM\SOFTWARE\Wow6432Node\Microsoft\Windows\CurrentVersion\RunOnce</Data></EventData></Event>
<Event xmlns='http://schemas.microsoft.com/win/2004/08/events/event'><System><Provider Name='Microsoft-Windows-Sysmon' Guid='{5770385F-C22A-43E0-BF4C-06F5698FFBD9}'/><EventID>13</EventID><Version>2</Version><Level>4</Level><Task>13</Task><Opcode>0</Opcode><Keywords>0x8000000000000000</Keywords><TimeCreated SystemTime='2019-07-24T18:04:47.939037200Z'/><EventRecordID>501</EventRecordID><Correlation/><Execution ProcessID='3324' ThreadID='3220'/><Channel>Microsoft-Windows-Sysmon/Operational</Channel><Computer>DESKTOP-FVSHABR</Computer><Security UserID='S-1-5-18'/></System><EventData><Data Name='RuleName'>T1060,RunKey</Data><Data Name='EventType'>SetValue</Data><Data Name='UtcTime'>2019-07-24 18:04:47.927</Data><Data Name='ProcessGuid'>{87E8D3BD-9DBF-5D38-0000-0010BACB1C00}</Data><Data Name='ProcessId'>464</Data><Data Name='Image'>C:\Users\GRAPLT~1\AppData\Local\Temp\{2cbcedbb-f38c-48a3-a3e1-6c6fd821a7f4}\.be\VC_redist.x64.exe</Data><Data Name='TargetObject'>HKLM\SOFTWARE\Wow6432Node\Microsoft\Windows\CurrentVersion\RunOnce\{2cbcedbb-f38c-48a3-a3e1-6c6fd821a7f4}</Data><Data Name='Details'>"C:\ProgramData\Package Cache\{2cbcedbb-f38c-48a3-a3e1-6c6fd821a7f4}\VC_redist.x64.exe" /burn.runonce</Data></EventData></Event>
<Event xmlns='http://schemas.microsoft.com/win/2004/08/events/event'><System><Provider Name='Microsoft-Windows-Sysmon' Guid='{5770385F-C22A-43E0-BF4C-06F5698FFBD9}'/><EventID>2</EventID><Version>4</Version><Level>4</Level><Task>2</Task><Opcode>0</Opcode><Keywords>0x8000000000000000</Keywords><TimeCreated SystemTime='2019-07-24T18:04:47.941187800Z'/><EventRecordID>502</EventRecordID><Correlation/><Execution ProcessID='3324' ThreadID='3220'/><Channel>Microsoft-Windows-Sysmon/Operational</Channel><Computer>DESKTOP-FVSHABR</Computer><Security UserID='S-1-5-18'/></System><EventData><Data Name='RuleName'>T1099</Data><Data Name='UtcTime'>2019-07-24 18:04:47.936</Data><Data Name='ProcessGuid'>{87E8D3BD-9DB7-5D38-0000-001005841C00}</Data><Data Name='ProcessId'>3968</Data><Data Name='Image'>C:\Users\grapltest\Downloads\vc_redist.x64.exe</Data><Data Name='TargetFilename'>C:\Users\GRAPLT~1\AppData\Local\Temp\{2cbcedbb-f38c-48a3-a3e1-6c6fd821a7f4}\vcRuntimeMinimum_x64</Data><Data Name='CreationUtcTime'>2016-05-23 06:34:26.000</Data><Data Name='PreviousCreationUtcTime'>2019-07-24 18:04:47.935</Data></EventData></Event>
<Event xmlns='http://schemas.microsoft.com/win/2004/08/events/event'><System><Provider Name='Microsoft-Windows-Sysmon' Guid='{5770385F-C22A-43E0-BF4C-06F5698FFBD9}'/><EventID>2</EventID><Version>4</Version><Level>4</Level><Task>2</Task><Opcode>0</Opcode><Keywords>0x8000000000000000</Keywords><TimeCreated SystemTime='2019-07-24T18:04:47.943370000Z'/><EventRecordID>503</EventRecordID><Correlation/><Execution ProcessID='3324' ThreadID='3220'/><Channel>Microsoft-Windows-Sysmon/Operational</Channel><Computer>DESKTOP-FVSHABR</Computer><Security UserID='S-1-5-18'/></System><EventData><Data Name='RuleName'>T1099</Data><Data Name='UtcTime'>2019-07-24 18:04:47.942</Data><Data Name='ProcessGuid'>{87E8D3BD-9DB7-5D38-0000-001005841C00}</Data><Data Name='ProcessId'>3968</Data><Data Name='Image'>C:\Users\grapltest\Downloads\vc_redist.x64.exe</Data><Data Name='TargetFilename'>C:\Users\GRAPLT~1\AppData\Local\Temp\{2cbcedbb-f38c-48a3-a3e1-6c6fd821a7f4}\vcRuntimeAdditional_x64</Data><Data Name='CreationUtcTime'>2016-05-23 06:34:56.000</Data><Data Name='PreviousCreationUtcTime'>2019-07-24 18:04:47.940</Data></EventData></Event>
<Event xmlns='http://schemas.microsoft.com/win/2004/08/events/event'><System><Provider Name='Microsoft-Windows-Sysmon' Guid='{5770385F-C22A-43E0-BF4C-06F5698FFBD9}'/><EventID>2</EventID><Version>4</Version><Level>4</Level><Task>2</Task><Opcode>0</Opcode><Keywords>0x8000000000000000</Keywords><TimeCreated SystemTime='2019-07-24T18:04:47.965562900Z'/><EventRecordID>504</EventRecordID><Correlation/><Execution ProcessID='3324' ThreadID='3220'/><Channel>Microsoft-Windows-Sysmon/Operational</Channel><Computer>DESKTOP-FVSHABR</Computer><Security UserID='S-1-5-18'/></System><EventData><Data Name='RuleName'>T1099</Data><Data Name='UtcTime'>2019-07-24 18:04:47.964</Data><Data Name='ProcessGuid'>{87E8D3BD-9DB7-5D38-0000-001005841C00}</Data><Data Name='ProcessId'>3968</Data><Data Name='Image'>C:\Users\grapltest\Downloads\vc_redist.x64.exe</Data><Data Name='TargetFilename'>C:\Users\GRAPLT~1\AppData\Local\Temp\{2cbcedbb-f38c-48a3-a3e1-6c6fd821a7f4}\cab5046A8AB272BF37297BB7928664C9503</Data><Data Name='CreationUtcTime'>2016-05-23 06:33:16.000</Data><Data Name='PreviousCreationUtcTime'>2019-07-24 18:04:47.946</Data></EventData></Event>
<Event xmlns='http://schemas.microsoft.com/win/2004/08/events/event'><System><Provider Name='Microsoft-Windows-Sysmon' Guid='{5770385F-C22A-43E0-BF4C-06F5698FFBD9}'/><EventID>2</EventID><Version>4</Version><Level>4</Level><Task>2</Task><Opcode>0</Opcode><Keywords>0x8000000000000000</Keywords><TimeCreated SystemTime='2019-07-24T18:04:47.991074400Z'/><EventRecordID>505</EventRecordID><Correlation/><Execution ProcessID='3324' ThreadID='3220'/><Channel>Microsoft-Windows-Sysmon/Operational</Channel><Computer>DESKTOP-FVSHABR</Computer><Security UserID='S-1-5-18'/></System><EventData><Data Name='RuleName'>T1099</Data><Data Name='UtcTime'>2019-07-24 18:04:47.990</Data><Data Name='ProcessGuid'>{87E8D3BD-9DB7-5D38-0000-001005841C00}</Data><Data Name='ProcessId'>3968</Data><Data Name='Image'>C:\Users\grapltest\Downloads\vc_redist.x64.exe</Data><Data Name='TargetFilename'>C:\Users\GRAPLT~1\AppData\Local\Temp\{2cbcedbb-f38c-48a3-a3e1-6c6fd821a7f4}\cab2C04DDC374BD96EB5C8EB8208F2C7C92</Data><Data Name='CreationUtcTime'>2016-05-23 06:33:46.000</Data><Data Name='PreviousCreationUtcTime'>2019-07-24 18:04:47.968</Data></EventData></Event>
<Event xmlns='http://schemas.microsoft.com/win/2004/08/events/event'><System><Provider Name='Microsoft-Windows-Sysmon' Guid='{5770385F-C22A-43E0-BF4C-06F5698FFBD9}'/><EventID>11</EventID><Version>2</Version><Level>4</Level><Task>11</Task><Opcode>0</Opcode><Keywords>0x8000000000000000</Keywords><TimeCreated SystemTime='2019-07-24T18:04:48.612859500Z'/><EventRecordID>506</EventRecordID><Correlation/><Execution ProcessID='3324' ThreadID='3220'/><Channel>Microsoft-Windows-Sysmon/Operational</Channel><Computer>DESKTOP-FVSHABR</Computer><Security UserID='S-1-5-18'/></System><EventData><Data Name='RuleName'></Data><Data Name='UtcTime'>2019-07-24 18:04:48.611</Data><Data Name='ProcessGuid'>{87E8D3BD-9D3F-5D38-0000-00101A711700}</Data><Data Name='ProcessId'>2824</Data><Data Name='Image'>C:\Windows\system32\msiexec.exe</Data><Data Name='TargetFilename'>C:\Windows\System32\concrt140.dll</Data><Data Name='CreationUtcTime'>2019-07-24 18:04:48.611</Data></EventData></Event>
<Event xmlns='http://schemas.microsoft.com/win/2004/08/events/event'><System><Provider Name='Microsoft-Windows-Sysmon' Guid='{5770385F-C22A-43E0-BF4C-06F5698FFBD9}'/><EventID>11</EventID><Version>2</Version><Level>4</Level><Task>11</Task><Opcode>0</Opcode><Keywords>0x8000000000000000</Keywords><TimeCreated SystemTime='2019-07-24T18:04:48.640765100Z'/><EventRecordID>507</EventRecordID><Correlation/><Execution ProcessID='3324' ThreadID='3220'/><Channel>Microsoft-Windows-Sysmon/Operational</Channel><Computer>DESKTOP-FVSHABR</Computer><Security UserID='S-1-5-18'/></System><EventData><Data Name='RuleName'></Data><Data Name='UtcTime'>2019-07-24 18:04:48.636</Data><Data Name='ProcessGuid'>{87E8D3BD-9D3F-5D38-0000-00101A711700}</Data><Data Name='ProcessId'>2824</Data><Data Name='Image'>C:\Windows\system32\msiexec.exe</Data><Data Name='TargetFilename'>C:\Windows\System32\msvcp140.dll</Data><Data Name='CreationUtcTime'>2019-07-24 18:04:48.636</Data></EventData></Event>
<Event xmlns='http://schemas.microsoft.com/win/2004/08/events/event'><System><Provider Name='Microsoft-Windows-Sysmon' Guid='{5770385F-C22A-43E0-BF4C-06F5698FFBD9}'/><EventID>11</EventID><Version>2</Version><Level>4</Level><Task>11</Task><Opcode>0</Opcode><Keywords>0x8000000000000000</Keywords><TimeCreated SystemTime='2019-07-24T18:04:48.659446200Z'/><EventRecordID>508</EventRecordID><Correlation/><Execution ProcessID='3324' ThreadID='3220'/><Channel>Microsoft-Windows-Sysmon/Operational</Channel><Computer>DESKTOP-FVSHABR</Computer><Security UserID='S-1-5-18'/></System><EventData><Data Name='RuleName'></Data><Data Name='UtcTime'>2019-07-24 18:04:48.658</Data><Data Name='ProcessGuid'>{87E8D3BD-9D3F-5D38-0000-00101A711700}</Data><Data Name='ProcessId'>2824</Data><Data Name='Image'>C:\Windows\system32\msiexec.exe</Data><Data Name='TargetFilename'>C:\Windows\System32\vcamp140.dll</Data><Data Name='CreationUtcTime'>2019-07-24 18:04:48.658</Data></EventData></Event>
<Event xmlns='http://schemas.microsoft.com/win/2004/08/events/event'><System><Provider Name='Microsoft-Windows-Sysmon' Guid='{5770385F-C22A-43E0-BF4C-06F5698FFBD9}'/><EventID>11</EventID><Version>2</Version><Level>4</Level><Task>11</Task><Opcode>0</Opcode><Keywords>0x8000000000000000</Keywords><TimeCreated SystemTime='2019-07-24T18:04:48.693008700Z'/><EventRecordID>509</EventRecordID><Correlation/><Execution ProcessID='3324' ThreadID='3220'/><Channel>Microsoft-Windows-Sysmon/Operational</Channel><Computer>DESKTOP-FVSHABR</Computer><Security UserID='S-1-5-18'/></System><EventData><Data Name='RuleName'></Data><Data Name='UtcTime'>2019-07-24 18:04:48.692</Data><Data Name='ProcessGuid'>{87E8D3BD-9D3F-5D38-0000-00101A711700}</Data><Data Name='ProcessId'>2824</Data><Data Name='Image'>C:\Windows\system32\msiexec.exe</Data><Data Name='TargetFilename'>C:\Windows\System32\vccorlib140.dll</Data><Data Name='CreationUtcTime'>2019-07-24 18:04:48.691</Data></EventData></Event>
<Event xmlns='http://schemas.microsoft.com/win/2004/08/events/event'><System><Provider Name='Microsoft-Windows-Sysmon' Guid='{5770385F-C22A-43E0-BF4C-06F5698FFBD9}'/><EventID>11</EventID><Version>2</Version><Level>4</Level><Task>11</Task><Opcode>0</Opcode><Keywords>0x8000000000000000</Keywords><TimeCreated SystemTime='2019-07-24T18:04:48.715910900Z'/><EventRecordID>510</EventRecordID><Correlation/><Execution ProcessID='3324' ThreadID='3220'/><Channel>Microsoft-Windows-Sysmon/Operational</Channel><Computer>DESKTOP-FVSHABR</Computer><Security UserID='S-1-5-18'/></System><EventData><Data Name='RuleName'></Data><Data Name='UtcTime'>2019-07-24 18:04:48.714</Data><Data Name='ProcessGuid'>{87E8D3BD-9D3F-5D38-0000-00101A711700}</Data><Data Name='ProcessId'>2824</Data><Data Name='Image'>C:\Windows\system32\msiexec.exe</Data><Data Name='TargetFilename'>C:\Windows\System32\vcomp140.dll</Data><Data Name='CreationUtcTime'>2019-07-24 18:04:48.714</Data></EventData></Event>
<Event xmlns='http://schemas.microsoft.com/win/2004/08/events/event'><System><Provider Name='Microsoft-Windows-Sysmon' Guid='{5770385F-C22A-43E0-BF4C-06F5698FFBD9}'/><EventID>11</EventID><Version>2</Version><Level>4</Level><Task>11</Task><Opcode>0</Opcode><Keywords>0x8000000000000000</Keywords><TimeCreated SystemTime='2019-07-24T18:04:48.740082500Z'/><EventRecordID>511</EventRecordID><Correlation/><Execution ProcessID='3324' ThreadID='3220'/><Channel>Microsoft-Windows-Sysmon/Operational</Channel><Computer>DESKTOP-FVSHABR</Computer><Security UserID='S-1-5-18'/></System><EventData><Data Name='RuleName'></Data><Data Name='UtcTime'>2019-07-24 18:04:48.738</Data><Data Name='ProcessGuid'>{87E8D3BD-9D3F-5D38-0000-00101A711700}</Data><Data Name='ProcessId'>2824</Data><Data Name='Image'>C:\Windows\system32\msiexec.exe</Data><Data Name='TargetFilename'>C:\Windows\System32\vcruntime140.dll</Data><Data Name='CreationUtcTime'>2019-07-24 18:04:48.738</Data></EventData></Event>
<Event xmlns='http://schemas.microsoft.com/win/2004/08/events/event'><System><Provider Name='Microsoft-Windows-Sysmon' Guid='{5770385F-C22A-43E0-BF4C-06F5698FFBD9}'/><EventID>13</EventID><Version>2</Version><Level>4</Level><Task>13</Task><Opcode>0</Opcode><Keywords>0x8000000000000000</Keywords><TimeCreated SystemTime='2019-07-24T18:04:48.816913700Z'/><EventRecordID>512</EventRecordID><Correlation/><Execution ProcessID='3324' ThreadID='3220'/><Channel>Microsoft-Windows-Sysmon/Operational</Channel><Computer>DESKTOP-FVSHABR</Computer><Security UserID='S-1-5-18'/></System><EventData><Data Name='RuleName'></Data><Data Name='EventType'>SetValue</Data><Data Name='UtcTime'>2019-07-24 18:04:48.804</Data><Data Name='ProcessGuid'>{87E8D3BD-9D3F-5D38-0000-00101A711700}</Data><Data Name='ProcessId'>2824</Data><Data Name='Image'>C:\Windows\system32\msiexec.exe</Data><Data Name='TargetObject'>HKLM\SOFTWARE\Microsoft\Windows\CurrentVersion\Installer\UserData\S-1-5-18\Products\4BD9EBDF19A782A32BE707E57FFCEA75\InstallProperties\InstallSource</Data><Data Name='Details'>C:\ProgramData\Package Cache\{FDBE9DB4-7A91-3A28-B27E-705EF7CFAE57}v14.0.24123\packages\vcRuntimeMinimum_amd64\</Data></EventData></Event>
<Event xmlns='http://schemas.microsoft.com/win/2004/08/events/event'><System><Provider Name='Microsoft-Windows-Sysmon' Guid='{5770385F-C22A-43E0-BF4C-06F5698FFBD9}'/><EventID>13</EventID><Version>2</Version><Level>4</Level><Task>13</Task><Opcode>0</Opcode><Keywords>0x8000000000000000</Keywords><TimeCreated SystemTime='2019-07-24T18:04:48.818631500Z'/><EventRecordID>513</EventRecordID><Correlation/><Execution ProcessID='3324' ThreadID='3220'/><Channel>Microsoft-Windows-Sysmon/Operational</Channel><Computer>DESKTOP-FVSHABR</Computer><Security UserID='S-1-5-18'/></System><EventData><Data Name='RuleName'>InvDB-Pub</Data><Data Name='EventType'>SetValue</Data><Data Name='UtcTime'>2019-07-24 18:04:48.804</Data><Data Name='ProcessGuid'>{87E8D3BD-9D3F-5D38-0000-00101A711700}</Data><Data Name='ProcessId'>2824</Data><Data Name='Image'>C:\Windows\system32\msiexec.exe</Data><Data Name='TargetObject'>HKLM\SOFTWARE\Microsoft\Windows\CurrentVersion\Installer\UserData\S-1-5-18\Products\4BD9EBDF19A782A32BE707E57FFCEA75\InstallProperties\Publisher</Data><Data Name='Details'>Microsoft Corporation</Data></EventData></Event>
<Event xmlns='http://schemas.microsoft.com/win/2004/08/events/event'><System><Provider Name='Microsoft-Windows-Sysmon' Guid='{5770385F-C22A-43E0-BF4C-06F5698FFBD9}'/><EventID>13</EventID><Version>2</Version><Level>4</Level><Task>13</Task><Opcode>0</Opcode><Keywords>0x8000000000000000</Keywords><TimeCreated SystemTime='2019-07-24T18:04:48.823499600Z'/><EventRecordID>514</EventRecordID><Correlation/><Execution ProcessID='3324' ThreadID='3220'/><Channel>Microsoft-Windows-Sysmon/Operational</Channel><Computer>DESKTOP-FVSHABR</Computer><Security UserID='S-1-5-18'/></System><EventData><Data Name='RuleName'></Data><Data Name='EventType'>SetValue</Data><Data Name='UtcTime'>2019-07-24 18:04:48.804</Data><Data Name='ProcessGuid'>{87E8D3BD-9D3F-5D38-0000-00101A711700}</Data><Data Name='ProcessId'>2824</Data><Data Name='Image'>C:\Windows\system32\msiexec.exe</Data><Data Name='TargetObject'>HKLM\SOFTWARE\Microsoft\Windows\CurrentVersion\Installer\UserData\S-1-5-18\Products\4BD9EBDF19A782A32BE707E57FFCEA75\InstallProperties\URLUpdateInfo</Data><Data Name='Details'>(Empty)</Data></EventData></Event>
<Event xmlns='http://schemas.microsoft.com/win/2004/08/events/event'><System><Provider Name='Microsoft-Windows-Sysmon' Guid='{5770385F-C22A-43E0-BF4C-06F5698FFBD9}'/><EventID>13</EventID><Version>2</Version><Level>4</Level><Task>13</Task><Opcode>0</Opcode><Keywords>0x8000000000000000</Keywords><TimeCreated SystemTime='2019-07-24T18:04:48.831624900Z'/><EventRecordID>515</EventRecordID><Correlation/><Execution ProcessID='3324' ThreadID='3220'/><Channel>Microsoft-Windows-Sysmon/Operational</Channel><Computer>DESKTOP-FVSHABR</Computer><Security UserID='S-1-5-18'/></System><EventData><Data Name='RuleName'></Data><Data Name='EventType'>SetValue</Data><Data Name='UtcTime'>2019-07-24 18:04:48.805</Data><Data Name='ProcessGuid'>{87E8D3BD-9D3F-5D38-0000-00101A711700}</Data><Data Name='ProcessId'>2824</Data><Data Name='Image'>C:\Windows\system32\msiexec.exe</Data><Data Name='TargetObject'>HKLM\SOFTWARE\Microsoft\Windows\CurrentVersion\Uninstall\{FDBE9DB4-7A91-3A28-B27E-705EF7CFAE57}\InstallSource</Data><Data Name='Details'>C:\ProgramData\Package Cache\{FDBE9DB4-7A91-3A28-B27E-705EF7CFAE57}v14.0.24123\packages\vcRuntimeMinimum_amd64\</Data></EventData></Event>
<Event xmlns='http://schemas.microsoft.com/win/2004/08/events/event'><System><Provider Name='Microsoft-Windows-Sysmon' Guid='{5770385F-C22A-43E0-BF4C-06F5698FFBD9}'/><EventID>13</EventID><Version>2</Version><Level>4</Level><Task>13</Task><Opcode>0</Opcode><Keywords>0x8000000000000000</Keywords><TimeCreated SystemTime='2019-07-24T18:04:48.833718100Z'/><EventRecordID>516</EventRecordID><Correlation/><Execution ProcessID='3324' ThreadID='3220'/><Channel>Microsoft-Windows-Sysmon/Operational</Channel><Computer>DESKTOP-FVSHABR</Computer><Security UserID='S-1-5-18'/></System><EventData><Data Name='RuleName'>InvDB-Pub</Data><Data Name='EventType'>SetValue</Data><Data Name='UtcTime'>2019-07-24 18:04:48.805</Data><Data Name='ProcessGuid'>{87E8D3BD-9D3F-5D38-0000-00101A711700}</Data><Data Name='ProcessId'>2824</Data><Data Name='Image'>C:\Windows\system32\msiexec.exe</Data><Data Name='TargetObject'>HKLM\SOFTWARE\Microsoft\Windows\CurrentVersion\Uninstall\{FDBE9DB4-7A91-3A28-B27E-705EF7CFAE57}\Publisher</Data><Data Name='Details'>Microsoft Corporation</Data></EventData></Event>
<Event xmlns='http://schemas.microsoft.com/win/2004/08/events/event'><System><Provider Name='Microsoft-Windows-Sysmon' Guid='{5770385F-C22A-43E0-BF4C-06F5698FFBD9}'/><EventID>13</EventID><Version>2</Version><Level>4</Level><Task>13</Task><Opcode>0</Opcode><Keywords>0x8000000000000000</Keywords><TimeCreated SystemTime='2019-07-24T18:04:48.837426100Z'/><EventRecordID>517</EventRecordID><Correlation/><Execution ProcessID='3324' ThreadID='3220'/><Channel>Microsoft-Windows-Sysmon/Operational</Channel><Computer>DESKTOP-FVSHABR</Computer><Security UserID='S-1-5-18'/></System><EventData><Data Name='RuleName'></Data><Data Name='EventType'>SetValue</Data><Data Name='UtcTime'>2019-07-24 18:04:48.806</Data><Data Name='ProcessGuid'>{87E8D3BD-9D3F-5D38-0000-00101A711700}</Data><Data Name='ProcessId'>2824</Data><Data Name='Image'>C:\Windows\system32\msiexec.exe</Data><Data Name='TargetObject'>HKLM\SOFTWARE\Microsoft\Windows\CurrentVersion\Uninstall\{FDBE9DB4-7A91-3A28-B27E-705EF7CFAE57}\URLUpdateInfo</Data><Data Name='Details'>(Empty)</Data></EventData></Event>
<Event xmlns='http://schemas.microsoft.com/win/2004/08/events/event'><System><Provider Name='Microsoft-Windows-Sysmon' Guid='{5770385F-C22A-43E0-BF4C-06F5698FFBD9}'/><EventID>11</EventID><Version>2</Version><Level>4</Level><Task>11</Task><Opcode>0</Opcode><Keywords>0x8000000000000000</Keywords><TimeCreated SystemTime='2019-07-24T18:04:49.374673500Z'/><EventRecordID>518</EventRecordID><Correlation/><Execution ProcessID='3324' ThreadID='3220'/><Channel>Microsoft-Windows-Sysmon/Operational</Channel><Computer>DESKTOP-FVSHABR</Computer><Security UserID='S-1-5-18'/></System><EventData><Data Name='RuleName'></Data><Data Name='UtcTime'>2019-07-24 18:04:49.373</Data><Data Name='ProcessGuid'>{87E8D3BD-9D3F-5D38-0000-00101A711700}</Data><Data Name='ProcessId'>2824</Data><Data Name='Image'>C:\Windows\system32\msiexec.exe</Data><Data Name='TargetFilename'>C:\Windows\System32\mfc140.dll</Data><Data Name='CreationUtcTime'>2019-07-24 18:04:49.373</Data></EventData></Event>
<Event xmlns='http://schemas.microsoft.com/win/2004/08/events/event'><System><Provider Name='Microsoft-Windows-Sysmon' Guid='{5770385F-C22A-43E0-BF4C-06F5698FFBD9}'/><EventID>11</EventID><Version>2</Version><Level>4</Level><Task>11</Task><Opcode>0</Opcode><Keywords>0x8000000000000000</Keywords><TimeCreated SystemTime='2019-07-24T18:04:49.452605400Z'/><EventRecordID>519</EventRecordID><Correlation/><Execution ProcessID='3324' ThreadID='3220'/><Channel>Microsoft-Windows-Sysmon/Operational</Channel><Computer>DESKTOP-FVSHABR</Computer><Security UserID='S-1-5-18'/></System><EventData><Data Name='RuleName'></Data><Data Name='UtcTime'>2019-07-24 18:04:49.451</Data><Data Name='ProcessGuid'>{87E8D3BD-9D3F-5D38-0000-00101A711700}</Data><Data Name='ProcessId'>2824</Data><Data Name='Image'>C:\Windows\system32\msiexec.exe</Data><Data Name='TargetFilename'>C:\Windows\System32\mfc140chs.dll</Data><Data Name='CreationUtcTime'>2019-07-24 18:04:49.451</Data></EventData></Event>
